[0.054s] Invoking command in '/home/zzz/work/build/hiwin_interfaces': CMAKE_PREFIX_PATH=${CMAKE_PREFIX_PATH}:/home/zzz/work/install/yolo:/home/zzz/work/install/realsense2_ros_mqtt_bridge:/home/zzz/work/install/hiwin_example:/home/zzz/work/install/arduino_bridge:/opt/ros/humble /usr/bin/cmake --build /home/zzz/work/build/hiwin_interfaces -- -j12 -l12
[0.954s] [  2%] Built target hiwin_interfaces__cpp
[0.954s] [  5%] Built target hiwin_interfaces__rs
[0.954s] [ 15%] Built target hiwin_interfaces__rosidl_generator_c
[0.954s] [ 15%] Built target ament_cmake_python_symlink_hiwin_interfaces
[0.955s] [ 25%] Built target hiwin_interfaces__rosidl_typesupport_cpp
[0.955s] [ 35%] Built target hiwin_interfaces__rosidl_typesupport_fastrtps_cpp
[0.955s] [ 45%] Built target hiwin_interfaces__rosidl_typesupport_introspection_cpp
[0.955s] [ 55%] Built target hiwin_interfaces__rosidl_typesupport_c
[0.955s] [ 75%] Built target hiwin_interfaces__rosidl_typesupport_fastrtps_c
[0.955s] [ 75%] Built target hiwin_interfaces__rosidl_typesupport_introspection_c
[0.956s] [ 75%] Built target hiwin_interfaces
[0.956s] [ 77%] Built target hiwin_interfaces__py
[0.956s] [ 85%] Built target hiwin_interfaces__rosidl_generator_py
[0.956s] [ 90%] Built target hiwin_interfaces__rosidl_typesupport_fastrtps_c__pyext
[0.956s] [ 95%] Built target hiwin_interfaces__rosidl_typesupport_introspection_c__pyext
[0.956s] [100%] Built target hiwin_interfaces__rosidl_typesupport_c__pyext
[0.956s] running egg_info
[0.956s] writing hiwin_interfaces.egg-info/PKG-INFO
[0.956s] writing dependency_links to hiwin_interfaces.egg-info/dependency_links.txt
[0.956s] writing top-level names to hiwin_interfaces.egg-info/top_level.txt
[0.956s] reading manifest file 'hiwin_interfaces.egg-info/SOURCES.txt'
[0.956s] writing manifest file 'hiwin_interfaces.egg-info/SOURCES.txt'
[0.956s] [100%] Built target ament_cmake_python_build_hiwin_interfaces_egg
[1.345s] Invoked command in '/home/zzz/work/build/hiwin_interfaces' returned '0': CMAKE_PREFIX_PATH=${CMAKE_PREFIX_PATH}:/home/zzz/work/install/yolo:/home/zzz/work/install/realsense2_ros_mqtt_bridge:/home/zzz/work/install/hiwin_example:/home/zzz/work/install/arduino_bridge:/opt/ros/humble /usr/bin/cmake --build /home/zzz/work/build/hiwin_interfaces -- -j12 -l12
[1.353s] Invoking command in '/home/zzz/work/build/hiwin_interfaces': CMAKE_PREFIX_PATH=${CMAKE_PREFIX_PATH}:/home/zzz/work/install/yolo:/home/zzz/work/install/realsense2_ros_mqtt_bridge:/home/zzz/work/install/hiwin_example:/home/zzz/work/install/arduino_bridge:/opt/ros/humble /usr/bin/cmake --install /home/zzz/work/build/hiwin_interfaces
[1.381s] -- Install configuration: ""
[1.383s] -- Execute custom install script
[1.383s] -- Up-to-date symlink: /home/zzz/work/install/hiwin_interfaces/share/ament_index/resource_index/rosidl_interfaces/hiwin_interfaces
[1.386s] -- Up-to-date symlink: /home/zzz/work/install/hiwin_interfaces/include/hiwin_interfaces/hiwin_interfaces/msg/rosidl_generator_c__visibility_control.h
[1.388s] -- Up-to-date symlink: /home/zzz/work/install/hiwin_interfaces/include/hiwin_interfaces/hiwin_interfaces/srv/detail/hiwinmodbus__functions.h
[1.388s] -- Up-to-date symlink: /home/zzz/work/install/hiwin_interfaces/include/hiwin_interfaces/hiwin_interfaces/srv/detail/hiwinmodbus__struct.h
[1.388s] -- Up-to-date symlink: /home/zzz/work/install/hiwin_interfaces/include/hiwin_interfaces/hiwin_interfaces/srv/detail/hiwinmodbus__type_support.h
[1.389s] -- Up-to-date symlink: /home/zzz/work/install/hiwin_interfaces/include/hiwin_interfaces/hiwin_interfaces/srv/detail/robot_command__functions.h
[1.391s] -- Up-to-date symlink: /home/zzz/work/install/hiwin_interfaces/include/hiwin_interfaces/hiwin_interfaces/srv/detail/robot_command__struct.h
[1.392s] -- Up-to-date symlink: /home/zzz/work/install/hiwin_interfaces/include/hiwin_interfaces/hiwin_interfaces/srv/detail/robot_command__type_support.h
[1.392s] -- Up-to-date symlink: /home/zzz/work/install/hiwin_interfaces/include/hiwin_interfaces/hiwin_interfaces/srv/hiwinmodbus.h
[1.393s] -- Up-to-date symlink: /home/zzz/work/install/hiwin_interfaces/include/hiwin_interfaces/hiwin_interfaces/srv/robot_command.h
[1.393s] -- Up-to-date symlink: /home/zzz/work/install/hiwin_interfaces/share/hiwin_interfaces/environment/library_path.sh
[1.394s] -- Up-to-date symlink: /home/zzz/work/install/hiwin_interfaces/share/hiwin_interfaces/environment/library_path.dsv
[1.399s] -- Up-to-date symlink: /home/zzz/work/install/hiwin_interfaces/include/hiwin_interfaces/hiwin_interfaces/msg/rosidl_typesupport_fastrtps_c__visibility_control.h
[1.400s] -- Up-to-date symlink: /home/zzz/work/install/hiwin_interfaces/include/hiwin_interfaces/hiwin_interfaces/srv/detail/hiwinmodbus__rosidl_typesupport_fastrtps_c.h
[1.401s] -- Up-to-date symlink: /home/zzz/work/install/hiwin_interfaces/include/hiwin_interfaces/hiwin_interfaces/srv/detail/robot_command__rosidl_typesupport_fastrtps_c.h
[1.403s] -- Up-to-date symlink: /home/zzz/work/install/hiwin_interfaces/include/hiwin_interfaces/hiwin_interfaces/msg/rosidl_generator_cpp__visibility_control.hpp
[1.403s] -- Up-to-date symlink: /home/zzz/work/install/hiwin_interfaces/include/hiwin_interfaces/hiwin_interfaces/srv/detail/hiwinmodbus__builder.hpp
[1.403s] -- Up-to-date symlink: /home/zzz/work/install/hiwin_interfaces/include/hiwin_interfaces/hiwin_interfaces/srv/detail/hiwinmodbus__struct.hpp
[1.403s] -- Up-to-date symlink: /home/zzz/work/install/hiwin_interfaces/include/hiwin_interfaces/hiwin_interfaces/srv/detail/hiwinmodbus__traits.hpp
[1.403s] -- Up-to-date symlink: /home/zzz/work/install/hiwin_interfaces/include/hiwin_interfaces/hiwin_interfaces/srv/detail/hiwinmodbus__type_support.hpp
[1.404s] -- Up-to-date symlink: /home/zzz/work/install/hiwin_interfaces/include/hiwin_interfaces/hiwin_interfaces/srv/detail/robot_command__builder.hpp
[1.408s] -- Up-to-date symlink: /home/zzz/work/install/hiwin_interfaces/include/hiwin_interfaces/hiwin_interfaces/srv/detail/robot_command__struct.hpp
[1.408s] -- Up-to-date symlink: /home/zzz/work/install/hiwin_interfaces/include/hiwin_interfaces/hiwin_interfaces/srv/detail/robot_command__traits.hpp
[1.408s] -- Up-to-date symlink: /home/zzz/work/install/hiwin_interfaces/include/hiwin_interfaces/hiwin_interfaces/srv/detail/robot_command__type_support.hpp
[1.408s] -- Up-to-date symlink: /home/zzz/work/install/hiwin_interfaces/include/hiwin_interfaces/hiwin_interfaces/srv/hiwinmodbus.hpp
[1.408s] -- Up-to-date symlink: /home/zzz/work/install/hiwin_interfaces/include/hiwin_interfaces/hiwin_interfaces/srv/robot_command.hpp
[1.408s] -- Up-to-date symlink: /home/zzz/work/install/hiwin_interfaces/include/hiwin_interfaces/hiwin_interfaces/msg/rosidl_typesupport_fastrtps_cpp__visibility_control.h
[1.408s] -- Up-to-date symlink: /home/zzz/work/install/hiwin_interfaces/include/hiwin_interfaces/hiwin_interfaces/srv/detail/hiwinmodbus__rosidl_typesupport_fastrtps_cpp.hpp
[1.408s] -- Up-to-date symlink: /home/zzz/work/install/hiwin_interfaces/include/hiwin_interfaces/hiwin_interfaces/srv/detail/robot_command__rosidl_typesupport_fastrtps_cpp.hpp
[1.409s] -- Up-to-date symlink: /home/zzz/work/install/hiwin_interfaces/include/hiwin_interfaces/hiwin_interfaces/msg/rosidl_typesupport_introspection_c__visibility_control.h
[1.409s] -- Up-to-date symlink: /home/zzz/work/install/hiwin_interfaces/include/hiwin_interfaces/hiwin_interfaces/srv/detail/hiwinmodbus__rosidl_typesupport_introspection_c.h
[1.409s] -- Up-to-date symlink: /home/zzz/work/install/hiwin_interfaces/include/hiwin_interfaces/hiwin_interfaces/srv/detail/robot_command__rosidl_typesupport_introspection_c.h
[1.409s] -- Up-to-date symlink: /home/zzz/work/install/hiwin_interfaces/include/hiwin_interfaces/hiwin_interfaces/srv/detail/hiwinmodbus__rosidl_typesupport_introspection_cpp.hpp
[1.410s] -- Up-to-date symlink: /home/zzz/work/install/hiwin_interfaces/include/hiwin_interfaces/hiwin_interfaces/srv/detail/robot_command__rosidl_typesupport_introspection_cpp.hpp
[1.413s] -- Up-to-date symlink: /home/zzz/work/install/hiwin_interfaces/share/hiwin_interfaces/environment/pythonpath.sh
[1.413s] -- Up-to-date symlink: /home/zzz/work/install/hiwin_interfaces/share/hiwin_interfaces/environment/pythonpath.dsv
[1.413s] -- Up-to-date symlink: /home/zzz/work/install/hiwin_interfaces/local/lib/python3.10/dist-packages/hiwin_interfaces-0.0.0-py3.10.egg-info/PKG-INFO
[1.413s] -- Up-to-date symlink: /home/zzz/work/install/hiwin_interfaces/local/lib/python3.10/dist-packages/hiwin_interfaces-0.0.0-py3.10.egg-info/SOURCES.txt
[1.413s] -- Up-to-date symlink: /home/zzz/work/install/hiwin_interfaces/local/lib/python3.10/dist-packages/hiwin_interfaces-0.0.0-py3.10.egg-info/dependency_links.txt
[1.413s] -- Up-to-date symlink: /home/zzz/work/install/hiwin_interfaces/local/lib/python3.10/dist-packages/hiwin_interfaces-0.0.0-py3.10.egg-info/top_level.txt
[1.414s] -- Up-to-date symlink: /home/zzz/work/install/hiwin_interfaces/local/lib/python3.10/dist-packages/hiwin_interfaces/__init__.py
[1.414s] -- Up-to-date symlink: /home/zzz/work/install/hiwin_interfaces/local/lib/python3.10/dist-packages/hiwin_interfaces/_hiwin_interfaces_s.ep.rosidl_typesupport_c.c
[1.414s] -- Up-to-date symlink: /home/zzz/work/install/hiwin_interfaces/local/lib/python3.10/dist-packages/hiwin_interfaces/_hiwin_interfaces_s.ep.rosidl_typesupport_fastrtps_c.c
[1.415s] -- Up-to-date symlink: /home/zzz/work/install/hiwin_interfaces/local/lib/python3.10/dist-packages/hiwin_interfaces/_hiwin_interfaces_s.ep.rosidl_typesupport_introspection_c.c
[1.415s] -- Up-to-date symlink: /home/zzz/work/install/hiwin_interfaces/local/lib/python3.10/dist-packages/hiwin_interfaces/hiwin_interfaces_s__rosidl_typesupport_c.cpython-310-x86_64-linux-gnu.so
[1.415s] -- Up-to-date symlink: /home/zzz/work/install/hiwin_interfaces/local/lib/python3.10/dist-packages/hiwin_interfaces/hiwin_interfaces_s__rosidl_typesupport_fastrtps_c.cpython-310-x86_64-linux-gnu.so
[1.415s] -- Up-to-date symlink: /home/zzz/work/install/hiwin_interfaces/local/lib/python3.10/dist-packages/hiwin_interfaces/hiwin_interfaces_s__rosidl_typesupport_introspection_c.cpython-310-x86_64-linux-gnu.so
[1.415s] -- Up-to-date symlink: /home/zzz/work/install/hiwin_interfaces/local/lib/python3.10/dist-packages/hiwin_interfaces/libhiwin_interfaces__rosidl_generator_py.so
[1.416s] -- Up-to-date symlink: /home/zzz/work/install/hiwin_interfaces/local/lib/python3.10/dist-packages/hiwin_interfaces/srv/__init__.py
[1.416s] -- Up-to-date symlink: /home/zzz/work/install/hiwin_interfaces/local/lib/python3.10/dist-packages/hiwin_interfaces/srv/_hiwinmodbus.py
[1.417s] -- Up-to-date symlink: /home/zzz/work/install/hiwin_interfaces/local/lib/python3.10/dist-packages/hiwin_interfaces/srv/_hiwinmodbus_s.c
[1.417s] -- Up-to-date symlink: /home/zzz/work/install/hiwin_interfaces/local/lib/python3.10/dist-packages/hiwin_interfaces/srv/_robot_command.py
[1.417s] -- Up-to-date symlink: /home/zzz/work/install/hiwin_interfaces/local/lib/python3.10/dist-packages/hiwin_interfaces/srv/_robot_command_s.c
[1.418s] -- Up-to-date symlink: /home/zzz/work/install/hiwin_interfaces/local/lib/python3.10/dist-packages/hiwin_interfaces/hiwin_interfaces_s__rosidl_typesupport_fastrtps_c.cpython-310-x86_64-linux-gnu.so
[1.419s] -- Up-to-date symlink: /home/zzz/work/install/hiwin_interfaces/local/lib/python3.10/dist-packages/hiwin_interfaces/hiwin_interfaces_s__rosidl_typesupport_introspection_c.cpython-310-x86_64-linux-gnu.so
[1.419s] -- Up-to-date symlink: /home/zzz/work/install/hiwin_interfaces/local/lib/python3.10/dist-packages/hiwin_interfaces/hiwin_interfaces_s__rosidl_typesupport_c.cpython-310-x86_64-linux-gnu.so
[1.420s] -- Up-to-date symlink: /home/zzz/work/install/hiwin_interfaces/share/ament_index/resource_index/rust_packages/hiwin_interfaces
[1.420s] -- Up-to-date symlink: /home/zzz/work/install/hiwin_interfaces/share/hiwin_interfaces/rust/Cargo.toml
[1.421s] -- Up-to-date symlink: /home/zzz/work/install/hiwin_interfaces/share/hiwin_interfaces/rust/build.rs
[1.421s] -- Up-to-date symlink: /home/zzz/work/install/hiwin_interfaces/share/hiwin_interfaces/rust/src/lib.rs
[1.421s] -- Up-to-date symlink: /home/zzz/work/install/hiwin_interfaces/share/hiwin_interfaces/rust/src/srv.rs
[1.424s] -- Up-to-date symlink: /home/zzz/work/install/hiwin_interfaces/share/hiwin_interfaces/rust/src/srv/rmw.rs
[1.424s] -- Up-to-date symlink: /home/zzz/work/install/hiwin_interfaces/share/hiwin_interfaces/srv/Hiwinmodbus.idl
[1.424s] -- Up-to-date symlink: /home/zzz/work/install/hiwin_interfaces/share/hiwin_interfaces/srv/RobotCommand.idl
[1.424s] -- Up-to-date symlink: /home/zzz/work/install/hiwin_interfaces/share/hiwin_interfaces/srv/Hiwinmodbus.srv
[1.424s] -- Up-to-date symlink: /home/zzz/work/install/hiwin_interfaces/share/hiwin_interfaces/srv/Hiwinmodbus_Request.msg
[1.424s] -- Up-to-date symlink: /home/zzz/work/install/hiwin_interfaces/share/hiwin_interfaces/srv/Hiwinmodbus_Response.msg
[1.424s] -- Up-to-date symlink: /home/zzz/work/install/hiwin_interfaces/share/hiwin_interfaces/srv/RobotCommand.srv
[1.424s] -- Up-to-date symlink: /home/zzz/work/install/hiwin_interfaces/share/hiwin_interfaces/srv/RobotCommand_Request.msg
[1.425s] -- Up-to-date symlink: /home/zzz/work/install/hiwin_interfaces/share/hiwin_interfaces/srv/RobotCommand_Response.msg
[1.425s] -- Up-to-date symlink: /home/zzz/work/install/hiwin_interfaces/share/ament_index/resource_index/package_run_dependencies/hiwin_interfaces
[1.425s] -- Up-to-date symlink: /home/zzz/work/install/hiwin_interfaces/share/ament_index/resource_index/parent_prefix_path/hiwin_interfaces
[1.425s] -- Up-to-date symlink: /home/zzz/work/install/hiwin_interfaces/share/hiwin_interfaces/environment/ament_prefix_path.sh
[1.425s] -- Up-to-date symlink: /home/zzz/work/install/hiwin_interfaces/share/hiwin_interfaces/environment/ament_prefix_path.dsv
[1.425s] -- Up-to-date symlink: /home/zzz/work/install/hiwin_interfaces/share/hiwin_interfaces/environment/path.sh
[1.425s] -- Up-to-date symlink: /home/zzz/work/install/hiwin_interfaces/share/hiwin_interfaces/environment/path.dsv
[1.425s] -- Up-to-date symlink: /home/zzz/work/install/hiwin_interfaces/share/hiwin_interfaces/local_setup.bash
[1.426s] -- Up-to-date symlink: /home/zzz/work/install/hiwin_interfaces/share/hiwin_interfaces/local_setup.sh
[1.426s] -- Up-to-date symlink: /home/zzz/work/install/hiwin_interfaces/share/hiwin_interfaces/local_setup.zsh
[1.426s] -- Up-to-date symlink: /home/zzz/work/install/hiwin_interfaces/share/hiwin_interfaces/local_setup.dsv
[1.426s] -- Symlinking: /home/zzz/work/install/hiwin_interfaces/share/hiwin_interfaces/package.dsv
[1.443s] -- Up-to-date symlink: /home/zzz/work/install/hiwin_interfaces/share/ament_index/resource_index/packages/hiwin_interfaces
[1.445s] -- Up-to-date symlink: /home/zzz/work/install/hiwin_interfaces/share/hiwin_interfaces/cmake/rosidl_cmake-extras.cmake
[1.445s] -- Up-to-date symlink: /home/zzz/work/install/hiwin_interfaces/share/hiwin_interfaces/cmake/ament_cmake_export_dependencies-extras.cmake
[1.445s] -- Up-to-date symlink: /home/zzz/work/install/hiwin_interfaces/share/hiwin_interfaces/cmake/ament_cmake_export_include_directories-extras.cmake
[1.445s] -- Up-to-date symlink: /home/zzz/work/install/hiwin_interfaces/share/hiwin_interfaces/cmake/ament_cmake_export_libraries-extras.cmake
[1.446s] -- Up-to-date symlink: /home/zzz/work/install/hiwin_interfaces/share/hiwin_interfaces/cmake/ament_cmake_export_targets-extras.cmake
[1.446s] -- Up-to-date symlink: /home/zzz/work/install/hiwin_interfaces/share/hiwin_interfaces/cmake/rosidl_cmake_export_typesupport_targets-extras.cmake
[1.448s] -- Up-to-date symlink: /home/zzz/work/install/hiwin_interfaces/share/hiwin_interfaces/cmake/rosidl_cmake_export_typesupport_libraries-extras.cmake
[1.449s] -- Up-to-date symlink: /home/zzz/work/install/hiwin_interfaces/share/hiwin_interfaces/cmake/hiwin_interfacesConfig.cmake
[1.454s] -- Up-to-date symlink: /home/zzz/work/install/hiwin_interfaces/share/hiwin_interfaces/cmake/hiwin_interfacesConfig-version.cmake
[1.456s] -- Up-to-date symlink: /home/zzz/work/install/hiwin_interfaces/share/hiwin_interfaces/package.xml
[1.456s] -- Up-to-date: /home/zzz/work/install/hiwin_interfaces/lib/libhiwin_interfaces__rosidl_generator_c.so
[1.462s] -- Up-to-date: /home/zzz/work/install/hiwin_interfaces/lib/libhiwin_interfaces__rosidl_typesupport_fastrtps_c.so
[1.466s] -- Up-to-date: /home/zzz/work/install/hiwin_interfaces/lib/libhiwin_interfaces__rosidl_typesupport_fastrtps_cpp.so
[1.466s] -- Up-to-date: /home/zzz/work/install/hiwin_interfaces/lib/libhiwin_interfaces__rosidl_typesupport_introspection_c.so
[1.467s] -- Up-to-date: /home/zzz/work/install/hiwin_interfaces/lib/libhiwin_interfaces__rosidl_typesupport_c.so
[1.468s] -- Up-to-date: /home/zzz/work/install/hiwin_interfaces/lib/libhiwin_interfaces__rosidl_typesupport_introspection_cpp.so
[1.471s] -- Up-to-date: /home/zzz/work/install/hiwin_interfaces/lib/libhiwin_interfaces__rosidl_typesupport_cpp.so
[1.532s] Listing '/home/zzz/work/install/hiwin_interfaces/local/lib/python3.10/dist-packages/hiwin_interfaces'...
[1.533s] Listing '/home/zzz/work/install/hiwin_interfaces/local/lib/python3.10/dist-packages/hiwin_interfaces/srv'...
[1.541s] -- Up-to-date: /home/zzz/work/install/hiwin_interfaces/lib/libhiwin_interfaces__rosidl_generator_py.so
[1.542s] -- Up-to-date: /home/zzz/work/install/hiwin_interfaces/share/hiwin_interfaces/cmake/export_hiwin_interfaces__rosidl_generator_cExport.cmake
[1.542s] -- Up-to-date: /home/zzz/work/install/hiwin_interfaces/share/hiwin_interfaces/cmake/export_hiwin_interfaces__rosidl_generator_cExport-noconfig.cmake
[1.542s] -- Up-to-date: /home/zzz/work/install/hiwin_interfaces/share/hiwin_interfaces/cmake/export_hiwin_interfaces__rosidl_typesupport_fastrtps_cExport.cmake
[1.542s] -- Up-to-date: /home/zzz/work/install/hiwin_interfaces/share/hiwin_interfaces/cmake/export_hiwin_interfaces__rosidl_typesupport_fastrtps_cExport-noconfig.cmake
[1.543s] -- Up-to-date: /home/zzz/work/install/hiwin_interfaces/share/hiwin_interfaces/cmake/export_hiwin_interfaces__rosidl_generator_cppExport.cmake
[1.546s] -- Up-to-date: /home/zzz/work/install/hiwin_interfaces/share/hiwin_interfaces/cmake/export_hiwin_interfaces__rosidl_typesupport_fastrtps_cppExport.cmake
[1.546s] -- Up-to-date: /home/zzz/work/install/hiwin_interfaces/share/hiwin_interfaces/cmake/export_hiwin_interfaces__rosidl_typesupport_fastrtps_cppExport-noconfig.cmake
[1.550s] -- Up-to-date: /home/zzz/work/install/hiwin_interfaces/share/hiwin_interfaces/cmake/hiwin_interfaces__rosidl_typesupport_introspection_cExport.cmake
[1.550s] -- Up-to-date: /home/zzz/work/install/hiwin_interfaces/share/hiwin_interfaces/cmake/hiwin_interfaces__rosidl_typesupport_introspection_cExport-noconfig.cmake
[1.551s] -- Up-to-date: /home/zzz/work/install/hiwin_interfaces/share/hiwin_interfaces/cmake/hiwin_interfaces__rosidl_typesupport_cExport.cmake
[1.551s] -- Up-to-date: /home/zzz/work/install/hiwin_interfaces/share/hiwin_interfaces/cmake/hiwin_interfaces__rosidl_typesupport_cExport-noconfig.cmake
[1.551s] -- Up-to-date: /home/zzz/work/install/hiwin_interfaces/share/hiwin_interfaces/cmake/hiwin_interfaces__rosidl_typesupport_introspection_cppExport.cmake
[1.551s] -- Up-to-date: /home/zzz/work/install/hiwin_interfaces/share/hiwin_interfaces/cmake/hiwin_interfaces__rosidl_typesupport_introspection_cppExport-noconfig.cmake
[1.552s] -- Up-to-date: /home/zzz/work/install/hiwin_interfaces/share/hiwin_interfaces/cmake/hiwin_interfaces__rosidl_typesupport_cppExport.cmake
[1.552s] -- Up-to-date: /home/zzz/work/install/hiwin_interfaces/share/hiwin_interfaces/cmake/hiwin_interfaces__rosidl_typesupport_cppExport-noconfig.cmake
[1.552s] -- Up-to-date: /home/zzz/work/install/hiwin_interfaces/share/hiwin_interfaces/cmake/export_hiwin_interfaces__rosidl_generator_pyExport.cmake
[1.557s] -- Up-to-date: /home/zzz/work/install/hiwin_interfaces/share/hiwin_interfaces/cmake/export_hiwin_interfaces__rosidl_generator_pyExport-noconfig.cmake
[1.558s] Invoked command in '/home/zzz/work/build/hiwin_interfaces' returned '0': CMAKE_PREFIX_PATH=${CMAKE_PREFIX_PATH}:/home/zzz/work/install/yolo:/home/zzz/work/install/realsense2_ros_mqtt_bridge:/home/zzz/work/install/hiwin_example:/home/zzz/work/install/arduino_bridge:/opt/ros/humble /usr/bin/cmake --install /home/zzz/work/build/hiwin_interfaces
