[0.022s] Invoking command in '/home/zzz/work/build/hiwin_service_client': CMAKE_PREFIX_PATH=/home/zzz/work/install/hiwin_libmodbus:/home/zzz/work/install/hiwin_interfaces:/home/zzz/work/install/realsense2_rviz_plugin:/home/zzz/work/install/realsense2_description:/home/zzz/work/install/realsense2_camera:/home/zzz/work/install/realsense2_camera_msgs:/home/zzz/work/install/hiwin_service_client:/home/zzz/work/install/yolo:/home/zzz/work/install/realsense2_ros_mqtt_bridge:/home/zzz/work/install/hiwin_example:/home/zzz/work/install/arduino_bridge:/opt/ros/humble LD_LIBRARY_PATH=/home/zzz/work/install/hiwin_libmodbus/lib:/home/zzz/work/install/hiwin_interfaces/lib:/home/zzz/work/install/realsense2_camera/lib:/home/zzz/work/install/realsense2_camera_msgs/lib:/opt/ros/humble/opt/rviz_ogre_vendor/lib:/opt/ros/humble/lib/x86_64-linux-gnu:/opt/ros/humble/lib /usr/bin/cmake --build /home/zzz/work/build/hiwin_service_client -- -j12 -l12
[0.111s] Invoked command in '/home/zzz/work/build/hiwin_service_client' returned '0': CMAKE_PREFIX_PATH=/home/zzz/work/install/hiwin_libmodbus:/home/zzz/work/install/hiwin_interfaces:/home/zzz/work/install/realsense2_rviz_plugin:/home/zzz/work/install/realsense2_description:/home/zzz/work/install/realsense2_camera:/home/zzz/work/install/realsense2_camera_msgs:/home/zzz/work/install/hiwin_service_client:/home/zzz/work/install/yolo:/home/zzz/work/install/realsense2_ros_mqtt_bridge:/home/zzz/work/install/hiwin_example:/home/zzz/work/install/arduino_bridge:/opt/ros/humble LD_LIBRARY_PATH=/home/zzz/work/install/hiwin_libmodbus/lib:/home/zzz/work/install/hiwin_interfaces/lib:/home/zzz/work/install/realsense2_camera/lib:/home/zzz/work/install/realsense2_camera_msgs/lib:/opt/ros/humble/opt/rviz_ogre_vendor/lib:/opt/ros/humble/lib/x86_64-linux-gnu:/opt/ros/humble/lib /usr/bin/cmake --build /home/zzz/work/build/hiwin_service_client -- -j12 -l12
[0.114s] Invoking command in '/home/zzz/work/build/hiwin_service_client': CMAKE_PREFIX_PATH=/home/zzz/work/install/hiwin_libmodbus:/home/zzz/work/install/hiwin_interfaces:/home/zzz/work/install/realsense2_rviz_plugin:/home/zzz/work/install/realsense2_description:/home/zzz/work/install/realsense2_camera:/home/zzz/work/install/realsense2_camera_msgs:/home/zzz/work/install/hiwin_service_client:/home/zzz/work/install/yolo:/home/zzz/work/install/realsense2_ros_mqtt_bridge:/home/zzz/work/install/hiwin_example:/home/zzz/work/install/arduino_bridge:/opt/ros/humble LD_LIBRARY_PATH=/home/zzz/work/install/hiwin_libmodbus/lib:/home/zzz/work/install/hiwin_interfaces/lib:/home/zzz/work/install/realsense2_camera/lib:/home/zzz/work/install/realsense2_camera_msgs/lib:/opt/ros/humble/opt/rviz_ogre_vendor/lib:/opt/ros/humble/lib/x86_64-linux-gnu:/opt/ros/humble/lib /usr/bin/cmake --install /home/zzz/work/build/hiwin_service_client
[0.124s] -- Install configuration: ""
[0.125s] -- Execute custom install script
[0.125s] -- Up-to-date symlink: /home/zzz/work/install/hiwin_service_client/share/ament_index/resource_index/package_run_dependencies/hiwin_service_client
[0.125s] -- Up-to-date symlink: /home/zzz/work/install/hiwin_service_client/share/ament_index/resource_index/parent_prefix_path/hiwin_service_client
[0.126s] -- Up-to-date symlink: /home/zzz/work/install/hiwin_service_client/share/hiwin_service_client/environment/ament_prefix_path.sh
[0.127s] -- Up-to-date symlink: /home/zzz/work/install/hiwin_service_client/share/hiwin_service_client/environment/ament_prefix_path.dsv
[0.127s] -- Up-to-date symlink: /home/zzz/work/install/hiwin_service_client/share/hiwin_service_client/environment/path.sh
[0.127s] -- Up-to-date symlink: /home/zzz/work/install/hiwin_service_client/share/hiwin_service_client/environment/path.dsv
[0.127s] -- Up-to-date symlink: /home/zzz/work/install/hiwin_service_client/share/hiwin_service_client/local_setup.bash
[0.127s] -- Up-to-date symlink: /home/zzz/work/install/hiwin_service_client/share/hiwin_service_client/local_setup.sh
[0.129s] -- Up-to-date symlink: /home/zzz/work/install/hiwin_service_client/share/hiwin_service_client/local_setup.zsh
[0.133s] -- Up-to-date symlink: /home/zzz/work/install/hiwin_service_client/share/hiwin_service_client/local_setup.dsv
[0.133s] -- Symlinking: /home/zzz/work/install/hiwin_service_client/share/hiwin_service_client/package.dsv
[0.138s] -- Up-to-date symlink: /home/zzz/work/install/hiwin_service_client/share/ament_index/resource_index/packages/hiwin_service_client
[0.138s] -- Up-to-date symlink: /home/zzz/work/install/hiwin_service_client/share/hiwin_service_client/cmake/hiwin_service_clientConfig.cmake
[0.138s] -- Up-to-date symlink: /home/zzz/work/install/hiwin_service_client/share/hiwin_service_client/cmake/hiwin_service_clientConfig-version.cmake
[0.138s] -- Up-to-date symlink: /home/zzz/work/install/hiwin_service_client/share/hiwin_service_client/package.xml
[0.144s] Invoked command in '/home/zzz/work/build/hiwin_service_client' returned '0': CMAKE_PREFIX_PATH=/home/zzz/work/install/hiwin_libmodbus:/home/zzz/work/install/hiwin_interfaces:/home/zzz/work/install/realsense2_rviz_plugin:/home/zzz/work/install/realsense2_description:/home/zzz/work/install/realsense2_camera:/home/zzz/work/install/realsense2_camera_msgs:/home/zzz/work/install/hiwin_service_client:/home/zzz/work/install/yolo:/home/zzz/work/install/realsense2_ros_mqtt_bridge:/home/zzz/work/install/hiwin_example:/home/zzz/work/install/arduino_bridge:/opt/ros/humble LD_LIBRARY_PATH=/home/zzz/work/install/hiwin_libmodbus/lib:/home/zzz/work/install/hiwin_interfaces/lib:/home/zzz/work/install/realsense2_camera/lib:/home/zzz/work/install/realsense2_camera_msgs/lib:/opt/ros/humble/opt/rviz_ogre_vendor/lib:/opt/ros/humble/lib/x86_64-linux-gnu:/opt/ros/humble/lib /usr/bin/cmake --install /home/zzz/work/build/hiwin_service_client
