[3.188s] Invoking command in '/home/zzz/work/src/arduino_bridge': PYTHONPATH=/home/zzz/work/build/arduino_bridge/prefix_override:/usr/lib/python3/dist-packages/colcon_core/task/python/colcon_distutils_commands:/home/zzz/work/install/arduino_bridge/lib/python3.10/site-packages:${PYTHONPATH} /usr/bin/python3 -W ignore:setup.py install is deprecated -W ignore:easy_install command is deprecated setup.py egg_info --egg-base ../../build/arduino_bridge build --build-base /home/zzz/work/build/arduino_bridge/build install --record /home/zzz/work/build/arduino_bridge/install.log --install-scripts $base/lib/arduino_bridge --single-version-externally-managed install_data
[4.049s] running egg_info
[4.111s] writing ../../build/arduino_bridge/arduino_bridge.egg-info/PKG-INFO
[4.114s] writing dependency_links to ../../build/arduino_bridge/arduino_bridge.egg-info/dependency_links.txt
[4.118s] writing entry points to ../../build/arduino_bridge/arduino_bridge.egg-info/entry_points.txt
[4.118s] writing requirements to ../../build/arduino_bridge/arduino_bridge.egg-info/requires.txt
[4.119s] writing top-level names to ../../build/arduino_bridge/arduino_bridge.egg-info/top_level.txt
[4.239s] reading manifest file '../../build/arduino_bridge/arduino_bridge.egg-info/SOURCES.txt'
[4.243s] writing manifest file '../../build/arduino_bridge/arduino_bridge.egg-info/SOURCES.txt'
[4.244s] running build
[4.244s] running build_py
[4.245s] copying arduino_bridge/force.py -> /home/zzz/work/build/arduino_bridge/build/lib/arduino_bridge
[4.245s] copying arduino_bridge/__init__.py -> /home/zzz/work/build/arduino_bridge/build/lib/arduino_bridge
[4.246s] warning: build_py: byte-compiling is disabled, skipping.
[4.246s] 
[4.246s] running install
[4.256s] running install_lib
[4.296s] warning: install_lib: byte-compiling is disabled, skipping.
[4.296s] 
[4.296s] running install_data
[4.297s] copying resource/arduino_bridge -> /home/zzz/work/install/arduino_bridge/share/ament_index/resource_index/packages
[4.297s] copying package.xml -> /home/zzz/work/install/arduino_bridge/share/arduino_bridge
[4.298s] running install_egg_info
[4.350s] removing '/home/zzz/work/install/arduino_bridge/lib/python3.10/site-packages/arduino_bridge-0.0.0-py3.10.egg-info' (and everything under it)
[4.353s] Copying ../../build/arduino_bridge/arduino_bridge.egg-info to /home/zzz/work/install/arduino_bridge/lib/python3.10/site-packages/arduino_bridge-0.0.0-py3.10.egg-info
[4.364s] running install_scripts
[4.544s] Installing force_pub script to /home/zzz/work/install/arduino_bridge/lib/arduino_bridge
[4.545s] writing list of installed files to '/home/zzz/work/build/arduino_bridge/install.log'
[4.614s] Invoked command in '/home/zzz/work/src/arduino_bridge' returned '0': PYTHONPATH=/home/zzz/work/build/arduino_bridge/prefix_override:/usr/lib/python3/dist-packages/colcon_core/task/python/colcon_distutils_commands:/home/zzz/work/install/arduino_bridge/lib/python3.10/site-packages:${PYTHONPATH} /usr/bin/python3 -W ignore:setup.py install is deprecated -W ignore:easy_install command is deprecated setup.py egg_info --egg-base ../../build/arduino_bridge build --build-base /home/zzz/work/build/arduino_bridge/build install --record /home/zzz/work/build/arduino_bridge/install.log --install-scripts $base/lib/arduino_bridge --single-version-externally-managed install_data
