[2.805s] Invoking command in '/home/zzz/work/src/arduino_bridge': PYTHONPATH=/home/zzz/work/build/arduino_bridge/prefix_override:/usr/lib/python3/dist-packages/colcon_core/task/python/colcon_distutils_commands:/home/zzz/work/install/arduino_bridge/lib/python3.10/site-packages:${PYTHONPATH} /usr/bin/python3 -W ignore:setup.py install is deprecated -W ignore:easy_install command is deprecated setup.py egg_info --egg-base ../../build/arduino_bridge build --build-base /home/zzz/work/build/arduino_bridge/build install --record /home/zzz/work/build/arduino_bridge/install.log --install-scripts $base/lib/arduino_bridge --single-version-externally-managed install_data
[3.187s] running egg_info
[3.203s] writing ../../build/arduino_bridge/arduino_bridge.egg-info/PKG-INFO
[3.204s] writing dependency_links to ../../build/arduino_bridge/arduino_bridge.egg-info/dependency_links.txt
[3.204s] writing entry points to ../../build/arduino_bridge/arduino_bridge.egg-info/entry_points.txt
[3.205s] writing requirements to ../../build/arduino_bridge/arduino_bridge.egg-info/requires.txt
[3.205s] writing top-level names to ../../build/arduino_bridge/arduino_bridge.egg-info/top_level.txt
[3.253s] reading manifest file '../../build/arduino_bridge/arduino_bridge.egg-info/SOURCES.txt'
[3.255s] writing manifest file '../../build/arduino_bridge/arduino_bridge.egg-info/SOURCES.txt'
[3.255s] running build
[3.255s] running build_py
[3.256s] copying arduino_bridge/force.py -> /home/zzz/work/build/arduino_bridge/build/lib/arduino_bridge
[3.258s] copying arduino_bridge/__init__.py -> /home/zzz/work/build/arduino_bridge/build/lib/arduino_bridge
[3.258s] warning: build_py: byte-compiling is disabled, skipping.
[3.258s] 
[3.258s] running install
[3.260s] running install_lib
[3.275s] warning: install_lib: byte-compiling is disabled, skipping.
[3.276s] 
[3.276s] running install_data
[3.276s] copying resource/arduino_bridge -> /home/zzz/work/install/arduino_bridge/share/ament_index/resource_index/packages
[3.276s] copying package.xml -> /home/zzz/work/install/arduino_bridge/share/arduino_bridge
[3.276s] running install_egg_info
[3.302s] removing '/home/zzz/work/install/arduino_bridge/lib/python3.10/site-packages/arduino_bridge-0.0.0-py3.10.egg-info' (and everything under it)
[3.303s] Copying ../../build/arduino_bridge/arduino_bridge.egg-info to /home/zzz/work/install/arduino_bridge/lib/python3.10/site-packages/arduino_bridge-0.0.0-py3.10.egg-info
[3.304s] running install_scripts
[3.358s] Installing force_pub script to /home/zzz/work/install/arduino_bridge/lib/arduino_bridge
[3.359s] writing list of installed files to '/home/zzz/work/build/arduino_bridge/install.log'
[3.431s] Invoked command in '/home/zzz/work/src/arduino_bridge' returned '0': PYTHONPATH=/home/zzz/work/build/arduino_bridge/prefix_override:/usr/lib/python3/dist-packages/colcon_core/task/python/colcon_distutils_commands:/home/zzz/work/install/arduino_bridge/lib/python3.10/site-packages:${PYTHONPATH} /usr/bin/python3 -W ignore:setup.py install is deprecated -W ignore:easy_install command is deprecated setup.py egg_info --egg-base ../../build/arduino_bridge build --build-base /home/zzz/work/build/arduino_bridge/build install --record /home/zzz/work/build/arduino_bridge/install.log --install-scripts $base/lib/arduino_bridge --single-version-externally-managed install_data
