[0.017s] Invoking command in '/home/zzz/work/build/realsense2_camera': AMENT_PREFIX_PATH=/home/zzz/work/install/realsense2_camera_msgs:${AMENT_PREFIX_PATH} CMAKE_PREFIX_PATH=/home/zzz/work/install/realsense2_camera_msgs:/opt/ros/humble LD_LIBRARY_PATH=/home/zzz/work/install/realsense2_camera_msgs/lib:${LD_LIBRARY_PATH} PYTHONPATH=/home/zzz/work/install/realsense2_camera_msgs/local/lib/python3.10/dist-packages:${PYTHONPATH} /usr/bin/cmake /home/zzz/work/src/realsense-ros/realsense2_camera -DAMENT_CMAKE_SYMLINK_INSTALL=1 -DCMAKE_INSTALL_PREFIX=/home/zzz/work/install/realsense2_camera
[0.083s] -- The C compiler identification is GNU 11.4.0
[0.149s] -- The CXX compiler identification is GNU 11.4.0
[0.157s] -- Detecting C compiler ABI info
[0.239s] -- Detecting C compiler ABI info - done
[0.245s] -- Check for working C compiler: /usr/bin/cc - skipped
[0.246s] -- Detecting C compile features
[0.246s] -- Detecting C compile features - done
[0.249s] -- Detecting CXX compiler ABI info
[0.345s] -- Detecting CXX compiler ABI info - done
[0.352s] -- Check for working CXX compiler: /usr/bin/g++ - skipped
[0.352s] -- Detecting CXX compile features
[0.353s] -- Detecting CXX compile features - done
[0.353s] -- Create Release Build.
[0.357s] -- Found ament_cmake: 1.3.14 (/opt/ros/humble/share/ament_cmake/cmake)
[0.773s] -- Found Python3: /usr/bin/python3 (found version "3.10.12") found components: Interpreter 
[0.848s] -- Override CMake install command with custom implementation using symlinks instead of copying resources
[0.893s] -- Found builtin_interfaces: 1.2.2 (/opt/ros/humble/share/builtin_interfaces/cmake)
[0.940s] -- Found rosidl_generator_c: 3.1.8 (/opt/ros/humble/share/rosidl_generator_c/cmake)
[0.948s] -- Found rosidl_adapter: 3.1.8 (/opt/ros/humble/share/rosidl_adapter/cmake)
[0.960s] -- Found rosidl_generator_cpp: 3.1.8 (/opt/ros/humble/share/rosidl_generator_cpp/cmake)
[0.976s] -- Using all available rosidl_typesupport_c: rosidl_typesupport_fastrtps_c;rosidl_typesupport_introspection_c
[0.995s] -- Using all available rosidl_typesupport_cpp: rosidl_typesupport_fastrtps_cpp;rosidl_typesupport_introspection_cpp
[1.011s] -- Found cv_bridge: 3.2.1 (/opt/ros/humble/share/cv_bridge/cmake)
[1.068s] -- Found image_transport: 3.1.12 (/opt/ros/humble/share/image_transport/cmake)
[1.133s] -- Found rmw_implementation_cmake: 6.1.2 (/opt/ros/humble/share/rmw_implementation_cmake/cmake)
[1.138s] -- Found rmw_cyclonedds_cpp: 1.3.4 (/opt/ros/humble/share/rmw_cyclonedds_cpp/cmake)
[1.168s] -- Using RMW implementation 'rmw_cyclonedds_cpp' as default
[1.181s] -- Looking for pthread.h
[1.257s] -- Looking for pthread.h - found
[1.257s] -- Performing Test CMAKE_HAVE_LIBC_PTHREAD
[1.332s] -- Performing Test CMAKE_HAVE_LIBC_PTHREAD - Success
[1.333s] -- Found Threads: TRUE  
[1.429s] -- Found rclcpp_action: 16.0.19 (/opt/ros/humble/share/rclcpp_action/cmake)
[1.467s] -- Found rclcpp_components: 16.0.19 (/opt/ros/humble/share/rclcpp_components/cmake)
[1.479s] -- Found realsense2_camera_msgs: 4.57.4 (/home/zzz/work/install/realsense2_camera_msgs/share/realsense2_camera_msgs/cmake)
[1.496s] -- Found std_srvs: 4.9.1 (/opt/ros/humble/share/std_srvs/cmake)
[1.511s] -- Found nav_msgs: 4.9.1 (/opt/ros/humble/share/nav_msgs/cmake)
[1.525s] -- Found tf2_ros: 0.25.20 (/opt/ros/humble/share/tf2_ros/cmake)
[1.549s] -- Found diagnostic_updater: 4.0.7 (/opt/ros/humble/share/diagnostic_updater/cmake)
[1.568s] -- Found OpenCV: /usr (found version "4.5.4") found components: core 
[1.569s] -- Build for ROS2 Humble
[1.573s] -- Found ament_cmake_gtest: 1.3.14 (/opt/ros/humble/share/ament_cmake_gtest/cmake)
[1.578s] -- Found gtest sources under '/opt/ros/humble/src/gtest_vendor': C++ tests using 'Google Test' will be built
[1.582s] -- Found ament_cmake_pytest: 1.3.14 (/opt/ros/humble/share/ament_cmake_pytest/cmake)
[3.842s] -- rs_device_info:
[3.842s] -- Device Name                   Serial Number       Firmware Version
[3.842s] Intel RealSense D435I         939722070125        5.17.0.10
[3.842s] 
[3.842s] -- D455 device found
[5.818s] -- Configuring done
[5.845s] -- Generating done
[5.851s] -- Build files have been written to: /home/zzz/work/build/realsense2_camera
[5.863s] Invoked command in '/home/zzz/work/build/realsense2_camera' returned '0': AMENT_PREFIX_PATH=/home/zzz/work/install/realsense2_camera_msgs:${AMENT_PREFIX_PATH} CMAKE_PREFIX_PATH=/home/zzz/work/install/realsense2_camera_msgs:/opt/ros/humble LD_LIBRARY_PATH=/home/zzz/work/install/realsense2_camera_msgs/lib:${LD_LIBRARY_PATH} PYTHONPATH=/home/zzz/work/install/realsense2_camera_msgs/local/lib/python3.10/dist-packages:${PYTHONPATH} /usr/bin/cmake /home/zzz/work/src/realsense-ros/realsense2_camera -DAMENT_CMAKE_SYMLINK_INSTALL=1 -DCMAKE_INSTALL_PREFIX=/home/zzz/work/install/realsense2_camera
[5.864s] Invoking command in '/home/zzz/work/build/realsense2_camera': AMENT_PREFIX_PATH=/home/zzz/work/install/realsense2_camera_msgs:${AMENT_PREFIX_PATH} CMAKE_PREFIX_PATH=/home/zzz/work/install/realsense2_camera_msgs:/opt/ros/humble LD_LIBRARY_PATH=/home/zzz/work/install/realsense2_camera_msgs/lib:${LD_LIBRARY_PATH} PYTHONPATH=/home/zzz/work/install/realsense2_camera_msgs/local/lib/python3.10/dist-packages:${PYTHONPATH} /usr/bin/cmake --build /home/zzz/work/build/realsense2_camera -- -j12 -l12
[5.924s] [  3%] [32mBuilding CXX object CMakeFiles/realsense2_camera_node.dir/rclcpp_components/node_main_realsense2_camera_node.cpp.o[0m
[5.924s] [ 11%] [32mBuilding CXX object CMakeFiles/realsense2_camera.dir/src/parameters.cpp.o[0m
[5.924s] [ 11%] [32mBuilding CXX object gtest/CMakeFiles/gtest_main.dir/src/gtest_main.cc.o[0m
[5.925s] [ 15%] [32mBuilding CXX object CMakeFiles/realsense2_camera.dir/src/sensor_params.cpp.o[0m
[5.925s] [ 19%] [32mBuilding CXX object CMakeFiles/realsense2_camera.dir/src/base_realsense_node.cpp.o[0m
[5.925s] [ 23%] [32mBuilding CXX object CMakeFiles/realsense2_camera.dir/src/realsense_node_factory.cpp.o[0m
[5.925s] [ 26%] [32mBuilding CXX object CMakeFiles/realsense2_camera.dir/src/rs_node_setup.cpp.o[0m
[5.926s] [ 34%] [32mBuilding CXX object CMakeFiles/realsense2_camera.dir/src/dynamic_params.cpp.o[0m
[5.926s] [ 38%] [32mBuilding CXX object CMakeFiles/realsense2_camera.dir/src/ros_utils.cpp.o[0m
[5.926s] [ 38%] [32mBuilding CXX object CMakeFiles/realsense2_camera.dir/src/ros_sensor.cpp.o[0m
[5.929s] [ 42%] [32mBuilding CXX object gtest/CMakeFiles/gtest.dir/src/gtest-all.cc.o[0m
[5.934s] [ 46%] [32mBuilding CXX object CMakeFiles/realsense2_camera.dir/src/named_filter.cpp.o[0m
[7.069s] [ 50%] [32m[1mLinking CXX static library libgtest_main.a[0m
[7.196s] [ 50%] Built target gtest_main
[7.213s] [ 53%] [32mBuilding CXX object CMakeFiles/realsense2_camera.dir/src/pointcloud_filter.cpp.o[0m
[11.472s] [ 57%] [32m[1mLinking CXX executable realsense2_camera_node[0m
[11.682s] [ 57%] Built target realsense2_camera_node
[11.697s] [ 61%] [32mBuilding CXX object CMakeFiles/realsense2_camera.dir/src/align_depth_filter.cpp.o[0m
[11.905s] [ 65%] [32mBuilding CXX object CMakeFiles/realsense2_camera.dir/src/profile_manager.cpp.o[0m
[13.929s] [ 69%] [32mBuilding CXX object CMakeFiles/realsense2_camera.dir/src/image_publisher.cpp.o[0m
[14.902s] [ 73%] [32mBuilding CXX object CMakeFiles/realsense2_camera.dir/src/tfs.cpp.o[0m
[16.595s] [ 76%] [32mBuilding CXX object CMakeFiles/realsense2_camera.dir/src/actions.cpp.o[0m
[16.951s] [ 80%] [32mBuilding CXX object CMakeFiles/realsense2_camera.dir/src/safety.cpp.o[0m
[17.877s] [ 84%] [32m[1mLinking CXX static library libgtest.a[0m
[17.958s] [ 84%] Built target gtest
[17.976s] [ 88%] [32mBuilding CXX object CMakeFiles/realsense2_camera.dir/src/ros_param_backend.cpp.o[0m
[18.031s] [ 92%] [32mBuilding CXX object CMakeFiles/gtest_template.dir/test/gtest_template.cpp.o[0m
[19.350s] [ 96%] [32m[1mLinking CXX executable gtest_template[0m
[19.563s] [ 96%] Built target gtest_template
[28.281s] [100%] [32m[1mLinking CXX shared library librealsense2_camera.so[0m
[28.654s] [100%] Built target realsense2_camera
[28.667s] Invoked command in '/home/zzz/work/build/realsense2_camera' returned '0': AMENT_PREFIX_PATH=/home/zzz/work/install/realsense2_camera_msgs:${AMENT_PREFIX_PATH} CMAKE_PREFIX_PATH=/home/zzz/work/install/realsense2_camera_msgs:/opt/ros/humble LD_LIBRARY_PATH=/home/zzz/work/install/realsense2_camera_msgs/lib:${LD_LIBRARY_PATH} PYTHONPATH=/home/zzz/work/install/realsense2_camera_msgs/local/lib/python3.10/dist-packages:${PYTHONPATH} /usr/bin/cmake --build /home/zzz/work/build/realsense2_camera -- -j12 -l12
[28.668s] Invoking command in '/home/zzz/work/build/realsense2_camera': AMENT_PREFIX_PATH=/home/zzz/work/install/realsense2_camera_msgs:${AMENT_PREFIX_PATH} CMAKE_PREFIX_PATH=/home/zzz/work/install/realsense2_camera_msgs:/opt/ros/humble LD_LIBRARY_PATH=/home/zzz/work/install/realsense2_camera_msgs/lib:${LD_LIBRARY_PATH} PYTHONPATH=/home/zzz/work/install/realsense2_camera_msgs/local/lib/python3.10/dist-packages:${PYTHONPATH} /usr/bin/cmake --install /home/zzz/work/build/realsense2_camera
[28.676s] -- Install configuration: "Release"
[28.676s] -- Execute custom install script
[28.676s] -- Symlinking: /home/zzz/work/install/realsense2_camera/share/realsense2_camera/config/global_settings.yaml
[28.688s] -- Symlinking: /home/zzz/work/install/realsense2_camera/lib/realsense2_camera/realsense2_camera_node
[28.698s] -- Symlinking: /home/zzz/work/install/realsense2_camera/lib/librealsense2_camera.so
[28.709s] -- Symlinking: /home/zzz/work/install/realsense2_camera/include/align_depth_filter.h
[28.718s] -- Symlinking: /home/zzz/work/install/realsense2_camera/include/base_realsense_node.h
[28.726s] -- Symlinking: /home/zzz/work/install/realsense2_camera/include/constants.h
[28.736s] -- Symlinking: /home/zzz/work/install/realsense2_camera/include/context_singleton_wrapper.h
[28.746s] -- Symlinking: /home/zzz/work/install/realsense2_camera/include/dynamic_params.h
[28.756s] -- Symlinking: /home/zzz/work/install/realsense2_camera/include/gl_window.h
[28.766s] -- Symlinking: /home/zzz/work/install/realsense2_camera/include/image_publisher.h
[28.775s] -- Symlinking: /home/zzz/work/install/realsense2_camera/include/named_filter.h
[28.785s] -- Symlinking: /home/zzz/work/install/realsense2_camera/include/pointcloud_filter.h
[28.795s] -- Symlinking: /home/zzz/work/install/realsense2_camera/include/profile_manager.h
[28.805s] -- Symlinking: /home/zzz/work/install/realsense2_camera/include/realsense_node_factory.h
[28.815s] -- Symlinking: /home/zzz/work/install/realsense2_camera/include/ros_node_base.h
[28.823s] -- Symlinking: /home/zzz/work/install/realsense2_camera/include/ros_param_backend.h
[28.833s] -- Symlinking: /home/zzz/work/install/realsense2_camera/include/ros_sensor.h
[28.842s] -- Symlinking: /home/zzz/work/install/realsense2_camera/include/ros_utils.h
[28.852s] -- Symlinking: /home/zzz/work/install/realsense2_camera/include/sensor_params.h
[28.863s] -- Symlinking: /home/zzz/work/install/realsense2_camera/share/realsense2_camera/launch/default.rviz
[28.870s] -- Symlinking: /home/zzz/work/install/realsense2_camera/share/realsense2_camera/launch/rs_intra_process_demo_launch.py
[28.879s] -- Symlinking: /home/zzz/work/install/realsense2_camera/share/realsense2_camera/launch/rs_launch.py
[28.889s] -- Symlinking: /home/zzz/work/install/realsense2_camera/share/realsense2_camera/launch/rs_multi_camera_launch.py
[28.899s] -- Symlinking: /home/zzz/work/install/realsense2_camera/share/realsense2_camera/launch/rs_multi_camera_launch_sync.py
[28.910s] -- Symlinking: /home/zzz/work/install/realsense2_camera/share/realsense2_camera/examples/align_depth/README.md
[28.920s] -- Symlinking: /home/zzz/work/install/realsense2_camera/share/realsense2_camera/examples/align_depth/rs_align_depth_launch.py
[28.928s] -- Symlinking: /home/zzz/work/install/realsense2_camera/share/realsense2_camera/examples/d500_tables/application_config_example.json
[28.938s] -- Symlinking: /home/zzz/work/install/realsense2_camera/share/realsense2_camera/examples/d500_tables/calib_config_example.json
[28.947s] -- Symlinking: /home/zzz/work/install/realsense2_camera/share/realsense2_camera/examples/d500_tables/safety_interface_config_example.json
[28.956s] -- Symlinking: /home/zzz/work/install/realsense2_camera/share/realsense2_camera/examples/d500_tables/safety_preset_example.json
[28.966s] -- Symlinking: /home/zzz/work/install/realsense2_camera/share/realsense2_camera/examples/dual_camera/README.md
[28.976s] -- Symlinking: /home/zzz/work/install/realsense2_camera/share/realsense2_camera/examples/dual_camera/rs_dual_camera_launch.py
[28.986s] -- Symlinking: /home/zzz/work/install/realsense2_camera/share/realsense2_camera/examples/dual_camera/rviz/dual_camera_pointcloud.rviz
[28.996s] -- Symlinking: /home/zzz/work/install/realsense2_camera/share/realsense2_camera/examples/launch_from_rosbag/README.md
[29.005s] -- Symlinking: /home/zzz/work/install/realsense2_camera/share/realsense2_camera/examples/launch_from_rosbag/rs_launch_from_rosbag.py
[29.015s] -- Symlinking: /home/zzz/work/install/realsense2_camera/share/realsense2_camera/examples/launch_params_from_file/README.md
[29.026s] -- Symlinking: /home/zzz/work/install/realsense2_camera/share/realsense2_camera/examples/launch_params_from_file/config/config.yaml
[29.035s] -- Symlinking: /home/zzz/work/install/realsense2_camera/share/realsense2_camera/examples/launch_params_from_file/rs_launch_get_params_from_yaml.py
[29.045s] -- Symlinking: /home/zzz/work/install/realsense2_camera/share/realsense2_camera/examples/pointcloud/README.md
[29.055s] -- Symlinking: /home/zzz/work/install/realsense2_camera/share/realsense2_camera/examples/pointcloud/rs_d405_pointcloud_launch.py
[29.064s] -- Symlinking: /home/zzz/work/install/realsense2_camera/share/realsense2_camera/examples/pointcloud/rs_d455_pointcloud_launch.py
[29.074s] -- Symlinking: /home/zzz/work/install/realsense2_camera/share/realsense2_camera/examples/pointcloud/rs_pointcloud_infra_launch.py
[29.085s] -- Symlinking: /home/zzz/work/install/realsense2_camera/share/realsense2_camera/examples/pointcloud/rs_pointcloud_launch.py
[29.095s] -- Symlinking: /home/zzz/work/install/realsense2_camera/share/realsense2_camera/examples/pointcloud/rviz/pointcloud.rviz
[29.104s] -- Symlinking: /home/zzz/work/install/realsense2_camera/share/realsense2_camera/examples/pointcloud/rviz/urdf_pointcloud.rviz
[29.112s] -- Symlinking: /home/zzz/work/install/realsense2_camera/share/realsense2_camera/environment/library_path.sh
[29.121s] -- Symlinking: /home/zzz/work/install/realsense2_camera/share/realsense2_camera/environment/library_path.dsv
[29.129s] -- Symlinking: /home/zzz/work/install/realsense2_camera/share/ament_index/resource_index/package_run_dependencies/realsense2_camera
[29.140s] -- Symlinking: /home/zzz/work/install/realsense2_camera/share/ament_index/resource_index/parent_prefix_path/realsense2_camera
[29.149s] -- Symlinking: /home/zzz/work/install/realsense2_camera/share/realsense2_camera/environment/ament_prefix_path.sh
[29.157s] -- Symlinking: /home/zzz/work/install/realsense2_camera/share/realsense2_camera/environment/ament_prefix_path.dsv
[29.166s] -- Symlinking: /home/zzz/work/install/realsense2_camera/share/realsense2_camera/environment/path.sh
[29.175s] -- Symlinking: /home/zzz/work/install/realsense2_camera/share/realsense2_camera/environment/path.dsv
[29.184s] -- Symlinking: /home/zzz/work/install/realsense2_camera/share/realsense2_camera/local_setup.bash
[29.192s] -- Symlinking: /home/zzz/work/install/realsense2_camera/share/realsense2_camera/local_setup.sh
[29.200s] -- Symlinking: /home/zzz/work/install/realsense2_camera/share/realsense2_camera/local_setup.zsh
[29.208s] -- Symlinking: /home/zzz/work/install/realsense2_camera/share/realsense2_camera/local_setup.dsv
[29.218s] -- Symlinking: /home/zzz/work/install/realsense2_camera/share/realsense2_camera/package.dsv
[29.227s] -- Symlinking: /home/zzz/work/install/realsense2_camera/share/ament_index/resource_index/packages/realsense2_camera
[29.235s] -- Symlinking: /home/zzz/work/install/realsense2_camera/share/ament_index/resource_index/rclcpp_components/realsense2_camera
[29.244s] -- Symlinking: /home/zzz/work/install/realsense2_camera/share/realsense2_camera/cmake/ament_cmake_export_include_directories-extras.cmake
[29.254s] -- Symlinking: /home/zzz/work/install/realsense2_camera/share/realsense2_camera/cmake/ament_cmake_export_libraries-extras.cmake
[29.264s] -- Symlinking: /home/zzz/work/install/realsense2_camera/share/realsense2_camera/cmake/ament_cmake_export_dependencies-extras.cmake
[29.273s] -- Symlinking: /home/zzz/work/install/realsense2_camera/share/realsense2_camera/cmake/realsense2_cameraConfig.cmake
[29.283s] -- Symlinking: /home/zzz/work/install/realsense2_camera/share/realsense2_camera/cmake/realsense2_cameraConfig-version.cmake
[29.295s] -- Symlinking: /home/zzz/work/install/realsense2_camera/share/realsense2_camera/package.xml
[29.305s] Invoked command in '/home/zzz/work/build/realsense2_camera' returned '0': AMENT_PREFIX_PATH=/home/zzz/work/install/realsense2_camera_msgs:${AMENT_PREFIX_PATH} CMAKE_PREFIX_PATH=/home/zzz/work/install/realsense2_camera_msgs:/opt/ros/humble LD_LIBRARY_PATH=/home/zzz/work/install/realsense2_camera_msgs/lib:${LD_LIBRARY_PATH} PYTHONPATH=/home/zzz/work/install/realsense2_camera_msgs/local/lib/python3.10/dist-packages:${PYTHONPATH} /usr/bin/cmake --install /home/zzz/work/build/realsense2_camera
