[1.908s] Invoking command in '/home/zzz/work/src/yolo': PYTHONPATH=/home/zzz/work/build/yolo/prefix_override:/usr/lib/python3/dist-packages/colcon_core/task/python/colcon_distutils_commands:/home/zzz/work/install/yolo/lib/python3.10/site-packages:${PYTHONPATH} /usr/bin/python3 -W ignore:setup.py install is deprecated -W ignore:easy_install command is deprecated setup.py egg_info --egg-base ../../build/yolo build --build-base /home/zzz/work/build/yolo/build install --record /home/zzz/work/build/yolo/install.log --install-scripts $base/lib/yolo --single-version-externally-managed install_data
[2.202s] running egg_info
[2.210s] writing ../../build/yolo/yolo.egg-info/PKG-INFO
[2.211s] writing dependency_links to ../../build/yolo/yolo.egg-info/dependency_links.txt
[2.211s] writing entry points to ../../build/yolo/yolo.egg-info/entry_points.txt
[2.212s] writing requirements to ../../build/yolo/yolo.egg-info/requires.txt
[2.212s] writing top-level names to ../../build/yolo/yolo.egg-info/top_level.txt
[2.232s] reading manifest file '../../build/yolo/yolo.egg-info/SOURCES.txt'
[2.233s] writing manifest file '../../build/yolo/yolo.egg-info/SOURCES.txt'
[2.234s] running build
[2.234s] running build_py
[2.234s] copying yolo/__init__.py -> /home/zzz/work/build/yolo/build/lib/yolo
[2.234s] copying yolo/camera_node_apriltag.py -> /home/zzz/work/build/yolo/build/lib/yolo
[2.234s] copying yolo/camera_node_sub.py -> /home/zzz/work/build/yolo/build/lib/yolo
[2.234s] copying yolo/camera_node_yolo_apriltag.py -> /home/zzz/work/build/yolo/build/lib/yolo
[2.235s] copying yolo/camera_node_pub.py -> /home/zzz/work/build/yolo/build/lib/yolo
[2.235s] warning: build_py: byte-compiling is disabled, skipping.
[2.235s] 
[2.235s] running install
[2.237s] running install_lib
[2.250s] copying /home/zzz/work/build/yolo/build/lib/yolo/camera_node_sub.py -> /home/zzz/work/install/yolo/lib/python3.10/site-packages/yolo
[2.250s] warning: install_lib: byte-compiling is disabled, skipping.
[2.250s] 
[2.250s] running install_data
[2.250s] copying resource/yolo -> /home/zzz/work/install/yolo/share/ament_index/resource_index/packages
[2.250s] copying package.xml -> /home/zzz/work/install/yolo/share/yolo
[2.251s] running install_egg_info
[2.262s] removing '/home/zzz/work/install/yolo/lib/python3.10/site-packages/yolo-0.0.0-py3.10.egg-info' (and everything under it)
[2.262s] Copying ../../build/yolo/yolo.egg-info to /home/zzz/work/install/yolo/lib/python3.10/site-packages/yolo-0.0.0-py3.10.egg-info
[2.263s] running install_scripts
[2.287s] Installing apriltag script to /home/zzz/work/install/yolo/lib/yolo
[2.288s] Installing yolo_apriltag script to /home/zzz/work/install/yolo/lib/yolo
[2.288s] Installing yolo_pub script to /home/zzz/work/install/yolo/lib/yolo
[2.288s] Installing yolo_sub script to /home/zzz/work/install/yolo/lib/yolo
[2.288s] writing list of installed files to '/home/zzz/work/build/yolo/install.log'
[2.318s] Invoked command in '/home/zzz/work/src/yolo' returned '0': PYTHONPATH=/home/zzz/work/build/yolo/prefix_override:/usr/lib/python3/dist-packages/colcon_core/task/python/colcon_distutils_commands:/home/zzz/work/install/yolo/lib/python3.10/site-packages:${PYTHONPATH} /usr/bin/python3 -W ignore:setup.py install is deprecated -W ignore:easy_install command is deprecated setup.py egg_info --egg-base ../../build/yolo build --build-base /home/zzz/work/build/yolo/build install --record /home/zzz/work/build/yolo/install.log --install-scripts $base/lib/yolo --single-version-externally-managed install_data
