[0.025s] Invoking command in '/home/zzz/work/build/realsense2_camera_msgs': CMAKE_PREFIX_PATH=/opt/ros/humble /usr/bin/cmake --build /home/zzz/work/build/realsense2_camera_msgs -- -j12 -l12
[0.255s] [  1%] Built target realsense2_camera_msgs__rs
[0.256s] [ 13%] Built target realsense2_camera_msgs__rosidl_generator_c
[0.256s] [ 13%] Built target ament_cmake_python_symlink_realsense2_camera_msgs
[0.256s] [ 13%] Built target realsense2_camera_msgs__cpp
[0.256s] [ 27%] Built target realsense2_camera_msgs__rosidl_typesupport_introspection_c
[0.256s] [ 37%] Built target realsense2_camera_msgs__rosidl_typesupport_c
[0.256s] [ 49%] Built target realsense2_camera_msgs__rosidl_typesupport_fastrtps_c
[0.256s] [ 61%] Built target realsense2_camera_msgs__rosidl_typesupport_cpp
[0.257s] [ 73%] Built target realsense2_camera_msgs__rosidl_typesupport_fastrtps_cpp
[0.257s] [ 85%] Built target realsense2_camera_msgs__rosidl_typesupport_introspection_cpp
[0.257s] [ 85%] Built target realsense2_camera_msgs
[0.257s] [ 86%] Built target realsense2_camera_msgs__py
[0.257s] [ 97%] Built target realsense2_camera_msgs__rosidl_generator_py
[0.259s] [100%] Built target realsense2_camera_msgs__rosidl_typesupport_fastrtps_c__pyext
[0.259s] [100%] Built target realsense2_camera_msgs__rosidl_typesupport_introspection_c__pyext
[0.259s] [100%] Built target realsense2_camera_msgs__rosidl_typesupport_c__pyext
[0.278s] running egg_info
[0.279s] writing realsense2_camera_msgs.egg-info/PKG-INFO
[0.279s] writing dependency_links to realsense2_camera_msgs.egg-info/dependency_links.txt
[0.279s] writing top-level names to realsense2_camera_msgs.egg-info/top_level.txt
[0.282s] reading manifest file 'realsense2_camera_msgs.egg-info/SOURCES.txt'
[0.283s] writing manifest file 'realsense2_camera_msgs.egg-info/SOURCES.txt'
[0.310s] [100%] Built target ament_cmake_python_build_realsense2_camera_msgs_egg
[0.437s] Invoked command in '/home/zzz/work/build/realsense2_camera_msgs' returned '0': CMAKE_PREFIX_PATH=/opt/ros/humble /usr/bin/cmake --build /home/zzz/work/build/realsense2_camera_msgs -- -j12 -l12
[0.447s] Invoking command in '/home/zzz/work/build/realsense2_camera_msgs': CMAKE_PREFIX_PATH=/opt/ros/humble /usr/bin/cmake --install /home/zzz/work/build/realsense2_camera_msgs
[0.457s] -- Install configuration: "Release"
[0.457s] -- Execute custom install script
[0.458s] -- Up-to-date symlink: /home/zzz/work/install/realsense2_camera_msgs/share/ament_index/resource_index/rosidl_interfaces/realsense2_camera_msgs
[0.459s] -- Up-to-date symlink: /home/zzz/work/install/realsense2_camera_msgs/include/realsense2_camera_msgs/realsense2_camera_msgs/action/detail/triggered_calibration__functions.h
[0.459s] -- Up-to-date symlink: /home/zzz/work/install/realsense2_camera_msgs/include/realsense2_camera_msgs/realsense2_camera_msgs/action/detail/triggered_calibration__struct.h
[0.459s] -- Up-to-date symlink: /home/zzz/work/install/realsense2_camera_msgs/include/realsense2_camera_msgs/realsense2_camera_msgs/action/detail/triggered_calibration__type_support.h
[0.460s] -- Up-to-date symlink: /home/zzz/work/install/realsense2_camera_msgs/include/realsense2_camera_msgs/realsense2_camera_msgs/action/triggered_calibration.h
[0.460s] -- Up-to-date symlink: /home/zzz/work/install/realsense2_camera_msgs/include/realsense2_camera_msgs/realsense2_camera_msgs/msg/detail/extrinsics__functions.h
[0.460s] -- Up-to-date symlink: /home/zzz/work/install/realsense2_camera_msgs/include/realsense2_camera_msgs/realsense2_camera_msgs/msg/detail/extrinsics__struct.h
[0.460s] -- Up-to-date symlink: /home/zzz/work/install/realsense2_camera_msgs/include/realsense2_camera_msgs/realsense2_camera_msgs/msg/detail/extrinsics__type_support.h
[0.460s] -- Up-to-date symlink: /home/zzz/work/install/realsense2_camera_msgs/include/realsense2_camera_msgs/realsense2_camera_msgs/msg/detail/imu_info__functions.h
[0.460s] -- Up-to-date symlink: /home/zzz/work/install/realsense2_camera_msgs/include/realsense2_camera_msgs/realsense2_camera_msgs/msg/detail/imu_info__struct.h
[0.460s] -- Up-to-date symlink: /home/zzz/work/install/realsense2_camera_msgs/include/realsense2_camera_msgs/realsense2_camera_msgs/msg/detail/imu_info__type_support.h
[0.461s] -- Up-to-date symlink: /home/zzz/work/install/realsense2_camera_msgs/include/realsense2_camera_msgs/realsense2_camera_msgs/msg/detail/metadata__functions.h
[0.461s] -- Up-to-date symlink: /home/zzz/work/install/realsense2_camera_msgs/include/realsense2_camera_msgs/realsense2_camera_msgs/msg/detail/metadata__struct.h
[0.461s] -- Up-to-date symlink: /home/zzz/work/install/realsense2_camera_msgs/include/realsense2_camera_msgs/realsense2_camera_msgs/msg/detail/metadata__type_support.h
[0.461s] -- Up-to-date symlink: /home/zzz/work/install/realsense2_camera_msgs/include/realsense2_camera_msgs/realsense2_camera_msgs/msg/detail/rgbd__functions.h
[0.461s] -- Up-to-date symlink: /home/zzz/work/install/realsense2_camera_msgs/include/realsense2_camera_msgs/realsense2_camera_msgs/msg/detail/rgbd__struct.h
[0.461s] -- Up-to-date symlink: /home/zzz/work/install/realsense2_camera_msgs/include/realsense2_camera_msgs/realsense2_camera_msgs/msg/detail/rgbd__type_support.h
[0.462s] -- Up-to-date symlink: /home/zzz/work/install/realsense2_camera_msgs/include/realsense2_camera_msgs/realsense2_camera_msgs/msg/extrinsics.h
[0.462s] -- Up-to-date symlink: /home/zzz/work/install/realsense2_camera_msgs/include/realsense2_camera_msgs/realsense2_camera_msgs/msg/imu_info.h
[0.462s] -- Up-to-date symlink: /home/zzz/work/install/realsense2_camera_msgs/include/realsense2_camera_msgs/realsense2_camera_msgs/msg/metadata.h
[0.462s] -- Up-to-date symlink: /home/zzz/work/install/realsense2_camera_msgs/include/realsense2_camera_msgs/realsense2_camera_msgs/msg/rgbd.h
[0.462s] -- Up-to-date symlink: /home/zzz/work/install/realsense2_camera_msgs/include/realsense2_camera_msgs/realsense2_camera_msgs/msg/rosidl_generator_c__visibility_control.h
[0.462s] -- Up-to-date symlink: /home/zzz/work/install/realsense2_camera_msgs/include/realsense2_camera_msgs/realsense2_camera_msgs/srv/application_config_read.h
[0.463s] -- Up-to-date symlink: /home/zzz/work/install/realsense2_camera_msgs/include/realsense2_camera_msgs/realsense2_camera_msgs/srv/application_config_write.h
[0.463s] -- Up-to-date symlink: /home/zzz/work/install/realsense2_camera_msgs/include/realsense2_camera_msgs/realsense2_camera_msgs/srv/calib_config_read.h
[0.463s] -- Up-to-date symlink: /home/zzz/work/install/realsense2_camera_msgs/include/realsense2_camera_msgs/realsense2_camera_msgs/srv/calib_config_write.h
[0.463s] -- Up-to-date symlink: /home/zzz/work/install/realsense2_camera_msgs/include/realsense2_camera_msgs/realsense2_camera_msgs/srv/detail/application_config_read__functions.h
[0.463s] -- Up-to-date symlink: /home/zzz/work/install/realsense2_camera_msgs/include/realsense2_camera_msgs/realsense2_camera_msgs/srv/detail/application_config_read__struct.h
[0.463s] -- Up-to-date symlink: /home/zzz/work/install/realsense2_camera_msgs/include/realsense2_camera_msgs/realsense2_camera_msgs/srv/detail/application_config_read__type_support.h
[0.463s] -- Up-to-date symlink: /home/zzz/work/install/realsense2_camera_msgs/include/realsense2_camera_msgs/realsense2_camera_msgs/srv/detail/application_config_write__functions.h
[0.464s] -- Up-to-date symlink: /home/zzz/work/install/realsense2_camera_msgs/include/realsense2_camera_msgs/realsense2_camera_msgs/srv/detail/application_config_write__struct.h
[0.464s] -- Up-to-date symlink: /home/zzz/work/install/realsense2_camera_msgs/include/realsense2_camera_msgs/realsense2_camera_msgs/srv/detail/application_config_write__type_support.h
[0.464s] -- Up-to-date symlink: /home/zzz/work/install/realsense2_camera_msgs/include/realsense2_camera_msgs/realsense2_camera_msgs/srv/detail/calib_config_read__functions.h
[0.464s] -- Up-to-date symlink: /home/zzz/work/install/realsense2_camera_msgs/include/realsense2_camera_msgs/realsense2_camera_msgs/srv/detail/calib_config_read__struct.h
[0.464s] -- Up-to-date symlink: /home/zzz/work/install/realsense2_camera_msgs/include/realsense2_camera_msgs/realsense2_camera_msgs/srv/detail/calib_config_read__type_support.h
[0.464s] -- Up-to-date symlink: /home/zzz/work/install/realsense2_camera_msgs/include/realsense2_camera_msgs/realsense2_camera_msgs/srv/detail/calib_config_write__functions.h
[0.464s] -- Up-to-date symlink: /home/zzz/work/install/realsense2_camera_msgs/include/realsense2_camera_msgs/realsense2_camera_msgs/srv/detail/calib_config_write__struct.h
[0.465s] -- Up-to-date symlink: /home/zzz/work/install/realsense2_camera_msgs/include/realsense2_camera_msgs/realsense2_camera_msgs/srv/detail/calib_config_write__type_support.h
[0.465s] -- Up-to-date symlink: /home/zzz/work/install/realsense2_camera_msgs/include/realsense2_camera_msgs/realsense2_camera_msgs/srv/detail/device_info__functions.h
[0.465s] -- Up-to-date symlink: /home/zzz/work/install/realsense2_camera_msgs/include/realsense2_camera_msgs/realsense2_camera_msgs/srv/detail/device_info__struct.h
[0.465s] -- Up-to-date symlink: /home/zzz/work/install/realsense2_camera_msgs/include/realsense2_camera_msgs/realsense2_camera_msgs/srv/detail/device_info__type_support.h
[0.465s] -- Up-to-date symlink: /home/zzz/work/install/realsense2_camera_msgs/include/realsense2_camera_msgs/realsense2_camera_msgs/srv/detail/hardware_monitor_command_send__functions.h
[0.465s] -- Up-to-date symlink: /home/zzz/work/install/realsense2_camera_msgs/include/realsense2_camera_msgs/realsense2_camera_msgs/srv/detail/hardware_monitor_command_send__struct.h
[0.466s] -- Up-to-date symlink: /home/zzz/work/install/realsense2_camera_msgs/include/realsense2_camera_msgs/realsense2_camera_msgs/srv/detail/hardware_monitor_command_send__type_support.h
[0.466s] -- Up-to-date symlink: /home/zzz/work/install/realsense2_camera_msgs/include/realsense2_camera_msgs/realsense2_camera_msgs/srv/detail/safety_interface_config_read__functions.h
[0.466s] -- Up-to-date symlink: /home/zzz/work/install/realsense2_camera_msgs/include/realsense2_camera_msgs/realsense2_camera_msgs/srv/detail/safety_interface_config_read__struct.h
[0.466s] -- Up-to-date symlink: /home/zzz/work/install/realsense2_camera_msgs/include/realsense2_camera_msgs/realsense2_camera_msgs/srv/detail/safety_interface_config_read__type_support.h
[0.466s] -- Up-to-date symlink: /home/zzz/work/install/realsense2_camera_msgs/include/realsense2_camera_msgs/realsense2_camera_msgs/srv/detail/safety_interface_config_write__functions.h
[0.466s] -- Up-to-date symlink: /home/zzz/work/install/realsense2_camera_msgs/include/realsense2_camera_msgs/realsense2_camera_msgs/srv/detail/safety_interface_config_write__struct.h
[0.466s] -- Up-to-date symlink: /home/zzz/work/install/realsense2_camera_msgs/include/realsense2_camera_msgs/realsense2_camera_msgs/srv/detail/safety_interface_config_write__type_support.h
[0.467s] -- Up-to-date symlink: /home/zzz/work/install/realsense2_camera_msgs/include/realsense2_camera_msgs/realsense2_camera_msgs/srv/detail/safety_preset_read__functions.h
[0.467s] -- Up-to-date symlink: /home/zzz/work/install/realsense2_camera_msgs/include/realsense2_camera_msgs/realsense2_camera_msgs/srv/detail/safety_preset_read__struct.h
[0.467s] -- Up-to-date symlink: /home/zzz/work/install/realsense2_camera_msgs/include/realsense2_camera_msgs/realsense2_camera_msgs/srv/detail/safety_preset_read__type_support.h
[0.467s] -- Up-to-date symlink: /home/zzz/work/install/realsense2_camera_msgs/include/realsense2_camera_msgs/realsense2_camera_msgs/srv/detail/safety_preset_write__functions.h
[0.467s] -- Up-to-date symlink: /home/zzz/work/install/realsense2_camera_msgs/include/realsense2_camera_msgs/realsense2_camera_msgs/srv/detail/safety_preset_write__struct.h
[0.467s] -- Up-to-date symlink: /home/zzz/work/install/realsense2_camera_msgs/include/realsense2_camera_msgs/realsense2_camera_msgs/srv/detail/safety_preset_write__type_support.h
[0.467s] -- Up-to-date symlink: /home/zzz/work/install/realsense2_camera_msgs/include/realsense2_camera_msgs/realsense2_camera_msgs/srv/device_info.h
[0.468s] -- Up-to-date symlink: /home/zzz/work/install/realsense2_camera_msgs/include/realsense2_camera_msgs/realsense2_camera_msgs/srv/hardware_monitor_command_send.h
[0.468s] -- Up-to-date symlink: /home/zzz/work/install/realsense2_camera_msgs/include/realsense2_camera_msgs/realsense2_camera_msgs/srv/safety_interface_config_read.h
[0.468s] -- Up-to-date symlink: /home/zzz/work/install/realsense2_camera_msgs/include/realsense2_camera_msgs/realsense2_camera_msgs/srv/safety_interface_config_write.h
[0.468s] -- Up-to-date symlink: /home/zzz/work/install/realsense2_camera_msgs/include/realsense2_camera_msgs/realsense2_camera_msgs/srv/safety_preset_read.h
[0.468s] -- Up-to-date symlink: /home/zzz/work/install/realsense2_camera_msgs/include/realsense2_camera_msgs/realsense2_camera_msgs/srv/safety_preset_write.h
[0.468s] -- Up-to-date symlink: /home/zzz/work/install/realsense2_camera_msgs/share/realsense2_camera_msgs/environment/library_path.sh
[0.469s] -- Up-to-date symlink: /home/zzz/work/install/realsense2_camera_msgs/share/realsense2_camera_msgs/environment/library_path.dsv
[0.470s] -- Up-to-date symlink: /home/zzz/work/install/realsense2_camera_msgs/include/realsense2_camera_msgs/realsense2_camera_msgs/action/detail/triggered_calibration__rosidl_typesupport_fastrtps_c.h
[0.470s] -- Up-to-date symlink: /home/zzz/work/install/realsense2_camera_msgs/include/realsense2_camera_msgs/realsense2_camera_msgs/msg/detail/extrinsics__rosidl_typesupport_fastrtps_c.h
[0.470s] -- Up-to-date symlink: /home/zzz/work/install/realsense2_camera_msgs/include/realsense2_camera_msgs/realsense2_camera_msgs/msg/detail/imu_info__rosidl_typesupport_fastrtps_c.h
[0.470s] -- Up-to-date symlink: /home/zzz/work/install/realsense2_camera_msgs/include/realsense2_camera_msgs/realsense2_camera_msgs/msg/detail/metadata__rosidl_typesupport_fastrtps_c.h
[0.471s] -- Up-to-date symlink: /home/zzz/work/install/realsense2_camera_msgs/include/realsense2_camera_msgs/realsense2_camera_msgs/msg/detail/rgbd__rosidl_typesupport_fastrtps_c.h
[0.471s] -- Up-to-date symlink: /home/zzz/work/install/realsense2_camera_msgs/include/realsense2_camera_msgs/realsense2_camera_msgs/msg/rosidl_typesupport_fastrtps_c__visibility_control.h
[0.471s] -- Up-to-date symlink: /home/zzz/work/install/realsense2_camera_msgs/include/realsense2_camera_msgs/realsense2_camera_msgs/srv/detail/application_config_read__rosidl_typesupport_fastrtps_c.h
[0.471s] -- Up-to-date symlink: /home/zzz/work/install/realsense2_camera_msgs/include/realsense2_camera_msgs/realsense2_camera_msgs/srv/detail/application_config_write__rosidl_typesupport_fastrtps_c.h
[0.471s] -- Up-to-date symlink: /home/zzz/work/install/realsense2_camera_msgs/include/realsense2_camera_msgs/realsense2_camera_msgs/srv/detail/calib_config_read__rosidl_typesupport_fastrtps_c.h
[0.471s] -- Up-to-date symlink: /home/zzz/work/install/realsense2_camera_msgs/include/realsense2_camera_msgs/realsense2_camera_msgs/srv/detail/calib_config_write__rosidl_typesupport_fastrtps_c.h
[0.471s] -- Up-to-date symlink: /home/zzz/work/install/realsense2_camera_msgs/include/realsense2_camera_msgs/realsense2_camera_msgs/srv/detail/device_info__rosidl_typesupport_fastrtps_c.h
[0.472s] -- Up-to-date symlink: /home/zzz/work/install/realsense2_camera_msgs/include/realsense2_camera_msgs/realsense2_camera_msgs/srv/detail/hardware_monitor_command_send__rosidl_typesupport_fastrtps_c.h
[0.472s] -- Up-to-date symlink: /home/zzz/work/install/realsense2_camera_msgs/include/realsense2_camera_msgs/realsense2_camera_msgs/srv/detail/safety_interface_config_read__rosidl_typesupport_fastrtps_c.h
[0.472s] -- Up-to-date symlink: /home/zzz/work/install/realsense2_camera_msgs/include/realsense2_camera_msgs/realsense2_camera_msgs/srv/detail/safety_interface_config_write__rosidl_typesupport_fastrtps_c.h
[0.472s] -- Up-to-date symlink: /home/zzz/work/install/realsense2_camera_msgs/include/realsense2_camera_msgs/realsense2_camera_msgs/srv/detail/safety_preset_read__rosidl_typesupport_fastrtps_c.h
[0.472s] -- Up-to-date symlink: /home/zzz/work/install/realsense2_camera_msgs/include/realsense2_camera_msgs/realsense2_camera_msgs/srv/detail/safety_preset_write__rosidl_typesupport_fastrtps_c.h
[0.473s] -- Up-to-date symlink: /home/zzz/work/install/realsense2_camera_msgs/include/realsense2_camera_msgs/realsense2_camera_msgs/action/detail/triggered_calibration__rosidl_typesupport_introspection_c.h
[0.473s] -- Up-to-date symlink: /home/zzz/work/install/realsense2_camera_msgs/include/realsense2_camera_msgs/realsense2_camera_msgs/msg/detail/extrinsics__rosidl_typesupport_introspection_c.h
[0.473s] -- Up-to-date symlink: /home/zzz/work/install/realsense2_camera_msgs/include/realsense2_camera_msgs/realsense2_camera_msgs/msg/detail/imu_info__rosidl_typesupport_introspection_c.h
[0.473s] -- Up-to-date symlink: /home/zzz/work/install/realsense2_camera_msgs/include/realsense2_camera_msgs/realsense2_camera_msgs/msg/detail/metadata__rosidl_typesupport_introspection_c.h
[0.473s] -- Up-to-date symlink: /home/zzz/work/install/realsense2_camera_msgs/include/realsense2_camera_msgs/realsense2_camera_msgs/msg/detail/rgbd__rosidl_typesupport_introspection_c.h
[0.473s] -- Up-to-date symlink: /home/zzz/work/install/realsense2_camera_msgs/include/realsense2_camera_msgs/realsense2_camera_msgs/msg/rosidl_typesupport_introspection_c__visibility_control.h
[0.474s] -- Up-to-date symlink: /home/zzz/work/install/realsense2_camera_msgs/include/realsense2_camera_msgs/realsense2_camera_msgs/srv/detail/application_config_read__rosidl_typesupport_introspection_c.h
[0.474s] -- Up-to-date symlink: /home/zzz/work/install/realsense2_camera_msgs/include/realsense2_camera_msgs/realsense2_camera_msgs/srv/detail/application_config_write__rosidl_typesupport_introspection_c.h
[0.474s] -- Up-to-date symlink: /home/zzz/work/install/realsense2_camera_msgs/include/realsense2_camera_msgs/realsense2_camera_msgs/srv/detail/calib_config_read__rosidl_typesupport_introspection_c.h
[0.474s] -- Up-to-date symlink: /home/zzz/work/install/realsense2_camera_msgs/include/realsense2_camera_msgs/realsense2_camera_msgs/srv/detail/calib_config_write__rosidl_typesupport_introspection_c.h
[0.474s] -- Up-to-date symlink: /home/zzz/work/install/realsense2_camera_msgs/include/realsense2_camera_msgs/realsense2_camera_msgs/srv/detail/device_info__rosidl_typesupport_introspection_c.h
[0.474s] -- Up-to-date symlink: /home/zzz/work/install/realsense2_camera_msgs/include/realsense2_camera_msgs/realsense2_camera_msgs/srv/detail/hardware_monitor_command_send__rosidl_typesupport_introspection_c.h
[0.474s] -- Up-to-date symlink: /home/zzz/work/install/realsense2_camera_msgs/include/realsense2_camera_msgs/realsense2_camera_msgs/srv/detail/safety_interface_config_read__rosidl_typesupport_introspection_c.h
[0.475s] -- Up-to-date symlink: /home/zzz/work/install/realsense2_camera_msgs/include/realsense2_camera_msgs/realsense2_camera_msgs/srv/detail/safety_interface_config_write__rosidl_typesupport_introspection_c.h
[0.475s] -- Up-to-date symlink: /home/zzz/work/install/realsense2_camera_msgs/include/realsense2_camera_msgs/realsense2_camera_msgs/srv/detail/safety_preset_read__rosidl_typesupport_introspection_c.h
[0.475s] -- Up-to-date symlink: /home/zzz/work/install/realsense2_camera_msgs/include/realsense2_camera_msgs/realsense2_camera_msgs/srv/detail/safety_preset_write__rosidl_typesupport_introspection_c.h
[0.476s] -- Up-to-date symlink: /home/zzz/work/install/realsense2_camera_msgs/include/realsense2_camera_msgs/realsense2_camera_msgs/action/detail/triggered_calibration__builder.hpp
[0.476s] -- Up-to-date symlink: /home/zzz/work/install/realsense2_camera_msgs/include/realsense2_camera_msgs/realsense2_camera_msgs/action/detail/triggered_calibration__struct.hpp
[0.476s] -- Up-to-date symlink: /home/zzz/work/install/realsense2_camera_msgs/include/realsense2_camera_msgs/realsense2_camera_msgs/action/detail/triggered_calibration__traits.hpp
[0.477s] -- Up-to-date symlink: /home/zzz/work/install/realsense2_camera_msgs/include/realsense2_camera_msgs/realsense2_camera_msgs/action/detail/triggered_calibration__type_support.hpp
[0.477s] -- Up-to-date symlink: /home/zzz/work/install/realsense2_camera_msgs/include/realsense2_camera_msgs/realsense2_camera_msgs/action/triggered_calibration.hpp
[0.477s] -- Up-to-date symlink: /home/zzz/work/install/realsense2_camera_msgs/include/realsense2_camera_msgs/realsense2_camera_msgs/msg/detail/extrinsics__builder.hpp
[0.477s] -- Up-to-date symlink: /home/zzz/work/install/realsense2_camera_msgs/include/realsense2_camera_msgs/realsense2_camera_msgs/msg/detail/extrinsics__struct.hpp
[0.477s] -- Up-to-date symlink: /home/zzz/work/install/realsense2_camera_msgs/include/realsense2_camera_msgs/realsense2_camera_msgs/msg/detail/extrinsics__traits.hpp
[0.477s] -- Up-to-date symlink: /home/zzz/work/install/realsense2_camera_msgs/include/realsense2_camera_msgs/realsense2_camera_msgs/msg/detail/extrinsics__type_support.hpp
[0.478s] -- Up-to-date symlink: /home/zzz/work/install/realsense2_camera_msgs/include/realsense2_camera_msgs/realsense2_camera_msgs/msg/detail/imu_info__builder.hpp
[0.478s] -- Up-to-date symlink: /home/zzz/work/install/realsense2_camera_msgs/include/realsense2_camera_msgs/realsense2_camera_msgs/msg/detail/imu_info__struct.hpp
[0.478s] -- Up-to-date symlink: /home/zzz/work/install/realsense2_camera_msgs/include/realsense2_camera_msgs/realsense2_camera_msgs/msg/detail/imu_info__traits.hpp
[0.478s] -- Up-to-date symlink: /home/zzz/work/install/realsense2_camera_msgs/include/realsense2_camera_msgs/realsense2_camera_msgs/msg/detail/imu_info__type_support.hpp
[0.478s] -- Up-to-date symlink: /home/zzz/work/install/realsense2_camera_msgs/include/realsense2_camera_msgs/realsense2_camera_msgs/msg/detail/metadata__builder.hpp
[0.478s] -- Up-to-date symlink: /home/zzz/work/install/realsense2_camera_msgs/include/realsense2_camera_msgs/realsense2_camera_msgs/msg/detail/metadata__struct.hpp
[0.478s] -- Up-to-date symlink: /home/zzz/work/install/realsense2_camera_msgs/include/realsense2_camera_msgs/realsense2_camera_msgs/msg/detail/metadata__traits.hpp
[0.479s] -- Up-to-date symlink: /home/zzz/work/install/realsense2_camera_msgs/include/realsense2_camera_msgs/realsense2_camera_msgs/msg/detail/metadata__type_support.hpp
[0.479s] -- Up-to-date symlink: /home/zzz/work/install/realsense2_camera_msgs/include/realsense2_camera_msgs/realsense2_camera_msgs/msg/detail/rgbd__builder.hpp
[0.479s] -- Up-to-date symlink: /home/zzz/work/install/realsense2_camera_msgs/include/realsense2_camera_msgs/realsense2_camera_msgs/msg/detail/rgbd__struct.hpp
[0.479s] -- Up-to-date symlink: /home/zzz/work/install/realsense2_camera_msgs/include/realsense2_camera_msgs/realsense2_camera_msgs/msg/detail/rgbd__traits.hpp
[0.479s] -- Up-to-date symlink: /home/zzz/work/install/realsense2_camera_msgs/include/realsense2_camera_msgs/realsense2_camera_msgs/msg/detail/rgbd__type_support.hpp
[0.479s] -- Up-to-date symlink: /home/zzz/work/install/realsense2_camera_msgs/include/realsense2_camera_msgs/realsense2_camera_msgs/msg/extrinsics.hpp
[0.480s] -- Up-to-date symlink: /home/zzz/work/install/realsense2_camera_msgs/include/realsense2_camera_msgs/realsense2_camera_msgs/msg/imu_info.hpp
[0.480s] -- Up-to-date symlink: /home/zzz/work/install/realsense2_camera_msgs/include/realsense2_camera_msgs/realsense2_camera_msgs/msg/metadata.hpp
[0.480s] -- Up-to-date symlink: /home/zzz/work/install/realsense2_camera_msgs/include/realsense2_camera_msgs/realsense2_camera_msgs/msg/rgbd.hpp
[0.480s] -- Up-to-date symlink: /home/zzz/work/install/realsense2_camera_msgs/include/realsense2_camera_msgs/realsense2_camera_msgs/msg/rosidl_generator_cpp__visibility_control.hpp
[0.480s] -- Up-to-date symlink: /home/zzz/work/install/realsense2_camera_msgs/include/realsense2_camera_msgs/realsense2_camera_msgs/srv/application_config_read.hpp
[0.480s] -- Up-to-date symlink: /home/zzz/work/install/realsense2_camera_msgs/include/realsense2_camera_msgs/realsense2_camera_msgs/srv/application_config_write.hpp
[0.480s] -- Up-to-date symlink: /home/zzz/work/install/realsense2_camera_msgs/include/realsense2_camera_msgs/realsense2_camera_msgs/srv/calib_config_read.hpp
[0.481s] -- Up-to-date symlink: /home/zzz/work/install/realsense2_camera_msgs/include/realsense2_camera_msgs/realsense2_camera_msgs/srv/calib_config_write.hpp
[0.481s] -- Up-to-date symlink: /home/zzz/work/install/realsense2_camera_msgs/include/realsense2_camera_msgs/realsense2_camera_msgs/srv/detail/application_config_read__builder.hpp
[0.481s] -- Up-to-date symlink: /home/zzz/work/install/realsense2_camera_msgs/include/realsense2_camera_msgs/realsense2_camera_msgs/srv/detail/application_config_read__struct.hpp
[0.481s] -- Up-to-date symlink: /home/zzz/work/install/realsense2_camera_msgs/include/realsense2_camera_msgs/realsense2_camera_msgs/srv/detail/application_config_read__traits.hpp
[0.481s] -- Up-to-date symlink: /home/zzz/work/install/realsense2_camera_msgs/include/realsense2_camera_msgs/realsense2_camera_msgs/srv/detail/application_config_read__type_support.hpp
[0.481s] -- Up-to-date symlink: /home/zzz/work/install/realsense2_camera_msgs/include/realsense2_camera_msgs/realsense2_camera_msgs/srv/detail/application_config_write__builder.hpp
[0.481s] -- Up-to-date symlink: /home/zzz/work/install/realsense2_camera_msgs/include/realsense2_camera_msgs/realsense2_camera_msgs/srv/detail/application_config_write__struct.hpp
[0.482s] -- Up-to-date symlink: /home/zzz/work/install/realsense2_camera_msgs/include/realsense2_camera_msgs/realsense2_camera_msgs/srv/detail/application_config_write__traits.hpp
[0.482s] -- Up-to-date symlink: /home/zzz/work/install/realsense2_camera_msgs/include/realsense2_camera_msgs/realsense2_camera_msgs/srv/detail/application_config_write__type_support.hpp
[0.482s] -- Up-to-date symlink: /home/zzz/work/install/realsense2_camera_msgs/include/realsense2_camera_msgs/realsense2_camera_msgs/srv/detail/calib_config_read__builder.hpp
[0.482s] -- Up-to-date symlink: /home/zzz/work/install/realsense2_camera_msgs/include/realsense2_camera_msgs/realsense2_camera_msgs/srv/detail/calib_config_read__struct.hpp
[0.482s] -- Up-to-date symlink: /home/zzz/work/install/realsense2_camera_msgs/include/realsense2_camera_msgs/realsense2_camera_msgs/srv/detail/calib_config_read__traits.hpp
[0.482s] -- Up-to-date symlink: /home/zzz/work/install/realsense2_camera_msgs/include/realsense2_camera_msgs/realsense2_camera_msgs/srv/detail/calib_config_read__type_support.hpp
[0.483s] -- Up-to-date symlink: /home/zzz/work/install/realsense2_camera_msgs/include/realsense2_camera_msgs/realsense2_camera_msgs/srv/detail/calib_config_write__builder.hpp
[0.483s] -- Up-to-date symlink: /home/zzz/work/install/realsense2_camera_msgs/include/realsense2_camera_msgs/realsense2_camera_msgs/srv/detail/calib_config_write__struct.hpp
[0.483s] -- Up-to-date symlink: /home/zzz/work/install/realsense2_camera_msgs/include/realsense2_camera_msgs/realsense2_camera_msgs/srv/detail/calib_config_write__traits.hpp
[0.483s] -- Up-to-date symlink: /home/zzz/work/install/realsense2_camera_msgs/include/realsense2_camera_msgs/realsense2_camera_msgs/srv/detail/calib_config_write__type_support.hpp
[0.483s] -- Up-to-date symlink: /home/zzz/work/install/realsense2_camera_msgs/include/realsense2_camera_msgs/realsense2_camera_msgs/srv/detail/device_info__builder.hpp
[0.483s] -- Up-to-date symlink: /home/zzz/work/install/realsense2_camera_msgs/include/realsense2_camera_msgs/realsense2_camera_msgs/srv/detail/device_info__struct.hpp
[0.483s] -- Up-to-date symlink: /home/zzz/work/install/realsense2_camera_msgs/include/realsense2_camera_msgs/realsense2_camera_msgs/srv/detail/device_info__traits.hpp
[0.484s] -- Up-to-date symlink: /home/zzz/work/install/realsense2_camera_msgs/include/realsense2_camera_msgs/realsense2_camera_msgs/srv/detail/device_info__type_support.hpp
[0.484s] -- Up-to-date symlink: /home/zzz/work/install/realsense2_camera_msgs/include/realsense2_camera_msgs/realsense2_camera_msgs/srv/detail/hardware_monitor_command_send__builder.hpp
[0.484s] -- Up-to-date symlink: /home/zzz/work/install/realsense2_camera_msgs/include/realsense2_camera_msgs/realsense2_camera_msgs/srv/detail/hardware_monitor_command_send__struct.hpp
[0.484s] -- Up-to-date symlink: /home/zzz/work/install/realsense2_camera_msgs/include/realsense2_camera_msgs/realsense2_camera_msgs/srv/detail/hardware_monitor_command_send__traits.hpp
[0.484s] -- Up-to-date symlink: /home/zzz/work/install/realsense2_camera_msgs/include/realsense2_camera_msgs/realsense2_camera_msgs/srv/detail/hardware_monitor_command_send__type_support.hpp
[0.484s] -- Up-to-date symlink: /home/zzz/work/install/realsense2_camera_msgs/include/realsense2_camera_msgs/realsense2_camera_msgs/srv/detail/safety_interface_config_read__builder.hpp
[0.484s] -- Up-to-date symlink: /home/zzz/work/install/realsense2_camera_msgs/include/realsense2_camera_msgs/realsense2_camera_msgs/srv/detail/safety_interface_config_read__struct.hpp
[0.485s] -- Up-to-date symlink: /home/zzz/work/install/realsense2_camera_msgs/include/realsense2_camera_msgs/realsense2_camera_msgs/srv/detail/safety_interface_config_read__traits.hpp
[0.485s] -- Up-to-date symlink: /home/zzz/work/install/realsense2_camera_msgs/include/realsense2_camera_msgs/realsense2_camera_msgs/srv/detail/safety_interface_config_read__type_support.hpp
[0.485s] -- Up-to-date symlink: /home/zzz/work/install/realsense2_camera_msgs/include/realsense2_camera_msgs/realsense2_camera_msgs/srv/detail/safety_interface_config_write__builder.hpp
[0.485s] -- Up-to-date symlink: /home/zzz/work/install/realsense2_camera_msgs/include/realsense2_camera_msgs/realsense2_camera_msgs/srv/detail/safety_interface_config_write__struct.hpp
[0.485s] -- Up-to-date symlink: /home/zzz/work/install/realsense2_camera_msgs/include/realsense2_camera_msgs/realsense2_camera_msgs/srv/detail/safety_interface_config_write__traits.hpp
[0.485s] -- Up-to-date symlink: /home/zzz/work/install/realsense2_camera_msgs/include/realsense2_camera_msgs/realsense2_camera_msgs/srv/detail/safety_interface_config_write__type_support.hpp
[0.486s] -- Up-to-date symlink: /home/zzz/work/install/realsense2_camera_msgs/include/realsense2_camera_msgs/realsense2_camera_msgs/srv/detail/safety_preset_read__builder.hpp
[0.486s] -- Up-to-date symlink: /home/zzz/work/install/realsense2_camera_msgs/include/realsense2_camera_msgs/realsense2_camera_msgs/srv/detail/safety_preset_read__struct.hpp
[0.486s] -- Up-to-date symlink: /home/zzz/work/install/realsense2_camera_msgs/include/realsense2_camera_msgs/realsense2_camera_msgs/srv/detail/safety_preset_read__traits.hpp
[0.486s] -- Up-to-date symlink: /home/zzz/work/install/realsense2_camera_msgs/include/realsense2_camera_msgs/realsense2_camera_msgs/srv/detail/safety_preset_read__type_support.hpp
[0.486s] -- Up-to-date symlink: /home/zzz/work/install/realsense2_camera_msgs/include/realsense2_camera_msgs/realsense2_camera_msgs/srv/detail/safety_preset_write__builder.hpp
[0.486s] -- Up-to-date symlink: /home/zzz/work/install/realsense2_camera_msgs/include/realsense2_camera_msgs/realsense2_camera_msgs/srv/detail/safety_preset_write__struct.hpp
[0.486s] -- Up-to-date symlink: /home/zzz/work/install/realsense2_camera_msgs/include/realsense2_camera_msgs/realsense2_camera_msgs/srv/detail/safety_preset_write__traits.hpp
[0.487s] -- Up-to-date symlink: /home/zzz/work/install/realsense2_camera_msgs/include/realsense2_camera_msgs/realsense2_camera_msgs/srv/detail/safety_preset_write__type_support.hpp
[0.487s] -- Up-to-date symlink: /home/zzz/work/install/realsense2_camera_msgs/include/realsense2_camera_msgs/realsense2_camera_msgs/srv/device_info.hpp
[0.487s] -- Up-to-date symlink: /home/zzz/work/install/realsense2_camera_msgs/include/realsense2_camera_msgs/realsense2_camera_msgs/srv/hardware_monitor_command_send.hpp
[0.487s] -- Up-to-date symlink: /home/zzz/work/install/realsense2_camera_msgs/include/realsense2_camera_msgs/realsense2_camera_msgs/srv/safety_interface_config_read.hpp
[0.487s] -- Up-to-date symlink: /home/zzz/work/install/realsense2_camera_msgs/include/realsense2_camera_msgs/realsense2_camera_msgs/srv/safety_interface_config_write.hpp
[0.487s] -- Up-to-date symlink: /home/zzz/work/install/realsense2_camera_msgs/include/realsense2_camera_msgs/realsense2_camera_msgs/srv/safety_preset_read.hpp
[0.488s] -- Up-to-date symlink: /home/zzz/work/install/realsense2_camera_msgs/include/realsense2_camera_msgs/realsense2_camera_msgs/srv/safety_preset_write.hpp
[0.489s] -- Up-to-date symlink: /home/zzz/work/install/realsense2_camera_msgs/include/realsense2_camera_msgs/realsense2_camera_msgs/action/detail/triggered_calibration__rosidl_typesupport_fastrtps_cpp.hpp
[0.489s] -- Up-to-date symlink: /home/zzz/work/install/realsense2_camera_msgs/include/realsense2_camera_msgs/realsense2_camera_msgs/msg/detail/extrinsics__rosidl_typesupport_fastrtps_cpp.hpp
[0.489s] -- Up-to-date symlink: /home/zzz/work/install/realsense2_camera_msgs/include/realsense2_camera_msgs/realsense2_camera_msgs/msg/detail/imu_info__rosidl_typesupport_fastrtps_cpp.hpp
[0.489s] -- Up-to-date symlink: /home/zzz/work/install/realsense2_camera_msgs/include/realsense2_camera_msgs/realsense2_camera_msgs/msg/detail/metadata__rosidl_typesupport_fastrtps_cpp.hpp
[0.490s] -- Up-to-date symlink: /home/zzz/work/install/realsense2_camera_msgs/include/realsense2_camera_msgs/realsense2_camera_msgs/msg/detail/rgbd__rosidl_typesupport_fastrtps_cpp.hpp
[0.490s] -- Up-to-date symlink: /home/zzz/work/install/realsense2_camera_msgs/include/realsense2_camera_msgs/realsense2_camera_msgs/msg/rosidl_typesupport_fastrtps_cpp__visibility_control.h
[0.490s] -- Up-to-date symlink: /home/zzz/work/install/realsense2_camera_msgs/include/realsense2_camera_msgs/realsense2_camera_msgs/srv/detail/application_config_read__rosidl_typesupport_fastrtps_cpp.hpp
[0.490s] -- Up-to-date symlink: /home/zzz/work/install/realsense2_camera_msgs/include/realsense2_camera_msgs/realsense2_camera_msgs/srv/detail/application_config_write__rosidl_typesupport_fastrtps_cpp.hpp
[0.490s] -- Up-to-date symlink: /home/zzz/work/install/realsense2_camera_msgs/include/realsense2_camera_msgs/realsense2_camera_msgs/srv/detail/calib_config_read__rosidl_typesupport_fastrtps_cpp.hpp
[0.490s] -- Up-to-date symlink: /home/zzz/work/install/realsense2_camera_msgs/include/realsense2_camera_msgs/realsense2_camera_msgs/srv/detail/calib_config_write__rosidl_typesupport_fastrtps_cpp.hpp
[0.490s] -- Up-to-date symlink: /home/zzz/work/install/realsense2_camera_msgs/include/realsense2_camera_msgs/realsense2_camera_msgs/srv/detail/device_info__rosidl_typesupport_fastrtps_cpp.hpp
[0.491s] -- Up-to-date symlink: /home/zzz/work/install/realsense2_camera_msgs/include/realsense2_camera_msgs/realsense2_camera_msgs/srv/detail/hardware_monitor_command_send__rosidl_typesupport_fastrtps_cpp.hpp
[0.491s] -- Up-to-date symlink: /home/zzz/work/install/realsense2_camera_msgs/include/realsense2_camera_msgs/realsense2_camera_msgs/srv/detail/safety_interface_config_read__rosidl_typesupport_fastrtps_cpp.hpp
[0.491s] -- Up-to-date symlink: /home/zzz/work/install/realsense2_camera_msgs/include/realsense2_camera_msgs/realsense2_camera_msgs/srv/detail/safety_interface_config_write__rosidl_typesupport_fastrtps_cpp.hpp
[0.491s] -- Up-to-date symlink: /home/zzz/work/install/realsense2_camera_msgs/include/realsense2_camera_msgs/realsense2_camera_msgs/srv/detail/safety_preset_read__rosidl_typesupport_fastrtps_cpp.hpp
[0.491s] -- Up-to-date symlink: /home/zzz/work/install/realsense2_camera_msgs/include/realsense2_camera_msgs/realsense2_camera_msgs/srv/detail/safety_preset_write__rosidl_typesupport_fastrtps_cpp.hpp
[0.492s] -- Up-to-date symlink: /home/zzz/work/install/realsense2_camera_msgs/include/realsense2_camera_msgs/realsense2_camera_msgs/action/detail/triggered_calibration__rosidl_typesupport_introspection_cpp.hpp
[0.492s] -- Up-to-date symlink: /home/zzz/work/install/realsense2_camera_msgs/include/realsense2_camera_msgs/realsense2_camera_msgs/msg/detail/extrinsics__rosidl_typesupport_introspection_cpp.hpp
[0.492s] -- Up-to-date symlink: /home/zzz/work/install/realsense2_camera_msgs/include/realsense2_camera_msgs/realsense2_camera_msgs/msg/detail/imu_info__rosidl_typesupport_introspection_cpp.hpp
[0.492s] -- Up-to-date symlink: /home/zzz/work/install/realsense2_camera_msgs/include/realsense2_camera_msgs/realsense2_camera_msgs/msg/detail/metadata__rosidl_typesupport_introspection_cpp.hpp
[0.493s] -- Up-to-date symlink: /home/zzz/work/install/realsense2_camera_msgs/include/realsense2_camera_msgs/realsense2_camera_msgs/msg/detail/rgbd__rosidl_typesupport_introspection_cpp.hpp
[0.493s] -- Up-to-date symlink: /home/zzz/work/install/realsense2_camera_msgs/include/realsense2_camera_msgs/realsense2_camera_msgs/srv/detail/application_config_read__rosidl_typesupport_introspection_cpp.hpp
[0.493s] -- Up-to-date symlink: /home/zzz/work/install/realsense2_camera_msgs/include/realsense2_camera_msgs/realsense2_camera_msgs/srv/detail/application_config_write__rosidl_typesupport_introspection_cpp.hpp
[0.493s] -- Up-to-date symlink: /home/zzz/work/install/realsense2_camera_msgs/include/realsense2_camera_msgs/realsense2_camera_msgs/srv/detail/calib_config_read__rosidl_typesupport_introspection_cpp.hpp
[0.493s] -- Up-to-date symlink: /home/zzz/work/install/realsense2_camera_msgs/include/realsense2_camera_msgs/realsense2_camera_msgs/srv/detail/calib_config_write__rosidl_typesupport_introspection_cpp.hpp
[0.493s] -- Up-to-date symlink: /home/zzz/work/install/realsense2_camera_msgs/include/realsense2_camera_msgs/realsense2_camera_msgs/srv/detail/device_info__rosidl_typesupport_introspection_cpp.hpp
[0.493s] -- Up-to-date symlink: /home/zzz/work/install/realsense2_camera_msgs/include/realsense2_camera_msgs/realsense2_camera_msgs/srv/detail/hardware_monitor_command_send__rosidl_typesupport_introspection_cpp.hpp
[0.494s] -- Up-to-date symlink: /home/zzz/work/install/realsense2_camera_msgs/include/realsense2_camera_msgs/realsense2_camera_msgs/srv/detail/safety_interface_config_read__rosidl_typesupport_introspection_cpp.hpp
[0.494s] -- Up-to-date symlink: /home/zzz/work/install/realsense2_camera_msgs/include/realsense2_camera_msgs/realsense2_camera_msgs/srv/detail/safety_interface_config_write__rosidl_typesupport_introspection_cpp.hpp
[0.494s] -- Up-to-date symlink: /home/zzz/work/install/realsense2_camera_msgs/include/realsense2_camera_msgs/realsense2_camera_msgs/srv/detail/safety_preset_read__rosidl_typesupport_introspection_cpp.hpp
[0.494s] -- Up-to-date symlink: /home/zzz/work/install/realsense2_camera_msgs/include/realsense2_camera_msgs/realsense2_camera_msgs/srv/detail/safety_preset_write__rosidl_typesupport_introspection_cpp.hpp
[0.494s] -- Up-to-date symlink: /home/zzz/work/install/realsense2_camera_msgs/share/realsense2_camera_msgs/environment/pythonpath.sh
[0.494s] -- Up-to-date symlink: /home/zzz/work/install/realsense2_camera_msgs/share/realsense2_camera_msgs/environment/pythonpath.dsv
[0.495s] -- Up-to-date symlink: /home/zzz/work/install/realsense2_camera_msgs/local/lib/python3.10/dist-packages/realsense2_camera_msgs-4.57.7-py3.10.egg-info/PKG-INFO
[0.495s] -- Up-to-date symlink: /home/zzz/work/install/realsense2_camera_msgs/local/lib/python3.10/dist-packages/realsense2_camera_msgs-4.57.7-py3.10.egg-info/SOURCES.txt
[0.495s] -- Up-to-date symlink: /home/zzz/work/install/realsense2_camera_msgs/local/lib/python3.10/dist-packages/realsense2_camera_msgs-4.57.7-py3.10.egg-info/dependency_links.txt
[0.495s] -- Up-to-date symlink: /home/zzz/work/install/realsense2_camera_msgs/local/lib/python3.10/dist-packages/realsense2_camera_msgs-4.57.7-py3.10.egg-info/top_level.txt
[0.497s] -- Up-to-date symlink: /home/zzz/work/install/realsense2_camera_msgs/local/lib/python3.10/dist-packages/realsense2_camera_msgs/__init__.py
[0.497s] -- Up-to-date symlink: /home/zzz/work/install/realsense2_camera_msgs/local/lib/python3.10/dist-packages/realsense2_camera_msgs/_realsense2_camera_msgs_s.ep.rosidl_typesupport_c.c
[0.497s] -- Up-to-date symlink: /home/zzz/work/install/realsense2_camera_msgs/local/lib/python3.10/dist-packages/realsense2_camera_msgs/_realsense2_camera_msgs_s.ep.rosidl_typesupport_fastrtps_c.c
[0.497s] -- Up-to-date symlink: /home/zzz/work/install/realsense2_camera_msgs/local/lib/python3.10/dist-packages/realsense2_camera_msgs/_realsense2_camera_msgs_s.ep.rosidl_typesupport_introspection_c.c
[0.497s] -- Up-to-date symlink: /home/zzz/work/install/realsense2_camera_msgs/local/lib/python3.10/dist-packages/realsense2_camera_msgs/action/__init__.py
[0.497s] -- Up-to-date symlink: /home/zzz/work/install/realsense2_camera_msgs/local/lib/python3.10/dist-packages/realsense2_camera_msgs/action/_triggered_calibration.py
[0.498s] -- Up-to-date symlink: /home/zzz/work/install/realsense2_camera_msgs/local/lib/python3.10/dist-packages/realsense2_camera_msgs/action/_triggered_calibration_s.c
[0.498s] -- Up-to-date symlink: /home/zzz/work/install/realsense2_camera_msgs/local/lib/python3.10/dist-packages/realsense2_camera_msgs/librealsense2_camera_msgs__rosidl_generator_py.so
[0.498s] -- Up-to-date symlink: /home/zzz/work/install/realsense2_camera_msgs/local/lib/python3.10/dist-packages/realsense2_camera_msgs/msg/__init__.py
[0.498s] -- Up-to-date symlink: /home/zzz/work/install/realsense2_camera_msgs/local/lib/python3.10/dist-packages/realsense2_camera_msgs/msg/_extrinsics.py
[0.498s] -- Up-to-date symlink: /home/zzz/work/install/realsense2_camera_msgs/local/lib/python3.10/dist-packages/realsense2_camera_msgs/msg/_extrinsics_s.c
[0.499s] -- Up-to-date symlink: /home/zzz/work/install/realsense2_camera_msgs/local/lib/python3.10/dist-packages/realsense2_camera_msgs/msg/_imu_info.py
[0.499s] -- Up-to-date symlink: /home/zzz/work/install/realsense2_camera_msgs/local/lib/python3.10/dist-packages/realsense2_camera_msgs/msg/_imu_info_s.c
[0.499s] -- Up-to-date symlink: /home/zzz/work/install/realsense2_camera_msgs/local/lib/python3.10/dist-packages/realsense2_camera_msgs/msg/_metadata.py
[0.499s] -- Up-to-date symlink: /home/zzz/work/install/realsense2_camera_msgs/local/lib/python3.10/dist-packages/realsense2_camera_msgs/msg/_metadata_s.c
[0.499s] -- Up-to-date symlink: /home/zzz/work/install/realsense2_camera_msgs/local/lib/python3.10/dist-packages/realsense2_camera_msgs/msg/_rgbd.py
[0.500s] -- Up-to-date symlink: /home/zzz/work/install/realsense2_camera_msgs/local/lib/python3.10/dist-packages/realsense2_camera_msgs/msg/_rgbd_s.c
[0.500s] -- Up-to-date symlink: /home/zzz/work/install/realsense2_camera_msgs/local/lib/python3.10/dist-packages/realsense2_camera_msgs/realsense2_camera_msgs_s__rosidl_typesupport_c.cpython-310-x86_64-linux-gnu.so
[0.500s] -- Up-to-date symlink: /home/zzz/work/install/realsense2_camera_msgs/local/lib/python3.10/dist-packages/realsense2_camera_msgs/realsense2_camera_msgs_s__rosidl_typesupport_fastrtps_c.cpython-310-x86_64-linux-gnu.so
[0.500s] -- Up-to-date symlink: /home/zzz/work/install/realsense2_camera_msgs/local/lib/python3.10/dist-packages/realsense2_camera_msgs/realsense2_camera_msgs_s__rosidl_typesupport_introspection_c.cpython-310-x86_64-linux-gnu.so
[0.500s] -- Up-to-date symlink: /home/zzz/work/install/realsense2_camera_msgs/local/lib/python3.10/dist-packages/realsense2_camera_msgs/srv/__init__.py
[0.501s] -- Up-to-date symlink: /home/zzz/work/install/realsense2_camera_msgs/local/lib/python3.10/dist-packages/realsense2_camera_msgs/srv/_application_config_read.py
[0.501s] -- Up-to-date symlink: /home/zzz/work/install/realsense2_camera_msgs/local/lib/python3.10/dist-packages/realsense2_camera_msgs/srv/_application_config_read_s.c
[0.501s] -- Up-to-date symlink: /home/zzz/work/install/realsense2_camera_msgs/local/lib/python3.10/dist-packages/realsense2_camera_msgs/srv/_application_config_write.py
[0.501s] -- Up-to-date symlink: /home/zzz/work/install/realsense2_camera_msgs/local/lib/python3.10/dist-packages/realsense2_camera_msgs/srv/_application_config_write_s.c
[0.501s] -- Up-to-date symlink: /home/zzz/work/install/realsense2_camera_msgs/local/lib/python3.10/dist-packages/realsense2_camera_msgs/srv/_calib_config_read.py
[0.501s] -- Up-to-date symlink: /home/zzz/work/install/realsense2_camera_msgs/local/lib/python3.10/dist-packages/realsense2_camera_msgs/srv/_calib_config_read_s.c
[0.502s] -- Up-to-date symlink: /home/zzz/work/install/realsense2_camera_msgs/local/lib/python3.10/dist-packages/realsense2_camera_msgs/srv/_calib_config_write.py
[0.503s] -- Up-to-date symlink: /home/zzz/work/install/realsense2_camera_msgs/local/lib/python3.10/dist-packages/realsense2_camera_msgs/srv/_calib_config_write_s.c
[0.503s] -- Up-to-date symlink: /home/zzz/work/install/realsense2_camera_msgs/local/lib/python3.10/dist-packages/realsense2_camera_msgs/srv/_device_info.py
[0.504s] -- Up-to-date symlink: /home/zzz/work/install/realsense2_camera_msgs/local/lib/python3.10/dist-packages/realsense2_camera_msgs/srv/_device_info_s.c
[0.504s] -- Up-to-date symlink: /home/zzz/work/install/realsense2_camera_msgs/local/lib/python3.10/dist-packages/realsense2_camera_msgs/srv/_hardware_monitor_command_send.py
[0.504s] -- Up-to-date symlink: /home/zzz/work/install/realsense2_camera_msgs/local/lib/python3.10/dist-packages/realsense2_camera_msgs/srv/_hardware_monitor_command_send_s.c
[0.504s] -- Up-to-date symlink: /home/zzz/work/install/realsense2_camera_msgs/local/lib/python3.10/dist-packages/realsense2_camera_msgs/srv/_safety_interface_config_read.py
[0.504s] -- Up-to-date symlink: /home/zzz/work/install/realsense2_camera_msgs/local/lib/python3.10/dist-packages/realsense2_camera_msgs/srv/_safety_interface_config_read_s.c
[0.505s] -- Up-to-date symlink: /home/zzz/work/install/realsense2_camera_msgs/local/lib/python3.10/dist-packages/realsense2_camera_msgs/srv/_safety_interface_config_write.py
[0.505s] -- Up-to-date symlink: /home/zzz/work/install/realsense2_camera_msgs/local/lib/python3.10/dist-packages/realsense2_camera_msgs/srv/_safety_interface_config_write_s.c
[0.505s] -- Up-to-date symlink: /home/zzz/work/install/realsense2_camera_msgs/local/lib/python3.10/dist-packages/realsense2_camera_msgs/srv/_safety_preset_read.py
[0.505s] -- Up-to-date symlink: /home/zzz/work/install/realsense2_camera_msgs/local/lib/python3.10/dist-packages/realsense2_camera_msgs/srv/_safety_preset_read_s.c
[0.505s] -- Up-to-date symlink: /home/zzz/work/install/realsense2_camera_msgs/local/lib/python3.10/dist-packages/realsense2_camera_msgs/srv/_safety_preset_write.py
[0.505s] -- Up-to-date symlink: /home/zzz/work/install/realsense2_camera_msgs/local/lib/python3.10/dist-packages/realsense2_camera_msgs/srv/_safety_preset_write_s.c
[0.506s] -- Up-to-date symlink: /home/zzz/work/install/realsense2_camera_msgs/local/lib/python3.10/dist-packages/realsense2_camera_msgs/realsense2_camera_msgs_s__rosidl_typesupport_fastrtps_c.cpython-310-x86_64-linux-gnu.so
[0.506s] -- Up-to-date symlink: /home/zzz/work/install/realsense2_camera_msgs/local/lib/python3.10/dist-packages/realsense2_camera_msgs/realsense2_camera_msgs_s__rosidl_typesupport_introspection_c.cpython-310-x86_64-linux-gnu.so
[0.507s] -- Up-to-date symlink: /home/zzz/work/install/realsense2_camera_msgs/local/lib/python3.10/dist-packages/realsense2_camera_msgs/realsense2_camera_msgs_s__rosidl_typesupport_c.cpython-310-x86_64-linux-gnu.so
[0.507s] -- Up-to-date symlink: /home/zzz/work/install/realsense2_camera_msgs/share/ament_index/resource_index/rust_packages/realsense2_camera_msgs
[0.508s] -- Up-to-date symlink: /home/zzz/work/install/realsense2_camera_msgs/share/realsense2_camera_msgs/rust/Cargo.toml
[0.508s] -- Up-to-date symlink: /home/zzz/work/install/realsense2_camera_msgs/share/realsense2_camera_msgs/rust/build.rs
[0.508s] -- Up-to-date symlink: /home/zzz/work/install/realsense2_camera_msgs/share/realsense2_camera_msgs/rust/src/action.rs
[0.508s] -- Up-to-date symlink: /home/zzz/work/install/realsense2_camera_msgs/share/realsense2_camera_msgs/rust/src/action/rmw.rs
[0.509s] -- Up-to-date symlink: /home/zzz/work/install/realsense2_camera_msgs/share/realsense2_camera_msgs/rust/src/lib.rs
[0.509s] -- Up-to-date symlink: /home/zzz/work/install/realsense2_camera_msgs/share/realsense2_camera_msgs/rust/src/msg.rs
[0.509s] -- Up-to-date symlink: /home/zzz/work/install/realsense2_camera_msgs/share/realsense2_camera_msgs/rust/src/msg/rmw.rs
[0.509s] -- Up-to-date symlink: /home/zzz/work/install/realsense2_camera_msgs/share/realsense2_camera_msgs/rust/src/srv.rs
[0.509s] -- Up-to-date symlink: /home/zzz/work/install/realsense2_camera_msgs/share/realsense2_camera_msgs/rust/src/srv/rmw.rs
[0.509s] -- Up-to-date symlink: /home/zzz/work/install/realsense2_camera_msgs/share/realsense2_camera_msgs/msg/IMUInfo.idl
[0.510s] -- Up-to-date symlink: /home/zzz/work/install/realsense2_camera_msgs/share/realsense2_camera_msgs/msg/Extrinsics.idl
[0.510s] -- Up-to-date symlink: /home/zzz/work/install/realsense2_camera_msgs/share/realsense2_camera_msgs/msg/Metadata.idl
[0.510s] -- Up-to-date symlink: /home/zzz/work/install/realsense2_camera_msgs/share/realsense2_camera_msgs/msg/RGBD.idl
[0.510s] -- Up-to-date symlink: /home/zzz/work/install/realsense2_camera_msgs/share/realsense2_camera_msgs/srv/DeviceInfo.idl
[0.511s] -- Up-to-date symlink: /home/zzz/work/install/realsense2_camera_msgs/share/realsense2_camera_msgs/srv/SafetyPresetRead.idl
[0.511s] -- Up-to-date symlink: /home/zzz/work/install/realsense2_camera_msgs/share/realsense2_camera_msgs/srv/SafetyPresetWrite.idl
[0.511s] -- Up-to-date symlink: /home/zzz/work/install/realsense2_camera_msgs/share/realsense2_camera_msgs/srv/SafetyInterfaceConfigRead.idl
[0.511s] -- Up-to-date symlink: /home/zzz/work/install/realsense2_camera_msgs/share/realsense2_camera_msgs/srv/SafetyInterfaceConfigWrite.idl
[0.511s] -- Up-to-date symlink: /home/zzz/work/install/realsense2_camera_msgs/share/realsense2_camera_msgs/srv/CalibConfigRead.idl
[0.511s] -- Up-to-date symlink: /home/zzz/work/install/realsense2_camera_msgs/share/realsense2_camera_msgs/srv/CalibConfigWrite.idl
[0.512s] -- Up-to-date symlink: /home/zzz/work/install/realsense2_camera_msgs/share/realsense2_camera_msgs/srv/ApplicationConfigRead.idl
[0.512s] -- Up-to-date symlink: /home/zzz/work/install/realsense2_camera_msgs/share/realsense2_camera_msgs/srv/ApplicationConfigWrite.idl
[0.512s] -- Up-to-date symlink: /home/zzz/work/install/realsense2_camera_msgs/share/realsense2_camera_msgs/srv/HardwareMonitorCommandSend.idl
[0.512s] -- Up-to-date symlink: /home/zzz/work/install/realsense2_camera_msgs/share/realsense2_camera_msgs/action/TriggeredCalibration.idl
[0.512s] -- Up-to-date symlink: /home/zzz/work/install/realsense2_camera_msgs/share/realsense2_camera_msgs/msg/IMUInfo.msg
[0.512s] -- Up-to-date symlink: /home/zzz/work/install/realsense2_camera_msgs/share/realsense2_camera_msgs/msg/Extrinsics.msg
[0.513s] -- Up-to-date symlink: /home/zzz/work/install/realsense2_camera_msgs/share/realsense2_camera_msgs/msg/Metadata.msg
[0.513s] -- Up-to-date symlink: /home/zzz/work/install/realsense2_camera_msgs/share/realsense2_camera_msgs/msg/RGBD.msg
[0.513s] -- Up-to-date symlink: /home/zzz/work/install/realsense2_camera_msgs/share/realsense2_camera_msgs/srv/DeviceInfo.srv
[0.513s] -- Up-to-date symlink: /home/zzz/work/install/realsense2_camera_msgs/share/realsense2_camera_msgs/srv/DeviceInfo_Request.msg
[0.513s] -- Up-to-date symlink: /home/zzz/work/install/realsense2_camera_msgs/share/realsense2_camera_msgs/srv/DeviceInfo_Response.msg
[0.513s] -- Up-to-date symlink: /home/zzz/work/install/realsense2_camera_msgs/share/realsense2_camera_msgs/srv/SafetyPresetRead.srv
[0.514s] -- Up-to-date symlink: /home/zzz/work/install/realsense2_camera_msgs/share/realsense2_camera_msgs/srv/SafetyPresetRead_Request.msg
[0.514s] -- Up-to-date symlink: /home/zzz/work/install/realsense2_camera_msgs/share/realsense2_camera_msgs/srv/SafetyPresetRead_Response.msg
[0.514s] -- Up-to-date symlink: /home/zzz/work/install/realsense2_camera_msgs/share/realsense2_camera_msgs/srv/SafetyPresetWrite.srv
[0.514s] -- Up-to-date symlink: /home/zzz/work/install/realsense2_camera_msgs/share/realsense2_camera_msgs/srv/SafetyPresetWrite_Request.msg
[0.514s] -- Up-to-date symlink: /home/zzz/work/install/realsense2_camera_msgs/share/realsense2_camera_msgs/srv/SafetyPresetWrite_Response.msg
[0.515s] -- Up-to-date symlink: /home/zzz/work/install/realsense2_camera_msgs/share/realsense2_camera_msgs/srv/SafetyInterfaceConfigRead.srv
[0.515s] -- Up-to-date symlink: /home/zzz/work/install/realsense2_camera_msgs/share/realsense2_camera_msgs/srv/SafetyInterfaceConfigRead_Request.msg
[0.515s] -- Up-to-date symlink: /home/zzz/work/install/realsense2_camera_msgs/share/realsense2_camera_msgs/srv/SafetyInterfaceConfigRead_Response.msg
[0.515s] -- Up-to-date symlink: /home/zzz/work/install/realsense2_camera_msgs/share/realsense2_camera_msgs/srv/SafetyInterfaceConfigWrite.srv
[0.515s] -- Up-to-date symlink: /home/zzz/work/install/realsense2_camera_msgs/share/realsense2_camera_msgs/srv/SafetyInterfaceConfigWrite_Request.msg
[0.515s] -- Up-to-date symlink: /home/zzz/work/install/realsense2_camera_msgs/share/realsense2_camera_msgs/srv/SafetyInterfaceConfigWrite_Response.msg
[0.516s] -- Up-to-date symlink: /home/zzz/work/install/realsense2_camera_msgs/share/realsense2_camera_msgs/srv/CalibConfigRead.srv
[0.516s] -- Up-to-date symlink: /home/zzz/work/install/realsense2_camera_msgs/share/realsense2_camera_msgs/srv/CalibConfigRead_Request.msg
[0.516s] -- Up-to-date symlink: /home/zzz/work/install/realsense2_camera_msgs/share/realsense2_camera_msgs/srv/CalibConfigRead_Response.msg
[0.516s] -- Up-to-date symlink: /home/zzz/work/install/realsense2_camera_msgs/share/realsense2_camera_msgs/srv/CalibConfigWrite.srv
[0.516s] -- Up-to-date symlink: /home/zzz/work/install/realsense2_camera_msgs/share/realsense2_camera_msgs/srv/CalibConfigWrite_Request.msg
[0.516s] -- Up-to-date symlink: /home/zzz/work/install/realsense2_camera_msgs/share/realsense2_camera_msgs/srv/CalibConfigWrite_Response.msg
[0.517s] -- Up-to-date symlink: /home/zzz/work/install/realsense2_camera_msgs/share/realsense2_camera_msgs/srv/ApplicationConfigRead.srv
[0.517s] -- Up-to-date symlink: /home/zzz/work/install/realsense2_camera_msgs/share/realsense2_camera_msgs/srv/ApplicationConfigRead_Request.msg
[0.517s] -- Up-to-date symlink: /home/zzz/work/install/realsense2_camera_msgs/share/realsense2_camera_msgs/srv/ApplicationConfigRead_Response.msg
[0.517s] -- Up-to-date symlink: /home/zzz/work/install/realsense2_camera_msgs/share/realsense2_camera_msgs/srv/ApplicationConfigWrite.srv
[0.517s] -- Up-to-date symlink: /home/zzz/work/install/realsense2_camera_msgs/share/realsense2_camera_msgs/srv/ApplicationConfigWrite_Request.msg
[0.517s] -- Up-to-date symlink: /home/zzz/work/install/realsense2_camera_msgs/share/realsense2_camera_msgs/srv/ApplicationConfigWrite_Response.msg
[0.518s] -- Up-to-date symlink: /home/zzz/work/install/realsense2_camera_msgs/share/realsense2_camera_msgs/srv/HardwareMonitorCommandSend.srv
[0.518s] -- Up-to-date symlink: /home/zzz/work/install/realsense2_camera_msgs/share/realsense2_camera_msgs/srv/HardwareMonitorCommandSend_Request.msg
[0.518s] -- Up-to-date symlink: /home/zzz/work/install/realsense2_camera_msgs/share/realsense2_camera_msgs/srv/HardwareMonitorCommandSend_Response.msg
[0.518s] -- Up-to-date symlink: /home/zzz/work/install/realsense2_camera_msgs/share/realsense2_camera_msgs/action/TriggeredCalibration.action
[0.518s] -- Up-to-date symlink: /home/zzz/work/install/realsense2_camera_msgs/share/ament_index/resource_index/package_run_dependencies/realsense2_camera_msgs
[0.518s] -- Up-to-date symlink: /home/zzz/work/install/realsense2_camera_msgs/share/ament_index/resource_index/parent_prefix_path/realsense2_camera_msgs
[0.519s] -- Up-to-date symlink: /home/zzz/work/install/realsense2_camera_msgs/share/realsense2_camera_msgs/environment/ament_prefix_path.sh
[0.519s] -- Up-to-date symlink: /home/zzz/work/install/realsense2_camera_msgs/share/realsense2_camera_msgs/environment/ament_prefix_path.dsv
[0.519s] -- Up-to-date symlink: /home/zzz/work/install/realsense2_camera_msgs/share/realsense2_camera_msgs/environment/path.sh
[0.519s] -- Up-to-date symlink: /home/zzz/work/install/realsense2_camera_msgs/share/realsense2_camera_msgs/environment/path.dsv
[0.520s] -- Up-to-date symlink: /home/zzz/work/install/realsense2_camera_msgs/share/realsense2_camera_msgs/local_setup.bash
[0.520s] -- Up-to-date symlink: /home/zzz/work/install/realsense2_camera_msgs/share/realsense2_camera_msgs/local_setup.sh
[0.520s] -- Up-to-date symlink: /home/zzz/work/install/realsense2_camera_msgs/share/realsense2_camera_msgs/local_setup.zsh
[0.520s] -- Up-to-date symlink: /home/zzz/work/install/realsense2_camera_msgs/share/realsense2_camera_msgs/local_setup.dsv
[0.520s] -- Symlinking: /home/zzz/work/install/realsense2_camera_msgs/share/realsense2_camera_msgs/package.dsv
[0.533s] -- Up-to-date symlink: /home/zzz/work/install/realsense2_camera_msgs/share/ament_index/resource_index/packages/realsense2_camera_msgs
[0.533s] -- Up-to-date symlink: /home/zzz/work/install/realsense2_camera_msgs/share/realsense2_camera_msgs/cmake/rosidl_cmake-extras.cmake
[0.533s] -- Up-to-date symlink: /home/zzz/work/install/realsense2_camera_msgs/share/realsense2_camera_msgs/cmake/ament_cmake_export_dependencies-extras.cmake
[0.533s] -- Up-to-date symlink: /home/zzz/work/install/realsense2_camera_msgs/share/realsense2_camera_msgs/cmake/ament_cmake_export_include_directories-extras.cmake
[0.533s] -- Up-to-date symlink: /home/zzz/work/install/realsense2_camera_msgs/share/realsense2_camera_msgs/cmake/ament_cmake_export_libraries-extras.cmake
[0.533s] -- Up-to-date symlink: /home/zzz/work/install/realsense2_camera_msgs/share/realsense2_camera_msgs/cmake/ament_cmake_export_targets-extras.cmake
[0.534s] -- Up-to-date symlink: /home/zzz/work/install/realsense2_camera_msgs/share/realsense2_camera_msgs/cmake/rosidl_cmake_export_typesupport_targets-extras.cmake
[0.534s] -- Up-to-date symlink: /home/zzz/work/install/realsense2_camera_msgs/share/realsense2_camera_msgs/cmake/rosidl_cmake_export_typesupport_libraries-extras.cmake
[0.534s] -- Up-to-date symlink: /home/zzz/work/install/realsense2_camera_msgs/share/realsense2_camera_msgs/cmake/realsense2_camera_msgsConfig.cmake
[0.534s] -- Up-to-date symlink: /home/zzz/work/install/realsense2_camera_msgs/share/realsense2_camera_msgs/cmake/realsense2_camera_msgsConfig-version.cmake
[0.534s] -- Up-to-date symlink: /home/zzz/work/install/realsense2_camera_msgs/share/realsense2_camera_msgs/package.xml
[0.535s] -- Up-to-date: /home/zzz/work/install/realsense2_camera_msgs/lib/librealsense2_camera_msgs__rosidl_generator_c.so
[0.536s] -- Up-to-date: /home/zzz/work/install/realsense2_camera_msgs/lib/librealsense2_camera_msgs__rosidl_typesupport_fastrtps_c.so
[0.536s] -- Up-to-date: /home/zzz/work/install/realsense2_camera_msgs/lib/librealsense2_camera_msgs__rosidl_typesupport_introspection_c.so
[0.536s] -- Up-to-date: /home/zzz/work/install/realsense2_camera_msgs/lib/librealsense2_camera_msgs__rosidl_typesupport_c.so
[0.537s] -- Up-to-date: /home/zzz/work/install/realsense2_camera_msgs/lib/librealsense2_camera_msgs__rosidl_typesupport_fastrtps_cpp.so
[0.537s] -- Up-to-date: /home/zzz/work/install/realsense2_camera_msgs/lib/librealsense2_camera_msgs__rosidl_typesupport_introspection_cpp.so
[0.538s] -- Up-to-date: /home/zzz/work/install/realsense2_camera_msgs/lib/librealsense2_camera_msgs__rosidl_typesupport_cpp.so
[0.573s] Listing '/home/zzz/work/install/realsense2_camera_msgs/local/lib/python3.10/dist-packages/realsense2_camera_msgs'...
[0.573s] Listing '/home/zzz/work/install/realsense2_camera_msgs/local/lib/python3.10/dist-packages/realsense2_camera_msgs/action'...
[0.573s] Listing '/home/zzz/work/install/realsense2_camera_msgs/local/lib/python3.10/dist-packages/realsense2_camera_msgs/msg'...
[0.573s] Listing '/home/zzz/work/install/realsense2_camera_msgs/local/lib/python3.10/dist-packages/realsense2_camera_msgs/srv'...
[0.577s] -- Up-to-date: /home/zzz/work/install/realsense2_camera_msgs/lib/librealsense2_camera_msgs__rosidl_generator_py.so
[0.578s] -- Up-to-date: /home/zzz/work/install/realsense2_camera_msgs/share/realsense2_camera_msgs/cmake/export_realsense2_camera_msgs__rosidl_generator_cExport.cmake
[0.578s] -- Up-to-date: /home/zzz/work/install/realsense2_camera_msgs/share/realsense2_camera_msgs/cmake/export_realsense2_camera_msgs__rosidl_generator_cExport-release.cmake
[0.578s] -- Up-to-date: /home/zzz/work/install/realsense2_camera_msgs/share/realsense2_camera_msgs/cmake/export_realsense2_camera_msgs__rosidl_typesupport_fastrtps_cExport.cmake
[0.578s] -- Up-to-date: /home/zzz/work/install/realsense2_camera_msgs/share/realsense2_camera_msgs/cmake/export_realsense2_camera_msgs__rosidl_typesupport_fastrtps_cExport-release.cmake
[0.579s] -- Up-to-date: /home/zzz/work/install/realsense2_camera_msgs/share/realsense2_camera_msgs/cmake/realsense2_camera_msgs__rosidl_typesupport_introspection_cExport.cmake
[0.579s] -- Up-to-date: /home/zzz/work/install/realsense2_camera_msgs/share/realsense2_camera_msgs/cmake/realsense2_camera_msgs__rosidl_typesupport_introspection_cExport-release.cmake
[0.579s] -- Up-to-date: /home/zzz/work/install/realsense2_camera_msgs/share/realsense2_camera_msgs/cmake/realsense2_camera_msgs__rosidl_typesupport_cExport.cmake
[0.579s] -- Up-to-date: /home/zzz/work/install/realsense2_camera_msgs/share/realsense2_camera_msgs/cmake/realsense2_camera_msgs__rosidl_typesupport_cExport-release.cmake
[0.579s] -- Up-to-date: /home/zzz/work/install/realsense2_camera_msgs/share/realsense2_camera_msgs/cmake/export_realsense2_camera_msgs__rosidl_generator_cppExport.cmake
[0.579s] -- Up-to-date: /home/zzz/work/install/realsense2_camera_msgs/share/realsense2_camera_msgs/cmake/export_realsense2_camera_msgs__rosidl_typesupport_fastrtps_cppExport.cmake
[0.580s] -- Up-to-date: /home/zzz/work/install/realsense2_camera_msgs/share/realsense2_camera_msgs/cmake/export_realsense2_camera_msgs__rosidl_typesupport_fastrtps_cppExport-release.cmake
[0.580s] -- Up-to-date: /home/zzz/work/install/realsense2_camera_msgs/share/realsense2_camera_msgs/cmake/realsense2_camera_msgs__rosidl_typesupport_introspection_cppExport.cmake
[0.580s] -- Up-to-date: /home/zzz/work/install/realsense2_camera_msgs/share/realsense2_camera_msgs/cmake/realsense2_camera_msgs__rosidl_typesupport_introspection_cppExport-release.cmake
[0.580s] -- Up-to-date: /home/zzz/work/install/realsense2_camera_msgs/share/realsense2_camera_msgs/cmake/realsense2_camera_msgs__rosidl_typesupport_cppExport.cmake
[0.580s] -- Up-to-date: /home/zzz/work/install/realsense2_camera_msgs/share/realsense2_camera_msgs/cmake/realsense2_camera_msgs__rosidl_typesupport_cppExport-release.cmake
[0.581s] -- Up-to-date: /home/zzz/work/install/realsense2_camera_msgs/share/realsense2_camera_msgs/cmake/export_realsense2_camera_msgs__rosidl_generator_pyExport.cmake
[0.581s] -- Up-to-date: /home/zzz/work/install/realsense2_camera_msgs/share/realsense2_camera_msgs/cmake/export_realsense2_camera_msgs__rosidl_generator_pyExport-release.cmake
[0.584s] Invoked command in '/home/zzz/work/build/realsense2_camera_msgs' returned '0': CMAKE_PREFIX_PATH=/opt/ros/humble /usr/bin/cmake --install /home/zzz/work/build/realsense2_camera_msgs
