[3.469s] Invoking command in '/home/zzz/work/build/yolo': PYTHONPATH=/home/zzz/work/build/yolo/prefix_override:/usr/lib/python3/dist-packages/colcon_core/task/python/colcon_distutils_commands:/home/zzz/work/install/yolo/lib/python3.10/site-packages:${PYTHONPATH} /usr/bin/python3 -W ignore:setup.py install is deprecated -W ignore:easy_install command is deprecated setup.py develop --editable --build-directory /home/zzz/work/build/yolo/build --no-deps symlink_data
[3.923s] running develop
[4.179s] running egg_info
[4.180s] writing yolo.egg-info/PKG-INFO
[4.180s] writing dependency_links to yolo.egg-info/dependency_links.txt
[4.180s] writing entry points to yolo.egg-info/entry_points.txt
[4.180s] writing requirements to yolo.egg-info/requires.txt
[4.180s] writing top-level names to yolo.egg-info/top_level.txt
[4.181s] reading manifest file 'yolo.egg-info/SOURCES.txt'
[4.184s] writing manifest file 'yolo.egg-info/SOURCES.txt'
[4.190s] running build_ext
[4.191s] Creating /home/zzz/work/install/yolo/lib/python3.10/site-packages/yolo.egg-link (link to .)
[4.191s] Installing apriltag script to /home/zzz/work/install/yolo/lib/yolo
[4.191s] Installing yolo_apriltag script to /home/zzz/work/install/yolo/lib/yolo
[4.192s] Installing yolo_pub script to /home/zzz/work/install/yolo/lib/yolo
[4.192s] Installing yolo_sub script to /home/zzz/work/install/yolo/lib/yolo
[4.192s] 
[4.192s] Installed /home/zzz/work/build/yolo
[4.192s] running symlink_data
[4.257s] Invoked command in '/home/zzz/work/build/yolo' returned '0': PYTHONPATH=/home/zzz/work/build/yolo/prefix_override:/usr/lib/python3/dist-packages/colcon_core/task/python/colcon_distutils_commands:/home/zzz/work/install/yolo/lib/python3.10/site-packages:${PYTHONPATH} /usr/bin/python3 -W ignore:setup.py install is deprecated -W ignore:easy_install command is deprecated setup.py develop --editable --build-directory /home/zzz/work/build/yolo/build --no-deps symlink_data
