[2.640s] Invoking command in '/home/zzz/work/src/Hiwin_libmodbus/hiwin_example': PYTHONPATH=/home/zzz/work/build/hiwin_example/prefix_override:/usr/lib/python3/dist-packages/colcon_core/task/python/colcon_distutils_commands:/home/zzz/work/install/hiwin_example/lib/python3.10/site-packages:${PYTHONPATH} /usr/bin/python3 -W ignore:setup.py install is deprecated -W ignore:easy_install command is deprecated setup.py egg_info --egg-base ../../../build/hiwin_example build --build-base /home/zzz/work/build/hiwin_example/build install --record /home/zzz/work/build/hiwin_example/install.log --install-scripts $base/lib/hiwin_example --single-version-externally-managed install_data
[2.921s] /usr/local/lib/python3.10/dist-packages/setuptools/_distutils/dist.py:288: UserWarning: Unknown distribution option: 'tests_require'
[2.921s]   warnings.warn(msg)
[3.038s] running egg_info
[3.054s] writing ../../../build/hiwin_example/hiwin_example.egg-info/PKG-INFO
[3.054s] writing dependency_links to ../../../build/hiwin_example/hiwin_example.egg-info/dependency_links.txt
[3.054s] writing entry points to ../../../build/hiwin_example/hiwin_example.egg-info/entry_points.txt
[3.055s] writing requirements to ../../../build/hiwin_example/hiwin_example.egg-info/requires.txt
[3.055s] writing top-level names to ../../../build/hiwin_example/hiwin_example.egg-info/top_level.txt
[3.089s] reading manifest file '../../../build/hiwin_example/hiwin_example.egg-info/SOURCES.txt'
[3.092s] writing manifest file '../../../build/hiwin_example/hiwin_example.egg-info/SOURCES.txt'
[3.092s] running build
[3.093s] running build_py
[3.093s] copying hiwin_example/tool_pose_mixin.py -> /home/zzz/work/build/hiwin_example/build/lib/hiwin_example
[3.094s] copying hiwin_example/three_points_calibration_example.py -> /home/zzz/work/build/hiwin_example/build/lib/hiwin_example
[3.094s] copying hiwin_example/__init__.py -> /home/zzz/work/build/hiwin_example/build/lib/hiwin_example
[3.095s] copying hiwin_example/YoloDetector_class_node.py -> /home/zzz/work/build/hiwin_example/build/lib/hiwin_example
[3.095s] copying hiwin_example/strategy_example.py -> /home/zzz/work/build/hiwin_example/build/lib/hiwin_example
[3.097s] copying hiwin_example/transformations.py -> /home/zzz/work/build/hiwin_example/build/lib/hiwin_example
[3.097s] copying hiwin_example/hand_in_eye_calibration.py -> /home/zzz/work/build/hiwin_example/build/lib/hiwin_example
[3.098s] copying hiwin_example/YoloDetector.py -> /home/zzz/work/build/hiwin_example/build/lib/hiwin_example
[3.098s] copying hiwin_example/rj45_target_mixin.py -> /home/zzz/work/build/hiwin_example/build/lib/hiwin_example
[3.099s] copying hiwin_example/camera_flange_matrix2.py -> /home/zzz/work/build/hiwin_example/build/lib/hiwin_example
[3.100s] copying hiwin_example/center_alignment_mixin.py -> /home/zzz/work/build/hiwin_example/build/lib/hiwin_example
[3.100s] copying hiwin_example/apriltag_sampling_mixin.py -> /home/zzz/work/build/hiwin_example/build/lib/hiwin_example
[3.100s] copying hiwin_example/hiwin_robot_mixin.py -> /home/zzz/work/build/hiwin_example/build/lib/hiwin_example
[3.101s] warning: build_py: byte-compiling is disabled, skipping.
[3.101s] 
[3.102s] running install
[3.109s] running install_lib
[3.131s] copying /home/zzz/work/build/hiwin_example/build/lib/hiwin_example/strategy_example.py -> /home/zzz/work/install/hiwin_example/lib/python3.10/site-packages/hiwin_example
[3.132s] warning: install_lib: byte-compiling is disabled, skipping.
[3.133s] 
[3.133s] running install_data
[3.134s] copying resource/hiwin_example -> /home/zzz/work/install/hiwin_example/share/ament_index/resource_index/packages
[3.134s] copying config/hiwin_tf_params.yaml -> /home/zzz/work/install/hiwin_example/share/hiwin_example/config
[3.134s] copying package.xml -> /home/zzz/work/install/hiwin_example/share/hiwin_example
[3.134s] copying launch/bag_three_points_calibration.launch.py -> /home/zzz/work/install/hiwin_example/share/hiwin_example/launch
[3.134s] copying launch/cup_three_points_calibration.launch.py -> /home/zzz/work/install/hiwin_example/share/hiwin_example/launch
[3.135s] copying config/cup_cam.yaml -> /home/zzz/work/install/hiwin_example/share/hiwin_example/config
[3.139s] copying config/bag_cali_pose.yaml -> /home/zzz/work/install/hiwin_example/share/hiwin_example/config
[3.139s] copying config/cup_cali_pose.yaml -> /home/zzz/work/install/hiwin_example/share/hiwin_example/config
[3.139s] copying config/hiwin_tf_params.yaml -> /home/zzz/work/install/hiwin_example/share/hiwin_example/config
[3.139s] copying config/bag_cam.yaml -> /home/zzz/work/install/hiwin_example/share/hiwin_example/config
[3.149s] running install_egg_info
[3.152s] removing '/home/zzz/work/install/hiwin_example/lib/python3.10/site-packages/hiwin_example-0.0.0-py3.10.egg-info' (and everything under it)
[3.156s] Copying ../../../build/hiwin_example/hiwin_example.egg-info to /home/zzz/work/install/hiwin_example/lib/python3.10/site-packages/hiwin_example-0.0.0-py3.10.egg-info
[3.157s] running install_scripts
[3.209s] Installing camera_flange_matrix2 script to /home/zzz/work/install/hiwin_example/lib/hiwin_example
[3.209s] Installing check_right script to /home/zzz/work/install/hiwin_example/lib/hiwin_example
[3.210s] Installing hand_in_eye_calibration script to /home/zzz/work/install/hiwin_example/lib/hiwin_example
[3.210s] Installing hiwin_pose_publisher script to /home/zzz/work/install/hiwin_example/lib/hiwin_example
[3.211s] Installing hiwin_tf_tree script to /home/zzz/work/install/hiwin_example/lib/hiwin_example
[3.211s] Installing strategy_example script to /home/zzz/work/install/hiwin_example/lib/hiwin_example
[3.212s] Installing strategy_example_3 script to /home/zzz/work/install/hiwin_example/lib/hiwin_example
[3.212s] Installing strategy_example_mul script to /home/zzz/work/install/hiwin_example/lib/hiwin_example
[3.213s] Installing three_points_calibration_example script to /home/zzz/work/install/hiwin_example/lib/hiwin_example
[3.214s] writing list of installed files to '/home/zzz/work/build/hiwin_example/install.log'
[3.287s] Invoked command in '/home/zzz/work/src/Hiwin_libmodbus/hiwin_example' returned '0': PYTHONPATH=/home/zzz/work/build/hiwin_example/prefix_override:/usr/lib/python3/dist-packages/colcon_core/task/python/colcon_distutils_commands:/home/zzz/work/install/hiwin_example/lib/python3.10/site-packages:${PYTHONPATH} /usr/bin/python3 -W ignore:setup.py install is deprecated -W ignore:easy_install command is deprecated setup.py egg_info --egg-base ../../../build/hiwin_example build --build-base /home/zzz/work/build/hiwin_example/build install --record /home/zzz/work/build/hiwin_example/install.log --install-scripts $base/lib/hiwin_example --single-version-externally-managed install_data
