[0.009s] Invoking command in '/home/zzz/work/build/realsense2_rviz_plugin': AMENT_PREFIX_PATH=/home/zzz/work/install/realsense2_camera_msgs:${AMENT_PREFIX_PATH} CMAKE_PREFIX_PATH=/home/zzz/work/install/realsense2_camera_msgs:/opt/ros/humble LD_LIBRARY_PATH=/home/zzz/work/install/realsense2_camera_msgs/lib:${LD_LIBRARY_PATH} PYTHONPATH=/home/zzz/work/install/realsense2_camera_msgs/local/lib/python3.10/dist-packages:${PYTHONPATH} /usr/bin/cmake /home/zzz/work/src/realsense-ros/realsense2_rgbd_plugin -DCMAKE_BUILD_TYPE=Release -DCMAKE_INSTALL_PREFIX=/home/zzz/work/install/realsense2_rviz_plugin
[0.064s] -- The C compiler identification is GNU 11.4.0
[0.118s] -- The CXX compiler identification is GNU 11.4.0
[0.125s] -- Detecting C compiler ABI info
[0.196s] -- Detecting C compiler ABI info - done
[0.201s] -- Check for working C compiler: /usr/bin/cc - skipped
[0.201s] -- Detecting C compile features
[0.202s] -- Detecting C compile features - done
[0.204s] -- Detecting CXX compiler ABI info
[0.287s] -- Detecting CXX compiler ABI info - done
[0.293s] -- Check for working CXX compiler: /usr/bin/c++ - skipped
[0.293s] -- Detecting CXX compile features
[0.293s] -- Detecting CXX compile features - done
[0.298s] -- Found ament_cmake: 1.3.14 (/opt/ros/humble/share/ament_cmake/cmake)
[0.440s] -- Found Python3: /usr/bin/python3 (found version "3.10.12") found components: Interpreter 
[0.547s] -- RVIZ_RGBD_PLUGIN is DISABLED: Plugin will not be built.
[0.603s] -- Configuring done
[0.606s] -- Generating done
[0.608s] -- Build files have been written to: /home/zzz/work/build/realsense2_rviz_plugin
[0.613s] Invoked command in '/home/zzz/work/build/realsense2_rviz_plugin' returned '0': AMENT_PREFIX_PATH=/home/zzz/work/install/realsense2_camera_msgs:${AMENT_PREFIX_PATH} CMAKE_PREFIX_PATH=/home/zzz/work/install/realsense2_camera_msgs:/opt/ros/humble LD_LIBRARY_PATH=/home/zzz/work/install/realsense2_camera_msgs/lib:${LD_LIBRARY_PATH} PYTHONPATH=/home/zzz/work/install/realsense2_camera_msgs/local/lib/python3.10/dist-packages:${PYTHONPATH} /usr/bin/cmake /home/zzz/work/src/realsense-ros/realsense2_rgbd_plugin -DCMAKE_BUILD_TYPE=Release -DCMAKE_INSTALL_PREFIX=/home/zzz/work/install/realsense2_rviz_plugin
[0.614s] Invoking command in '/home/zzz/work/build/realsense2_rviz_plugin': AMENT_PREFIX_PATH=/home/zzz/work/install/realsense2_camera_msgs:${AMENT_PREFIX_PATH} CMAKE_PREFIX_PATH=/home/zzz/work/install/realsense2_camera_msgs:/opt/ros/humble LD_LIBRARY_PATH=/home/zzz/work/install/realsense2_camera_msgs/lib:${LD_LIBRARY_PATH} PYTHONPATH=/home/zzz/work/install/realsense2_camera_msgs/local/lib/python3.10/dist-packages:${PYTHONPATH} /usr/bin/cmake --build /home/zzz/work/build/realsense2_rviz_plugin -- -j12 -l12
[0.650s] Invoked command in '/home/zzz/work/build/realsense2_rviz_plugin' returned '0': AMENT_PREFIX_PATH=/home/zzz/work/install/realsense2_camera_msgs:${AMENT_PREFIX_PATH} CMAKE_PREFIX_PATH=/home/zzz/work/install/realsense2_camera_msgs:/opt/ros/humble LD_LIBRARY_PATH=/home/zzz/work/install/realsense2_camera_msgs/lib:${LD_LIBRARY_PATH} PYTHONPATH=/home/zzz/work/install/realsense2_camera_msgs/local/lib/python3.10/dist-packages:${PYTHONPATH} /usr/bin/cmake --build /home/zzz/work/build/realsense2_rviz_plugin -- -j12 -l12
[0.651s] Invoking command in '/home/zzz/work/build/realsense2_rviz_plugin': AMENT_PREFIX_PATH=/home/zzz/work/install/realsense2_camera_msgs:${AMENT_PREFIX_PATH} CMAKE_PREFIX_PATH=/home/zzz/work/install/realsense2_camera_msgs:/opt/ros/humble LD_LIBRARY_PATH=/home/zzz/work/install/realsense2_camera_msgs/lib:${LD_LIBRARY_PATH} PYTHONPATH=/home/zzz/work/install/realsense2_camera_msgs/local/lib/python3.10/dist-packages:${PYTHONPATH} /usr/bin/cmake --install /home/zzz/work/build/realsense2_rviz_plugin
[0.659s] -- Install configuration: "Release"
[0.659s] -- Installing: /home/zzz/work/install/realsense2_rviz_plugin/share/realsense2_rviz_plugin/config/rviz_rgbd_plugin_settings.yaml
[0.659s] -- Installing: /home/zzz/work/install/realsense2_rviz_plugin/share/ament_index/resource_index/package_run_dependencies/realsense2_rviz_plugin
[0.660s] -- Installing: /home/zzz/work/install/realsense2_rviz_plugin/share/ament_index/resource_index/parent_prefix_path/realsense2_rviz_plugin
[0.660s] -- Installing: /home/zzz/work/install/realsense2_rviz_plugin/share/realsense2_rviz_plugin/environment/ament_prefix_path.sh
[0.660s] -- Installing: /home/zzz/work/install/realsense2_rviz_plugin/share/realsense2_rviz_plugin/environment/ament_prefix_path.dsv
[0.660s] -- Installing: /home/zzz/work/install/realsense2_rviz_plugin/share/realsense2_rviz_plugin/environment/path.sh
[0.661s] -- Installing: /home/zzz/work/install/realsense2_rviz_plugin/share/realsense2_rviz_plugin/environment/path.dsv
[0.661s] -- Installing: /home/zzz/work/install/realsense2_rviz_plugin/share/realsense2_rviz_plugin/local_setup.bash
[0.661s] -- Installing: /home/zzz/work/install/realsense2_rviz_plugin/share/realsense2_rviz_plugin/local_setup.sh
[0.661s] -- Installing: /home/zzz/work/install/realsense2_rviz_plugin/share/realsense2_rviz_plugin/local_setup.zsh
[0.661s] -- Installing: /home/zzz/work/install/realsense2_rviz_plugin/share/realsense2_rviz_plugin/local_setup.dsv
[0.661s] -- Installing: /home/zzz/work/install/realsense2_rviz_plugin/share/realsense2_rviz_plugin/package.dsv
[0.662s] -- Installing: /home/zzz/work/install/realsense2_rviz_plugin/share/ament_index/resource_index/packages/realsense2_rviz_plugin
[0.662s] -- Installing: /home/zzz/work/install/realsense2_rviz_plugin/share/realsense2_rviz_plugin/cmake/realsense2_rviz_pluginConfig.cmake
[0.662s] -- Installing: /home/zzz/work/install/realsense2_rviz_plugin/share/realsense2_rviz_plugin/cmake/realsense2_rviz_pluginConfig-version.cmake
[0.662s] -- Installing: /home/zzz/work/install/realsense2_rviz_plugin/share/realsense2_rviz_plugin/package.xml
[0.665s] Invoked command in '/home/zzz/work/build/realsense2_rviz_plugin' returned '0': AMENT_PREFIX_PATH=/home/zzz/work/install/realsense2_camera_msgs:${AMENT_PREFIX_PATH} CMAKE_PREFIX_PATH=/home/zzz/work/install/realsense2_camera_msgs:/opt/ros/humble LD_LIBRARY_PATH=/home/zzz/work/install/realsense2_camera_msgs/lib:${LD_LIBRARY_PATH} PYTHONPATH=/home/zzz/work/install/realsense2_camera_msgs/local/lib/python3.10/dist-packages:${PYTHONPATH} /usr/bin/cmake --install /home/zzz/work/build/realsense2_rviz_plugin
