[2.985s] Invoking command in '/home/zzz/work/build/yolo': PYTHONPATH=/home/zzz/work/build/yolo/prefix_override:/usr/lib/python3/dist-packages/colcon_core/task/python/colcon_distutils_commands:/home/zzz/work/install/yolo/lib/python3.10/site-packages:${PYTHONPATH} /usr/bin/python3 -W ignore:setup.py install is deprecated -W ignore:easy_install command is deprecated setup.py develop --editable --build-directory /home/zzz/work/build/yolo/build --no-deps symlink_data
[3.409s] running develop
[3.656s] running egg_info
[3.656s] writing yolo.egg-info/PKG-INFO
[3.656s] writing dependency_links to yolo.egg-info/dependency_links.txt
[3.656s] writing entry points to yolo.egg-info/entry_points.txt
[3.656s] writing requirements to yolo.egg-info/requires.txt
[3.657s] writing top-level names to yolo.egg-info/top_level.txt
[3.684s] reading manifest file 'yolo.egg-info/SOURCES.txt'
[3.685s] writing manifest file 'yolo.egg-info/SOURCES.txt'
[3.685s] running build_ext
[3.685s] Creating /home/zzz/work/install/yolo/lib/python3.10/site-packages/yolo.egg-link (link to .)
[3.685s] Installing apriltag script to /home/zzz/work/install/yolo/lib/yolo
[3.685s] Installing yolo_apriltag script to /home/zzz/work/install/yolo/lib/yolo
[3.685s] Installing yolo_pub script to /home/zzz/work/install/yolo/lib/yolo
[3.685s] Installing yolo_sub script to /home/zzz/work/install/yolo/lib/yolo
[3.685s] 
[3.685s] Installed /home/zzz/work/build/yolo
[3.686s] running symlink_data
[3.734s] Invoked command in '/home/zzz/work/build/yolo' returned '0': PYTHONPATH=/home/zzz/work/build/yolo/prefix_override:/usr/lib/python3/dist-packages/colcon_core/task/python/colcon_distutils_commands:/home/zzz/work/install/yolo/lib/python3.10/site-packages:${PYTHONPATH} /usr/bin/python3 -W ignore:setup.py install is deprecated -W ignore:easy_install command is deprecated setup.py develop --editable --build-directory /home/zzz/work/build/yolo/build --no-deps symlink_data
