[0.017s] Invoking command in '/home/zzz/work/build/hiwin_service_client': AMENT_PREFIX_PATH=/home/zzz/work/install/hiwin_libmodbus:/home/zzz/work/install/hiwin_interfaces:${AMENT_PREFIX_PATH} CMAKE_PREFIX_PATH=/home/zzz/work/install/hiwin_libmodbus:/home/zzz/work/install/hiwin_interfaces:/opt/ros/humble LD_LIBRARY_PATH=/home/zzz/work/install/hiwin_libmodbus/lib:/home/zzz/work/install/hiwin_interfaces/lib:${LD_LIBRARY_PATH} PYTHONPATH=/home/zzz/work/install/hiwin_libmodbus/local/lib/python3.10/dist-packages:/home/zzz/work/install/hiwin_interfaces/local/lib/python3.10/dist-packages:${PYTHONPATH} /usr/bin/cmake /home/zzz/work/src/Hiwin_libmodbus/hiwin_service_client -DCMAKE_BUILD_TYPE=Release -DCMAKE_INSTALL_PREFIX=/home/zzz/work/install/hiwin_service_client
[0.079s] -- The C compiler identification is GNU 11.4.0
[0.145s] -- The CXX compiler identification is GNU 11.4.0
[0.153s] -- Detecting C compiler ABI info
[0.245s] -- Detecting C compiler ABI info - done
[0.253s] -- Check for working C compiler: /usr/bin/cc - skipped
[0.253s] -- Detecting C compile features
[0.253s] -- Detecting C compile features - done
[0.257s] -- Detecting CXX compiler ABI info
[0.353s] -- Detecting CXX compiler ABI info - done
[0.361s] -- Check for working CXX compiler: /usr/bin/c++ - skipped
[0.362s] -- Detecting CXX compile features
[0.362s] -- Detecting CXX compile features - done
[0.368s] -- Found ament_cmake: 1.3.14 (/opt/ros/humble/share/ament_cmake/cmake)
[0.522s] -- Found Python3: /usr/bin/python3 (found version "3.10.12") found components: Interpreter 
[0.636s] -- Found hiwin_libmodbus: 0.0.0 (/home/zzz/work/install/hiwin_libmodbus/share/hiwin_libmodbus/cmake)
[0.638s] -- Found hiwin_interfaces: 0.0.0 (/home/zzz/work/install/hiwin_interfaces/share/hiwin_interfaces/cmake)
[0.706s] -- Found rosidl_generator_c: 3.1.8 (/opt/ros/humble/share/rosidl_generator_c/cmake)
[0.716s] -- Found rosidl_adapter: 3.1.8 (/opt/ros/humble/share/rosidl_adapter/cmake)
[0.730s] -- Found rosidl_generator_cpp: 3.1.8 (/opt/ros/humble/share/rosidl_generator_cpp/cmake)
[0.747s] -- Using all available rosidl_typesupport_c: rosidl_typesupport_fastrtps_c;rosidl_typesupport_introspection_c
[0.770s] -- Using all available rosidl_typesupport_cpp: rosidl_typesupport_fastrtps_cpp;rosidl_typesupport_introspection_cpp
[0.834s] -- Found rclpy: 3.3.21 (/opt/ros/humble/share/rclpy/cmake)
[0.837s] -- Found rclcpp: 16.0.19 (/opt/ros/humble/share/rclcpp/cmake)
[0.877s] -- Found rmw_implementation_cmake: 6.1.2 (/opt/ros/humble/share/rmw_implementation_cmake/cmake)
[0.881s] -- Found rmw_cyclonedds_cpp: 1.3.4 (/opt/ros/humble/share/rmw_cyclonedds_cpp/cmake)
[0.901s] -- Using RMW implementation 'rmw_cyclonedds_cpp' as default
[0.914s] -- Looking for pthread.h
[0.992s] -- Looking for pthread.h - found
[0.992s] -- Performing Test CMAKE_HAVE_LIBC_PTHREAD
[1.072s] -- Performing Test CMAKE_HAVE_LIBC_PTHREAD - Success
[1.072s] -- Found Threads: TRUE  
[1.107s] -- Found ament_lint_auto: 0.12.15 (/opt/ros/humble/share/ament_lint_auto/cmake)
[1.183s] -- Added test 'flake8' to check Python code syntax and style conventions
[1.183s] -- Added test 'lint_cmake' to check CMake code style
[1.184s] -- Added test 'pep257' to check Python code against some of the docstring style conventions in PEP 257
[1.184s] -- Added test 'xmllint' to check XML markup files
[1.185s] -- Configuring done
[1.191s] -- Generating done
[1.193s] -- Build files have been written to: /home/zzz/work/build/hiwin_service_client
[1.203s] Invoked command in '/home/zzz/work/build/hiwin_service_client' returned '0': AMENT_PREFIX_PATH=/home/zzz/work/install/hiwin_libmodbus:/home/zzz/work/install/hiwin_interfaces:${AMENT_PREFIX_PATH} CMAKE_PREFIX_PATH=/home/zzz/work/install/hiwin_libmodbus:/home/zzz/work/install/hiwin_interfaces:/opt/ros/humble LD_LIBRARY_PATH=/home/zzz/work/install/hiwin_libmodbus/lib:/home/zzz/work/install/hiwin_interfaces/lib:${LD_LIBRARY_PATH} PYTHONPATH=/home/zzz/work/install/hiwin_libmodbus/local/lib/python3.10/dist-packages:/home/zzz/work/install/hiwin_interfaces/local/lib/python3.10/dist-packages:${PYTHONPATH} /usr/bin/cmake /home/zzz/work/src/Hiwin_libmodbus/hiwin_service_client -DCMAKE_BUILD_TYPE=Release -DCMAKE_INSTALL_PREFIX=/home/zzz/work/install/hiwin_service_client
[1.204s] Invoking command in '/home/zzz/work/build/hiwin_service_client': AMENT_PREFIX_PATH=/home/zzz/work/install/hiwin_libmodbus:/home/zzz/work/install/hiwin_interfaces:${AMENT_PREFIX_PATH} CMAKE_PREFIX_PATH=/home/zzz/work/install/hiwin_libmodbus:/home/zzz/work/install/hiwin_interfaces:/opt/ros/humble LD_LIBRARY_PATH=/home/zzz/work/install/hiwin_libmodbus/lib:/home/zzz/work/install/hiwin_interfaces/lib:${LD_LIBRARY_PATH} PYTHONPATH=/home/zzz/work/install/hiwin_libmodbus/local/lib/python3.10/dist-packages:/home/zzz/work/install/hiwin_interfaces/local/lib/python3.10/dist-packages:${PYTHONPATH} /usr/bin/cmake --build /home/zzz/work/build/hiwin_service_client -- -j12 -l12
[1.259s] Invoked command in '/home/zzz/work/build/hiwin_service_client' returned '0': AMENT_PREFIX_PATH=/home/zzz/work/install/hiwin_libmodbus:/home/zzz/work/install/hiwin_interfaces:${AMENT_PREFIX_PATH} CMAKE_PREFIX_PATH=/home/zzz/work/install/hiwin_libmodbus:/home/zzz/work/install/hiwin_interfaces:/opt/ros/humble LD_LIBRARY_PATH=/home/zzz/work/install/hiwin_libmodbus/lib:/home/zzz/work/install/hiwin_interfaces/lib:${LD_LIBRARY_PATH} PYTHONPATH=/home/zzz/work/install/hiwin_libmodbus/local/lib/python3.10/dist-packages:/home/zzz/work/install/hiwin_interfaces/local/lib/python3.10/dist-packages:${PYTHONPATH} /usr/bin/cmake --build /home/zzz/work/build/hiwin_service_client -- -j12 -l12
[1.261s] Invoking command in '/home/zzz/work/build/hiwin_service_client': AMENT_PREFIX_PATH=/home/zzz/work/install/hiwin_libmodbus:/home/zzz/work/install/hiwin_interfaces:${AMENT_PREFIX_PATH} CMAKE_PREFIX_PATH=/home/zzz/work/install/hiwin_libmodbus:/home/zzz/work/install/hiwin_interfaces:/opt/ros/humble LD_LIBRARY_PATH=/home/zzz/work/install/hiwin_libmodbus/lib:/home/zzz/work/install/hiwin_interfaces/lib:${LD_LIBRARY_PATH} PYTHONPATH=/home/zzz/work/install/hiwin_libmodbus/local/lib/python3.10/dist-packages:/home/zzz/work/install/hiwin_interfaces/local/lib/python3.10/dist-packages:${PYTHONPATH} /usr/bin/cmake --install /home/zzz/work/build/hiwin_service_client
[1.271s] -- Install configuration: "Release"
[1.271s] -- Installing: /home/zzz/work/install/hiwin_service_client/share/ament_index/resource_index/package_run_dependencies/hiwin_service_client
[1.271s] -- Installing: /home/zzz/work/install/hiwin_service_client/share/ament_index/resource_index/parent_prefix_path/hiwin_service_client
[1.272s] -- Installing: /home/zzz/work/install/hiwin_service_client/share/hiwin_service_client/environment/ament_prefix_path.sh
[1.272s] -- Installing: /home/zzz/work/install/hiwin_service_client/share/hiwin_service_client/environment/ament_prefix_path.dsv
[1.272s] -- Installing: /home/zzz/work/install/hiwin_service_client/share/hiwin_service_client/environment/path.sh
[1.272s] -- Installing: /home/zzz/work/install/hiwin_service_client/share/hiwin_service_client/environment/path.dsv
[1.272s] -- Installing: /home/zzz/work/install/hiwin_service_client/share/hiwin_service_client/local_setup.bash
[1.273s] -- Installing: /home/zzz/work/install/hiwin_service_client/share/hiwin_service_client/local_setup.sh
[1.273s] -- Installing: /home/zzz/work/install/hiwin_service_client/share/hiwin_service_client/local_setup.zsh
[1.273s] -- Installing: /home/zzz/work/install/hiwin_service_client/share/hiwin_service_client/local_setup.dsv
[1.273s] -- Installing: /home/zzz/work/install/hiwin_service_client/share/hiwin_service_client/package.dsv
[1.274s] -- Installing: /home/zzz/work/install/hiwin_service_client/share/ament_index/resource_index/packages/hiwin_service_client
[1.274s] -- Installing: /home/zzz/work/install/hiwin_service_client/share/hiwin_service_client/cmake/hiwin_service_clientConfig.cmake
[1.274s] -- Installing: /home/zzz/work/install/hiwin_service_client/share/hiwin_service_client/cmake/hiwin_service_clientConfig-version.cmake
[1.274s] -- Installing: /home/zzz/work/install/hiwin_service_client/share/hiwin_service_client/package.xml
[1.278s] Invoked command in '/home/zzz/work/build/hiwin_service_client' returned '0': AMENT_PREFIX_PATH=/home/zzz/work/install/hiwin_libmodbus:/home/zzz/work/install/hiwin_interfaces:${AMENT_PREFIX_PATH} CMAKE_PREFIX_PATH=/home/zzz/work/install/hiwin_libmodbus:/home/zzz/work/install/hiwin_interfaces:/opt/ros/humble LD_LIBRARY_PATH=/home/zzz/work/install/hiwin_libmodbus/lib:/home/zzz/work/install/hiwin_interfaces/lib:${LD_LIBRARY_PATH} PYTHONPATH=/home/zzz/work/install/hiwin_libmodbus/local/lib/python3.10/dist-packages:/home/zzz/work/install/hiwin_interfaces/local/lib/python3.10/dist-packages:${PYTHONPATH} /usr/bin/cmake --install /home/zzz/work/build/hiwin_service_client
