running egg_info
writing ../../build/yolo/yolo.egg-info/PKG-INFO
writing dependency_links to ../../build/yolo/yolo.egg-info/dependency_links.txt
writing entry points to ../../build/yolo/yolo.egg-info/entry_points.txt
writing requirements to ../../build/yolo/yolo.egg-info/requires.txt
writing top-level names to ../../build/yolo/yolo.egg-info/top_level.txt
reading manifest file '../../build/yolo/yolo.egg-info/SOURCES.txt'
writing manifest file '../../build/yolo/yolo.egg-info/SOURCES.txt'
running build
running build_py
copying yolo/__init__.py -> /home/zzz/work/build/yolo/build/lib/yolo
copying yolo/camera_node_apriltag.py -> /home/zzz/work/build/yolo/build/lib/yolo
copying yolo/camera_node_sub.py -> /home/zzz/work/build/yolo/build/lib/yolo
copying yolo/camera_node_yolo_apriltag.py -> /home/zzz/work/build/yolo/build/lib/yolo
copying yolo/camera_node_pub.py -> /home/zzz/work/build/yolo/build/lib/yolo
running install
warning: build_py: byte-compiling is disabled, skipping.

running install_lib
running install_data
copying resource/yolo -> /home/zzz/work/install/yolo/share/ament_index/resource_index/packages
copying package.xml -> /home/zzz/work/install/yolo/share/yolo
running install_egg_info
warning: install_lib: byte-compiling is disabled, skipping.

removing '/home/zzz/work/install/yolo/lib/python3.10/site-packages/yolo-0.0.0-py3.10.egg-info' (and everything under it)
Copying ../../build/yolo/yolo.egg-info to /home/zzz/work/install/yolo/lib/python3.10/site-packages/yolo-0.0.0-py3.10.egg-info
running install_scripts
Installing apriltag script to /home/zzz/work/install/yolo/lib/yolo
Installing yolo_apriltag script to /home/zzz/work/install/yolo/lib/yolo
Installing yolo_pub script to /home/zzz/work/install/yolo/lib/yolo
Installing yolo_sub script to /home/zzz/work/install/yolo/lib/yolo
writing list of installed files to '/home/zzz/work/build/yolo/install.log'
