[0.130s] Invoking command in '/home/zzz/work/build/hiwin_libmodbus': CMAKE_PREFIX_PATH=/home/zzz/work/install/hiwin_interfaces:/home/zzz/work/install/realsense2_rviz_plugin:/home/zzz/work/install/realsense2_description:/home/zzz/work/install/realsense2_camera:/home/zzz/work/install/realsense2_camera_msgs:/home/zzz/work/install/hiwin_service_client:/home/zzz/work/install/hiwin_libmodbus:/home/zzz/work/install/yolo:/home/zzz/work/install/realsense2_ros_mqtt_bridge:/home/zzz/work/install/hiwin_example:/home/zzz/work/install/arduino_bridge:/opt/ros/humble LD_LIBRARY_PATH=/home/zzz/work/install/hiwin_interfaces/lib:/home/zzz/work/install/realsense2_camera/lib:/home/zzz/work/install/realsense2_camera_msgs/lib:/home/zzz/work/install/hiwin_libmodbus/lib:/opt/ros/humble/opt/rviz_ogre_vendor/lib:/opt/ros/humble/lib/x86_64-linux-gnu:/opt/ros/humble/lib /usr/bin/cmake --build /home/zzz/work/build/hiwin_libmodbus -- -j12 -l12
[0.344s] [  0%] Built target ament_cmake_python_symlink_hiwin_libmodbus
[0.374s] [ 42%] Built target hiwin_libmodbus
[0.437s] [ 57%] Built target hiwin_libmodbus_ctype_wrapper
[0.471s] [ 71%] Built target hiwin_libmodbus_node
[0.471s] [ 85%] Built target hiwinmodbus_server
[0.505s] [100%] Built target hiwinlibmodbus_server
[0.815s] running egg_info
[0.844s] writing hiwin_libmodbus.egg-info/PKG-INFO
[0.845s] writing dependency_links to hiwin_libmodbus.egg-info/dependency_links.txt
[0.848s] writing top-level names to hiwin_libmodbus.egg-info/top_level.txt
[0.934s] reading manifest file 'hiwin_libmodbus.egg-info/SOURCES.txt'
[0.935s] writing manifest file 'hiwin_libmodbus.egg-info/SOURCES.txt'
[1.020s] [100%] Built target ament_cmake_python_build_hiwin_libmodbus_egg
[1.048s] Invoked command in '/home/zzz/work/build/hiwin_libmodbus' returned '0': CMAKE_PREFIX_PATH=/home/zzz/work/install/hiwin_interfaces:/home/zzz/work/install/realsense2_rviz_plugin:/home/zzz/work/install/realsense2_description:/home/zzz/work/install/realsense2_camera:/home/zzz/work/install/realsense2_camera_msgs:/home/zzz/work/install/hiwin_service_client:/home/zzz/work/install/hiwin_libmodbus:/home/zzz/work/install/yolo:/home/zzz/work/install/realsense2_ros_mqtt_bridge:/home/zzz/work/install/hiwin_example:/home/zzz/work/install/arduino_bridge:/opt/ros/humble LD_LIBRARY_PATH=/home/zzz/work/install/hiwin_interfaces/lib:/home/zzz/work/install/realsense2_camera/lib:/home/zzz/work/install/realsense2_camera_msgs/lib:/home/zzz/work/install/hiwin_libmodbus/lib:/opt/ros/humble/opt/rviz_ogre_vendor/lib:/opt/ros/humble/lib/x86_64-linux-gnu:/opt/ros/humble/lib /usr/bin/cmake --build /home/zzz/work/build/hiwin_libmodbus -- -j12 -l12
[1.049s] Invoking command in '/home/zzz/work/build/hiwin_libmodbus': CMAKE_PREFIX_PATH=/home/zzz/work/install/hiwin_interfaces:/home/zzz/work/install/realsense2_rviz_plugin:/home/zzz/work/install/realsense2_description:/home/zzz/work/install/realsense2_camera:/home/zzz/work/install/realsense2_camera_msgs:/home/zzz/work/install/hiwin_service_client:/home/zzz/work/install/hiwin_libmodbus:/home/zzz/work/install/yolo:/home/zzz/work/install/realsense2_ros_mqtt_bridge:/home/zzz/work/install/hiwin_example:/home/zzz/work/install/arduino_bridge:/opt/ros/humble LD_LIBRARY_PATH=/home/zzz/work/install/hiwin_interfaces/lib:/home/zzz/work/install/realsense2_camera/lib:/home/zzz/work/install/realsense2_camera_msgs/lib:/home/zzz/work/install/hiwin_libmodbus/lib:/opt/ros/humble/opt/rviz_ogre_vendor/lib:/opt/ros/humble/lib/x86_64-linux-gnu:/opt/ros/humble/lib /usr/bin/cmake --install /home/zzz/work/build/hiwin_libmodbus
[1.089s] -- Install configuration: ""
[1.093s] -- Execute custom install script
[1.094s] -- Up-to-date symlink: /home/zzz/work/install/hiwin_libmodbus/include/hiwin_libmodbus/hiwin_libmodbus.hpp
[1.095s] -- Up-to-date symlink: /home/zzz/work/install/hiwin_libmodbus/include/hiwin_libmodbus/visibility_control.h
[1.099s] -- Up-to-date symlink: /home/zzz/work/install/hiwin_libmodbus/lib/hiwin_libmodbus/hiwinmodbus_server
[1.103s] -- Up-to-date symlink: /home/zzz/work/install/hiwin_libmodbus/lib/hiwin_libmodbus/hiwinlibmodbus_server
[1.104s] -- Up-to-date symlink: /home/zzz/work/install/hiwin_libmodbus/lib/hiwin_libmodbus/hiwin_libmodbus_node
[1.105s] -- Up-to-date symlink: /home/zzz/work/install/hiwin_libmodbus/share/hiwin_libmodbus/environment/pythonpath.sh
[1.106s] -- Up-to-date symlink: /home/zzz/work/install/hiwin_libmodbus/share/hiwin_libmodbus/environment/pythonpath.dsv
[1.108s] -- Up-to-date symlink: /home/zzz/work/install/hiwin_libmodbus/local/lib/python3.10/dist-packages/hiwin_libmodbus-0.0.0-py3.10.egg-info/PKG-INFO
[1.110s] -- Up-to-date symlink: /home/zzz/work/install/hiwin_libmodbus/local/lib/python3.10/dist-packages/hiwin_libmodbus-0.0.0-py3.10.egg-info/SOURCES.txt
[1.110s] -- Up-to-date symlink: /home/zzz/work/install/hiwin_libmodbus/local/lib/python3.10/dist-packages/hiwin_libmodbus-0.0.0-py3.10.egg-info/dependency_links.txt
[1.111s] -- Up-to-date symlink: /home/zzz/work/install/hiwin_libmodbus/local/lib/python3.10/dist-packages/hiwin_libmodbus-0.0.0-py3.10.egg-info/top_level.txt
[1.117s] -- Up-to-date symlink: /home/zzz/work/install/hiwin_libmodbus/local/lib/python3.10/dist-packages/hiwin_libmodbus/__init__.py
[1.122s] -- Up-to-date symlink: /home/zzz/work/install/hiwin_libmodbus/local/lib/python3.10/dist-packages/hiwin_libmodbus/hiwin_libmodbus.py
[1.128s] -- Up-to-date symlink: /home/zzz/work/install/hiwin_libmodbus/lib/hiwin_libmodbus/Hiwin_API_test.py
[1.129s] -- Up-to-date symlink: /home/zzz/work/install/hiwin_libmodbus/share/hiwin_libmodbus/environment/library_path.sh
[1.129s] -- Up-to-date symlink: /home/zzz/work/install/hiwin_libmodbus/share/hiwin_libmodbus/environment/library_path.dsv
[1.129s] -- Up-to-date symlink: /home/zzz/work/install/hiwin_libmodbus/share/ament_index/resource_index/package_run_dependencies/hiwin_libmodbus
[1.129s] -- Up-to-date symlink: /home/zzz/work/install/hiwin_libmodbus/share/ament_index/resource_index/parent_prefix_path/hiwin_libmodbus
[1.130s] -- Up-to-date symlink: /home/zzz/work/install/hiwin_libmodbus/share/hiwin_libmodbus/environment/ament_prefix_path.sh
[1.130s] -- Up-to-date symlink: /home/zzz/work/install/hiwin_libmodbus/share/hiwin_libmodbus/environment/ament_prefix_path.dsv
[1.130s] -- Up-to-date symlink: /home/zzz/work/install/hiwin_libmodbus/share/hiwin_libmodbus/environment/path.sh
[1.130s] -- Up-to-date symlink: /home/zzz/work/install/hiwin_libmodbus/share/hiwin_libmodbus/environment/path.dsv
[1.131s] -- Up-to-date symlink: /home/zzz/work/install/hiwin_libmodbus/share/hiwin_libmodbus/local_setup.bash
[1.134s] -- Up-to-date symlink: /home/zzz/work/install/hiwin_libmodbus/share/hiwin_libmodbus/local_setup.sh
[1.140s] -- Up-to-date symlink: /home/zzz/work/install/hiwin_libmodbus/share/hiwin_libmodbus/local_setup.zsh
[1.142s] -- Up-to-date symlink: /home/zzz/work/install/hiwin_libmodbus/share/hiwin_libmodbus/local_setup.dsv
[1.148s] -- Symlinking: /home/zzz/work/install/hiwin_libmodbus/share/hiwin_libmodbus/package.dsv
[1.161s] -- Up-to-date symlink: /home/zzz/work/install/hiwin_libmodbus/share/ament_index/resource_index/packages/hiwin_libmodbus
[1.163s] -- Up-to-date symlink: /home/zzz/work/install/hiwin_libmodbus/share/hiwin_libmodbus/cmake/ament_cmake_export_include_directories-extras.cmake
[1.171s] -- Up-to-date symlink: /home/zzz/work/install/hiwin_libmodbus/share/hiwin_libmodbus/cmake/ament_cmake_export_libraries-extras.cmake
[1.171s] -- Up-to-date symlink: /home/zzz/work/install/hiwin_libmodbus/share/hiwin_libmodbus/cmake/ament_cmake_export_targets-extras.cmake
[1.171s] -- Up-to-date symlink: /home/zzz/work/install/hiwin_libmodbus/share/hiwin_libmodbus/cmake/hiwin_libmodbusConfig.cmake
[1.171s] -- Up-to-date symlink: /home/zzz/work/install/hiwin_libmodbus/share/hiwin_libmodbus/cmake/hiwin_libmodbusConfig-version.cmake
[1.171s] -- Up-to-date symlink: /home/zzz/work/install/hiwin_libmodbus/share/hiwin_libmodbus/package.xml
[1.171s] -- Up-to-date: /home/zzz/work/install/hiwin_libmodbus/lib/libhiwin_libmodbus.so
[1.171s] -- Up-to-date: /home/zzz/work/install/hiwin_libmodbus/lib/libhiwin_libmodbus_ctype_wrapper.so
[1.227s] Listing '/home/zzz/work/install/hiwin_libmodbus/local/lib/python3.10/dist-packages/hiwin_libmodbus'...
[1.234s] -- Up-to-date: /home/zzz/work/install/hiwin_libmodbus/share/hiwin_libmodbus/cmake/export_hiwin_libmodbusExport.cmake
[1.234s] -- Up-to-date: /home/zzz/work/install/hiwin_libmodbus/share/hiwin_libmodbus/cmake/export_hiwin_libmodbusExport-noconfig.cmake
[1.238s] Invoked command in '/home/zzz/work/build/hiwin_libmodbus' returned '0': CMAKE_PREFIX_PATH=/home/zzz/work/install/hiwin_interfaces:/home/zzz/work/install/realsense2_rviz_plugin:/home/zzz/work/install/realsense2_description:/home/zzz/work/install/realsense2_camera:/home/zzz/work/install/realsense2_camera_msgs:/home/zzz/work/install/hiwin_service_client:/home/zzz/work/install/hiwin_libmodbus:/home/zzz/work/install/yolo:/home/zzz/work/install/realsense2_ros_mqtt_bridge:/home/zzz/work/install/hiwin_example:/home/zzz/work/install/arduino_bridge:/opt/ros/humble LD_LIBRARY_PATH=/home/zzz/work/install/hiwin_interfaces/lib:/home/zzz/work/install/realsense2_camera/lib:/home/zzz/work/install/realsense2_camera_msgs/lib:/home/zzz/work/install/hiwin_libmodbus/lib:/opt/ros/humble/opt/rviz_ogre_vendor/lib:/opt/ros/humble/lib/x86_64-linux-gnu:/opt/ros/humble/lib /usr/bin/cmake --install /home/zzz/work/build/hiwin_libmodbus
