[1.559s] Invoking command in '/home/zzz/work/build/yolo': PYTHONPATH=/home/zzz/work/build/yolo/prefix_override:/usr/lib/python3/dist-packages/colcon_core/task/python/colcon_distutils_commands:/home/zzz/work/install/yolo/lib/python3.10/site-packages:${PYTHONPATH} /usr/bin/python3 -W ignore:setup.py install is deprecated -W ignore:easy_install command is deprecated setup.py develop --editable --build-directory /home/zzz/work/build/yolo/build --no-deps symlink_data
[1.777s] running develop
[1.901s] running egg_info
[1.901s] creating yolo.egg-info
[1.901s] writing yolo.egg-info/PKG-INFO
[1.901s] writing dependency_links to yolo.egg-info/dependency_links.txt
[1.901s] writing entry points to yolo.egg-info/entry_points.txt
[1.901s] writing requirements to yolo.egg-info/requires.txt
[1.901s] writing top-level names to yolo.egg-info/top_level.txt
[1.901s] writing manifest file 'yolo.egg-info/SOURCES.txt'
[1.903s] reading manifest file 'yolo.egg-info/SOURCES.txt'
[1.903s] writing manifest file 'yolo.egg-info/SOURCES.txt'
[1.905s] running build_ext
[1.905s] Creating /home/zzz/work/install/yolo/lib/python3.10/site-packages/yolo.egg-link (link to .)
[1.906s] Installing apriltag script to /home/zzz/work/install/yolo/lib/yolo
[1.907s] Installing yolo_apriltag script to /home/zzz/work/install/yolo/lib/yolo
[1.907s] Installing yolo_pub script to /home/zzz/work/install/yolo/lib/yolo
[1.907s] Installing yolo_sub script to /home/zzz/work/install/yolo/lib/yolo
[1.907s] 
[1.907s] Installed /home/zzz/work/build/yolo
[1.907s] running symlink_data
[1.907s] creating /home/zzz/work/install/yolo/share/ament_index
[1.908s] creating /home/zzz/work/install/yolo/share/ament_index/resource_index
[1.908s] creating /home/zzz/work/install/yolo/share/ament_index/resource_index/packages
[1.908s] symbolically linking /home/zzz/work/build/yolo/resource/yolo -> /home/zzz/work/install/yolo/share/ament_index/resource_index/packages
[1.908s] symbolically linking /home/zzz/work/build/yolo/package.xml -> /home/zzz/work/install/yolo/share/yolo
[1.952s] Invoked command in '/home/zzz/work/build/yolo' returned '0': PYTHONPATH=/home/zzz/work/build/yolo/prefix_override:/usr/lib/python3/dist-packages/colcon_core/task/python/colcon_distutils_commands:/home/zzz/work/install/yolo/lib/python3.10/site-packages:${PYTHONPATH} /usr/bin/python3 -W ignore:setup.py install is deprecated -W ignore:easy_install command is deprecated setup.py develop --editable --build-directory /home/zzz/work/build/yolo/build --no-deps symlink_data
