[  2%] Built target hiwin_interfaces__cpp
[  5%] Built target hiwin_interfaces__rs
[ 15%] Built target hiwin_interfaces__rosidl_generator_c
[ 15%] Built target ament_cmake_python_symlink_hiwin_interfaces
[ 25%] Built target hiwin_interfaces__rosidl_typesupport_fastrtps_cpp
[ 42%] Built target hiwin_interfaces__rosidl_typesupport_introspection_cpp
[ 45%] Built target hiwin_interfaces__rosidl_typesupport_cpp
[ 57%] Built target hiwin_interfaces__rosidl_typesupport_fastrtps_c
[ 65%] Built target hiwin_interfaces__rosidl_typesupport_c
[ 75%] Built target hiwin_interfaces__rosidl_typesupport_introspection_c
[ 75%] Built target hiwin_interfaces
[ 77%] Built target hiwin_interfaces__py
[ 85%] Built target hiwin_interfaces__rosidl_generator_py
[ 90%] Built target hiwin_interfaces__rosidl_typesupport_c__pyext
[100%] Built target hiwin_interfaces__rosidl_typesupport_introspection_c__pyext
[100%] Built target hiwin_interfaces__rosidl_typesupport_fastrtps_c__pyext
running egg_info
writing hiwin_interfaces.egg-info/PKG-INFO
writing dependency_links to hiwin_interfaces.egg-info/dependency_links.txt
writing top-level names to hiwin_interfaces.egg-info/top_level.txt
reading manifest file 'hiwin_interfaces.egg-info/SOURCES.txt'
writing manifest file 'hiwin_interfaces.egg-info/SOURCES.txt'
[100%] Built target ament_cmake_python_build_hiwin_interfaces_egg
-- Install configuration: ""
-- Execute custom install script
-- Up-to-date symlink: /home/zzz/work/install/hiwin_interfaces/share/ament_index/resource_index/rosidl_interfaces/hiwin_interfaces
-- Up-to-date symlink: /home/zzz/work/install/hiwin_interfaces/include/hiwin_interfaces/hiwin_interfaces/msg/rosidl_generator_c__visibility_control.h
-- Up-to-date symlink: /home/zzz/work/install/hiwin_interfaces/include/hiwin_interfaces/hiwin_interfaces/srv/detail/hiwinmodbus__functions.h
-- Up-to-date symlink: /home/zzz/work/install/hiwin_interfaces/include/hiwin_interfaces/hiwin_interfaces/srv/detail/hiwinmodbus__struct.h
-- Up-to-date symlink: /home/zzz/work/install/hiwin_interfaces/include/hiwin_interfaces/hiwin_interfaces/srv/detail/hiwinmodbus__type_support.h
-- Up-to-date symlink: /home/zzz/work/install/hiwin_interfaces/include/hiwin_interfaces/hiwin_interfaces/srv/detail/robot_command__functions.h
-- Up-to-date symlink: /home/zzz/work/install/hiwin_interfaces/include/hiwin_interfaces/hiwin_interfaces/srv/detail/robot_command__struct.h
-- Up-to-date symlink: /home/zzz/work/install/hiwin_interfaces/include/hiwin_interfaces/hiwin_interfaces/srv/detail/robot_command__type_support.h
-- Up-to-date symlink: /home/zzz/work/install/hiwin_interfaces/include/hiwin_interfaces/hiwin_interfaces/srv/hiwinmodbus.h
-- Up-to-date symlink: /home/zzz/work/install/hiwin_interfaces/include/hiwin_interfaces/hiwin_interfaces/srv/robot_command.h
-- Up-to-date symlink: /home/zzz/work/install/hiwin_interfaces/share/hiwin_interfaces/environment/library_path.sh
-- Up-to-date symlink: /home/zzz/work/install/hiwin_interfaces/share/hiwin_interfaces/environment/library_path.dsv
-- Up-to-date symlink: /home/zzz/work/install/hiwin_interfaces/include/hiwin_interfaces/hiwin_interfaces/msg/rosidl_typesupport_fastrtps_c__visibility_control.h
-- Up-to-date symlink: /home/zzz/work/install/hiwin_interfaces/include/hiwin_interfaces/hiwin_interfaces/srv/detail/hiwinmodbus__rosidl_typesupport_fastrtps_c.h
-- Up-to-date symlink: /home/zzz/work/install/hiwin_interfaces/include/hiwin_interfaces/hiwin_interfaces/srv/detail/robot_command__rosidl_typesupport_fastrtps_c.h
-- Up-to-date symlink: /home/zzz/work/install/hiwin_interfaces/include/hiwin_interfaces/hiwin_interfaces/msg/rosidl_generator_cpp__visibility_control.hpp
-- Up-to-date symlink: /home/zzz/work/install/hiwin_interfaces/include/hiwin_interfaces/hiwin_interfaces/srv/detail/hiwinmodbus__builder.hpp
-- Up-to-date symlink: /home/zzz/work/install/hiwin_interfaces/include/hiwin_interfaces/hiwin_interfaces/srv/detail/hiwinmodbus__struct.hpp
-- Up-to-date symlink: /home/zzz/work/install/hiwin_interfaces/include/hiwin_interfaces/hiwin_interfaces/srv/detail/hiwinmodbus__traits.hpp
-- Up-to-date symlink: /home/zzz/work/install/hiwin_interfaces/include/hiwin_interfaces/hiwin_interfaces/srv/detail/hiwinmodbus__type_support.hpp
-- Up-to-date symlink: /home/zzz/work/install/hiwin_interfaces/include/hiwin_interfaces/hiwin_interfaces/srv/detail/robot_command__builder.hpp
-- Up-to-date symlink: /home/zzz/work/install/hiwin_interfaces/include/hiwin_interfaces/hiwin_interfaces/srv/detail/robot_command__struct.hpp
-- Up-to-date symlink: /home/zzz/work/install/hiwin_interfaces/include/hiwin_interfaces/hiwin_interfaces/srv/detail/robot_command__traits.hpp
-- Up-to-date symlink: /home/zzz/work/install/hiwin_interfaces/include/hiwin_interfaces/hiwin_interfaces/srv/detail/robot_command__type_support.hpp
-- Up-to-date symlink: /home/zzz/work/install/hiwin_interfaces/include/hiwin_interfaces/hiwin_interfaces/srv/hiwinmodbus.hpp
-- Up-to-date symlink: /home/zzz/work/install/hiwin_interfaces/include/hiwin_interfaces/hiwin_interfaces/srv/robot_command.hpp
-- Up-to-date symlink: /home/zzz/work/install/hiwin_interfaces/include/hiwin_interfaces/hiwin_interfaces/msg/rosidl_typesupport_fastrtps_cpp__visibility_control.h
-- Up-to-date symlink: /home/zzz/work/install/hiwin_interfaces/include/hiwin_interfaces/hiwin_interfaces/srv/detail/hiwinmodbus__rosidl_typesupport_fastrtps_cpp.hpp
-- Up-to-date symlink: /home/zzz/work/install/hiwin_interfaces/include/hiwin_interfaces/hiwin_interfaces/srv/detail/robot_command__rosidl_typesupport_fastrtps_cpp.hpp
-- Up-to-date symlink: /home/zzz/work/install/hiwin_interfaces/include/hiwin_interfaces/hiwin_interfaces/msg/rosidl_typesupport_introspection_c__visibility_control.h
-- Up-to-date symlink: /home/zzz/work/install/hiwin_interfaces/include/hiwin_interfaces/hiwin_interfaces/srv/detail/hiwinmodbus__rosidl_typesupport_introspection_c.h
-- Up-to-date symlink: /home/zzz/work/install/hiwin_interfaces/include/hiwin_interfaces/hiwin_interfaces/srv/detail/robot_command__rosidl_typesupport_introspection_c.h
-- Up-to-date symlink: /home/zzz/work/install/hiwin_interfaces/include/hiwin_interfaces/hiwin_interfaces/srv/detail/hiwinmodbus__rosidl_typesupport_introspection_cpp.hpp
-- Up-to-date symlink: /home/zzz/work/install/hiwin_interfaces/include/hiwin_interfaces/hiwin_interfaces/srv/detail/robot_command__rosidl_typesupport_introspection_cpp.hpp
-- Up-to-date symlink: /home/zzz/work/install/hiwin_interfaces/share/hiwin_interfaces/environment/pythonpath.sh
-- Up-to-date symlink: /home/zzz/work/install/hiwin_interfaces/share/hiwin_interfaces/environment/pythonpath.dsv
-- Up-to-date symlink: /home/zzz/work/install/hiwin_interfaces/local/lib/python3.10/dist-packages/hiwin_interfaces-0.0.0-py3.10.egg-info/PKG-INFO
-- Up-to-date symlink: /home/zzz/work/install/hiwin_interfaces/local/lib/python3.10/dist-packages/hiwin_interfaces-0.0.0-py3.10.egg-info/SOURCES.txt
-- Up-to-date symlink: /home/zzz/work/install/hiwin_interfaces/local/lib/python3.10/dist-packages/hiwin_interfaces-0.0.0-py3.10.egg-info/dependency_links.txt
-- Up-to-date symlink: /home/zzz/work/install/hiwin_interfaces/local/lib/python3.10/dist-packages/hiwin_interfaces-0.0.0-py3.10.egg-info/top_level.txt
-- Up-to-date symlink: /home/zzz/work/install/hiwin_interfaces/local/lib/python3.10/dist-packages/hiwin_interfaces/__init__.py
-- Up-to-date symlink: /home/zzz/work/install/hiwin_interfaces/local/lib/python3.10/dist-packages/hiwin_interfaces/_hiwin_interfaces_s.ep.rosidl_typesupport_c.c
-- Up-to-date symlink: /home/zzz/work/install/hiwin_interfaces/local/lib/python3.10/dist-packages/hiwin_interfaces/_hiwin_interfaces_s.ep.rosidl_typesupport_fastrtps_c.c
-- Up-to-date symlink: /home/zzz/work/install/hiwin_interfaces/local/lib/python3.10/dist-packages/hiwin_interfaces/_hiwin_interfaces_s.ep.rosidl_typesupport_introspection_c.c
-- Up-to-date symlink: /home/zzz/work/install/hiwin_interfaces/local/lib/python3.10/dist-packages/hiwin_interfaces/hiwin_interfaces_s__rosidl_typesupport_c.cpython-310-x86_64-linux-gnu.so
-- Up-to-date symlink: /home/zzz/work/install/hiwin_interfaces/local/lib/python3.10/dist-packages/hiwin_interfaces/hiwin_interfaces_s__rosidl_typesupport_fastrtps_c.cpython-310-x86_64-linux-gnu.so
-- Up-to-date symlink: /home/zzz/work/install/hiwin_interfaces/local/lib/python3.10/dist-packages/hiwin_interfaces/hiwin_interfaces_s__rosidl_typesupport_introspection_c.cpython-310-x86_64-linux-gnu.so
-- Up-to-date symlink: /home/zzz/work/install/hiwin_interfaces/local/lib/python3.10/dist-packages/hiwin_interfaces/libhiwin_interfaces__rosidl_generator_py.so
-- Up-to-date symlink: /home/zzz/work/install/hiwin_interfaces/local/lib/python3.10/dist-packages/hiwin_interfaces/srv/__init__.py
-- Up-to-date symlink: /home/zzz/work/install/hiwin_interfaces/local/lib/python3.10/dist-packages/hiwin_interfaces/srv/_hiwinmodbus.py
-- Up-to-date symlink: /home/zzz/work/install/hiwin_interfaces/local/lib/python3.10/dist-packages/hiwin_interfaces/srv/_hiwinmodbus_s.c
-- Up-to-date symlink: /home/zzz/work/install/hiwin_interfaces/local/lib/python3.10/dist-packages/hiwin_interfaces/srv/_robot_command.py
-- Up-to-date symlink: /home/zzz/work/install/hiwin_interfaces/local/lib/python3.10/dist-packages/hiwin_interfaces/srv/_robot_command_s.c
-- Up-to-date symlink: /home/zzz/work/install/hiwin_interfaces/local/lib/python3.10/dist-packages/hiwin_interfaces/hiwin_interfaces_s__rosidl_typesupport_fastrtps_c.cpython-310-x86_64-linux-gnu.so
-- Up-to-date symlink: /home/zzz/work/install/hiwin_interfaces/local/lib/python3.10/dist-packages/hiwin_interfaces/hiwin_interfaces_s__rosidl_typesupport_introspection_c.cpython-310-x86_64-linux-gnu.so
-- Up-to-date symlink: /home/zzz/work/install/hiwin_interfaces/local/lib/python3.10/dist-packages/hiwin_interfaces/hiwin_interfaces_s__rosidl_typesupport_c.cpython-310-x86_64-linux-gnu.so
-- Up-to-date symlink: /home/zzz/work/install/hiwin_interfaces/share/ament_index/resource_index/rust_packages/hiwin_interfaces
-- Up-to-date symlink: /home/zzz/work/install/hiwin_interfaces/share/hiwin_interfaces/rust/Cargo.toml
-- Up-to-date symlink: /home/zzz/work/install/hiwin_interfaces/share/hiwin_interfaces/rust/build.rs
-- Up-to-date symlink: /home/zzz/work/install/hiwin_interfaces/share/hiwin_interfaces/rust/src/lib.rs
-- Up-to-date symlink: /home/zzz/work/install/hiwin_interfaces/share/hiwin_interfaces/rust/src/srv.rs
-- Up-to-date symlink: /home/zzz/work/install/hiwin_interfaces/share/hiwin_interfaces/rust/src/srv/rmw.rs
-- Up-to-date symlink: /home/zzz/work/install/hiwin_interfaces/share/hiwin_interfaces/srv/Hiwinmodbus.idl
-- Up-to-date symlink: /home/zzz/work/install/hiwin_interfaces/share/hiwin_interfaces/srv/RobotCommand.idl
-- Up-to-date symlink: /home/zzz/work/install/hiwin_interfaces/share/hiwin_interfaces/srv/Hiwinmodbus.srv
-- Up-to-date symlink: /home/zzz/work/install/hiwin_interfaces/share/hiwin_interfaces/srv/Hiwinmodbus_Request.msg
-- Up-to-date symlink: /home/zzz/work/install/hiwin_interfaces/share/hiwin_interfaces/srv/Hiwinmodbus_Response.msg
-- Up-to-date symlink: /home/zzz/work/install/hiwin_interfaces/share/hiwin_interfaces/srv/RobotCommand.srv
-- Up-to-date symlink: /home/zzz/work/install/hiwin_interfaces/share/hiwin_interfaces/srv/RobotCommand_Request.msg
-- Up-to-date symlink: /home/zzz/work/install/hiwin_interfaces/share/hiwin_interfaces/srv/RobotCommand_Response.msg
-- Up-to-date symlink: /home/zzz/work/install/hiwin_interfaces/share/ament_index/resource_index/package_run_dependencies/hiwin_interfaces
-- Up-to-date symlink: /home/zzz/work/install/hiwin_interfaces/share/ament_index/resource_index/parent_prefix_path/hiwin_interfaces
-- Up-to-date symlink: /home/zzz/work/install/hiwin_interfaces/share/hiwin_interfaces/environment/ament_prefix_path.sh
-- Up-to-date symlink: /home/zzz/work/install/hiwin_interfaces/share/hiwin_interfaces/environment/ament_prefix_path.dsv
-- Up-to-date symlink: /home/zzz/work/install/hiwin_interfaces/share/hiwin_interfaces/environment/path.sh
-- Up-to-date symlink: /home/zzz/work/install/hiwin_interfaces/share/hiwin_interfaces/environment/path.dsv
-- Up-to-date symlink: /home/zzz/work/install/hiwin_interfaces/share/hiwin_interfaces/local_setup.bash
-- Up-to-date symlink: /home/zzz/work/install/hiwin_interfaces/share/hiwin_interfaces/local_setup.sh
-- Up-to-date symlink: /home/zzz/work/install/hiwin_interfaces/share/hiwin_interfaces/local_setup.zsh
-- Up-to-date symlink: /home/zzz/work/install/hiwin_interfaces/share/hiwin_interfaces/local_setup.dsv
-- Symlinking: /home/zzz/work/install/hiwin_interfaces/share/hiwin_interfaces/package.dsv
-- Up-to-date symlink: /home/zzz/work/install/hiwin_interfaces/share/ament_index/resource_index/packages/hiwin_interfaces
-- Up-to-date symlink: /home/zzz/work/install/hiwin_interfaces/share/hiwin_interfaces/cmake/rosidl_cmake-extras.cmake
-- Up-to-date symlink: /home/zzz/work/install/hiwin_interfaces/share/hiwin_interfaces/cmake/ament_cmake_export_dependencies-extras.cmake
-- Up-to-date symlink: /home/zzz/work/install/hiwin_interfaces/share/hiwin_interfaces/cmake/ament_cmake_export_include_directories-extras.cmake
-- Up-to-date symlink: /home/zzz/work/install/hiwin_interfaces/share/hiwin_interfaces/cmake/ament_cmake_export_libraries-extras.cmake
-- Up-to-date symlink: /home/zzz/work/install/hiwin_interfaces/share/hiwin_interfaces/cmake/ament_cmake_export_targets-extras.cmake
-- Up-to-date symlink: /home/zzz/work/install/hiwin_interfaces/share/hiwin_interfaces/cmake/rosidl_cmake_export_typesupport_targets-extras.cmake
-- Up-to-date symlink: /home/zzz/work/install/hiwin_interfaces/share/hiwin_interfaces/cmake/rosidl_cmake_export_typesupport_libraries-extras.cmake
-- Up-to-date symlink: /home/zzz/work/install/hiwin_interfaces/share/hiwin_interfaces/cmake/hiwin_interfacesConfig.cmake
-- Up-to-date symlink: /home/zzz/work/install/hiwin_interfaces/share/hiwin_interfaces/cmake/hiwin_interfacesConfig-version.cmake
-- Up-to-date symlink: /home/zzz/work/install/hiwin_interfaces/share/hiwin_interfaces/package.xml
-- Up-to-date: /home/zzz/work/install/hiwin_interfaces/lib/libhiwin_interfaces__rosidl_generator_c.so
-- Up-to-date: /home/zzz/work/install/hiwin_interfaces/lib/libhiwin_interfaces__rosidl_typesupport_fastrtps_c.so
-- Up-to-date: /home/zzz/work/install/hiwin_interfaces/lib/libhiwin_interfaces__rosidl_typesupport_fastrtps_cpp.so
-- Up-to-date: /home/zzz/work/install/hiwin_interfaces/lib/libhiwin_interfaces__rosidl_typesupport_introspection_c.so
-- Up-to-date: /home/zzz/work/install/hiwin_interfaces/lib/libhiwin_interfaces__rosidl_typesupport_c.so
-- Up-to-date: /home/zzz/work/install/hiwin_interfaces/lib/libhiwin_interfaces__rosidl_typesupport_introspection_cpp.so
-- Up-to-date: /home/zzz/work/install/hiwin_interfaces/lib/libhiwin_interfaces__rosidl_typesupport_cpp.so
Listing '/home/zzz/work/install/hiwin_interfaces/local/lib/python3.10/dist-packages/hiwin_interfaces'...
Listing '/home/zzz/work/install/hiwin_interfaces/local/lib/python3.10/dist-packages/hiwin_interfaces/srv'...
-- Up-to-date: /home/zzz/work/install/hiwin_interfaces/lib/libhiwin_interfaces__rosidl_generator_py.so
-- Up-to-date: /home/zzz/work/install/hiwin_interfaces/share/hiwin_interfaces/cmake/export_hiwin_interfaces__rosidl_generator_cExport.cmake
-- Up-to-date: /home/zzz/work/install/hiwin_interfaces/share/hiwin_interfaces/cmake/export_hiwin_interfaces__rosidl_generator_cExport-noconfig.cmake
-- Up-to-date: /home/zzz/work/install/hiwin_interfaces/share/hiwin_interfaces/cmake/export_hiwin_interfaces__rosidl_typesupport_fastrtps_cExport.cmake
-- Up-to-date: /home/zzz/work/install/hiwin_interfaces/share/hiwin_interfaces/cmake/export_hiwin_interfaces__rosidl_typesupport_fastrtps_cExport-noconfig.cmake
-- Up-to-date: /home/zzz/work/install/hiwin_interfaces/share/hiwin_interfaces/cmake/export_hiwin_interfaces__rosidl_generator_cppExport.cmake
-- Up-to-date: /home/zzz/work/install/hiwin_interfaces/share/hiwin_interfaces/cmake/export_hiwin_interfaces__rosidl_typesupport_fastrtps_cppExport.cmake
-- Up-to-date: /home/zzz/work/install/hiwin_interfaces/share/hiwin_interfaces/cmake/export_hiwin_interfaces__rosidl_typesupport_fastrtps_cppExport-noconfig.cmake
-- Up-to-date: /home/zzz/work/install/hiwin_interfaces/share/hiwin_interfaces/cmake/hiwin_interfaces__rosidl_typesupport_introspection_cExport.cmake
-- Up-to-date: /home/zzz/work/install/hiwin_interfaces/share/hiwin_interfaces/cmake/hiwin_interfaces__rosidl_typesupport_introspection_cExport-noconfig.cmake
-- Up-to-date: /home/zzz/work/install/hiwin_interfaces/share/hiwin_interfaces/cmake/hiwin_interfaces__rosidl_typesupport_cExport.cmake
-- Up-to-date: /home/zzz/work/install/hiwin_interfaces/share/hiwin_interfaces/cmake/hiwin_interfaces__rosidl_typesupport_cExport-noconfig.cmake
-- Up-to-date: /home/zzz/work/install/hiwin_interfaces/share/hiwin_interfaces/cmake/hiwin_interfaces__rosidl_typesupport_introspection_cppExport.cmake
-- Up-to-date: /home/zzz/work/install/hiwin_interfaces/share/hiwin_interfaces/cmake/hiwin_interfaces__rosidl_typesupport_introspection_cppExport-noconfig.cmake
-- Up-to-date: /home/zzz/work/install/hiwin_interfaces/share/hiwin_interfaces/cmake/hiwin_interfaces__rosidl_typesupport_cppExport.cmake
-- Up-to-date: /home/zzz/work/install/hiwin_interfaces/share/hiwin_interfaces/cmake/hiwin_interfaces__rosidl_typesupport_cppExport-noconfig.cmake
-- Up-to-date: /home/zzz/work/install/hiwin_interfaces/share/hiwin_interfaces/cmake/export_hiwin_interfaces__rosidl_generator_pyExport.cmake
-- Up-to-date: /home/zzz/work/install/hiwin_interfaces/share/hiwin_interfaces/cmake/export_hiwin_interfaces__rosidl_generator_pyExport-noconfig.cmake
