[3.159s] Invoking command in '/home/zzz/work/src/yolo': PYTHONPATH=/home/zzz/work/build/yolo/prefix_override:/usr/lib/python3/dist-packages/colcon_core/task/python/colcon_distutils_commands:/home/zzz/work/install/yolo/lib/python3.10/site-packages:${PYTHONPATH} /usr/bin/python3 -W ignore:setup.py install is deprecated -W ignore:easy_install command is deprecated setup.py egg_info --egg-base ../../build/yolo build --build-base /home/zzz/work/build/yolo/build install --record /home/zzz/work/build/yolo/install.log --install-scripts $base/lib/yolo --single-version-externally-managed install_data
[3.637s] running egg_info
[3.657s] writing ../../build/yolo/yolo.egg-info/PKG-INFO
[3.659s] writing dependency_links to ../../build/yolo/yolo.egg-info/dependency_links.txt
[3.659s] writing entry points to ../../build/yolo/yolo.egg-info/entry_points.txt
[3.660s] writing requirements to ../../build/yolo/yolo.egg-info/requires.txt
[3.660s] writing top-level names to ../../build/yolo/yolo.egg-info/top_level.txt
[3.713s] reading manifest file '../../build/yolo/yolo.egg-info/SOURCES.txt'
[3.713s] writing manifest file '../../build/yolo/yolo.egg-info/SOURCES.txt'
[3.713s] running build
[3.714s] running build_py
[3.714s] copying yolo/__init__.py -> /home/zzz/work/build/yolo/build/lib/yolo
[3.715s] copying yolo/camera_node_apriltag.py -> /home/zzz/work/build/yolo/build/lib/yolo
[3.716s] copying yolo/camera_node_sub.py -> /home/zzz/work/build/yolo/build/lib/yolo
[3.716s] copying yolo/camera_node_yolo_apriltag.py -> /home/zzz/work/build/yolo/build/lib/yolo
[3.716s] copying yolo/camera_node_pub.py -> /home/zzz/work/build/yolo/build/lib/yolo
[3.716s] warning: build_py: byte-compiling is disabled, skipping.
[3.717s] 
[3.717s] running install
[3.723s] running install_lib
[3.742s] warning: install_lib: byte-compiling is disabled, skipping.
[3.742s] 
[3.742s] running install_data
[3.742s] copying resource/yolo -> /home/zzz/work/install/yolo/share/ament_index/resource_index/packages
[3.742s] copying package.xml -> /home/zzz/work/install/yolo/share/yolo
[3.742s] running install_egg_info
[3.762s] removing '/home/zzz/work/install/yolo/lib/python3.10/site-packages/yolo-0.0.0-py3.10.egg-info' (and everything under it)
[3.766s] Copying ../../build/yolo/yolo.egg-info to /home/zzz/work/install/yolo/lib/python3.10/site-packages/yolo-0.0.0-py3.10.egg-info
[3.767s] running install_scripts
[3.811s] Installing apriltag script to /home/zzz/work/install/yolo/lib/yolo
[3.811s] Installing yolo_apriltag script to /home/zzz/work/install/yolo/lib/yolo
[3.811s] Installing yolo_pub script to /home/zzz/work/install/yolo/lib/yolo
[3.811s] Installing yolo_sub script to /home/zzz/work/install/yolo/lib/yolo
[3.811s] writing list of installed files to '/home/zzz/work/build/yolo/install.log'
[3.864s] Invoked command in '/home/zzz/work/src/yolo' returned '0': PYTHONPATH=/home/zzz/work/build/yolo/prefix_override:/usr/lib/python3/dist-packages/colcon_core/task/python/colcon_distutils_commands:/home/zzz/work/install/yolo/lib/python3.10/site-packages:${PYTHONPATH} /usr/bin/python3 -W ignore:setup.py install is deprecated -W ignore:easy_install command is deprecated setup.py egg_info --egg-base ../../build/yolo build --build-base /home/zzz/work/build/yolo/build install --record /home/zzz/work/build/yolo/install.log --install-scripts $base/lib/yolo --single-version-externally-managed install_data
