[0.721s] Invoking command in '/home/leo/work/src/Hiwin_libmodbus/hiwin_example': PYTHONPATH=/home/leo/work/build/hiwin_example/prefix_override:/usr/lib/python3/dist-packages/colcon_core/task/python/colcon_distutils_commands:/home/leo/work/install/hiwin_example/lib/python3.10/site-packages:${PYTHONPATH} /usr/bin/python3 -W ignore:setup.py install is deprecated -W ignore:easy_install command is deprecated setup.py egg_info --egg-base ../../../build/hiwin_example build --build-base /home/leo/work/build/hiwin_example/build install --record /home/leo/work/build/hiwin_example/install.log --install-scripts $base/lib/hiwin_example --single-version-externally-managed install_data
[0.911s] running egg_info
[0.912s] creating ../../../build/hiwin_example/hiwin_example.egg-info
[0.912s] writing ../../../build/hiwin_example/hiwin_example.egg-info/PKG-INFO
[0.912s] writing dependency_links to ../../../build/hiwin_example/hiwin_example.egg-info/dependency_links.txt
[0.912s] writing entry points to ../../../build/hiwin_example/hiwin_example.egg-info/entry_points.txt
[0.912s] writing requirements to ../../../build/hiwin_example/hiwin_example.egg-info/requires.txt
[0.912s] writing top-level names to ../../../build/hiwin_example/hiwin_example.egg-info/top_level.txt
[0.912s] writing manifest file '../../../build/hiwin_example/hiwin_example.egg-info/SOURCES.txt'
[0.913s] reading manifest file '../../../build/hiwin_example/hiwin_example.egg-info/SOURCES.txt'
[0.914s] writing manifest file '../../../build/hiwin_example/hiwin_example.egg-info/SOURCES.txt'
[0.914s] running build
[0.914s] running build_py
[0.914s] creating /home/leo/work/build/hiwin_example/build
[0.914s] creating /home/leo/work/build/hiwin_example/build/lib
[0.914s] creating /home/leo/work/build/hiwin_example/build/lib/hiwin_example
[0.914s] copying hiwin_example/YoloDetector.py -> /home/leo/work/build/hiwin_example/build/lib/hiwin_example
[0.914s] copying hiwin_example/three_points_calibration_example.py -> /home/leo/work/build/hiwin_example/build/lib/hiwin_example
[0.914s] copying hiwin_example/hand_in_eye_calibration.py -> /home/leo/work/build/hiwin_example/build/lib/hiwin_example
[0.914s] copying hiwin_example/tool_pose_mixin.py -> /home/leo/work/build/hiwin_example/build/lib/hiwin_example
[0.914s] copying hiwin_example/apriltag_sampling_mixin.py -> /home/leo/work/build/hiwin_example/build/lib/hiwin_example
[0.914s] copying hiwin_example/hiwin_robot_mixin.py -> /home/leo/work/build/hiwin_example/build/lib/hiwin_example
[0.914s] copying hiwin_example/rj45_target_mixin.py -> /home/leo/work/build/hiwin_example/build/lib/hiwin_example
[0.914s] copying hiwin_example/strategy_example.py -> /home/leo/work/build/hiwin_example/build/lib/hiwin_example
[0.915s] copying hiwin_example/transformations.py -> /home/leo/work/build/hiwin_example/build/lib/hiwin_example
[0.915s] copying hiwin_example/__init__.py -> /home/leo/work/build/hiwin_example/build/lib/hiwin_example
[0.915s] copying hiwin_example/camera_flange_matrix2.py -> /home/leo/work/build/hiwin_example/build/lib/hiwin_example
[0.915s] copying hiwin_example/center_alignment_mixin.py -> /home/leo/work/build/hiwin_example/build/lib/hiwin_example
[0.915s] copying hiwin_example/YoloDetector_class_node.py -> /home/leo/work/build/hiwin_example/build/lib/hiwin_example
[0.915s] running install
[0.915s] running install_lib
[0.915s] creating /home/leo/work/install/hiwin_example/lib/python3.10/site-packages/hiwin_example
[0.916s] copying /home/leo/work/build/hiwin_example/build/lib/hiwin_example/YoloDetector.py -> /home/leo/work/install/hiwin_example/lib/python3.10/site-packages/hiwin_example
[0.916s] copying /home/leo/work/build/hiwin_example/build/lib/hiwin_example/three_points_calibration_example.py -> /home/leo/work/install/hiwin_example/lib/python3.10/site-packages/hiwin_example
[0.916s] copying /home/leo/work/build/hiwin_example/build/lib/hiwin_example/hand_in_eye_calibration.py -> /home/leo/work/install/hiwin_example/lib/python3.10/site-packages/hiwin_example
[0.916s] copying /home/leo/work/build/hiwin_example/build/lib/hiwin_example/tool_pose_mixin.py -> /home/leo/work/install/hiwin_example/lib/python3.10/site-packages/hiwin_example
[0.916s] copying /home/leo/work/build/hiwin_example/build/lib/hiwin_example/apriltag_sampling_mixin.py -> /home/leo/work/install/hiwin_example/lib/python3.10/site-packages/hiwin_example
[0.916s] copying /home/leo/work/build/hiwin_example/build/lib/hiwin_example/hiwin_robot_mixin.py -> /home/leo/work/install/hiwin_example/lib/python3.10/site-packages/hiwin_example
[0.916s] copying /home/leo/work/build/hiwin_example/build/lib/hiwin_example/rj45_target_mixin.py -> /home/leo/work/install/hiwin_example/lib/python3.10/site-packages/hiwin_example
[0.916s] copying /home/leo/work/build/hiwin_example/build/lib/hiwin_example/strategy_example.py -> /home/leo/work/install/hiwin_example/lib/python3.10/site-packages/hiwin_example
[0.916s] copying /home/leo/work/build/hiwin_example/build/lib/hiwin_example/transformations.py -> /home/leo/work/install/hiwin_example/lib/python3.10/site-packages/hiwin_example
[0.916s] copying /home/leo/work/build/hiwin_example/build/lib/hiwin_example/__init__.py -> /home/leo/work/install/hiwin_example/lib/python3.10/site-packages/hiwin_example
[0.916s] copying /home/leo/work/build/hiwin_example/build/lib/hiwin_example/camera_flange_matrix2.py -> /home/leo/work/install/hiwin_example/lib/python3.10/site-packages/hiwin_example
[0.916s] copying /home/leo/work/build/hiwin_example/build/lib/hiwin_example/center_alignment_mixin.py -> /home/leo/work/install/hiwin_example/lib/python3.10/site-packages/hiwin_example
[0.916s] copying /home/leo/work/build/hiwin_example/build/lib/hiwin_example/YoloDetector_class_node.py -> /home/leo/work/install/hiwin_example/lib/python3.10/site-packages/hiwin_example
[0.917s] byte-compiling /home/leo/work/install/hiwin_example/lib/python3.10/site-packages/hiwin_example/YoloDetector.py to YoloDetector.cpython-310.pyc
[0.917s] byte-compiling /home/leo/work/install/hiwin_example/lib/python3.10/site-packages/hiwin_example/three_points_calibration_example.py to three_points_calibration_example.cpython-310.pyc
[0.919s] byte-compiling /home/leo/work/install/hiwin_example/lib/python3.10/site-packages/hiwin_example/hand_in_eye_calibration.py to hand_in_eye_calibration.cpython-310.pyc
[0.920s] byte-compiling /home/leo/work/install/hiwin_example/lib/python3.10/site-packages/hiwin_example/tool_pose_mixin.py to tool_pose_mixin.cpython-310.pyc
[0.920s] byte-compiling /home/leo/work/install/hiwin_example/lib/python3.10/site-packages/hiwin_example/apriltag_sampling_mixin.py to apriltag_sampling_mixin.cpython-310.pyc
[0.921s] byte-compiling /home/leo/work/install/hiwin_example/lib/python3.10/site-packages/hiwin_example/hiwin_robot_mixin.py to hiwin_robot_mixin.cpython-310.pyc
[0.921s] byte-compiling /home/leo/work/install/hiwin_example/lib/python3.10/site-packages/hiwin_example/rj45_target_mixin.py to rj45_target_mixin.cpython-310.pyc
[0.921s] byte-compiling /home/leo/work/install/hiwin_example/lib/python3.10/site-packages/hiwin_example/strategy_example.py to strategy_example.cpython-310.pyc
[0.922s] byte-compiling /home/leo/work/install/hiwin_example/lib/python3.10/site-packages/hiwin_example/transformations.py to transformations.cpython-310.pyc
[0.926s] byte-compiling /home/leo/work/install/hiwin_example/lib/python3.10/site-packages/hiwin_example/__init__.py to __init__.cpython-310.pyc
[0.926s] byte-compiling /home/leo/work/install/hiwin_example/lib/python3.10/site-packages/hiwin_example/camera_flange_matrix2.py to camera_flange_matrix2.cpython-310.pyc
[0.927s] byte-compiling /home/leo/work/install/hiwin_example/lib/python3.10/site-packages/hiwin_example/center_alignment_mixin.py to center_alignment_mixin.cpython-310.pyc
[0.927s] byte-compiling /home/leo/work/install/hiwin_example/lib/python3.10/site-packages/hiwin_example/YoloDetector_class_node.py to YoloDetector_class_node.cpython-310.pyc
[0.928s] running install_data
[0.928s] creating /home/leo/work/install/hiwin_example/share/ament_index
[0.928s] creating /home/leo/work/install/hiwin_example/share/ament_index/resource_index
[0.928s] creating /home/leo/work/install/hiwin_example/share/ament_index/resource_index/packages
[0.928s] copying resource/hiwin_example -> /home/leo/work/install/hiwin_example/share/ament_index/resource_index/packages
[0.928s] copying package.xml -> /home/leo/work/install/hiwin_example/share/hiwin_example
[0.928s] creating /home/leo/work/install/hiwin_example/share/hiwin_example/launch
[0.928s] copying launch/bag_three_points_calibration.launch.py -> /home/leo/work/install/hiwin_example/share/hiwin_example/launch
[0.928s] copying launch/cup_three_points_calibration.launch.py -> /home/leo/work/install/hiwin_example/share/hiwin_example/launch
[0.928s] creating /home/leo/work/install/hiwin_example/share/hiwin_example/config
[0.929s] copying config/cup_cali_pose.yaml -> /home/leo/work/install/hiwin_example/share/hiwin_example/config
[0.929s] copying config/bag_cali_pose.yaml -> /home/leo/work/install/hiwin_example/share/hiwin_example/config
[0.929s] copying config/cup_cam.yaml -> /home/leo/work/install/hiwin_example/share/hiwin_example/config
[0.929s] copying config/bag_cam.yaml -> /home/leo/work/install/hiwin_example/share/hiwin_example/config
[0.929s] running install_egg_info
[0.929s] Copying ../../../build/hiwin_example/hiwin_example.egg-info to /home/leo/work/install/hiwin_example/lib/python3.10/site-packages/hiwin_example-0.0.0-py3.10.egg-info
[0.930s] running install_scripts
[0.941s] Installing hand_in_eye_calibration script to /home/leo/work/install/hiwin_example/lib/hiwin_example
[0.942s] Installing strategy_example script to /home/leo/work/install/hiwin_example/lib/hiwin_example
[0.942s] Installing three_points_calibration_example script to /home/leo/work/install/hiwin_example/lib/hiwin_example
[0.942s] writing list of installed files to '/home/leo/work/build/hiwin_example/install.log'
[0.956s] Invoked command in '/home/leo/work/src/Hiwin_libmodbus/hiwin_example' returned '0': PYTHONPATH=/home/leo/work/build/hiwin_example/prefix_override:/usr/lib/python3/dist-packages/colcon_core/task/python/colcon_distutils_commands:/home/leo/work/install/hiwin_example/lib/python3.10/site-packages:${PYTHONPATH} /usr/bin/python3 -W ignore:setup.py install is deprecated -W ignore:easy_install command is deprecated setup.py egg_info --egg-base ../../../build/hiwin_example build --build-base /home/leo/work/build/hiwin_example/build install --record /home/leo/work/build/hiwin_example/install.log --install-scripts $base/lib/hiwin_example --single-version-externally-managed install_data
