[1.398s] Invoking command in '/home/zzz/work/src/yolo': PYTHONPATH=/home/zzz/work/build/yolo/prefix_override:/usr/lib/python3/dist-packages/colcon_core/task/python/colcon_distutils_commands:/home/zzz/work/install/yolo/lib/python3.10/site-packages:${PYTHONPATH} /usr/bin/python3 -W ignore:setup.py install is deprecated -W ignore:easy_install command is deprecated setup.py egg_info --egg-base ../../build/yolo build --build-base /home/zzz/work/build/yolo/build install --record /home/zzz/work/build/yolo/install.log --install-scripts $base/lib/yolo --single-version-externally-managed install_data
[1.659s] running egg_info
[1.673s] creating ../../build/yolo/yolo.egg-info
[1.673s] writing ../../build/yolo/yolo.egg-info/PKG-INFO
[1.674s] writing dependency_links to ../../build/yolo/yolo.egg-info/dependency_links.txt
[1.674s] writing entry points to ../../build/yolo/yolo.egg-info/entry_points.txt
[1.674s] writing requirements to ../../build/yolo/yolo.egg-info/requires.txt
[1.674s] writing top-level names to ../../build/yolo/yolo.egg-info/top_level.txt
[1.675s] writing manifest file '../../build/yolo/yolo.egg-info/SOURCES.txt'
[1.704s] reading manifest file '../../build/yolo/yolo.egg-info/SOURCES.txt'
[1.705s] writing manifest file '../../build/yolo/yolo.egg-info/SOURCES.txt'
[1.705s] running build
[1.706s] running build_py
[1.706s] creating /home/zzz/work/build/yolo/build/lib/yolo
[1.706s] copying yolo/__init__.py -> /home/zzz/work/build/yolo/build/lib/yolo
[1.706s] copying yolo/camera_node_apriltag.py -> /home/zzz/work/build/yolo/build/lib/yolo
[1.706s] copying yolo/camera_node_sub.py -> /home/zzz/work/build/yolo/build/lib/yolo
[1.707s] copying yolo/camera_node_yolo_apriltag.py -> /home/zzz/work/build/yolo/build/lib/yolo
[1.707s] copying yolo/camera_node_pub.py -> /home/zzz/work/build/yolo/build/lib/yolo
[1.707s] warning: build_py: byte-compiling is disabled, skipping.
[1.707s] 
[1.707s] running install
[1.711s] running install_lib
[1.726s] creating /home/zzz/work/install/yolo/lib/python3.10/site-packages/yolo
[1.726s] copying /home/zzz/work/build/yolo/build/lib/yolo/__init__.py -> /home/zzz/work/install/yolo/lib/python3.10/site-packages/yolo
[1.727s] copying /home/zzz/work/build/yolo/build/lib/yolo/camera_node_apriltag.py -> /home/zzz/work/install/yolo/lib/python3.10/site-packages/yolo
[1.727s] copying /home/zzz/work/build/yolo/build/lib/yolo/camera_node_sub.py -> /home/zzz/work/install/yolo/lib/python3.10/site-packages/yolo
[1.727s] copying /home/zzz/work/build/yolo/build/lib/yolo/camera_node_yolo_apriltag.py -> /home/zzz/work/install/yolo/lib/python3.10/site-packages/yolo
[1.728s] copying /home/zzz/work/build/yolo/build/lib/yolo/camera_node_pub.py -> /home/zzz/work/install/yolo/lib/python3.10/site-packages/yolo
[1.728s] warning: install_lib: byte-compiling is disabled, skipping.
[1.728s] 
[1.728s] running install_data
[1.729s] creating /home/zzz/work/install/yolo/share/ament_index/resource_index/packages
[1.729s] copying resource/yolo -> /home/zzz/work/install/yolo/share/ament_index/resource_index/packages
[1.729s] copying package.xml -> /home/zzz/work/install/yolo/share/yolo
[1.729s] running install_egg_info
[1.748s] Copying ../../build/yolo/yolo.egg-info to /home/zzz/work/install/yolo/lib/python3.10/site-packages/yolo-0.0.0-py3.10.egg-info
[1.749s] running install_scripts
[1.786s] Installing apriltag script to /home/zzz/work/install/yolo/lib/yolo
[1.786s] Installing yolo_apriltag script to /home/zzz/work/install/yolo/lib/yolo
[1.786s] Installing yolo_pub script to /home/zzz/work/install/yolo/lib/yolo
[1.786s] Installing yolo_sub script to /home/zzz/work/install/yolo/lib/yolo
[1.787s] writing list of installed files to '/home/zzz/work/build/yolo/install.log'
[1.835s] Invoked command in '/home/zzz/work/src/yolo' returned '0': PYTHONPATH=/home/zzz/work/build/yolo/prefix_override:/usr/lib/python3/dist-packages/colcon_core/task/python/colcon_distutils_commands:/home/zzz/work/install/yolo/lib/python3.10/site-packages:${PYTHONPATH} /usr/bin/python3 -W ignore:setup.py install is deprecated -W ignore:easy_install command is deprecated setup.py egg_info --egg-base ../../build/yolo build --build-base /home/zzz/work/build/yolo/build install --record /home/zzz/work/build/yolo/install.log --install-scripts $base/lib/yolo --single-version-externally-managed install_data
