[2.841s] Invoking command in '/home/zzz/work/src/realsense-ros/realsense2_ros_mqtt_bridge': PYTHONPATH=/home/zzz/work/build/realsense2_ros_mqtt_bridge/prefix_override:/usr/lib/python3/dist-packages/colcon_core/task/python/colcon_distutils_commands:/home/zzz/work/install/realsense2_ros_mqtt_bridge/lib/python3.10/site-packages:${PYTHONPATH} /usr/bin/python3 -W ignore:setup.py install is deprecated -W ignore:easy_install command is deprecated setup.py egg_info --egg-base ../../../build/realsense2_ros_mqtt_bridge build --build-base /home/zzz/work/build/realsense2_ros_mqtt_bridge/build install --record /home/zzz/work/build/realsense2_ros_mqtt_bridge/install.log --install-scripts $base/lib/realsense2_ros_mqtt_bridge --single-version-externally-managed install_data
[3.123s] /usr/local/lib/python3.10/dist-packages/setuptools/_distutils/dist.py:288: UserWarning: Unknown distribution option: 'tests_require'
[3.123s]   warnings.warn(msg)
[3.306s] running egg_info
[3.336s] writing ../../../build/realsense2_ros_mqtt_bridge/realsense2_ros_mqtt_bridge.egg-info/PKG-INFO
[3.337s] writing dependency_links to ../../../build/realsense2_ros_mqtt_bridge/realsense2_ros_mqtt_bridge.egg-info/dependency_links.txt
[3.337s] writing entry points to ../../../build/realsense2_ros_mqtt_bridge/realsense2_ros_mqtt_bridge.egg-info/entry_points.txt
[3.337s] writing requirements to ../../../build/realsense2_ros_mqtt_bridge/realsense2_ros_mqtt_bridge.egg-info/requires.txt
[3.337s] writing top-level names to ../../../build/realsense2_ros_mqtt_bridge/realsense2_ros_mqtt_bridge.egg-info/top_level.txt
[3.384s] reading manifest file '../../../build/realsense2_ros_mqtt_bridge/realsense2_ros_mqtt_bridge.egg-info/SOURCES.txt'
[3.388s] writing manifest file '../../../build/realsense2_ros_mqtt_bridge/realsense2_ros_mqtt_bridge.egg-info/SOURCES.txt'
[3.394s] running build
[3.394s] running build_py
[3.394s] copying src/safety_interface_config_handler.py -> /home/zzz/work/build/realsense2_ros_mqtt_bridge/build/lib/src
[3.394s] copying src/application_config_handler.py -> /home/zzz/work/build/realsense2_ros_mqtt_bridge/build/lib/src
[3.394s] copying src/__init__.py -> /home/zzz/work/build/realsense2_ros_mqtt_bridge/build/lib/src
[3.394s] copying src/parameter_handler.py -> /home/zzz/work/build/realsense2_ros_mqtt_bridge/build/lib/src
[3.395s] copying src/hw_reset_handler.py -> /home/zzz/work/build/realsense2_ros_mqtt_bridge/build/lib/src
[3.395s] copying src/triggered_calibration_handler.py -> /home/zzz/work/build/realsense2_ros_mqtt_bridge/build/lib/src
[3.395s] copying src/safety_preset_handler.py -> /home/zzz/work/build/realsense2_ros_mqtt_bridge/build/lib/src
[3.395s] copying src/frame_handler.py -> /home/zzz/work/build/realsense2_ros_mqtt_bridge/build/lib/src
[3.395s] copying src/entry_point.py -> /home/zzz/work/build/realsense2_ros_mqtt_bridge/build/lib/src
[3.396s] copying src/hwm_command_handler.py -> /home/zzz/work/build/realsense2_ros_mqtt_bridge/build/lib/src
[3.396s] copying src/service_handler.py -> /home/zzz/work/build/realsense2_ros_mqtt_bridge/build/lib/src
[3.396s] copying src/mqtt_bridge_node.py -> /home/zzz/work/build/realsense2_ros_mqtt_bridge/build/lib/src
[3.396s] copying src/calib_config_handler.py -> /home/zzz/work/build/realsense2_ros_mqtt_bridge/build/lib/src
[3.396s] copying src/transformation_handler.py -> /home/zzz/work/build/realsense2_ros_mqtt_bridge/build/lib/src
[3.396s] copying src/device_handler.py -> /home/zzz/work/build/realsense2_ros_mqtt_bridge/build/lib/src
[3.396s] running install
[3.396s] warning: build_py: byte-compiling is disabled, skipping.
[3.396s] 
[3.404s] running install_lib
[3.427s] running install_data
[3.428s] warning: install_lib: byte-compiling is disabled, skipping.
[3.428s] 
[3.428s] copying resource/realsense2_ros_mqtt_bridge -> /home/zzz/work/install/realsense2_ros_mqtt_bridge/share/ament_index/resource_index/packages
[3.429s] copying package.xml -> /home/zzz/work/install/realsense2_ros_mqtt_bridge/share/realsense2_ros_mqtt_bridge
[3.429s] copying launch/rs_launch.py -> /home/zzz/work/install/realsense2_ros_mqtt_bridge/share/realsense2_ros_mqtt_bridge/launch
[3.429s] running install_egg_info
[3.457s] removing '/home/zzz/work/install/realsense2_ros_mqtt_bridge/lib/python3.10/site-packages/realsense2_ros_mqtt_bridge-4.57.4-py3.10.egg-info' (and everything under it)
[3.461s] Copying ../../../build/realsense2_ros_mqtt_bridge/realsense2_ros_mqtt_bridge.egg-info to /home/zzz/work/install/realsense2_ros_mqtt_bridge/lib/python3.10/site-packages/realsense2_ros_mqtt_bridge-4.57.4-py3.10.egg-info
[3.462s] running install_scripts
[3.507s] Installing realsense2_ros_mqtt_bridge script to /home/zzz/work/install/realsense2_ros_mqtt_bridge/lib/realsense2_ros_mqtt_bridge
[3.508s] writing list of installed files to '/home/zzz/work/build/realsense2_ros_mqtt_bridge/install.log'
[3.604s] Invoked command in '/home/zzz/work/src/realsense-ros/realsense2_ros_mqtt_bridge' returned '0': PYTHONPATH=/home/zzz/work/build/realsense2_ros_mqtt_bridge/prefix_override:/usr/lib/python3/dist-packages/colcon_core/task/python/colcon_distutils_commands:/home/zzz/work/install/realsense2_ros_mqtt_bridge/lib/python3.10/site-packages:${PYTHONPATH} /usr/bin/python3 -W ignore:setup.py install is deprecated -W ignore:easy_install command is deprecated setup.py egg_info --egg-base ../../../build/realsense2_ros_mqtt_bridge build --build-base /home/zzz/work/build/realsense2_ros_mqtt_bridge/build install --record /home/zzz/work/build/realsense2_ros_mqtt_bridge/install.log --install-scripts $base/lib/realsense2_ros_mqtt_bridge --single-version-externally-managed install_data
