[2.639s] Invoking command in '/home/zzz/work/src/realsense-ros/realsense2_ros_mqtt_bridge': PYTHONPATH=/home/zzz/work/build/realsense2_ros_mqtt_bridge/prefix_override:/usr/lib/python3/dist-packages/colcon_core/task/python/colcon_distutils_commands:/home/zzz/work/install/realsense2_ros_mqtt_bridge/lib/python3.10/site-packages:${PYTHONPATH} /usr/bin/python3 -W ignore:setup.py install is deprecated -W ignore:easy_install command is deprecated setup.py egg_info --egg-base ../../../build/realsense2_ros_mqtt_bridge build --build-base /home/zzz/work/build/realsense2_ros_mqtt_bridge/build install --record /home/zzz/work/build/realsense2_ros_mqtt_bridge/install.log --install-scripts $base/lib/realsense2_ros_mqtt_bridge --single-version-externally-managed install_data
[2.850s] /usr/local/lib/python3.10/dist-packages/setuptools/_distutils/dist.py:288: UserWarning: Unknown distribution option: 'tests_require'
[2.850s]   warnings.warn(msg)
[2.957s] running egg_info
[2.983s] writing ../../../build/realsense2_ros_mqtt_bridge/realsense2_ros_mqtt_bridge.egg-info/PKG-INFO
[2.983s] writing dependency_links to ../../../build/realsense2_ros_mqtt_bridge/realsense2_ros_mqtt_bridge.egg-info/dependency_links.txt
[2.983s] writing entry points to ../../../build/realsense2_ros_mqtt_bridge/realsense2_ros_mqtt_bridge.egg-info/entry_points.txt
[2.983s] writing requirements to ../../../build/realsense2_ros_mqtt_bridge/realsense2_ros_mqtt_bridge.egg-info/requires.txt
[2.983s] writing top-level names to ../../../build/realsense2_ros_mqtt_bridge/realsense2_ros_mqtt_bridge.egg-info/top_level.txt
[3.028s] reading manifest file '../../../build/realsense2_ros_mqtt_bridge/realsense2_ros_mqtt_bridge.egg-info/SOURCES.txt'
[3.031s] writing manifest file '../../../build/realsense2_ros_mqtt_bridge/realsense2_ros_mqtt_bridge.egg-info/SOURCES.txt'
[3.034s] running build
[3.034s] running build_py
[3.034s] copying src/safety_interface_config_handler.py -> /home/zzz/work/build/realsense2_ros_mqtt_bridge/build/lib/src
[3.035s] copying src/application_config_handler.py -> /home/zzz/work/build/realsense2_ros_mqtt_bridge/build/lib/src
[3.035s] copying src/__init__.py -> /home/zzz/work/build/realsense2_ros_mqtt_bridge/build/lib/src
[3.036s] copying src/parameter_handler.py -> /home/zzz/work/build/realsense2_ros_mqtt_bridge/build/lib/src
[3.039s] copying src/hw_reset_handler.py -> /home/zzz/work/build/realsense2_ros_mqtt_bridge/build/lib/src
[3.039s] copying src/triggered_calibration_handler.py -> /home/zzz/work/build/realsense2_ros_mqtt_bridge/build/lib/src
[3.040s] copying src/safety_preset_handler.py -> /home/zzz/work/build/realsense2_ros_mqtt_bridge/build/lib/src
[3.046s] copying src/frame_handler.py -> /home/zzz/work/build/realsense2_ros_mqtt_bridge/build/lib/src
[3.048s] copying src/entry_point.py -> /home/zzz/work/build/realsense2_ros_mqtt_bridge/build/lib/src
[3.048s] copying src/hwm_command_handler.py -> /home/zzz/work/build/realsense2_ros_mqtt_bridge/build/lib/src
[3.048s] copying src/service_handler.py -> /home/zzz/work/build/realsense2_ros_mqtt_bridge/build/lib/src
[3.048s] copying src/mqtt_bridge_node.py -> /home/zzz/work/build/realsense2_ros_mqtt_bridge/build/lib/src
[3.048s] copying src/calib_config_handler.py -> /home/zzz/work/build/realsense2_ros_mqtt_bridge/build/lib/src
[3.049s] copying src/transformation_handler.py -> /home/zzz/work/build/realsense2_ros_mqtt_bridge/build/lib/src
[3.049s] copying src/device_handler.py -> /home/zzz/work/build/realsense2_ros_mqtt_bridge/build/lib/src
[3.050s] running install
[3.050s] warning: build_py: byte-compiling is disabled, skipping.
[3.051s] 
[3.059s] running install_lib
[3.095s] running install_data
[3.095s] copying resource/realsense2_ros_mqtt_bridge -> /home/zzz/work/install/realsense2_ros_mqtt_bridge/share/ament_index/resource_index/packages
[3.096s] warning: install_lib: byte-compiling is disabled, skipping.
[3.096s] 
[3.097s] copying package.xml -> /home/zzz/work/install/realsense2_ros_mqtt_bridge/share/realsense2_ros_mqtt_bridge
[3.098s] copying launch/rs_launch.py -> /home/zzz/work/install/realsense2_ros_mqtt_bridge/share/realsense2_ros_mqtt_bridge/launch
[3.098s] running install_egg_info
[3.123s] removing '/home/zzz/work/install/realsense2_ros_mqtt_bridge/lib/python3.10/site-packages/realsense2_ros_mqtt_bridge-4.57.4-py3.10.egg-info' (and everything under it)
[3.123s] Copying ../../../build/realsense2_ros_mqtt_bridge/realsense2_ros_mqtt_bridge.egg-info to /home/zzz/work/install/realsense2_ros_mqtt_bridge/lib/python3.10/site-packages/realsense2_ros_mqtt_bridge-4.57.4-py3.10.egg-info
[3.125s] running install_scripts
[3.183s] Installing realsense2_ros_mqtt_bridge script to /home/zzz/work/install/realsense2_ros_mqtt_bridge/lib/realsense2_ros_mqtt_bridge
[3.184s] writing list of installed files to '/home/zzz/work/build/realsense2_ros_mqtt_bridge/install.log'
[3.264s] Invoked command in '/home/zzz/work/src/realsense-ros/realsense2_ros_mqtt_bridge' returned '0': PYTHONPATH=/home/zzz/work/build/realsense2_ros_mqtt_bridge/prefix_override:/usr/lib/python3/dist-packages/colcon_core/task/python/colcon_distutils_commands:/home/zzz/work/install/realsense2_ros_mqtt_bridge/lib/python3.10/site-packages:${PYTHONPATH} /usr/bin/python3 -W ignore:setup.py install is deprecated -W ignore:easy_install command is deprecated setup.py egg_info --egg-base ../../../build/realsense2_ros_mqtt_bridge build --build-base /home/zzz/work/build/realsense2_ros_mqtt_bridge/build install --record /home/zzz/work/build/realsense2_ros_mqtt_bridge/install.log --install-scripts $base/lib/realsense2_ros_mqtt_bridge --single-version-externally-managed install_data
