[0.079s] Invoking command in '/home/zzz/work/build/realsense2_camera': CMAKE_PREFIX_PATH=/home/zzz/work/install/realsense2_camera_msgs:/home/zzz/work/install/realsense2_rviz_plugin:/home/zzz/work/install/realsense2_description:/home/zzz/work/install/realsense2_camera:/home/zzz/work/install/hiwin_service_client:/home/zzz/work/install/hiwin_libmodbus:/home/zzz/work/install/hiwin_interfaces:/home/zzz/work/install/yolo:/home/zzz/work/install/realsense2_ros_mqtt_bridge:/home/zzz/work/install/hiwin_example:/home/zzz/work/install/arduino_bridge:/opt/ros/humble LD_LIBRARY_PATH=/home/zzz/work/install/realsense2_camera_msgs/lib:/home/zzz/work/install/realsense2_camera/lib:/home/zzz/work/install/hiwin_libmodbus/lib:/home/zzz/work/install/hiwin_interfaces/lib:/opt/ros/humble/opt/rviz_ogre_vendor/lib:/opt/ros/humble/lib/x86_64-linux-gnu:/opt/ros/humble/lib /usr/bin/cmake --build /home/zzz/work/build/realsense2_camera -- -j12 -l12
[0.266s] [  7%] Built target gtest_main
[0.266s] [ 15%] Built target gtest
[0.281s] [ 23%] Built target realsense2_camera_node
[0.351s] [ 38%] Built target gtest_template
[0.352s] [100%] Built target realsense2_camera
[0.411s] Invoked command in '/home/zzz/work/build/realsense2_camera' returned '0': CMAKE_PREFIX_PATH=/home/zzz/work/install/realsense2_camera_msgs:/home/zzz/work/install/realsense2_rviz_plugin:/home/zzz/work/install/realsense2_description:/home/zzz/work/install/realsense2_camera:/home/zzz/work/install/hiwin_service_client:/home/zzz/work/install/hiwin_libmodbus:/home/zzz/work/install/hiwin_interfaces:/home/zzz/work/install/yolo:/home/zzz/work/install/realsense2_ros_mqtt_bridge:/home/zzz/work/install/hiwin_example:/home/zzz/work/install/arduino_bridge:/opt/ros/humble LD_LIBRARY_PATH=/home/zzz/work/install/realsense2_camera_msgs/lib:/home/zzz/work/install/realsense2_camera/lib:/home/zzz/work/install/hiwin_libmodbus/lib:/home/zzz/work/install/hiwin_interfaces/lib:/opt/ros/humble/opt/rviz_ogre_vendor/lib:/opt/ros/humble/lib/x86_64-linux-gnu:/opt/ros/humble/lib /usr/bin/cmake --build /home/zzz/work/build/realsense2_camera -- -j12 -l12
[0.412s] Invoking command in '/home/zzz/work/build/realsense2_camera': CMAKE_PREFIX_PATH=/home/zzz/work/install/realsense2_camera_msgs:/home/zzz/work/install/realsense2_rviz_plugin:/home/zzz/work/install/realsense2_description:/home/zzz/work/install/realsense2_camera:/home/zzz/work/install/hiwin_service_client:/home/zzz/work/install/hiwin_libmodbus:/home/zzz/work/install/hiwin_interfaces:/home/zzz/work/install/yolo:/home/zzz/work/install/realsense2_ros_mqtt_bridge:/home/zzz/work/install/hiwin_example:/home/zzz/work/install/arduino_bridge:/opt/ros/humble LD_LIBRARY_PATH=/home/zzz/work/install/realsense2_camera_msgs/lib:/home/zzz/work/install/realsense2_camera/lib:/home/zzz/work/install/hiwin_libmodbus/lib:/home/zzz/work/install/hiwin_interfaces/lib:/opt/ros/humble/opt/rviz_ogre_vendor/lib:/opt/ros/humble/lib/x86_64-linux-gnu:/opt/ros/humble/lib /usr/bin/cmake --install /home/zzz/work/build/realsense2_camera
[0.463s] -- Install configuration: "Release"
[0.486s] -- Execute custom install script
[0.488s] -- Up-to-date symlink: /home/zzz/work/install/realsense2_camera/share/realsense2_camera/config/global_settings.yaml
[0.491s] -- Up-to-date symlink: /home/zzz/work/install/realsense2_camera/lib/realsense2_camera/realsense2_camera_node
[0.492s] -- Up-to-date symlink: /home/zzz/work/install/realsense2_camera/lib/librealsense2_camera.so
[0.495s] -- Up-to-date symlink: /home/zzz/work/install/realsense2_camera/include/align_depth_filter.h
[0.507s] -- Up-to-date symlink: /home/zzz/work/install/realsense2_camera/include/base_realsense_node.h
[0.510s] -- Up-to-date symlink: /home/zzz/work/install/realsense2_camera/include/constants.h
[0.514s] -- Up-to-date symlink: /home/zzz/work/install/realsense2_camera/include/context_singleton_wrapper.h
[0.518s] -- Up-to-date symlink: /home/zzz/work/install/realsense2_camera/include/dynamic_params.h
[0.518s] -- Up-to-date symlink: /home/zzz/work/install/realsense2_camera/include/gl_window.h
[0.518s] -- Up-to-date symlink: /home/zzz/work/install/realsense2_camera/include/image_publisher.h
[0.519s] -- Up-to-date symlink: /home/zzz/work/install/realsense2_camera/include/named_filter.h
[0.520s] -- Up-to-date symlink: /home/zzz/work/install/realsense2_camera/include/pointcloud_filter.h
[0.521s] -- Up-to-date symlink: /home/zzz/work/install/realsense2_camera/include/profile_manager.h
[0.524s] -- Up-to-date symlink: /home/zzz/work/install/realsense2_camera/include/realsense_node_factory.h
[0.524s] -- Up-to-date symlink: /home/zzz/work/install/realsense2_camera/include/ros_node_base.h
[0.524s] -- Up-to-date symlink: /home/zzz/work/install/realsense2_camera/include/ros_param_backend.h
[0.525s] -- Up-to-date symlink: /home/zzz/work/install/realsense2_camera/include/ros_sensor.h
[0.525s] -- Up-to-date symlink: /home/zzz/work/install/realsense2_camera/include/ros_utils.h
[0.525s] -- Up-to-date symlink: /home/zzz/work/install/realsense2_camera/include/sensor_params.h
[0.525s] -- Up-to-date symlink: /home/zzz/work/install/realsense2_camera/share/realsense2_camera/launch/default.rviz
[0.526s] -- Up-to-date symlink: /home/zzz/work/install/realsense2_camera/share/realsense2_camera/launch/rs_intra_process_demo_launch.py
[0.526s] -- Up-to-date symlink: /home/zzz/work/install/realsense2_camera/share/realsense2_camera/launch/rs_launch.py
[0.527s] -- Up-to-date symlink: /home/zzz/work/install/realsense2_camera/share/realsense2_camera/launch/rs_multi_camera_launch.py
[0.528s] -- Up-to-date symlink: /home/zzz/work/install/realsense2_camera/share/realsense2_camera/launch/rs_multi_camera_launch_sync.py
[0.529s] -- Up-to-date symlink: /home/zzz/work/install/realsense2_camera/share/realsense2_camera/examples/align_depth/README.md
[0.529s] -- Up-to-date symlink: /home/zzz/work/install/realsense2_camera/share/realsense2_camera/examples/align_depth/rs_align_depth_launch.py
[0.531s] -- Up-to-date symlink: /home/zzz/work/install/realsense2_camera/share/realsense2_camera/examples/d500_tables/application_config_example.json
[0.532s] -- Up-to-date symlink: /home/zzz/work/install/realsense2_camera/share/realsense2_camera/examples/d500_tables/calib_config_example.json
[0.538s] -- Up-to-date symlink: /home/zzz/work/install/realsense2_camera/share/realsense2_camera/examples/d500_tables/safety_interface_config_example.json
[0.549s] -- Up-to-date symlink: /home/zzz/work/install/realsense2_camera/share/realsense2_camera/examples/d500_tables/safety_preset_example.json
[0.549s] -- Up-to-date symlink: /home/zzz/work/install/realsense2_camera/share/realsense2_camera/examples/dual_camera/README.md
[0.549s] -- Up-to-date symlink: /home/zzz/work/install/realsense2_camera/share/realsense2_camera/examples/dual_camera/rs_dual_camera_launch.py
[0.549s] -- Up-to-date symlink: /home/zzz/work/install/realsense2_camera/share/realsense2_camera/examples/dual_camera/rviz/dual_camera_pointcloud.rviz
[0.549s] -- Up-to-date symlink: /home/zzz/work/install/realsense2_camera/share/realsense2_camera/examples/launch_from_rosbag/README.md
[0.550s] -- Up-to-date symlink: /home/zzz/work/install/realsense2_camera/share/realsense2_camera/examples/launch_from_rosbag/rs_launch_from_rosbag.py
[0.553s] -- Up-to-date symlink: /home/zzz/work/install/realsense2_camera/share/realsense2_camera/examples/launch_params_from_file/README.md
[0.553s] -- Up-to-date symlink: /home/zzz/work/install/realsense2_camera/share/realsense2_camera/examples/launch_params_from_file/config/config.yaml
[0.553s] -- Up-to-date symlink: /home/zzz/work/install/realsense2_camera/share/realsense2_camera/examples/launch_params_from_file/rs_launch_get_params_from_yaml.py
[0.553s] -- Up-to-date symlink: /home/zzz/work/install/realsense2_camera/share/realsense2_camera/examples/pointcloud/README.md
[0.553s] -- Up-to-date symlink: /home/zzz/work/install/realsense2_camera/share/realsense2_camera/examples/pointcloud/rs_d405_pointcloud_launch.py
[0.553s] -- Up-to-date symlink: /home/zzz/work/install/realsense2_camera/share/realsense2_camera/examples/pointcloud/rs_d455_pointcloud_launch.py
[0.553s] -- Up-to-date symlink: /home/zzz/work/install/realsense2_camera/share/realsense2_camera/examples/pointcloud/rs_pointcloud_infra_launch.py
[0.554s] -- Up-to-date symlink: /home/zzz/work/install/realsense2_camera/share/realsense2_camera/examples/pointcloud/rs_pointcloud_launch.py
[0.556s] -- Up-to-date symlink: /home/zzz/work/install/realsense2_camera/share/realsense2_camera/examples/pointcloud/rviz/pointcloud.rviz
[0.559s] -- Up-to-date symlink: /home/zzz/work/install/realsense2_camera/share/realsense2_camera/examples/pointcloud/rviz/urdf_pointcloud.rviz
[0.559s] -- Up-to-date symlink: /home/zzz/work/install/realsense2_camera/share/realsense2_camera/environment/library_path.sh
[0.560s] -- Up-to-date symlink: /home/zzz/work/install/realsense2_camera/share/realsense2_camera/environment/library_path.dsv
[0.560s] -- Up-to-date symlink: /home/zzz/work/install/realsense2_camera/share/ament_index/resource_index/package_run_dependencies/realsense2_camera
[0.560s] -- Up-to-date symlink: /home/zzz/work/install/realsense2_camera/share/ament_index/resource_index/parent_prefix_path/realsense2_camera
[0.560s] -- Up-to-date symlink: /home/zzz/work/install/realsense2_camera/share/realsense2_camera/environment/ament_prefix_path.sh
[0.560s] -- Up-to-date symlink: /home/zzz/work/install/realsense2_camera/share/realsense2_camera/environment/ament_prefix_path.dsv
[0.560s] -- Up-to-date symlink: /home/zzz/work/install/realsense2_camera/share/realsense2_camera/environment/path.sh
[0.560s] -- Up-to-date symlink: /home/zzz/work/install/realsense2_camera/share/realsense2_camera/environment/path.dsv
[0.560s] -- Up-to-date symlink: /home/zzz/work/install/realsense2_camera/share/realsense2_camera/local_setup.bash
[0.560s] -- Up-to-date symlink: /home/zzz/work/install/realsense2_camera/share/realsense2_camera/local_setup.sh
[0.561s] -- Up-to-date symlink: /home/zzz/work/install/realsense2_camera/share/realsense2_camera/local_setup.zsh
[0.561s] -- Up-to-date symlink: /home/zzz/work/install/realsense2_camera/share/realsense2_camera/local_setup.dsv
[0.562s] -- Symlinking: /home/zzz/work/install/realsense2_camera/share/realsense2_camera/package.dsv
[0.573s] -- Up-to-date symlink: /home/zzz/work/install/realsense2_camera/share/ament_index/resource_index/packages/realsense2_camera
[0.574s] -- Up-to-date symlink: /home/zzz/work/install/realsense2_camera/share/ament_index/resource_index/rclcpp_components/realsense2_camera
[0.574s] -- Up-to-date symlink: /home/zzz/work/install/realsense2_camera/share/realsense2_camera/cmake/ament_cmake_export_include_directories-extras.cmake
[0.575s] -- Up-to-date symlink: /home/zzz/work/install/realsense2_camera/share/realsense2_camera/cmake/ament_cmake_export_libraries-extras.cmake
[0.575s] -- Up-to-date symlink: /home/zzz/work/install/realsense2_camera/share/realsense2_camera/cmake/ament_cmake_export_dependencies-extras.cmake
[0.576s] -- Up-to-date symlink: /home/zzz/work/install/realsense2_camera/share/realsense2_camera/cmake/realsense2_cameraConfig.cmake
[0.579s] -- Up-to-date symlink: /home/zzz/work/install/realsense2_camera/share/realsense2_camera/cmake/realsense2_cameraConfig-version.cmake
[0.580s] -- Up-to-date symlink: /home/zzz/work/install/realsense2_camera/share/realsense2_camera/package.xml
[0.580s] Invoked command in '/home/zzz/work/build/realsense2_camera' returned '0': CMAKE_PREFIX_PATH=/home/zzz/work/install/realsense2_camera_msgs:/home/zzz/work/install/realsense2_rviz_plugin:/home/zzz/work/install/realsense2_description:/home/zzz/work/install/realsense2_camera:/home/zzz/work/install/hiwin_service_client:/home/zzz/work/install/hiwin_libmodbus:/home/zzz/work/install/hiwin_interfaces:/home/zzz/work/install/yolo:/home/zzz/work/install/realsense2_ros_mqtt_bridge:/home/zzz/work/install/hiwin_example:/home/zzz/work/install/arduino_bridge:/opt/ros/humble LD_LIBRARY_PATH=/home/zzz/work/install/realsense2_camera_msgs/lib:/home/zzz/work/install/realsense2_camera/lib:/home/zzz/work/install/hiwin_libmodbus/lib:/home/zzz/work/install/hiwin_interfaces/lib:/opt/ros/humble/opt/rviz_ogre_vendor/lib:/opt/ros/humble/lib/x86_64-linux-gnu:/opt/ros/humble/lib /usr/bin/cmake --install /home/zzz/work/build/realsense2_camera
