[2.624s] Invoking command in '/home/zzz/work/src/arduino_bridge': PYTHONPATH=/home/zzz/work/build/arduino_bridge/prefix_override:/usr/lib/python3/dist-packages/colcon_core/task/python/colcon_distutils_commands:/home/zzz/work/install/arduino_bridge/lib/python3.10/site-packages:${PYTHONPATH} /usr/bin/python3 -W ignore:setup.py install is deprecated -W ignore:easy_install command is deprecated setup.py egg_info --egg-base ../../build/arduino_bridge build --build-base /home/zzz/work/build/arduino_bridge/build install --record /home/zzz/work/build/arduino_bridge/install.log --install-scripts $base/lib/arduino_bridge --single-version-externally-managed install_data
[3.019s] running egg_info
[3.041s] writing ../../build/arduino_bridge/arduino_bridge.egg-info/PKG-INFO
[3.042s] writing dependency_links to ../../build/arduino_bridge/arduino_bridge.egg-info/dependency_links.txt
[3.043s] writing entry points to ../../build/arduino_bridge/arduino_bridge.egg-info/entry_points.txt
[3.043s] writing requirements to ../../build/arduino_bridge/arduino_bridge.egg-info/requires.txt
[3.044s] writing top-level names to ../../build/arduino_bridge/arduino_bridge.egg-info/top_level.txt
[3.098s] reading manifest file '../../build/arduino_bridge/arduino_bridge.egg-info/SOURCES.txt'
[3.101s] writing manifest file '../../build/arduino_bridge/arduino_bridge.egg-info/SOURCES.txt'
[3.102s] running build
[3.103s] running build_py
[3.105s] copying arduino_bridge/force.py -> /home/zzz/work/build/arduino_bridge/build/lib/arduino_bridge
[3.108s] copying arduino_bridge/__init__.py -> /home/zzz/work/build/arduino_bridge/build/lib/arduino_bridge
[3.109s] warning: build_py: byte-compiling is disabled, skipping.
[3.111s] 
[3.112s] running install
[3.118s] running install_lib
[3.136s] warning: install_lib: byte-compiling is disabled, skipping.
[3.137s] 
[3.138s] running install_data
[3.139s] copying resource/arduino_bridge -> /home/zzz/work/install/arduino_bridge/share/ament_index/resource_index/packages
[3.139s] copying package.xml -> /home/zzz/work/install/arduino_bridge/share/arduino_bridge
[3.139s] running install_egg_info
[3.168s] removing '/home/zzz/work/install/arduino_bridge/lib/python3.10/site-packages/arduino_bridge-0.0.0-py3.10.egg-info' (and everything under it)
[3.169s] Copying ../../build/arduino_bridge/arduino_bridge.egg-info to /home/zzz/work/install/arduino_bridge/lib/python3.10/site-packages/arduino_bridge-0.0.0-py3.10.egg-info
[3.172s] running install_scripts
[3.217s] Installing force_pub script to /home/zzz/work/install/arduino_bridge/lib/arduino_bridge
[3.217s] writing list of installed files to '/home/zzz/work/build/arduino_bridge/install.log'
[3.267s] Invoked command in '/home/zzz/work/src/arduino_bridge' returned '0': PYTHONPATH=/home/zzz/work/build/arduino_bridge/prefix_override:/usr/lib/python3/dist-packages/colcon_core/task/python/colcon_distutils_commands:/home/zzz/work/install/arduino_bridge/lib/python3.10/site-packages:${PYTHONPATH} /usr/bin/python3 -W ignore:setup.py install is deprecated -W ignore:easy_install command is deprecated setup.py egg_info --egg-base ../../build/arduino_bridge build --build-base /home/zzz/work/build/arduino_bridge/build install --record /home/zzz/work/build/arduino_bridge/install.log --install-scripts $base/lib/arduino_bridge --single-version-externally-managed install_data
