[0.019s] Invoking command in '/home/zzz/work/build/realsense2_camera': CMAKE_PREFIX_PATH=/home/zzz/work/install/realsense2_camera_msgs:/home/zzz/work/install/realsense2_rviz_plugin:/home/zzz/work/install/realsense2_description:/home/zzz/work/install/realsense2_camera:/home/zzz/work/install/hiwin_service_client:/home/zzz/work/install/hiwin_libmodbus:/home/zzz/work/install/hiwin_interfaces:/home/zzz/work/install/yolo:/home/zzz/work/install/realsense2_ros_mqtt_bridge:/home/zzz/work/install/hiwin_example:/home/zzz/work/install/arduino_bridge:/opt/ros/humble LD_LIBRARY_PATH=/home/zzz/work/install/realsense2_camera_msgs/lib:/home/zzz/work/install/realsense2_camera/lib:/home/zzz/work/install/hiwin_libmodbus/lib:/home/zzz/work/install/hiwin_interfaces/lib:/opt/ros/humble/opt/rviz_ogre_vendor/lib:/opt/ros/humble/lib/x86_64-linux-gnu:/opt/ros/humble/lib /usr/bin/cmake /home/zzz/work/src/realsense-ros/realsense2_camera -DAMENT_CMAKE_SYMLINK_INSTALL=1 -DCMAKE_INSTALL_PREFIX=/home/zzz/work/install/realsense2_camera
[0.087s] -- The C compiler identification is GNU 11.4.0
[0.156s] -- The CXX compiler identification is GNU 11.4.0
[0.167s] -- Detecting C compiler ABI info
[0.272s] -- Detecting C compiler ABI info - done
[0.279s] -- Check for working C compiler: /usr/bin/cc - skipped
[0.280s] -- Detecting C compile features
[0.280s] -- Detecting C compile features - done
[0.285s] -- Detecting CXX compiler ABI info
[0.377s] -- Detecting CXX compiler ABI info - done
[0.384s] -- Check for working CXX compiler: /usr/bin/c++ - skipped
[0.384s] -- Detecting CXX compile features
[0.385s] -- Detecting CXX compile features - done
[0.386s] -- Create Release Build.
[0.389s] -- Found ament_cmake: 1.3.14 (/opt/ros/humble/share/ament_cmake/cmake)
[0.588s] -- Found Python3: /usr/bin/python3 (found version "3.10.12") found components: Interpreter 
[0.649s] -- Override CMake install command with custom implementation using symlinks instead of copying resources
[0.698s] -- Found builtin_interfaces: 1.2.2 (/opt/ros/humble/share/builtin_interfaces/cmake)
[0.735s] -- Found rosidl_generator_c: 3.1.8 (/opt/ros/humble/share/rosidl_generator_c/cmake)
[0.744s] -- Found rosidl_adapter: 3.1.8 (/opt/ros/humble/share/rosidl_adapter/cmake)
[0.753s] -- Found rosidl_generator_cpp: 3.1.8 (/opt/ros/humble/share/rosidl_generator_cpp/cmake)
[0.765s] -- Using all available rosidl_typesupport_c: rosidl_typesupport_fastrtps_c;rosidl_typesupport_introspection_c
[0.782s] -- Using all available rosidl_typesupport_cpp: rosidl_typesupport_fastrtps_cpp;rosidl_typesupport_introspection_cpp
[0.798s] -- Found cv_bridge: 3.2.1 (/opt/ros/humble/share/cv_bridge/cmake)
[0.850s] -- Found image_transport: 3.1.12 (/opt/ros/humble/share/image_transport/cmake)
[0.900s] -- Found rmw_implementation_cmake: 6.1.2 (/opt/ros/humble/share/rmw_implementation_cmake/cmake)
[0.904s] -- Found rmw_cyclonedds_cpp: 1.3.4 (/opt/ros/humble/share/rmw_cyclonedds_cpp/cmake)
[0.931s] -- Using RMW implementation 'rmw_cyclonedds_cpp' as default
[0.946s] -- Looking for pthread.h
[1.049s] -- Looking for pthread.h - found
[1.049s] -- Performing Test CMAKE_HAVE_LIBC_PTHREAD
[1.142s] -- Performing Test CMAKE_HAVE_LIBC_PTHREAD - Success
[1.143s] -- Found Threads: TRUE  
[1.241s] -- Found rclcpp_action: 16.0.19 (/opt/ros/humble/share/rclcpp_action/cmake)
[1.280s] -- Found rclcpp_components: 16.0.19 (/opt/ros/humble/share/rclcpp_components/cmake)
[1.298s] -- Found realsense2_camera_msgs: 4.57.4 (/home/zzz/work/install/realsense2_camera_msgs/share/realsense2_camera_msgs/cmake)
[1.317s] -- Found std_srvs: 4.9.1 (/opt/ros/humble/share/std_srvs/cmake)
[1.325s] -- Found nav_msgs: 4.9.1 (/opt/ros/humble/share/nav_msgs/cmake)
[1.339s] -- Found tf2_ros: 0.25.20 (/opt/ros/humble/share/tf2_ros/cmake)
[1.367s] -- Found diagnostic_updater: 4.0.6 (/opt/ros/humble/share/diagnostic_updater/cmake)
[1.385s] -- Found OpenCV: /usr (found version "4.5.4") found components: core 
[1.387s] -- Build for ROS2 Humble
[1.392s] -- Found ament_cmake_gtest: 1.3.14 (/opt/ros/humble/share/ament_cmake_gtest/cmake)
[1.395s] -- Found gtest sources under '/opt/ros/humble/src/gtest_vendor': C++ tests using 'Google Test' will be built
[1.401s] -- Found ament_cmake_pytest: 1.3.14 (/opt/ros/humble/share/ament_cmake_pytest/cmake)
[3.846s] -- rs_device_info:
[3.846s] -- Device Name                   Serial Number       Firmware Version
[3.846s] Intel RealSense D435I         912112073118        5.16.0.1
[3.846s] 
[3.846s] -- D455 device found
[6.250s] -- Configuring done
[6.277s] -- Generating done
[6.284s] -- Build files have been written to: /home/zzz/work/build/realsense2_camera
[6.293s] Invoked command in '/home/zzz/work/build/realsense2_camera' returned '0': CMAKE_PREFIX_PATH=/home/zzz/work/install/realsense2_camera_msgs:/home/zzz/work/install/realsense2_rviz_plugin:/home/zzz/work/install/realsense2_description:/home/zzz/work/install/realsense2_camera:/home/zzz/work/install/hiwin_service_client:/home/zzz/work/install/hiwin_libmodbus:/home/zzz/work/install/hiwin_interfaces:/home/zzz/work/install/yolo:/home/zzz/work/install/realsense2_ros_mqtt_bridge:/home/zzz/work/install/hiwin_example:/home/zzz/work/install/arduino_bridge:/opt/ros/humble LD_LIBRARY_PATH=/home/zzz/work/install/realsense2_camera_msgs/lib:/home/zzz/work/install/realsense2_camera/lib:/home/zzz/work/install/hiwin_libmodbus/lib:/home/zzz/work/install/hiwin_interfaces/lib:/opt/ros/humble/opt/rviz_ogre_vendor/lib:/opt/ros/humble/lib/x86_64-linux-gnu:/opt/ros/humble/lib /usr/bin/cmake /home/zzz/work/src/realsense-ros/realsense2_camera -DAMENT_CMAKE_SYMLINK_INSTALL=1 -DCMAKE_INSTALL_PREFIX=/home/zzz/work/install/realsense2_camera
[6.294s] Invoking command in '/home/zzz/work/build/realsense2_camera': CMAKE_PREFIX_PATH=/home/zzz/work/install/realsense2_camera_msgs:/home/zzz/work/install/realsense2_rviz_plugin:/home/zzz/work/install/realsense2_description:/home/zzz/work/install/realsense2_camera:/home/zzz/work/install/hiwin_service_client:/home/zzz/work/install/hiwin_libmodbus:/home/zzz/work/install/hiwin_interfaces:/home/zzz/work/install/yolo:/home/zzz/work/install/realsense2_ros_mqtt_bridge:/home/zzz/work/install/hiwin_example:/home/zzz/work/install/arduino_bridge:/opt/ros/humble LD_LIBRARY_PATH=/home/zzz/work/install/realsense2_camera_msgs/lib:/home/zzz/work/install/realsense2_camera/lib:/home/zzz/work/install/hiwin_libmodbus/lib:/home/zzz/work/install/hiwin_interfaces/lib:/opt/ros/humble/opt/rviz_ogre_vendor/lib:/opt/ros/humble/lib/x86_64-linux-gnu:/opt/ros/humble/lib /usr/bin/cmake --build /home/zzz/work/build/realsense2_camera -- -j12 -l12
[6.355s] [  7%] [32mBuilding CXX object CMakeFiles/realsense2_camera_node.dir/rclcpp_components/node_main_realsense2_camera_node.cpp.o[0m
[6.355s] [  7%] [32mBuilding CXX object CMakeFiles/realsense2_camera.dir/src/parameters.cpp.o[0m
[6.355s] [ 11%] [32mBuilding CXX object CMakeFiles/realsense2_camera.dir/src/ros_sensor.cpp.o[0m
[6.355s] [ 15%] [32mBuilding CXX object gtest/CMakeFiles/gtest_main.dir/src/gtest_main.cc.o[0m
[6.356s] [ 23%] [32mBuilding CXX object CMakeFiles/realsense2_camera.dir/src/base_realsense_node.cpp.o[0m
[6.357s] [ 23%] [32mBuilding CXX object gtest/CMakeFiles/gtest.dir/src/gtest-all.cc.o[0m
[6.357s] [ 26%] [32mBuilding CXX object CMakeFiles/realsense2_camera.dir/src/rs_node_setup.cpp.o[0m
[6.362s] [ 34%] [32mBuilding CXX object CMakeFiles/realsense2_camera.dir/src/ros_utils.cpp.o[0m
[6.362s] [ 34%] [32mBuilding CXX object CMakeFiles/realsense2_camera.dir/src/realsense_node_factory.cpp.o[0m
[6.362s] [ 42%] [32mBuilding CXX object CMakeFiles/realsense2_camera.dir/src/dynamic_params.cpp.o[0m
[6.362s] [ 42%] [32mBuilding CXX object CMakeFiles/realsense2_camera.dir/src/sensor_params.cpp.o[0m
[6.366s] [ 46%] [32mBuilding CXX object CMakeFiles/realsense2_camera.dir/src/named_filter.cpp.o[0m
[7.081s] [ 50%] [32m[1mLinking CXX static library libgtest_main.a[0m
[7.125s] [ 50%] Built target gtest_main
[7.138s] [ 53%] [32mBuilding CXX object CMakeFiles/realsense2_camera.dir/src/pointcloud_filter.cpp.o[0m
[12.353s] [ 57%] [32m[1mLinking CXX executable realsense2_camera_node[0m
[12.638s] [ 57%] Built target realsense2_camera_node
[12.657s] [ 61%] [32mBuilding CXX object CMakeFiles/realsense2_camera.dir/src/align_depth_filter.cpp.o[0m
[12.866s] [ 65%] [32mBuilding CXX object CMakeFiles/realsense2_camera.dir/src/profile_manager.cpp.o[0m
[15.161s] [ 69%] [32mBuilding CXX object CMakeFiles/realsense2_camera.dir/src/image_publisher.cpp.o[0m
[15.475s] [ 73%] [32mBuilding CXX object CMakeFiles/realsense2_camera.dir/src/tfs.cpp.o[0m
[15.488s] [ 76%] [32mBuilding CXX object CMakeFiles/realsense2_camera.dir/src/actions.cpp.o[0m
[17.496s] [ 80%] [32m[1mLinking CXX static library libgtest.a[0m
[17.597s] [ 80%] Built target gtest
[17.618s] [ 84%] [32mBuilding CXX object CMakeFiles/realsense2_camera.dir/src/safety.cpp.o[0m
[18.216s] [ 88%] [32mBuilding CXX object CMakeFiles/realsense2_camera.dir/src/ros_param_backend.cpp.o[0m
[18.243s] [ 92%] [32mBuilding CXX object CMakeFiles/gtest_template.dir/test/gtest_template.cpp.o[0m
[19.506s] [ 96%] [32m[1mLinking CXX executable gtest_template[0m
[19.695s] [ 96%] Built target gtest_template
[30.206s] [100%] [32m[1mLinking CXX shared library librealsense2_camera.so[0m
[30.594s] [100%] Built target realsense2_camera
[30.609s] Invoked command in '/home/zzz/work/build/realsense2_camera' returned '0': CMAKE_PREFIX_PATH=/home/zzz/work/install/realsense2_camera_msgs:/home/zzz/work/install/realsense2_rviz_plugin:/home/zzz/work/install/realsense2_description:/home/zzz/work/install/realsense2_camera:/home/zzz/work/install/hiwin_service_client:/home/zzz/work/install/hiwin_libmodbus:/home/zzz/work/install/hiwin_interfaces:/home/zzz/work/install/yolo:/home/zzz/work/install/realsense2_ros_mqtt_bridge:/home/zzz/work/install/hiwin_example:/home/zzz/work/install/arduino_bridge:/opt/ros/humble LD_LIBRARY_PATH=/home/zzz/work/install/realsense2_camera_msgs/lib:/home/zzz/work/install/realsense2_camera/lib:/home/zzz/work/install/hiwin_libmodbus/lib:/home/zzz/work/install/hiwin_interfaces/lib:/opt/ros/humble/opt/rviz_ogre_vendor/lib:/opt/ros/humble/lib/x86_64-linux-gnu:/opt/ros/humble/lib /usr/bin/cmake --build /home/zzz/work/build/realsense2_camera -- -j12 -l12
[30.610s] Invoking command in '/home/zzz/work/build/realsense2_camera': CMAKE_PREFIX_PATH=/home/zzz/work/install/realsense2_camera_msgs:/home/zzz/work/install/realsense2_rviz_plugin:/home/zzz/work/install/realsense2_description:/home/zzz/work/install/realsense2_camera:/home/zzz/work/install/hiwin_service_client:/home/zzz/work/install/hiwin_libmodbus:/home/zzz/work/install/hiwin_interfaces:/home/zzz/work/install/yolo:/home/zzz/work/install/realsense2_ros_mqtt_bridge:/home/zzz/work/install/hiwin_example:/home/zzz/work/install/arduino_bridge:/opt/ros/humble LD_LIBRARY_PATH=/home/zzz/work/install/realsense2_camera_msgs/lib:/home/zzz/work/install/realsense2_camera/lib:/home/zzz/work/install/hiwin_libmodbus/lib:/home/zzz/work/install/hiwin_interfaces/lib:/opt/ros/humble/opt/rviz_ogre_vendor/lib:/opt/ros/humble/lib/x86_64-linux-gnu:/opt/ros/humble/lib /usr/bin/cmake --install /home/zzz/work/build/realsense2_camera
[30.619s] -- Install configuration: "Release"
[30.620s] -- Execute custom install script
[30.620s] -- Symlinking: /home/zzz/work/install/realsense2_camera/share/realsense2_camera/config/global_settings.yaml
[30.633s] -- Symlinking: /home/zzz/work/install/realsense2_camera/lib/realsense2_camera/realsense2_camera_node
[30.643s] -- Symlinking: /home/zzz/work/install/realsense2_camera/lib/librealsense2_camera.so
[30.655s] -- Symlinking: /home/zzz/work/install/realsense2_camera/include/align_depth_filter.h
[30.665s] -- Symlinking: /home/zzz/work/install/realsense2_camera/include/base_realsense_node.h
[30.676s] -- Symlinking: /home/zzz/work/install/realsense2_camera/include/constants.h
[30.687s] -- Symlinking: /home/zzz/work/install/realsense2_camera/include/context_singleton_wrapper.h
[30.697s] -- Symlinking: /home/zzz/work/install/realsense2_camera/include/dynamic_params.h
[30.708s] -- Symlinking: /home/zzz/work/install/realsense2_camera/include/gl_window.h
[30.717s] -- Symlinking: /home/zzz/work/install/realsense2_camera/include/image_publisher.h
[30.728s] -- Symlinking: /home/zzz/work/install/realsense2_camera/include/named_filter.h
[30.741s] -- Symlinking: /home/zzz/work/install/realsense2_camera/include/pointcloud_filter.h
[30.751s] -- Symlinking: /home/zzz/work/install/realsense2_camera/include/profile_manager.h
[30.763s] -- Symlinking: /home/zzz/work/install/realsense2_camera/include/realsense_node_factory.h
[30.775s] -- Symlinking: /home/zzz/work/install/realsense2_camera/include/ros_node_base.h
[30.786s] -- Symlinking: /home/zzz/work/install/realsense2_camera/include/ros_param_backend.h
[30.795s] -- Symlinking: /home/zzz/work/install/realsense2_camera/include/ros_sensor.h
[30.807s] -- Symlinking: /home/zzz/work/install/realsense2_camera/include/ros_utils.h
[30.818s] -- Symlinking: /home/zzz/work/install/realsense2_camera/include/sensor_params.h
[30.827s] -- Symlinking: /home/zzz/work/install/realsense2_camera/share/realsense2_camera/launch/default.rviz
[30.838s] -- Symlinking: /home/zzz/work/install/realsense2_camera/share/realsense2_camera/launch/rs_intra_process_demo_launch.py
[30.847s] -- Symlinking: /home/zzz/work/install/realsense2_camera/share/realsense2_camera/launch/rs_launch.py
[30.857s] -- Symlinking: /home/zzz/work/install/realsense2_camera/share/realsense2_camera/launch/rs_multi_camera_launch.py
[30.870s] -- Symlinking: /home/zzz/work/install/realsense2_camera/share/realsense2_camera/launch/rs_multi_camera_launch_sync.py
[30.880s] -- Symlinking: /home/zzz/work/install/realsense2_camera/share/realsense2_camera/examples/align_depth/README.md
[30.888s] -- Symlinking: /home/zzz/work/install/realsense2_camera/share/realsense2_camera/examples/align_depth/rs_align_depth_launch.py
[30.897s] -- Symlinking: /home/zzz/work/install/realsense2_camera/share/realsense2_camera/examples/d500_tables/application_config_example.json
[30.909s] -- Symlinking: /home/zzz/work/install/realsense2_camera/share/realsense2_camera/examples/d500_tables/calib_config_example.json
[30.918s] -- Symlinking: /home/zzz/work/install/realsense2_camera/share/realsense2_camera/examples/d500_tables/safety_interface_config_example.json
[30.929s] -- Symlinking: /home/zzz/work/install/realsense2_camera/share/realsense2_camera/examples/d500_tables/safety_preset_example.json
[30.941s] -- Symlinking: /home/zzz/work/install/realsense2_camera/share/realsense2_camera/examples/dual_camera/README.md
[30.953s] -- Symlinking: /home/zzz/work/install/realsense2_camera/share/realsense2_camera/examples/dual_camera/rs_dual_camera_launch.py
[30.964s] -- Symlinking: /home/zzz/work/install/realsense2_camera/share/realsense2_camera/examples/dual_camera/rviz/dual_camera_pointcloud.rviz
[30.976s] -- Symlinking: /home/zzz/work/install/realsense2_camera/share/realsense2_camera/examples/launch_from_rosbag/README.md
[30.985s] -- Symlinking: /home/zzz/work/install/realsense2_camera/share/realsense2_camera/examples/launch_from_rosbag/rs_launch_from_rosbag.py
[30.993s] -- Symlinking: /home/zzz/work/install/realsense2_camera/share/realsense2_camera/examples/launch_params_from_file/README.md
[31.003s] -- Symlinking: /home/zzz/work/install/realsense2_camera/share/realsense2_camera/examples/launch_params_from_file/config/config.yaml
[31.015s] -- Symlinking: /home/zzz/work/install/realsense2_camera/share/realsense2_camera/examples/launch_params_from_file/rs_launch_get_params_from_yaml.py
[31.026s] -- Symlinking: /home/zzz/work/install/realsense2_camera/share/realsense2_camera/examples/pointcloud/README.md
[31.036s] -- Symlinking: /home/zzz/work/install/realsense2_camera/share/realsense2_camera/examples/pointcloud/rs_d405_pointcloud_launch.py
[31.045s] -- Symlinking: /home/zzz/work/install/realsense2_camera/share/realsense2_camera/examples/pointcloud/rs_d455_pointcloud_launch.py
[31.057s] -- Symlinking: /home/zzz/work/install/realsense2_camera/share/realsense2_camera/examples/pointcloud/rs_pointcloud_infra_launch.py
[31.066s] -- Symlinking: /home/zzz/work/install/realsense2_camera/share/realsense2_camera/examples/pointcloud/rs_pointcloud_launch.py
[31.076s] -- Symlinking: /home/zzz/work/install/realsense2_camera/share/realsense2_camera/examples/pointcloud/rviz/pointcloud.rviz
[31.085s] -- Symlinking: /home/zzz/work/install/realsense2_camera/share/realsense2_camera/examples/pointcloud/rviz/urdf_pointcloud.rviz
[31.096s] -- Symlinking: /home/zzz/work/install/realsense2_camera/share/realsense2_camera/environment/library_path.sh
[31.109s] -- Symlinking: /home/zzz/work/install/realsense2_camera/share/realsense2_camera/environment/library_path.dsv
[31.118s] -- Symlinking: /home/zzz/work/install/realsense2_camera/share/ament_index/resource_index/package_run_dependencies/realsense2_camera
[31.129s] -- Symlinking: /home/zzz/work/install/realsense2_camera/share/ament_index/resource_index/parent_prefix_path/realsense2_camera
[31.141s] -- Symlinking: /home/zzz/work/install/realsense2_camera/share/realsense2_camera/environment/ament_prefix_path.sh
[31.149s] -- Symlinking: /home/zzz/work/install/realsense2_camera/share/realsense2_camera/environment/ament_prefix_path.dsv
[31.158s] -- Symlinking: /home/zzz/work/install/realsense2_camera/share/realsense2_camera/environment/path.sh
[31.168s] -- Symlinking: /home/zzz/work/install/realsense2_camera/share/realsense2_camera/environment/path.dsv
[31.177s] -- Symlinking: /home/zzz/work/install/realsense2_camera/share/realsense2_camera/local_setup.bash
[31.185s] -- Symlinking: /home/zzz/work/install/realsense2_camera/share/realsense2_camera/local_setup.sh
[31.193s] -- Symlinking: /home/zzz/work/install/realsense2_camera/share/realsense2_camera/local_setup.zsh
[31.204s] -- Symlinking: /home/zzz/work/install/realsense2_camera/share/realsense2_camera/local_setup.dsv
[31.215s] -- Symlinking: /home/zzz/work/install/realsense2_camera/share/realsense2_camera/package.dsv
[31.226s] -- Symlinking: /home/zzz/work/install/realsense2_camera/share/ament_index/resource_index/packages/realsense2_camera
[31.237s] -- Symlinking: /home/zzz/work/install/realsense2_camera/share/ament_index/resource_index/rclcpp_components/realsense2_camera
[31.245s] -- Symlinking: /home/zzz/work/install/realsense2_camera/share/realsense2_camera/cmake/ament_cmake_export_include_directories-extras.cmake
[31.257s] -- Symlinking: /home/zzz/work/install/realsense2_camera/share/realsense2_camera/cmake/ament_cmake_export_libraries-extras.cmake
[31.269s] -- Symlinking: /home/zzz/work/install/realsense2_camera/share/realsense2_camera/cmake/ament_cmake_export_dependencies-extras.cmake
[31.280s] -- Symlinking: /home/zzz/work/install/realsense2_camera/share/realsense2_camera/cmake/realsense2_cameraConfig.cmake
[31.291s] -- Symlinking: /home/zzz/work/install/realsense2_camera/share/realsense2_camera/cmake/realsense2_cameraConfig-version.cmake
[31.301s] -- Symlinking: /home/zzz/work/install/realsense2_camera/share/realsense2_camera/package.xml
[31.312s] Invoked command in '/home/zzz/work/build/realsense2_camera' returned '0': CMAKE_PREFIX_PATH=/home/zzz/work/install/realsense2_camera_msgs:/home/zzz/work/install/realsense2_rviz_plugin:/home/zzz/work/install/realsense2_description:/home/zzz/work/install/realsense2_camera:/home/zzz/work/install/hiwin_service_client:/home/zzz/work/install/hiwin_libmodbus:/home/zzz/work/install/hiwin_interfaces:/home/zzz/work/install/yolo:/home/zzz/work/install/realsense2_ros_mqtt_bridge:/home/zzz/work/install/hiwin_example:/home/zzz/work/install/arduino_bridge:/opt/ros/humble LD_LIBRARY_PATH=/home/zzz/work/install/realsense2_camera_msgs/lib:/home/zzz/work/install/realsense2_camera/lib:/home/zzz/work/install/hiwin_libmodbus/lib:/home/zzz/work/install/hiwin_interfaces/lib:/opt/ros/humble/opt/rviz_ogre_vendor/lib:/opt/ros/humble/lib/x86_64-linux-gnu:/opt/ros/humble/lib /usr/bin/cmake --install /home/zzz/work/build/realsense2_camera
