[2.629s] Invoking command in '/home/zzz/work/src/yolo': PYTHONPATH=/home/zzz/work/build/yolo/prefix_override:/usr/lib/python3/dist-packages/colcon_core/task/python/colcon_distutils_commands:/home/zzz/work/install/yolo/lib/python3.10/site-packages:${PYTHONPATH} /usr/bin/python3 -W ignore:setup.py install is deprecated -W ignore:easy_install command is deprecated setup.py egg_info --egg-base ../../build/yolo build --build-base /home/zzz/work/build/yolo/build install --record /home/zzz/work/build/yolo/install.log --install-scripts $base/lib/yolo --single-version-externally-managed install_data
[2.980s] running egg_info
[2.994s] writing ../../build/yolo/yolo.egg-info/PKG-INFO
[2.995s] writing dependency_links to ../../build/yolo/yolo.egg-info/dependency_links.txt
[2.995s] writing entry points to ../../build/yolo/yolo.egg-info/entry_points.txt
[2.995s] writing requirements to ../../build/yolo/yolo.egg-info/requires.txt
[2.995s] writing top-level names to ../../build/yolo/yolo.egg-info/top_level.txt
[3.024s] reading manifest file '../../build/yolo/yolo.egg-info/SOURCES.txt'
[3.027s] writing manifest file '../../build/yolo/yolo.egg-info/SOURCES.txt'
[3.028s] running build
[3.028s] running build_py
[3.031s] copying yolo/__init__.py -> /home/zzz/work/build/yolo/build/lib/yolo
[3.032s] copying yolo/camera_node_apriltag.py -> /home/zzz/work/build/yolo/build/lib/yolo
[3.033s] copying yolo/camera_node_sub.py -> /home/zzz/work/build/yolo/build/lib/yolo
[3.033s] copying yolo/camera_node_yolo_apriltag.py -> /home/zzz/work/build/yolo/build/lib/yolo
[3.033s] copying yolo/camera_node_pub.py -> /home/zzz/work/build/yolo/build/lib/yolo
[3.033s] warning: build_py: byte-compiling is disabled, skipping.
[3.034s] 
[3.034s] running install
[3.041s] running install_lib
[3.060s] warning: install_lib: byte-compiling is disabled, skipping.
[3.060s] 
[3.060s] running install_data
[3.060s] copying resource/yolo -> /home/zzz/work/install/yolo/share/ament_index/resource_index/packages
[3.060s] copying package.xml -> /home/zzz/work/install/yolo/share/yolo
[3.060s] running install_egg_info
[3.086s] removing '/home/zzz/work/install/yolo/lib/python3.10/site-packages/yolo-0.0.0-py3.10.egg-info' (and everything under it)
[3.086s] Copying ../../build/yolo/yolo.egg-info to /home/zzz/work/install/yolo/lib/python3.10/site-packages/yolo-0.0.0-py3.10.egg-info
[3.089s] running install_scripts
[3.128s] Installing apriltag script to /home/zzz/work/install/yolo/lib/yolo
[3.129s] Installing yolo_apriltag script to /home/zzz/work/install/yolo/lib/yolo
[3.129s] Installing yolo_pub script to /home/zzz/work/install/yolo/lib/yolo
[3.129s] Installing yolo_sub script to /home/zzz/work/install/yolo/lib/yolo
[3.130s] writing list of installed files to '/home/zzz/work/build/yolo/install.log'
[3.193s] Invoked command in '/home/zzz/work/src/yolo' returned '0': PYTHONPATH=/home/zzz/work/build/yolo/prefix_override:/usr/lib/python3/dist-packages/colcon_core/task/python/colcon_distutils_commands:/home/zzz/work/install/yolo/lib/python3.10/site-packages:${PYTHONPATH} /usr/bin/python3 -W ignore:setup.py install is deprecated -W ignore:easy_install command is deprecated setup.py egg_info --egg-base ../../build/yolo build --build-base /home/zzz/work/build/yolo/build install --record /home/zzz/work/build/yolo/install.log --install-scripts $base/lib/yolo --single-version-externally-managed install_data
