/home/leo/work/install/hiwin_example/lib/python3.10/site-packages/hiwin_example/YoloDetector.py
/home/leo/work/install/hiwin_example/lib/python3.10/site-packages/hiwin_example/three_points_calibration_example.py
/home/leo/work/install/hiwin_example/lib/python3.10/site-packages/hiwin_example/hand_in_eye_calibration.py
/home/leo/work/install/hiwin_example/lib/python3.10/site-packages/hiwin_example/tool_pose_mixin.py
/home/leo/work/install/hiwin_example/lib/python3.10/site-packages/hiwin_example/apriltag_sampling_mixin.py
/home/leo/work/install/hiwin_example/lib/python3.10/site-packages/hiwin_example/hiwin_robot_mixin.py
/home/leo/work/install/hiwin_example/lib/python3.10/site-packages/hiwin_example/rj45_target_mixin.py
/home/leo/work/install/hiwin_example/lib/python3.10/site-packages/hiwin_example/strategy_example.py
/home/leo/work/install/hiwin_example/lib/python3.10/site-packages/hiwin_example/transformations.py
/home/leo/work/install/hiwin_example/lib/python3.10/site-packages/hiwin_example/__init__.py
/home/leo/work/install/hiwin_example/lib/python3.10/site-packages/hiwin_example/camera_flange_matrix2.py
/home/leo/work/install/hiwin_example/lib/python3.10/site-packages/hiwin_example/center_alignment_mixin.py
/home/leo/work/install/hiwin_example/lib/python3.10/site-packages/hiwin_example/YoloDetector_class_node.py
/home/leo/work/install/hiwin_example/lib/python3.10/site-packages/hiwin_example/__pycache__/YoloDetector.cpython-310.pyc
/home/leo/work/install/hiwin_example/lib/python3.10/site-packages/hiwin_example/__pycache__/three_points_calibration_example.cpython-310.pyc
/home/leo/work/install/hiwin_example/lib/python3.10/site-packages/hiwin_example/__pycache__/hand_in_eye_calibration.cpython-310.pyc
/home/leo/work/install/hiwin_example/lib/python3.10/site-packages/hiwin_example/__pycache__/tool_pose_mixin.cpython-310.pyc
/home/leo/work/install/hiwin_example/lib/python3.10/site-packages/hiwin_example/__pycache__/apriltag_sampling_mixin.cpython-310.pyc
/home/leo/work/install/hiwin_example/lib/python3.10/site-packages/hiwin_example/__pycache__/hiwin_robot_mixin.cpython-310.pyc
/home/leo/work/install/hiwin_example/lib/python3.10/site-packages/hiwin_example/__pycache__/rj45_target_mixin.cpython-310.pyc
/home/leo/work/install/hiwin_example/lib/python3.10/site-packages/hiwin_example/__pycache__/strategy_example.cpython-310.pyc
/home/leo/work/install/hiwin_example/lib/python3.10/site-packages/hiwin_example/__pycache__/transformations.cpython-310.pyc
/home/leo/work/install/hiwin_example/lib/python3.10/site-packages/hiwin_example/__pycache__/__init__.cpython-310.pyc
/home/leo/work/install/hiwin_example/lib/python3.10/site-packages/hiwin_example/__pycache__/camera_flange_matrix2.cpython-310.pyc
/home/leo/work/install/hiwin_example/lib/python3.10/site-packages/hiwin_example/__pycache__/center_alignment_mixin.cpython-310.pyc
/home/leo/work/install/hiwin_example/lib/python3.10/site-packages/hiwin_example/__pycache__/YoloDetector_class_node.cpython-310.pyc
/home/leo/work/install/hiwin_example/share/ament_index/resource_index/packages/hiwin_example
/home/leo/work/install/hiwin_example/share/hiwin_example/package.xml
/home/leo/work/install/hiwin_example/share/hiwin_example/launch/bag_three_points_calibration.launch.py
/home/leo/work/install/hiwin_example/share/hiwin_example/launch/cup_three_points_calibration.launch.py
/home/leo/work/install/hiwin_example/share/hiwin_example/config/cup_cali_pose.yaml
/home/leo/work/install/hiwin_example/share/hiwin_example/config/bag_cali_pose.yaml
/home/leo/work/install/hiwin_example/share/hiwin_example/config/cup_cam.yaml
/home/leo/work/install/hiwin_example/share/hiwin_example/config/bag_cam.yaml
/home/leo/work/install/hiwin_example/lib/python3.10/site-packages/hiwin_example-0.0.0-py3.10.egg-info/entry_points.txt
/home/leo/work/install/hiwin_example/lib/python3.10/site-packages/hiwin_example-0.0.0-py3.10.egg-info/zip-safe
/home/leo/work/install/hiwin_example/lib/python3.10/site-packages/hiwin_example-0.0.0-py3.10.egg-info/top_level.txt
/home/leo/work/install/hiwin_example/lib/python3.10/site-packages/hiwin_example-0.0.0-py3.10.egg-info/SOURCES.txt
/home/leo/work/install/hiwin_example/lib/python3.10/site-packages/hiwin_example-0.0.0-py3.10.egg-info/PKG-INFO
/home/leo/work/install/hiwin_example/lib/python3.10/site-packages/hiwin_example-0.0.0-py3.10.egg-info/dependency_links.txt
/home/leo/work/install/hiwin_example/lib/python3.10/site-packages/hiwin_example-0.0.0-py3.10.egg-info/requires.txt
/home/leo/work/install/hiwin_example/lib/hiwin_example/hand_in_eye_calibration
/home/leo/work/install/hiwin_example/lib/hiwin_example/strategy_example
/home/leo/work/install/hiwin_example/lib/hiwin_example/three_points_calibration_example
