[0.090s] Invoking command in '/home/zzz/work/build/hiwin_interfaces': CMAKE_PREFIX_PATH=${CMAKE_PREFIX_PATH}:/home/zzz/work/install/yolo:/home/zzz/work/install/realsense2_ros_mqtt_bridge:/home/zzz/work/install/hiwin_example:/home/zzz/work/install/arduino_bridge:/opt/ros/humble /usr/bin/cmake --build /home/zzz/work/build/hiwin_interfaces -- -j12 -l12
[1.158s] [  5%] Built target hiwin_interfaces__cpp
[1.158s] [  5%] Built target hiwin_interfaces__rs
[1.158s] [ 15%] Built target hiwin_interfaces__rosidl_generator_c
[1.159s] [ 15%] Built target ament_cmake_python_symlink_hiwin_interfaces
[1.159s] [ 25%] Built target hiwin_interfaces__rosidl_typesupport_introspection_cpp
[1.159s] [ 35%] Built target hiwin_interfaces__rosidl_typesupport_fastrtps_cpp
[1.159s] [ 45%] Built target hiwin_interfaces__rosidl_typesupport_cpp
[1.159s] [ 55%] Built target hiwin_interfaces__rosidl_typesupport_c
[1.159s] [ 65%] Built target hiwin_interfaces__rosidl_typesupport_introspection_c
[1.159s] [ 75%] Built target hiwin_interfaces__rosidl_typesupport_fastrtps_c
[1.160s] [ 75%] Built target hiwin_interfaces
[1.160s] [ 77%] Built target hiwin_interfaces__py
[1.160s] [ 85%] Built target hiwin_interfaces__rosidl_generator_py
[1.160s] [ 90%] Built target hiwin_interfaces__rosidl_typesupport_c__pyext
[1.160s] [ 95%] Built target hiwin_interfaces__rosidl_typesupport_fastrtps_c__pyext
[1.160s] [100%] Built target hiwin_interfaces__rosidl_typesupport_introspection_c__pyext
[1.160s] running egg_info
[1.160s] writing hiwin_interfaces.egg-info/PKG-INFO
[1.160s] writing dependency_links to hiwin_interfaces.egg-info/dependency_links.txt
[1.161s] writing top-level names to hiwin_interfaces.egg-info/top_level.txt
[1.161s] reading manifest file 'hiwin_interfaces.egg-info/SOURCES.txt'
[1.161s] writing manifest file 'hiwin_interfaces.egg-info/SOURCES.txt'
[1.161s] [100%] Built target ament_cmake_python_build_hiwin_interfaces_egg
[1.490s] Invoked command in '/home/zzz/work/build/hiwin_interfaces' returned '0': CMAKE_PREFIX_PATH=${CMAKE_PREFIX_PATH}:/home/zzz/work/install/yolo:/home/zzz/work/install/realsense2_ros_mqtt_bridge:/home/zzz/work/install/hiwin_example:/home/zzz/work/install/arduino_bridge:/opt/ros/humble /usr/bin/cmake --build /home/zzz/work/build/hiwin_interfaces -- -j12 -l12
[1.509s] Invoking command in '/home/zzz/work/build/hiwin_interfaces': CMAKE_PREFIX_PATH=${CMAKE_PREFIX_PATH}:/home/zzz/work/install/yolo:/home/zzz/work/install/realsense2_ros_mqtt_bridge:/home/zzz/work/install/hiwin_example:/home/zzz/work/install/arduino_bridge:/opt/ros/humble /usr/bin/cmake --install /home/zzz/work/build/hiwin_interfaces
[1.539s] -- Install configuration: ""
[1.540s] -- Execute custom install script
[1.541s] -- Up-to-date symlink: /home/zzz/work/install/hiwin_interfaces/share/ament_index/resource_index/rosidl_interfaces/hiwin_interfaces
[1.542s] -- Up-to-date symlink: /home/zzz/work/install/hiwin_interfaces/include/hiwin_interfaces/hiwin_interfaces/msg/rosidl_generator_c__visibility_control.h
[1.542s] -- Up-to-date symlink: /home/zzz/work/install/hiwin_interfaces/include/hiwin_interfaces/hiwin_interfaces/srv/detail/hiwinmodbus__functions.h
[1.542s] -- Up-to-date symlink: /home/zzz/work/install/hiwin_interfaces/include/hiwin_interfaces/hiwin_interfaces/srv/detail/hiwinmodbus__struct.h
[1.542s] -- Up-to-date symlink: /home/zzz/work/install/hiwin_interfaces/include/hiwin_interfaces/hiwin_interfaces/srv/detail/hiwinmodbus__type_support.h
[1.549s] -- Up-to-date symlink: /home/zzz/work/install/hiwin_interfaces/include/hiwin_interfaces/hiwin_interfaces/srv/detail/robot_command__functions.h
[1.549s] -- Up-to-date symlink: /home/zzz/work/install/hiwin_interfaces/include/hiwin_interfaces/hiwin_interfaces/srv/detail/robot_command__struct.h
[1.549s] -- Up-to-date symlink: /home/zzz/work/install/hiwin_interfaces/include/hiwin_interfaces/hiwin_interfaces/srv/detail/robot_command__type_support.h
[1.549s] -- Up-to-date symlink: /home/zzz/work/install/hiwin_interfaces/include/hiwin_interfaces/hiwin_interfaces/srv/hiwinmodbus.h
[1.549s] -- Up-to-date symlink: /home/zzz/work/install/hiwin_interfaces/include/hiwin_interfaces/hiwin_interfaces/srv/robot_command.h
[1.549s] -- Up-to-date symlink: /home/zzz/work/install/hiwin_interfaces/share/hiwin_interfaces/environment/library_path.sh
[1.549s] -- Up-to-date symlink: /home/zzz/work/install/hiwin_interfaces/share/hiwin_interfaces/environment/library_path.dsv
[1.549s] -- Up-to-date symlink: /home/zzz/work/install/hiwin_interfaces/include/hiwin_interfaces/hiwin_interfaces/msg/rosidl_typesupport_fastrtps_c__visibility_control.h
[1.550s] -- Up-to-date symlink: /home/zzz/work/install/hiwin_interfaces/include/hiwin_interfaces/hiwin_interfaces/srv/detail/hiwinmodbus__rosidl_typesupport_fastrtps_c.h
[1.550s] -- Up-to-date symlink: /home/zzz/work/install/hiwin_interfaces/include/hiwin_interfaces/hiwin_interfaces/srv/detail/robot_command__rosidl_typesupport_fastrtps_c.h
[1.550s] -- Up-to-date symlink: /home/zzz/work/install/hiwin_interfaces/include/hiwin_interfaces/hiwin_interfaces/msg/rosidl_generator_cpp__visibility_control.hpp
[1.550s] -- Up-to-date symlink: /home/zzz/work/install/hiwin_interfaces/include/hiwin_interfaces/hiwin_interfaces/srv/detail/hiwinmodbus__builder.hpp
[1.550s] -- Up-to-date symlink: /home/zzz/work/install/hiwin_interfaces/include/hiwin_interfaces/hiwin_interfaces/srv/detail/hiwinmodbus__struct.hpp
[1.550s] -- Up-to-date symlink: /home/zzz/work/install/hiwin_interfaces/include/hiwin_interfaces/hiwin_interfaces/srv/detail/hiwinmodbus__traits.hpp
[1.550s] -- Up-to-date symlink: /home/zzz/work/install/hiwin_interfaces/include/hiwin_interfaces/hiwin_interfaces/srv/detail/hiwinmodbus__type_support.hpp
[1.550s] -- Up-to-date symlink: /home/zzz/work/install/hiwin_interfaces/include/hiwin_interfaces/hiwin_interfaces/srv/detail/robot_command__builder.hpp
[1.550s] -- Up-to-date symlink: /home/zzz/work/install/hiwin_interfaces/include/hiwin_interfaces/hiwin_interfaces/srv/detail/robot_command__struct.hpp
[1.563s] -- Up-to-date symlink: /home/zzz/work/install/hiwin_interfaces/include/hiwin_interfaces/hiwin_interfaces/srv/detail/robot_command__traits.hpp
[1.563s] -- Up-to-date symlink: /home/zzz/work/install/hiwin_interfaces/include/hiwin_interfaces/hiwin_interfaces/srv/detail/robot_command__type_support.hpp
[1.563s] -- Up-to-date symlink: /home/zzz/work/install/hiwin_interfaces/include/hiwin_interfaces/hiwin_interfaces/srv/hiwinmodbus.hpp
[1.565s] -- Up-to-date symlink: /home/zzz/work/install/hiwin_interfaces/include/hiwin_interfaces/hiwin_interfaces/srv/robot_command.hpp
[1.566s] -- Up-to-date symlink: /home/zzz/work/install/hiwin_interfaces/include/hiwin_interfaces/hiwin_interfaces/msg/rosidl_typesupport_fastrtps_cpp__visibility_control.h
[1.566s] -- Up-to-date symlink: /home/zzz/work/install/hiwin_interfaces/include/hiwin_interfaces/hiwin_interfaces/srv/detail/hiwinmodbus__rosidl_typesupport_fastrtps_cpp.hpp
[1.566s] -- Up-to-date symlink: /home/zzz/work/install/hiwin_interfaces/include/hiwin_interfaces/hiwin_interfaces/srv/detail/robot_command__rosidl_typesupport_fastrtps_cpp.hpp
[1.566s] -- Up-to-date symlink: /home/zzz/work/install/hiwin_interfaces/include/hiwin_interfaces/hiwin_interfaces/msg/rosidl_typesupport_introspection_c__visibility_control.h
[1.566s] -- Up-to-date symlink: /home/zzz/work/install/hiwin_interfaces/include/hiwin_interfaces/hiwin_interfaces/srv/detail/hiwinmodbus__rosidl_typesupport_introspection_c.h
[1.566s] -- Up-to-date symlink: /home/zzz/work/install/hiwin_interfaces/include/hiwin_interfaces/hiwin_interfaces/srv/detail/robot_command__rosidl_typesupport_introspection_c.h
[1.566s] -- Up-to-date symlink: /home/zzz/work/install/hiwin_interfaces/include/hiwin_interfaces/hiwin_interfaces/srv/detail/hiwinmodbus__rosidl_typesupport_introspection_cpp.hpp
[1.566s] -- Up-to-date symlink: /home/zzz/work/install/hiwin_interfaces/include/hiwin_interfaces/hiwin_interfaces/srv/detail/robot_command__rosidl_typesupport_introspection_cpp.hpp
[1.566s] -- Up-to-date symlink: /home/zzz/work/install/hiwin_interfaces/share/hiwin_interfaces/environment/pythonpath.sh
[1.567s] -- Up-to-date symlink: /home/zzz/work/install/hiwin_interfaces/share/hiwin_interfaces/environment/pythonpath.dsv
[1.567s] -- Up-to-date symlink: /home/zzz/work/install/hiwin_interfaces/local/lib/python3.10/dist-packages/hiwin_interfaces-0.0.0-py3.10.egg-info/PKG-INFO
[1.567s] -- Up-to-date symlink: /home/zzz/work/install/hiwin_interfaces/local/lib/python3.10/dist-packages/hiwin_interfaces-0.0.0-py3.10.egg-info/SOURCES.txt
[1.567s] -- Up-to-date symlink: /home/zzz/work/install/hiwin_interfaces/local/lib/python3.10/dist-packages/hiwin_interfaces-0.0.0-py3.10.egg-info/dependency_links.txt
[1.567s] -- Up-to-date symlink: /home/zzz/work/install/hiwin_interfaces/local/lib/python3.10/dist-packages/hiwin_interfaces-0.0.0-py3.10.egg-info/top_level.txt
[1.568s] -- Up-to-date symlink: /home/zzz/work/install/hiwin_interfaces/local/lib/python3.10/dist-packages/hiwin_interfaces/__init__.py
[1.568s] -- Up-to-date symlink: /home/zzz/work/install/hiwin_interfaces/local/lib/python3.10/dist-packages/hiwin_interfaces/_hiwin_interfaces_s.ep.rosidl_typesupport_c.c
[1.568s] -- Up-to-date symlink: /home/zzz/work/install/hiwin_interfaces/local/lib/python3.10/dist-packages/hiwin_interfaces/_hiwin_interfaces_s.ep.rosidl_typesupport_fastrtps_c.c
[1.568s] -- Up-to-date symlink: /home/zzz/work/install/hiwin_interfaces/local/lib/python3.10/dist-packages/hiwin_interfaces/_hiwin_interfaces_s.ep.rosidl_typesupport_introspection_c.c
[1.568s] -- Up-to-date symlink: /home/zzz/work/install/hiwin_interfaces/local/lib/python3.10/dist-packages/hiwin_interfaces/hiwin_interfaces_s__rosidl_typesupport_c.cpython-310-x86_64-linux-gnu.so
[1.568s] -- Up-to-date symlink: /home/zzz/work/install/hiwin_interfaces/local/lib/python3.10/dist-packages/hiwin_interfaces/hiwin_interfaces_s__rosidl_typesupport_fastrtps_c.cpython-310-x86_64-linux-gnu.so
[1.568s] -- Up-to-date symlink: /home/zzz/work/install/hiwin_interfaces/local/lib/python3.10/dist-packages/hiwin_interfaces/hiwin_interfaces_s__rosidl_typesupport_introspection_c.cpython-310-x86_64-linux-gnu.so
[1.569s] -- Up-to-date symlink: /home/zzz/work/install/hiwin_interfaces/local/lib/python3.10/dist-packages/hiwin_interfaces/libhiwin_interfaces__rosidl_generator_py.so
[1.574s] -- Up-to-date symlink: /home/zzz/work/install/hiwin_interfaces/local/lib/python3.10/dist-packages/hiwin_interfaces/srv/__init__.py
[1.575s] -- Up-to-date symlink: /home/zzz/work/install/hiwin_interfaces/local/lib/python3.10/dist-packages/hiwin_interfaces/srv/_hiwinmodbus.py
[1.575s] -- Up-to-date symlink: /home/zzz/work/install/hiwin_interfaces/local/lib/python3.10/dist-packages/hiwin_interfaces/srv/_hiwinmodbus_s.c
[1.575s] -- Up-to-date symlink: /home/zzz/work/install/hiwin_interfaces/local/lib/python3.10/dist-packages/hiwin_interfaces/srv/_robot_command.py
[1.576s] -- Up-to-date symlink: /home/zzz/work/install/hiwin_interfaces/local/lib/python3.10/dist-packages/hiwin_interfaces/srv/_robot_command_s.c
[1.576s] -- Up-to-date symlink: /home/zzz/work/install/hiwin_interfaces/local/lib/python3.10/dist-packages/hiwin_interfaces/hiwin_interfaces_s__rosidl_typesupport_fastrtps_c.cpython-310-x86_64-linux-gnu.so
[1.576s] -- Up-to-date symlink: /home/zzz/work/install/hiwin_interfaces/local/lib/python3.10/dist-packages/hiwin_interfaces/hiwin_interfaces_s__rosidl_typesupport_introspection_c.cpython-310-x86_64-linux-gnu.so
[1.576s] -- Up-to-date symlink: /home/zzz/work/install/hiwin_interfaces/local/lib/python3.10/dist-packages/hiwin_interfaces/hiwin_interfaces_s__rosidl_typesupport_c.cpython-310-x86_64-linux-gnu.so
[1.577s] -- Up-to-date symlink: /home/zzz/work/install/hiwin_interfaces/share/ament_index/resource_index/rust_packages/hiwin_interfaces
[1.583s] -- Up-to-date symlink: /home/zzz/work/install/hiwin_interfaces/share/hiwin_interfaces/rust/Cargo.toml
[1.583s] -- Up-to-date symlink: /home/zzz/work/install/hiwin_interfaces/share/hiwin_interfaces/rust/build.rs
[1.583s] -- Up-to-date symlink: /home/zzz/work/install/hiwin_interfaces/share/hiwin_interfaces/rust/src/lib.rs
[1.583s] -- Up-to-date symlink: /home/zzz/work/install/hiwin_interfaces/share/hiwin_interfaces/rust/src/srv.rs
[1.583s] -- Up-to-date symlink: /home/zzz/work/install/hiwin_interfaces/share/hiwin_interfaces/rust/src/srv/rmw.rs
[1.583s] -- Up-to-date symlink: /home/zzz/work/install/hiwin_interfaces/share/hiwin_interfaces/srv/Hiwinmodbus.idl
[1.583s] -- Up-to-date symlink: /home/zzz/work/install/hiwin_interfaces/share/hiwin_interfaces/srv/RobotCommand.idl
[1.583s] -- Up-to-date symlink: /home/zzz/work/install/hiwin_interfaces/share/hiwin_interfaces/srv/Hiwinmodbus.srv
[1.583s] -- Up-to-date symlink: /home/zzz/work/install/hiwin_interfaces/share/hiwin_interfaces/srv/Hiwinmodbus_Request.msg
[1.583s] -- Up-to-date symlink: /home/zzz/work/install/hiwin_interfaces/share/hiwin_interfaces/srv/Hiwinmodbus_Response.msg
[1.584s] -- Up-to-date symlink: /home/zzz/work/install/hiwin_interfaces/share/hiwin_interfaces/srv/RobotCommand.srv
[1.589s] -- Up-to-date symlink: /home/zzz/work/install/hiwin_interfaces/share/hiwin_interfaces/srv/RobotCommand_Request.msg
[1.590s] -- Up-to-date symlink: /home/zzz/work/install/hiwin_interfaces/share/hiwin_interfaces/srv/RobotCommand_Response.msg
[1.590s] -- Up-to-date symlink: /home/zzz/work/install/hiwin_interfaces/share/ament_index/resource_index/package_run_dependencies/hiwin_interfaces
[1.590s] -- Up-to-date symlink: /home/zzz/work/install/hiwin_interfaces/share/ament_index/resource_index/parent_prefix_path/hiwin_interfaces
[1.590s] -- Up-to-date symlink: /home/zzz/work/install/hiwin_interfaces/share/hiwin_interfaces/environment/ament_prefix_path.sh
[1.590s] -- Up-to-date symlink: /home/zzz/work/install/hiwin_interfaces/share/hiwin_interfaces/environment/ament_prefix_path.dsv
[1.590s] -- Up-to-date symlink: /home/zzz/work/install/hiwin_interfaces/share/hiwin_interfaces/environment/path.sh
[1.590s] -- Up-to-date symlink: /home/zzz/work/install/hiwin_interfaces/share/hiwin_interfaces/environment/path.dsv
[1.590s] -- Up-to-date symlink: /home/zzz/work/install/hiwin_interfaces/share/hiwin_interfaces/local_setup.bash
[1.590s] -- Up-to-date symlink: /home/zzz/work/install/hiwin_interfaces/share/hiwin_interfaces/local_setup.sh
[1.597s] -- Up-to-date symlink: /home/zzz/work/install/hiwin_interfaces/share/hiwin_interfaces/local_setup.zsh
[1.597s] -- Up-to-date symlink: /home/zzz/work/install/hiwin_interfaces/share/hiwin_interfaces/local_setup.dsv
[1.598s] -- Symlinking: /home/zzz/work/install/hiwin_interfaces/share/hiwin_interfaces/package.dsv
[1.626s] -- Up-to-date symlink: /home/zzz/work/install/hiwin_interfaces/share/ament_index/resource_index/packages/hiwin_interfaces
[1.627s] -- Up-to-date symlink: /home/zzz/work/install/hiwin_interfaces/share/hiwin_interfaces/cmake/rosidl_cmake-extras.cmake
[1.627s] -- Up-to-date symlink: /home/zzz/work/install/hiwin_interfaces/share/hiwin_interfaces/cmake/ament_cmake_export_dependencies-extras.cmake
[1.627s] -- Up-to-date symlink: /home/zzz/work/install/hiwin_interfaces/share/hiwin_interfaces/cmake/ament_cmake_export_include_directories-extras.cmake
[1.628s] -- Up-to-date symlink: /home/zzz/work/install/hiwin_interfaces/share/hiwin_interfaces/cmake/ament_cmake_export_libraries-extras.cmake
[1.629s] -- Up-to-date symlink: /home/zzz/work/install/hiwin_interfaces/share/hiwin_interfaces/cmake/ament_cmake_export_targets-extras.cmake
[1.630s] -- Up-to-date symlink: /home/zzz/work/install/hiwin_interfaces/share/hiwin_interfaces/cmake/rosidl_cmake_export_typesupport_targets-extras.cmake
[1.631s] -- Up-to-date symlink: /home/zzz/work/install/hiwin_interfaces/share/hiwin_interfaces/cmake/rosidl_cmake_export_typesupport_libraries-extras.cmake
[1.632s] -- Up-to-date symlink: /home/zzz/work/install/hiwin_interfaces/share/hiwin_interfaces/cmake/hiwin_interfacesConfig.cmake
[1.633s] -- Up-to-date symlink: /home/zzz/work/install/hiwin_interfaces/share/hiwin_interfaces/cmake/hiwin_interfacesConfig-version.cmake
[1.636s] -- Up-to-date symlink: /home/zzz/work/install/hiwin_interfaces/share/hiwin_interfaces/package.xml
[1.637s] -- Up-to-date: /home/zzz/work/install/hiwin_interfaces/lib/libhiwin_interfaces__rosidl_generator_c.so
[1.639s] -- Up-to-date: /home/zzz/work/install/hiwin_interfaces/lib/libhiwin_interfaces__rosidl_typesupport_fastrtps_c.so
[1.651s] -- Up-to-date: /home/zzz/work/install/hiwin_interfaces/lib/libhiwin_interfaces__rosidl_typesupport_fastrtps_cpp.so
[1.655s] -- Up-to-date: /home/zzz/work/install/hiwin_interfaces/lib/libhiwin_interfaces__rosidl_typesupport_introspection_c.so
[1.660s] -- Up-to-date: /home/zzz/work/install/hiwin_interfaces/lib/libhiwin_interfaces__rosidl_typesupport_c.so
[1.664s] -- Up-to-date: /home/zzz/work/install/hiwin_interfaces/lib/libhiwin_interfaces__rosidl_typesupport_introspection_cpp.so
[1.664s] -- Up-to-date: /home/zzz/work/install/hiwin_interfaces/lib/libhiwin_interfaces__rosidl_typesupport_cpp.so
[1.739s] Listing '/home/zzz/work/install/hiwin_interfaces/local/lib/python3.10/dist-packages/hiwin_interfaces'...
[1.743s] Listing '/home/zzz/work/install/hiwin_interfaces/local/lib/python3.10/dist-packages/hiwin_interfaces/srv'...
[1.748s] -- Up-to-date: /home/zzz/work/install/hiwin_interfaces/lib/libhiwin_interfaces__rosidl_generator_py.so
[1.750s] -- Up-to-date: /home/zzz/work/install/hiwin_interfaces/share/hiwin_interfaces/cmake/export_hiwin_interfaces__rosidl_generator_cExport.cmake
[1.751s] -- Up-to-date: /home/zzz/work/install/hiwin_interfaces/share/hiwin_interfaces/cmake/export_hiwin_interfaces__rosidl_generator_cExport-noconfig.cmake
[1.753s] -- Up-to-date: /home/zzz/work/install/hiwin_interfaces/share/hiwin_interfaces/cmake/export_hiwin_interfaces__rosidl_typesupport_fastrtps_cExport.cmake
[1.753s] -- Up-to-date: /home/zzz/work/install/hiwin_interfaces/share/hiwin_interfaces/cmake/export_hiwin_interfaces__rosidl_typesupport_fastrtps_cExport-noconfig.cmake
[1.754s] -- Up-to-date: /home/zzz/work/install/hiwin_interfaces/share/hiwin_interfaces/cmake/export_hiwin_interfaces__rosidl_generator_cppExport.cmake
[1.756s] -- Up-to-date: /home/zzz/work/install/hiwin_interfaces/share/hiwin_interfaces/cmake/export_hiwin_interfaces__rosidl_typesupport_fastrtps_cppExport.cmake
[1.756s] -- Up-to-date: /home/zzz/work/install/hiwin_interfaces/share/hiwin_interfaces/cmake/export_hiwin_interfaces__rosidl_typesupport_fastrtps_cppExport-noconfig.cmake
[1.758s] -- Up-to-date: /home/zzz/work/install/hiwin_interfaces/share/hiwin_interfaces/cmake/hiwin_interfaces__rosidl_typesupport_introspection_cExport.cmake
[1.759s] -- Up-to-date: /home/zzz/work/install/hiwin_interfaces/share/hiwin_interfaces/cmake/hiwin_interfaces__rosidl_typesupport_introspection_cExport-noconfig.cmake
[1.760s] -- Up-to-date: /home/zzz/work/install/hiwin_interfaces/share/hiwin_interfaces/cmake/hiwin_interfaces__rosidl_typesupport_cExport.cmake
[1.762s] -- Up-to-date: /home/zzz/work/install/hiwin_interfaces/share/hiwin_interfaces/cmake/hiwin_interfaces__rosidl_typesupport_cExport-noconfig.cmake
[1.762s] -- Up-to-date: /home/zzz/work/install/hiwin_interfaces/share/hiwin_interfaces/cmake/hiwin_interfaces__rosidl_typesupport_introspection_cppExport.cmake
[1.762s] -- Up-to-date: /home/zzz/work/install/hiwin_interfaces/share/hiwin_interfaces/cmake/hiwin_interfaces__rosidl_typesupport_introspection_cppExport-noconfig.cmake
[1.766s] -- Up-to-date: /home/zzz/work/install/hiwin_interfaces/share/hiwin_interfaces/cmake/hiwin_interfaces__rosidl_typesupport_cppExport.cmake
[1.766s] -- Up-to-date: /home/zzz/work/install/hiwin_interfaces/share/hiwin_interfaces/cmake/hiwin_interfaces__rosidl_typesupport_cppExport-noconfig.cmake
[1.766s] -- Up-to-date: /home/zzz/work/install/hiwin_interfaces/share/hiwin_interfaces/cmake/export_hiwin_interfaces__rosidl_generator_pyExport.cmake
[1.766s] -- Up-to-date: /home/zzz/work/install/hiwin_interfaces/share/hiwin_interfaces/cmake/export_hiwin_interfaces__rosidl_generator_pyExport-noconfig.cmake
[1.769s] Invoked command in '/home/zzz/work/build/hiwin_interfaces' returned '0': CMAKE_PREFIX_PATH=${CMAKE_PREFIX_PATH}:/home/zzz/work/install/yolo:/home/zzz/work/install/realsense2_ros_mqtt_bridge:/home/zzz/work/install/hiwin_example:/home/zzz/work/install/arduino_bridge:/opt/ros/humble /usr/bin/cmake --install /home/zzz/work/build/hiwin_interfaces
