[1.508s] Invoking command in '/home/zzz/work/build/hiwin_example': PYTHONPATH=/home/zzz/work/build/hiwin_example/prefix_override:/usr/lib/python3/dist-packages/colcon_core/task/python/colcon_distutils_commands:/home/zzz/work/install/hiwin_example/lib/python3.10/site-packages:${PYTHONPATH} /usr/bin/python3 -W ignore:setup.py install is deprecated -W ignore:easy_install command is deprecated setup.py develop --editable --build-directory /home/zzz/work/build/hiwin_example/build --no-deps symlink_data
[1.788s] running develop
[1.939s] running egg_info
[1.939s] creating hiwin_example.egg-info
[1.940s] writing hiwin_example.egg-info/PKG-INFO
[1.940s] writing dependency_links to hiwin_example.egg-info/dependency_links.txt
[1.940s] writing entry points to hiwin_example.egg-info/entry_points.txt
[1.940s] writing requirements to hiwin_example.egg-info/requires.txt
[1.940s] writing top-level names to hiwin_example.egg-info/top_level.txt
[1.940s] writing manifest file 'hiwin_example.egg-info/SOURCES.txt'
[1.942s] reading manifest file 'hiwin_example.egg-info/SOURCES.txt'
[1.942s] writing manifest file 'hiwin_example.egg-info/SOURCES.txt'
[1.944s] running build_ext
[1.944s] Creating /home/zzz/work/install/hiwin_example/lib/python3.10/site-packages/hiwin-example.egg-link (link to .)
[1.944s] Installing camera_flange_matrix2 script to /home/zzz/work/install/hiwin_example/lib/hiwin_example
[1.946s] Installing check_right script to /home/zzz/work/install/hiwin_example/lib/hiwin_example
[1.946s] Installing hand_in_eye_calibration script to /home/zzz/work/install/hiwin_example/lib/hiwin_example
[1.946s] Installing hiwin_pose_publisher script to /home/zzz/work/install/hiwin_example/lib/hiwin_example
[1.947s] Installing hiwin_tf_tree script to /home/zzz/work/install/hiwin_example/lib/hiwin_example
[1.947s] Installing strategy_example script to /home/zzz/work/install/hiwin_example/lib/hiwin_example
[1.947s] Installing strategy_example_3 script to /home/zzz/work/install/hiwin_example/lib/hiwin_example
[1.947s] Installing strategy_example_mul script to /home/zzz/work/install/hiwin_example/lib/hiwin_example
[1.947s] Installing three_points_calibration_example script to /home/zzz/work/install/hiwin_example/lib/hiwin_example
[1.947s] 
[1.947s] Installed /home/zzz/work/build/hiwin_example
[1.947s] running symlink_data
[1.947s] creating /home/zzz/work/install/hiwin_example/share/ament_index
[1.947s] creating /home/zzz/work/install/hiwin_example/share/ament_index/resource_index
[1.947s] creating /home/zzz/work/install/hiwin_example/share/ament_index/resource_index/packages
[1.947s] symbolically linking /home/zzz/work/build/hiwin_example/resource/hiwin_example -> /home/zzz/work/install/hiwin_example/share/ament_index/resource_index/packages
[1.947s] creating /home/zzz/work/install/hiwin_example/share/hiwin_example/config
[1.947s] symbolically linking /home/zzz/work/build/hiwin_example/config/hiwin_tf_params.yaml -> /home/zzz/work/install/hiwin_example/share/hiwin_example/config
[1.947s] symbolically linking /home/zzz/work/build/hiwin_example/package.xml -> /home/zzz/work/install/hiwin_example/share/hiwin_example
[1.948s] creating /home/zzz/work/install/hiwin_example/share/hiwin_example/launch
[1.948s] symbolically linking /home/zzz/work/build/hiwin_example/launch/bag_three_points_calibration.launch.py -> /home/zzz/work/install/hiwin_example/share/hiwin_example/launch
[1.948s] symbolically linking /home/zzz/work/build/hiwin_example/launch/cup_three_points_calibration.launch.py -> /home/zzz/work/install/hiwin_example/share/hiwin_example/launch
[1.948s] symbolically linking /home/zzz/work/build/hiwin_example/config/cup_cam.yaml -> /home/zzz/work/install/hiwin_example/share/hiwin_example/config
[1.948s] symbolically linking /home/zzz/work/build/hiwin_example/config/bag_cali_pose.yaml -> /home/zzz/work/install/hiwin_example/share/hiwin_example/config
[1.948s] symbolically linking /home/zzz/work/build/hiwin_example/config/cup_cali_pose.yaml -> /home/zzz/work/install/hiwin_example/share/hiwin_example/config
[1.948s] symbolically linking /home/zzz/work/build/hiwin_example/config/bag_cam.yaml -> /home/zzz/work/install/hiwin_example/share/hiwin_example/config
[1.983s] Invoked command in '/home/zzz/work/build/hiwin_example' returned '0': PYTHONPATH=/home/zzz/work/build/hiwin_example/prefix_override:/usr/lib/python3/dist-packages/colcon_core/task/python/colcon_distutils_commands:/home/zzz/work/install/hiwin_example/lib/python3.10/site-packages:${PYTHONPATH} /usr/bin/python3 -W ignore:setup.py install is deprecated -W ignore:easy_install command is deprecated setup.py develop --editable --build-directory /home/zzz/work/build/hiwin_example/build --no-deps symlink_data
