[0.047s] Invoking command in '/home/zzz/work/build/hiwin_libmodbus': CMAKE_PREFIX_PATH=/home/zzz/work/install/hiwin_interfaces:/home/zzz/work/install/realsense2_rviz_plugin:/home/zzz/work/install/realsense2_description:/home/zzz/work/install/realsense2_camera:/home/zzz/work/install/realsense2_camera_msgs:/home/zzz/work/install/hiwin_service_client:/home/zzz/work/install/hiwin_libmodbus:/home/zzz/work/install/yolo:/home/zzz/work/install/realsense2_ros_mqtt_bridge:/home/zzz/work/install/hiwin_example:/home/zzz/work/install/arduino_bridge:/opt/ros/humble LD_LIBRARY_PATH=/home/zzz/work/install/hiwin_interfaces/lib:/home/zzz/work/install/realsense2_camera/lib:/home/zzz/work/install/realsense2_camera_msgs/lib:/home/zzz/work/install/hiwin_libmodbus/lib:/opt/ros/humble/opt/rviz_ogre_vendor/lib:/opt/ros/humble/lib/x86_64-linux-gnu:/opt/ros/humble/lib /usr/bin/cmake --build /home/zzz/work/build/hiwin_libmodbus -- -j12 -l12
[0.202s] [  0%] Built target ament_cmake_python_symlink_hiwin_libmodbus
[0.211s] [ 42%] Built target hiwin_libmodbus
[0.273s] [ 57%] Built target hiwin_libmodbus_ctype_wrapper
[0.403s] [ 71%] Built target hiwinlibmodbus_server
[0.468s] [ 85%] Built target hiwinmodbus_server
[0.521s] [100%] Built target hiwin_libmodbus_node
[0.655s] running egg_info
[0.678s] writing hiwin_libmodbus.egg-info/PKG-INFO
[0.680s] writing dependency_links to hiwin_libmodbus.egg-info/dependency_links.txt
[0.680s] writing top-level names to hiwin_libmodbus.egg-info/top_level.txt
[0.747s] reading manifest file 'hiwin_libmodbus.egg-info/SOURCES.txt'
[0.749s] writing manifest file 'hiwin_libmodbus.egg-info/SOURCES.txt'
[0.834s] [100%] Built target ament_cmake_python_build_hiwin_libmodbus_egg
[0.860s] Invoked command in '/home/zzz/work/build/hiwin_libmodbus' returned '0': CMAKE_PREFIX_PATH=/home/zzz/work/install/hiwin_interfaces:/home/zzz/work/install/realsense2_rviz_plugin:/home/zzz/work/install/realsense2_description:/home/zzz/work/install/realsense2_camera:/home/zzz/work/install/realsense2_camera_msgs:/home/zzz/work/install/hiwin_service_client:/home/zzz/work/install/hiwin_libmodbus:/home/zzz/work/install/yolo:/home/zzz/work/install/realsense2_ros_mqtt_bridge:/home/zzz/work/install/hiwin_example:/home/zzz/work/install/arduino_bridge:/opt/ros/humble LD_LIBRARY_PATH=/home/zzz/work/install/hiwin_interfaces/lib:/home/zzz/work/install/realsense2_camera/lib:/home/zzz/work/install/realsense2_camera_msgs/lib:/home/zzz/work/install/hiwin_libmodbus/lib:/opt/ros/humble/opt/rviz_ogre_vendor/lib:/opt/ros/humble/lib/x86_64-linux-gnu:/opt/ros/humble/lib /usr/bin/cmake --build /home/zzz/work/build/hiwin_libmodbus -- -j12 -l12
[0.862s] Invoking command in '/home/zzz/work/build/hiwin_libmodbus': CMAKE_PREFIX_PATH=/home/zzz/work/install/hiwin_interfaces:/home/zzz/work/install/realsense2_rviz_plugin:/home/zzz/work/install/realsense2_description:/home/zzz/work/install/realsense2_camera:/home/zzz/work/install/realsense2_camera_msgs:/home/zzz/work/install/hiwin_service_client:/home/zzz/work/install/hiwin_libmodbus:/home/zzz/work/install/yolo:/home/zzz/work/install/realsense2_ros_mqtt_bridge:/home/zzz/work/install/hiwin_example:/home/zzz/work/install/arduino_bridge:/opt/ros/humble LD_LIBRARY_PATH=/home/zzz/work/install/hiwin_interfaces/lib:/home/zzz/work/install/realsense2_camera/lib:/home/zzz/work/install/realsense2_camera_msgs/lib:/home/zzz/work/install/hiwin_libmodbus/lib:/opt/ros/humble/opt/rviz_ogre_vendor/lib:/opt/ros/humble/lib/x86_64-linux-gnu:/opt/ros/humble/lib /usr/bin/cmake --install /home/zzz/work/build/hiwin_libmodbus
[0.877s] -- Install configuration: ""
[0.878s] -- Execute custom install script
[0.879s] -- Up-to-date symlink: /home/zzz/work/install/hiwin_libmodbus/include/hiwin_libmodbus/hiwin_libmodbus.hpp
[0.879s] -- Up-to-date symlink: /home/zzz/work/install/hiwin_libmodbus/include/hiwin_libmodbus/visibility_control.h
[0.879s] -- Up-to-date symlink: /home/zzz/work/install/hiwin_libmodbus/lib/hiwin_libmodbus/hiwinmodbus_server
[0.880s] -- Up-to-date symlink: /home/zzz/work/install/hiwin_libmodbus/lib/hiwin_libmodbus/hiwinlibmodbus_server
[0.882s] -- Up-to-date symlink: /home/zzz/work/install/hiwin_libmodbus/lib/hiwin_libmodbus/hiwin_libmodbus_node
[0.882s] -- Up-to-date symlink: /home/zzz/work/install/hiwin_libmodbus/share/hiwin_libmodbus/environment/pythonpath.sh
[0.882s] -- Up-to-date symlink: /home/zzz/work/install/hiwin_libmodbus/share/hiwin_libmodbus/environment/pythonpath.dsv
[0.882s] -- Up-to-date symlink: /home/zzz/work/install/hiwin_libmodbus/local/lib/python3.10/dist-packages/hiwin_libmodbus-0.0.0-py3.10.egg-info/PKG-INFO
[0.882s] -- Up-to-date symlink: /home/zzz/work/install/hiwin_libmodbus/local/lib/python3.10/dist-packages/hiwin_libmodbus-0.0.0-py3.10.egg-info/SOURCES.txt
[0.882s] -- Up-to-date symlink: /home/zzz/work/install/hiwin_libmodbus/local/lib/python3.10/dist-packages/hiwin_libmodbus-0.0.0-py3.10.egg-info/dependency_links.txt
[0.882s] -- Up-to-date symlink: /home/zzz/work/install/hiwin_libmodbus/local/lib/python3.10/dist-packages/hiwin_libmodbus-0.0.0-py3.10.egg-info/top_level.txt
[0.883s] -- Up-to-date symlink: /home/zzz/work/install/hiwin_libmodbus/local/lib/python3.10/dist-packages/hiwin_libmodbus/__init__.py
[0.885s] -- Up-to-date symlink: /home/zzz/work/install/hiwin_libmodbus/local/lib/python3.10/dist-packages/hiwin_libmodbus/hiwin_libmodbus.py
[0.885s] -- Up-to-date symlink: /home/zzz/work/install/hiwin_libmodbus/lib/hiwin_libmodbus/Hiwin_API_test.py
[0.885s] -- Up-to-date symlink: /home/zzz/work/install/hiwin_libmodbus/share/hiwin_libmodbus/environment/library_path.sh
[0.885s] -- Up-to-date symlink: /home/zzz/work/install/hiwin_libmodbus/share/hiwin_libmodbus/environment/library_path.dsv
[0.885s] -- Up-to-date symlink: /home/zzz/work/install/hiwin_libmodbus/share/ament_index/resource_index/package_run_dependencies/hiwin_libmodbus
[0.885s] -- Up-to-date symlink: /home/zzz/work/install/hiwin_libmodbus/share/ament_index/resource_index/parent_prefix_path/hiwin_libmodbus
[0.886s] -- Up-to-date symlink: /home/zzz/work/install/hiwin_libmodbus/share/hiwin_libmodbus/environment/ament_prefix_path.sh
[0.886s] -- Up-to-date symlink: /home/zzz/work/install/hiwin_libmodbus/share/hiwin_libmodbus/environment/ament_prefix_path.dsv
[0.886s] -- Up-to-date symlink: /home/zzz/work/install/hiwin_libmodbus/share/hiwin_libmodbus/environment/path.sh
[0.886s] -- Up-to-date symlink: /home/zzz/work/install/hiwin_libmodbus/share/hiwin_libmodbus/environment/path.dsv
[0.886s] -- Up-to-date symlink: /home/zzz/work/install/hiwin_libmodbus/share/hiwin_libmodbus/local_setup.bash
[0.886s] -- Up-to-date symlink: /home/zzz/work/install/hiwin_libmodbus/share/hiwin_libmodbus/local_setup.sh
[0.887s] -- Up-to-date symlink: /home/zzz/work/install/hiwin_libmodbus/share/hiwin_libmodbus/local_setup.zsh
[0.887s] -- Up-to-date symlink: /home/zzz/work/install/hiwin_libmodbus/share/hiwin_libmodbus/local_setup.dsv
[0.888s] -- Symlinking: /home/zzz/work/install/hiwin_libmodbus/share/hiwin_libmodbus/package.dsv
[0.907s] -- Up-to-date symlink: /home/zzz/work/install/hiwin_libmodbus/share/ament_index/resource_index/packages/hiwin_libmodbus
[0.907s] -- Up-to-date symlink: /home/zzz/work/install/hiwin_libmodbus/share/hiwin_libmodbus/cmake/ament_cmake_export_include_directories-extras.cmake
[0.908s] -- Up-to-date symlink: /home/zzz/work/install/hiwin_libmodbus/share/hiwin_libmodbus/cmake/ament_cmake_export_libraries-extras.cmake
[0.908s] -- Up-to-date symlink: /home/zzz/work/install/hiwin_libmodbus/share/hiwin_libmodbus/cmake/ament_cmake_export_targets-extras.cmake
[0.911s] -- Up-to-date symlink: /home/zzz/work/install/hiwin_libmodbus/share/hiwin_libmodbus/cmake/hiwin_libmodbusConfig.cmake
[0.912s] -- Up-to-date symlink: /home/zzz/work/install/hiwin_libmodbus/share/hiwin_libmodbus/cmake/hiwin_libmodbusConfig-version.cmake
[0.912s] -- Up-to-date symlink: /home/zzz/work/install/hiwin_libmodbus/share/hiwin_libmodbus/package.xml
[0.913s] -- Up-to-date: /home/zzz/work/install/hiwin_libmodbus/lib/libhiwin_libmodbus.so
[0.913s] -- Up-to-date: /home/zzz/work/install/hiwin_libmodbus/lib/libhiwin_libmodbus_ctype_wrapper.so
[0.980s] Listing '/home/zzz/work/install/hiwin_libmodbus/local/lib/python3.10/dist-packages/hiwin_libmodbus'...
[0.991s] -- Up-to-date: /home/zzz/work/install/hiwin_libmodbus/share/hiwin_libmodbus/cmake/export_hiwin_libmodbusExport.cmake
[0.991s] -- Up-to-date: /home/zzz/work/install/hiwin_libmodbus/share/hiwin_libmodbus/cmake/export_hiwin_libmodbusExport-noconfig.cmake
[0.997s] Invoked command in '/home/zzz/work/build/hiwin_libmodbus' returned '0': CMAKE_PREFIX_PATH=/home/zzz/work/install/hiwin_interfaces:/home/zzz/work/install/realsense2_rviz_plugin:/home/zzz/work/install/realsense2_description:/home/zzz/work/install/realsense2_camera:/home/zzz/work/install/realsense2_camera_msgs:/home/zzz/work/install/hiwin_service_client:/home/zzz/work/install/hiwin_libmodbus:/home/zzz/work/install/yolo:/home/zzz/work/install/realsense2_ros_mqtt_bridge:/home/zzz/work/install/hiwin_example:/home/zzz/work/install/arduino_bridge:/opt/ros/humble LD_LIBRARY_PATH=/home/zzz/work/install/hiwin_interfaces/lib:/home/zzz/work/install/realsense2_camera/lib:/home/zzz/work/install/realsense2_camera_msgs/lib:/home/zzz/work/install/hiwin_libmodbus/lib:/opt/ros/humble/opt/rviz_ogre_vendor/lib:/opt/ros/humble/lib/x86_64-linux-gnu:/opt/ros/humble/lib /usr/bin/cmake --install /home/zzz/work/build/hiwin_libmodbus
