[0.638s] Invoking command in '/home/zzz/work/build/hiwin_example': PYTHONPATH=/home/zzz/work/build/hiwin_example/prefix_override:/usr/lib/python3/dist-packages/colcon_core/task/python/colcon_distutils_commands:/home/zzz/work/install/hiwin_example/lib/python3.10/site-packages:${PYTHONPATH} /usr/bin/python3 -W ignore:setup.py install is deprecated -W ignore:easy_install command is deprecated setup.py develop --editable --build-directory /home/zzz/work/build/hiwin_example/build --no-deps symlink_data --force
[0.853s] running develop
[0.969s] running egg_info
[0.969s] writing hiwin_example.egg-info/PKG-INFO
[0.969s] writing dependency_links to hiwin_example.egg-info/dependency_links.txt
[0.970s] writing entry points to hiwin_example.egg-info/entry_points.txt
[0.970s] writing requirements to hiwin_example.egg-info/requires.txt
[0.970s] writing top-level names to hiwin_example.egg-info/top_level.txt
[0.972s] reading manifest file 'hiwin_example.egg-info/SOURCES.txt'
[0.972s] writing manifest file 'hiwin_example.egg-info/SOURCES.txt'
[0.974s] running build_ext
[0.974s] Creating /home/zzz/work/install/hiwin_example/lib/python3.10/site-packages/hiwin-example.egg-link (link to .)
[0.974s] Installing hand_in_eye_calibration script to /home/zzz/work/install/hiwin_example/lib/hiwin_example
[0.974s] Installing strategy_example script to /home/zzz/work/install/hiwin_example/lib/hiwin_example
[0.974s] Installing three_points_calibration_example script to /home/zzz/work/install/hiwin_example/lib/hiwin_example
[0.975s] 
[0.975s] Installed /home/zzz/work/build/hiwin_example
[0.975s] running symlink_data
[0.975s] symbolically linking /home/zzz/work/build/hiwin_example/resource/hiwin_example -> /home/zzz/work/install/hiwin_example/share/ament_index/resource_index/packages
[0.975s] symbolically linking /home/zzz/work/build/hiwin_example/package.xml -> /home/zzz/work/install/hiwin_example/share/hiwin_example
[0.975s] symbolically linking /home/zzz/work/build/hiwin_example/launch/bag_three_points_calibration.launch.py -> /home/zzz/work/install/hiwin_example/share/hiwin_example/launch
[0.975s] symbolically linking /home/zzz/work/build/hiwin_example/launch/cup_three_points_calibration.launch.py -> /home/zzz/work/install/hiwin_example/share/hiwin_example/launch
[0.975s] symbolically linking /home/zzz/work/build/hiwin_example/config/cup_cam.yaml -> /home/zzz/work/install/hiwin_example/share/hiwin_example/config
[0.975s] symbolically linking /home/zzz/work/build/hiwin_example/config/bag_cali_pose.yaml -> /home/zzz/work/install/hiwin_example/share/hiwin_example/config
[0.975s] symbolically linking /home/zzz/work/build/hiwin_example/config/cup_cali_pose.yaml -> /home/zzz/work/install/hiwin_example/share/hiwin_example/config
[0.975s] symbolically linking /home/zzz/work/build/hiwin_example/config/bag_cam.yaml -> /home/zzz/work/install/hiwin_example/share/hiwin_example/config
[1.006s] Invoked command in '/home/zzz/work/build/hiwin_example' returned '0': PYTHONPATH=/home/zzz/work/build/hiwin_example/prefix_override:/usr/lib/python3/dist-packages/colcon_core/task/python/colcon_distutils_commands:/home/zzz/work/install/hiwin_example/lib/python3.10/site-packages:${PYTHONPATH} /usr/bin/python3 -W ignore:setup.py install is deprecated -W ignore:easy_install command is deprecated setup.py develop --editable --build-directory /home/zzz/work/build/hiwin_example/build --no-deps symlink_data --force
