[2.919s] Invoking command in '/home/zzz/work/src/yolo': PYTHONPATH=/home/zzz/work/build/yolo/prefix_override:/usr/lib/python3/dist-packages/colcon_core/task/python/colcon_distutils_commands:/home/zzz/work/install/yolo/lib/python3.10/site-packages:${PYTHONPATH} /usr/bin/python3 -W ignore:setup.py install is deprecated -W ignore:easy_install command is deprecated setup.py egg_info --egg-base ../../build/yolo build --build-base /home/zzz/work/build/yolo/build install --record /home/zzz/work/build/yolo/install.log --install-scripts $base/lib/yolo --single-version-externally-managed install_data
[3.193s] running egg_info
[3.213s] writing ../../build/yolo/yolo.egg-info/PKG-INFO
[3.213s] writing dependency_links to ../../build/yolo/yolo.egg-info/dependency_links.txt
[3.214s] writing entry points to ../../build/yolo/yolo.egg-info/entry_points.txt
[3.214s] writing requirements to ../../build/yolo/yolo.egg-info/requires.txt
[3.214s] writing top-level names to ../../build/yolo/yolo.egg-info/top_level.txt
[3.244s] reading manifest file '../../build/yolo/yolo.egg-info/SOURCES.txt'
[3.245s] writing manifest file '../../build/yolo/yolo.egg-info/SOURCES.txt'
[3.245s] running build
[3.245s] running build_py
[3.245s] copying yolo/__init__.py -> /home/zzz/work/build/yolo/build/lib/yolo
[3.245s] copying yolo/camera_node_apriltag.py -> /home/zzz/work/build/yolo/build/lib/yolo
[3.245s] copying yolo/camera_node_sub.py -> /home/zzz/work/build/yolo/build/lib/yolo
[3.245s] copying yolo/camera_node_yolo_apriltag.py -> /home/zzz/work/build/yolo/build/lib/yolo
[3.246s] copying yolo/camera_node_pub.py -> /home/zzz/work/build/yolo/build/lib/yolo
[3.246s] warning: build_py: byte-compiling is disabled, skipping.
[3.246s] 
[3.246s] running install
[3.249s] running install_lib
[3.260s] warning: install_lib: byte-compiling is disabled, skipping.
[3.260s] 
[3.260s] running install_data
[3.260s] copying resource/yolo -> /home/zzz/work/install/yolo/share/ament_index/resource_index/packages
[3.260s] copying package.xml -> /home/zzz/work/install/yolo/share/yolo
[3.260s] running install_egg_info
[3.275s] removing '/home/zzz/work/install/yolo/lib/python3.10/site-packages/yolo-0.0.0-py3.10.egg-info' (and everything under it)
[3.275s] Copying ../../build/yolo/yolo.egg-info to /home/zzz/work/install/yolo/lib/python3.10/site-packages/yolo-0.0.0-py3.10.egg-info
[3.276s] running install_scripts
[3.304s] Installing apriltag script to /home/zzz/work/install/yolo/lib/yolo
[3.304s] Installing yolo_apriltag script to /home/zzz/work/install/yolo/lib/yolo
[3.305s] Installing yolo_pub script to /home/zzz/work/install/yolo/lib/yolo
[3.305s] Installing yolo_sub script to /home/zzz/work/install/yolo/lib/yolo
[3.305s] writing list of installed files to '/home/zzz/work/build/yolo/install.log'
[3.335s] Invoked command in '/home/zzz/work/src/yolo' returned '0': PYTHONPATH=/home/zzz/work/build/yolo/prefix_override:/usr/lib/python3/dist-packages/colcon_core/task/python/colcon_distutils_commands:/home/zzz/work/install/yolo/lib/python3.10/site-packages:${PYTHONPATH} /usr/bin/python3 -W ignore:setup.py install is deprecated -W ignore:easy_install command is deprecated setup.py egg_info --egg-base ../../build/yolo build --build-base /home/zzz/work/build/yolo/build install --record /home/zzz/work/build/yolo/install.log --install-scripts $base/lib/yolo --single-version-externally-managed install_data
