[1.199s] Invoking command in '/home/zzz/work/src/arduino_bridge': PYTHONPATH=/home/zzz/work/build/arduino_bridge/prefix_override:/usr/lib/python3/dist-packages/colcon_core/task/python/colcon_distutils_commands:/home/zzz/work/install/arduino_bridge/lib/python3.10/site-packages:${PYTHONPATH} /usr/bin/python3 -W ignore:setup.py install is deprecated -W ignore:easy_install command is deprecated setup.py egg_info --egg-base ../../build/arduino_bridge build --build-base /home/zzz/work/build/arduino_bridge/build install --record /home/zzz/work/build/arduino_bridge/install.log --single-version-externally-managed install_data
[1.391s] running egg_info
[1.391s] creating ../../build/arduino_bridge/arduino_bridge.egg-info
[1.391s] writing ../../build/arduino_bridge/arduino_bridge.egg-info/PKG-INFO
[1.392s] writing dependency_links to ../../build/arduino_bridge/arduino_bridge.egg-info/dependency_links.txt
[1.392s] writing entry points to ../../build/arduino_bridge/arduino_bridge.egg-info/entry_points.txt
[1.392s] writing requirements to ../../build/arduino_bridge/arduino_bridge.egg-info/requires.txt
[1.392s] writing top-level names to ../../build/arduino_bridge/arduino_bridge.egg-info/top_level.txt
[1.392s] writing manifest file '../../build/arduino_bridge/arduino_bridge.egg-info/SOURCES.txt'
[1.393s] reading manifest file '../../build/arduino_bridge/arduino_bridge.egg-info/SOURCES.txt'
[1.394s] writing manifest file '../../build/arduino_bridge/arduino_bridge.egg-info/SOURCES.txt'
[1.394s] running build
[1.394s] running build_py
[1.394s] creating /home/zzz/work/build/arduino_bridge/build
[1.394s] creating /home/zzz/work/build/arduino_bridge/build/lib
[1.394s] creating /home/zzz/work/build/arduino_bridge/build/lib/arduino_bridge
[1.394s] copying arduino_bridge/force.py -> /home/zzz/work/build/arduino_bridge/build/lib/arduino_bridge
[1.394s] copying arduino_bridge/__init__.py -> /home/zzz/work/build/arduino_bridge/build/lib/arduino_bridge
[1.395s] running install
[1.395s] running install_lib
[1.395s] creating /home/zzz/work/install/arduino_bridge/lib/python3.10/site-packages/arduino_bridge
[1.395s] copying /home/zzz/work/build/arduino_bridge/build/lib/arduino_bridge/force.py -> /home/zzz/work/install/arduino_bridge/lib/python3.10/site-packages/arduino_bridge
[1.395s] copying /home/zzz/work/build/arduino_bridge/build/lib/arduino_bridge/__init__.py -> /home/zzz/work/install/arduino_bridge/lib/python3.10/site-packages/arduino_bridge
[1.395s] byte-compiling /home/zzz/work/install/arduino_bridge/lib/python3.10/site-packages/arduino_bridge/force.py to force.cpython-310.pyc
[1.396s] byte-compiling /home/zzz/work/install/arduino_bridge/lib/python3.10/site-packages/arduino_bridge/__init__.py to __init__.cpython-310.pyc
[1.396s] running install_data
[1.396s] creating /home/zzz/work/install/arduino_bridge/share/ament_index
[1.396s] creating /home/zzz/work/install/arduino_bridge/share/ament_index/resource_index
[1.397s] creating /home/zzz/work/install/arduino_bridge/share/ament_index/resource_index/packages
[1.397s] copying resource/arduino_bridge -> /home/zzz/work/install/arduino_bridge/share/ament_index/resource_index/packages
[1.397s] copying package.xml -> /home/zzz/work/install/arduino_bridge/share/arduino_bridge
[1.397s] running install_egg_info
[1.398s] Copying ../../build/arduino_bridge/arduino_bridge.egg-info to /home/zzz/work/install/arduino_bridge/lib/python3.10/site-packages/arduino_bridge-0.0.0-py3.10.egg-info
[1.398s] running install_scripts
[1.421s] Installing force_pub script to /home/zzz/work/install/arduino_bridge/lib/arduino_bridge
[1.421s] writing list of installed files to '/home/zzz/work/build/arduino_bridge/install.log'
[1.452s] Invoked command in '/home/zzz/work/src/arduino_bridge' returned '0': PYTHONPATH=/home/zzz/work/build/arduino_bridge/prefix_override:/usr/lib/python3/dist-packages/colcon_core/task/python/colcon_distutils_commands:/home/zzz/work/install/arduino_bridge/lib/python3.10/site-packages:${PYTHONPATH} /usr/bin/python3 -W ignore:setup.py install is deprecated -W ignore:easy_install command is deprecated setup.py egg_info --egg-base ../../build/arduino_bridge build --build-base /home/zzz/work/build/arduino_bridge/build install --record /home/zzz/work/build/arduino_bridge/install.log --single-version-externally-managed install_data
