[1.638s] Invoking command in '/home/zzz/work/build/hiwin_example': PYTHONPATH=/home/zzz/work/build/hiwin_example/prefix_override:/usr/lib/python3/dist-packages/colcon_core/task/python/colcon_distutils_commands:/home/zzz/work/install/hiwin_example/lib/python3.10/site-packages:${PYTHONPATH} /usr/bin/python3 -W ignore:setup.py install is deprecated -W ignore:easy_install command is deprecated setup.py develop --editable --build-directory /home/zzz/work/build/hiwin_example/build --no-deps symlink_data
[1.895s] running develop
[1.996s] running egg_info
[1.997s] writing hiwin_example.egg-info/PKG-INFO
[1.997s] writing dependency_links to hiwin_example.egg-info/dependency_links.txt
[1.997s] writing entry points to hiwin_example.egg-info/entry_points.txt
[1.997s] writing requirements to hiwin_example.egg-info/requires.txt
[1.997s] writing top-level names to hiwin_example.egg-info/top_level.txt
[1.998s] reading manifest file 'hiwin_example.egg-info/SOURCES.txt'
[1.999s] writing manifest file 'hiwin_example.egg-info/SOURCES.txt'
[2.000s] running build_ext
[2.000s] Creating /home/zzz/work/install/hiwin_example/lib/python3.10/site-packages/hiwin-example.egg-link (link to .)
[2.001s] Installing camera_flange_matrix2 script to /home/zzz/work/install/hiwin_example/lib/hiwin_example
[2.001s] Installing check_right script to /home/zzz/work/install/hiwin_example/lib/hiwin_example
[2.001s] Installing hand_in_eye_calibration script to /home/zzz/work/install/hiwin_example/lib/hiwin_example
[2.001s] Installing hiwin_pose_publisher script to /home/zzz/work/install/hiwin_example/lib/hiwin_example
[2.001s] Installing hiwin_tf_tree script to /home/zzz/work/install/hiwin_example/lib/hiwin_example
[2.002s] Installing strategy_example script to /home/zzz/work/install/hiwin_example/lib/hiwin_example
[2.002s] Installing strategy_example_3 script to /home/zzz/work/install/hiwin_example/lib/hiwin_example
[2.002s] Installing strategy_example_mul script to /home/zzz/work/install/hiwin_example/lib/hiwin_example
[2.002s] Installing three_points_calibration_example script to /home/zzz/work/install/hiwin_example/lib/hiwin_example
[2.002s] 
[2.002s] Installed /home/zzz/work/build/hiwin_example
[2.002s] running symlink_data
[2.030s] Invoked command in '/home/zzz/work/build/hiwin_example' returned '0': PYTHONPATH=/home/zzz/work/build/hiwin_example/prefix_override:/usr/lib/python3/dist-packages/colcon_core/task/python/colcon_distutils_commands:/home/zzz/work/install/hiwin_example/lib/python3.10/site-packages:${PYTHONPATH} /usr/bin/python3 -W ignore:setup.py install is deprecated -W ignore:easy_install command is deprecated setup.py develop --editable --build-directory /home/zzz/work/build/hiwin_example/build --no-deps symlink_data
