[1.413s] Invoking command in '/home/zzz/work/src/realsense-ros/realsense2_ros_mqtt_bridge': PYTHONPATH=/home/zzz/work/build/realsense2_ros_mqtt_bridge/prefix_override:/usr/lib/python3/dist-packages/colcon_core/task/python/colcon_distutils_commands:/home/zzz/work/install/realsense2_ros_mqtt_bridge/lib/python3.10/site-packages:${PYTHONPATH} /usr/bin/python3 -W ignore:setup.py install is deprecated -W ignore:easy_install command is deprecated setup.py egg_info --egg-base ../../../build/realsense2_ros_mqtt_bridge build --build-base /home/zzz/work/build/realsense2_ros_mqtt_bridge/build install --record /home/zzz/work/build/realsense2_ros_mqtt_bridge/install.log --install-scripts $base/lib/realsense2_ros_mqtt_bridge --single-version-externally-managed install_data
[1.580s] /usr/local/lib/python3.10/dist-packages/setuptools/_distutils/dist.py:288: UserWarning: Unknown distribution option: 'tests_require'
[1.580s]   warnings.warn(msg)
[1.660s] running egg_info
[1.674s] creating ../../../build/realsense2_ros_mqtt_bridge/realsense2_ros_mqtt_bridge.egg-info
[1.674s] writing ../../../build/realsense2_ros_mqtt_bridge/realsense2_ros_mqtt_bridge.egg-info/PKG-INFO
[1.675s] writing dependency_links to ../../../build/realsense2_ros_mqtt_bridge/realsense2_ros_mqtt_bridge.egg-info/dependency_links.txt
[1.675s] writing entry points to ../../../build/realsense2_ros_mqtt_bridge/realsense2_ros_mqtt_bridge.egg-info/entry_points.txt
[1.675s] writing requirements to ../../../build/realsense2_ros_mqtt_bridge/realsense2_ros_mqtt_bridge.egg-info/requires.txt
[1.675s] writing top-level names to ../../../build/realsense2_ros_mqtt_bridge/realsense2_ros_mqtt_bridge.egg-info/top_level.txt
[1.675s] writing manifest file '../../../build/realsense2_ros_mqtt_bridge/realsense2_ros_mqtt_bridge.egg-info/SOURCES.txt'
[1.705s] reading manifest file '../../../build/realsense2_ros_mqtt_bridge/realsense2_ros_mqtt_bridge.egg-info/SOURCES.txt'
[1.707s] writing manifest file '../../../build/realsense2_ros_mqtt_bridge/realsense2_ros_mqtt_bridge.egg-info/SOURCES.txt'
[1.708s] running build
[1.708s] running build_py
[1.708s] creating /home/zzz/work/build/realsense2_ros_mqtt_bridge/build/lib/src
[1.708s] copying src/safety_interface_config_handler.py -> /home/zzz/work/build/realsense2_ros_mqtt_bridge/build/lib/src
[1.708s] copying src/application_config_handler.py -> /home/zzz/work/build/realsense2_ros_mqtt_bridge/build/lib/src
[1.708s] copying src/__init__.py -> /home/zzz/work/build/realsense2_ros_mqtt_bridge/build/lib/src
[1.708s] copying src/parameter_handler.py -> /home/zzz/work/build/realsense2_ros_mqtt_bridge/build/lib/src
[1.708s] copying src/hw_reset_handler.py -> /home/zzz/work/build/realsense2_ros_mqtt_bridge/build/lib/src
[1.708s] copying src/triggered_calibration_handler.py -> /home/zzz/work/build/realsense2_ros_mqtt_bridge/build/lib/src
[1.709s] copying src/safety_preset_handler.py -> /home/zzz/work/build/realsense2_ros_mqtt_bridge/build/lib/src
[1.709s] copying src/frame_handler.py -> /home/zzz/work/build/realsense2_ros_mqtt_bridge/build/lib/src
[1.709s] copying src/entry_point.py -> /home/zzz/work/build/realsense2_ros_mqtt_bridge/build/lib/src
[1.709s] copying src/hwm_command_handler.py -> /home/zzz/work/build/realsense2_ros_mqtt_bridge/build/lib/src
[1.709s] copying src/service_handler.py -> /home/zzz/work/build/realsense2_ros_mqtt_bridge/build/lib/src
[1.710s] copying src/mqtt_bridge_node.py -> /home/zzz/work/build/realsense2_ros_mqtt_bridge/build/lib/src
[1.710s] copying src/calib_config_handler.py -> /home/zzz/work/build/realsense2_ros_mqtt_bridge/build/lib/src
[1.710s] copying src/transformation_handler.py -> /home/zzz/work/build/realsense2_ros_mqtt_bridge/build/lib/src
[1.710s] copying src/device_handler.py -> /home/zzz/work/build/realsense2_ros_mqtt_bridge/build/lib/src
[1.710s] warning: build_py: byte-compiling is disabled, skipping.
[1.711s] 
[1.711s] running install
[1.715s] running install_lib
[1.729s] creating /home/zzz/work/install/realsense2_ros_mqtt_bridge/lib/python3.10/site-packages/src
[1.729s] copying /home/zzz/work/build/realsense2_ros_mqtt_bridge/build/lib/src/safety_interface_config_handler.py -> /home/zzz/work/install/realsense2_ros_mqtt_bridge/lib/python3.10/site-packages/src
[1.729s] copying /home/zzz/work/build/realsense2_ros_mqtt_bridge/build/lib/src/application_config_handler.py -> /home/zzz/work/install/realsense2_ros_mqtt_bridge/lib/python3.10/site-packages/src
[1.729s] copying /home/zzz/work/build/realsense2_ros_mqtt_bridge/build/lib/src/__init__.py -> /home/zzz/work/install/realsense2_ros_mqtt_bridge/lib/python3.10/site-packages/src
[1.729s] copying /home/zzz/work/build/realsense2_ros_mqtt_bridge/build/lib/src/parameter_handler.py -> /home/zzz/work/install/realsense2_ros_mqtt_bridge/lib/python3.10/site-packages/src
[1.730s] copying /home/zzz/work/build/realsense2_ros_mqtt_bridge/build/lib/src/hw_reset_handler.py -> /home/zzz/work/install/realsense2_ros_mqtt_bridge/lib/python3.10/site-packages/src
[1.730s] copying /home/zzz/work/build/realsense2_ros_mqtt_bridge/build/lib/src/triggered_calibration_handler.py -> /home/zzz/work/install/realsense2_ros_mqtt_bridge/lib/python3.10/site-packages/src
[1.730s] copying /home/zzz/work/build/realsense2_ros_mqtt_bridge/build/lib/src/safety_preset_handler.py -> /home/zzz/work/install/realsense2_ros_mqtt_bridge/lib/python3.10/site-packages/src
[1.731s] copying /home/zzz/work/build/realsense2_ros_mqtt_bridge/build/lib/src/frame_handler.py -> /home/zzz/work/install/realsense2_ros_mqtt_bridge/lib/python3.10/site-packages/src
[1.732s] copying /home/zzz/work/build/realsense2_ros_mqtt_bridge/build/lib/src/entry_point.py -> /home/zzz/work/install/realsense2_ros_mqtt_bridge/lib/python3.10/site-packages/src
[1.732s] copying /home/zzz/work/build/realsense2_ros_mqtt_bridge/build/lib/src/hwm_command_handler.py -> /home/zzz/work/install/realsense2_ros_mqtt_bridge/lib/python3.10/site-packages/src
[1.732s] copying /home/zzz/work/build/realsense2_ros_mqtt_bridge/build/lib/src/service_handler.py -> /home/zzz/work/install/realsense2_ros_mqtt_bridge/lib/python3.10/site-packages/src
[1.732s] copying /home/zzz/work/build/realsense2_ros_mqtt_bridge/build/lib/src/mqtt_bridge_node.py -> /home/zzz/work/install/realsense2_ros_mqtt_bridge/lib/python3.10/site-packages/src
[1.732s] copying /home/zzz/work/build/realsense2_ros_mqtt_bridge/build/lib/src/calib_config_handler.py -> /home/zzz/work/install/realsense2_ros_mqtt_bridge/lib/python3.10/site-packages/src
[1.733s] copying /home/zzz/work/build/realsense2_ros_mqtt_bridge/build/lib/src/transformation_handler.py -> /home/zzz/work/install/realsense2_ros_mqtt_bridge/lib/python3.10/site-packages/src
[1.733s] copying /home/zzz/work/build/realsense2_ros_mqtt_bridge/build/lib/src/device_handler.py -> /home/zzz/work/install/realsense2_ros_mqtt_bridge/lib/python3.10/site-packages/src
[1.733s] warning: install_lib: byte-compiling is disabled, skipping.
[1.733s] 
[1.734s] running install_data
[1.734s] creating /home/zzz/work/install/realsense2_ros_mqtt_bridge/share/ament_index/resource_index/packages
[1.734s] copying resource/realsense2_ros_mqtt_bridge -> /home/zzz/work/install/realsense2_ros_mqtt_bridge/share/ament_index/resource_index/packages
[1.734s] copying package.xml -> /home/zzz/work/install/realsense2_ros_mqtt_bridge/share/realsense2_ros_mqtt_bridge
[1.735s] creating /home/zzz/work/install/realsense2_ros_mqtt_bridge/share/realsense2_ros_mqtt_bridge/launch
[1.735s] copying launch/rs_launch.py -> /home/zzz/work/install/realsense2_ros_mqtt_bridge/share/realsense2_ros_mqtt_bridge/launch
[1.735s] running install_egg_info
[1.753s] Copying ../../../build/realsense2_ros_mqtt_bridge/realsense2_ros_mqtt_bridge.egg-info to /home/zzz/work/install/realsense2_ros_mqtt_bridge/lib/python3.10/site-packages/realsense2_ros_mqtt_bridge-4.57.4-py3.10.egg-info
[1.754s] running install_scripts
[1.790s] Installing realsense2_ros_mqtt_bridge script to /home/zzz/work/install/realsense2_ros_mqtt_bridge/lib/realsense2_ros_mqtt_bridge
[1.790s] writing list of installed files to '/home/zzz/work/build/realsense2_ros_mqtt_bridge/install.log'
[1.846s] Invoked command in '/home/zzz/work/src/realsense-ros/realsense2_ros_mqtt_bridge' returned '0': PYTHONPATH=/home/zzz/work/build/realsense2_ros_mqtt_bridge/prefix_override:/usr/lib/python3/dist-packages/colcon_core/task/python/colcon_distutils_commands:/home/zzz/work/install/realsense2_ros_mqtt_bridge/lib/python3.10/site-packages:${PYTHONPATH} /usr/bin/python3 -W ignore:setup.py install is deprecated -W ignore:easy_install command is deprecated setup.py egg_info --egg-base ../../../build/realsense2_ros_mqtt_bridge build --build-base /home/zzz/work/build/realsense2_ros_mqtt_bridge/build install --record /home/zzz/work/build/realsense2_ros_mqtt_bridge/install.log --install-scripts $base/lib/realsense2_ros_mqtt_bridge --single-version-externally-managed install_data
