running egg_info
creating ../../../build/realsense2_ros_mqtt_bridge/realsense2_ros_mqtt_bridge.egg-info
writing ../../../build/realsense2_ros_mqtt_bridge/realsense2_ros_mqtt_bridge.egg-info/PKG-INFO
writing dependency_links to ../../../build/realsense2_ros_mqtt_bridge/realsense2_ros_mqtt_bridge.egg-info/dependency_links.txt
writing entry points to ../../../build/realsense2_ros_mqtt_bridge/realsense2_ros_mqtt_bridge.egg-info/entry_points.txt
writing requirements to ../../../build/realsense2_ros_mqtt_bridge/realsense2_ros_mqtt_bridge.egg-info/requires.txt
writing top-level names to ../../../build/realsense2_ros_mqtt_bridge/realsense2_ros_mqtt_bridge.egg-info/top_level.txt
writing manifest file '../../../build/realsense2_ros_mqtt_bridge/realsense2_ros_mqtt_bridge.egg-info/SOURCES.txt'
reading manifest file '../../../build/realsense2_ros_mqtt_bridge/realsense2_ros_mqtt_bridge.egg-info/SOURCES.txt'
writing manifest file '../../../build/realsense2_ros_mqtt_bridge/realsense2_ros_mqtt_bridge.egg-info/SOURCES.txt'
running build
running build_py
creating /home/zzz/work/build/realsense2_ros_mqtt_bridge/build
creating /home/zzz/work/build/realsense2_ros_mqtt_bridge/build/lib
creating /home/zzz/work/build/realsense2_ros_mqtt_bridge/build/lib/src
copying src/safety_interface_config_handler.py -> /home/zzz/work/build/realsense2_ros_mqtt_bridge/build/lib/src
copying src/application_config_handler.py -> /home/zzz/work/build/realsense2_ros_mqtt_bridge/build/lib/src
copying src/__init__.py -> /home/zzz/work/build/realsense2_ros_mqtt_bridge/build/lib/src
copying src/parameter_handler.py -> /home/zzz/work/build/realsense2_ros_mqtt_bridge/build/lib/src
copying src/hw_reset_handler.py -> /home/zzz/work/build/realsense2_ros_mqtt_bridge/build/lib/src
copying src/triggered_calibration_handler.py -> /home/zzz/work/build/realsense2_ros_mqtt_bridge/build/lib/src
copying src/safety_preset_handler.py -> /home/zzz/work/build/realsense2_ros_mqtt_bridge/build/lib/src
copying src/frame_handler.py -> /home/zzz/work/build/realsense2_ros_mqtt_bridge/build/lib/src
copying src/entry_point.py -> /home/zzz/work/build/realsense2_ros_mqtt_bridge/build/lib/src
copying src/hwm_command_handler.py -> /home/zzz/work/build/realsense2_ros_mqtt_bridge/build/lib/src
copying src/service_handler.py -> /home/zzz/work/build/realsense2_ros_mqtt_bridge/build/lib/src
copying src/mqtt_bridge_node.py -> /home/zzz/work/build/realsense2_ros_mqtt_bridge/build/lib/src
copying src/calib_config_handler.py -> /home/zzz/work/build/realsense2_ros_mqtt_bridge/build/lib/src
copying src/transformation_handler.py -> /home/zzz/work/build/realsense2_ros_mqtt_bridge/build/lib/src
copying src/device_handler.py -> /home/zzz/work/build/realsense2_ros_mqtt_bridge/build/lib/src
running install
running install_lib
creating /home/zzz/work/install/realsense2_ros_mqtt_bridge/lib/python3.10/site-packages/src
copying /home/zzz/work/build/realsense2_ros_mqtt_bridge/build/lib/src/safety_interface_config_handler.py -> /home/zzz/work/install/realsense2_ros_mqtt_bridge/lib/python3.10/site-packages/src
copying /home/zzz/work/build/realsense2_ros_mqtt_bridge/build/lib/src/application_config_handler.py -> /home/zzz/work/install/realsense2_ros_mqtt_bridge/lib/python3.10/site-packages/src
copying /home/zzz/work/build/realsense2_ros_mqtt_bridge/build/lib/src/__init__.py -> /home/zzz/work/install/realsense2_ros_mqtt_bridge/lib/python3.10/site-packages/src
copying /home/zzz/work/build/realsense2_ros_mqtt_bridge/build/lib/src/parameter_handler.py -> /home/zzz/work/install/realsense2_ros_mqtt_bridge/lib/python3.10/site-packages/src
copying /home/zzz/work/build/realsense2_ros_mqtt_bridge/build/lib/src/hw_reset_handler.py -> /home/zzz/work/install/realsense2_ros_mqtt_bridge/lib/python3.10/site-packages/src
copying /home/zzz/work/build/realsense2_ros_mqtt_bridge/build/lib/src/triggered_calibration_handler.py -> /home/zzz/work/install/realsense2_ros_mqtt_bridge/lib/python3.10/site-packages/src
copying /home/zzz/work/build/realsense2_ros_mqtt_bridge/build/lib/src/safety_preset_handler.py -> /home/zzz/work/install/realsense2_ros_mqtt_bridge/lib/python3.10/site-packages/src
copying /home/zzz/work/build/realsense2_ros_mqtt_bridge/build/lib/src/frame_handler.py -> /home/zzz/work/install/realsense2_ros_mqtt_bridge/lib/python3.10/site-packages/src
copying /home/zzz/work/build/realsense2_ros_mqtt_bridge/build/lib/src/entry_point.py -> /home/zzz/work/install/realsense2_ros_mqtt_bridge/lib/python3.10/site-packages/src
copying /home/zzz/work/build/realsense2_ros_mqtt_bridge/build/lib/src/hwm_command_handler.py -> /home/zzz/work/install/realsense2_ros_mqtt_bridge/lib/python3.10/site-packages/src
copying /home/zzz/work/build/realsense2_ros_mqtt_bridge/build/lib/src/service_handler.py -> /home/zzz/work/install/realsense2_ros_mqtt_bridge/lib/python3.10/site-packages/src
copying /home/zzz/work/build/realsense2_ros_mqtt_bridge/build/lib/src/mqtt_bridge_node.py -> /home/zzz/work/install/realsense2_ros_mqtt_bridge/lib/python3.10/site-packages/src
copying /home/zzz/work/build/realsense2_ros_mqtt_bridge/build/lib/src/calib_config_handler.py -> /home/zzz/work/install/realsense2_ros_mqtt_bridge/lib/python3.10/site-packages/src
copying /home/zzz/work/build/realsense2_ros_mqtt_bridge/build/lib/src/transformation_handler.py -> /home/zzz/work/install/realsense2_ros_mqtt_bridge/lib/python3.10/site-packages/src
copying /home/zzz/work/build/realsense2_ros_mqtt_bridge/build/lib/src/device_handler.py -> /home/zzz/work/install/realsense2_ros_mqtt_bridge/lib/python3.10/site-packages/src
byte-compiling /home/zzz/work/install/realsense2_ros_mqtt_bridge/lib/python3.10/site-packages/src/safety_interface_config_handler.py to safety_interface_config_handler.cpython-310.pyc
byte-compiling /home/zzz/work/install/realsense2_ros_mqtt_bridge/lib/python3.10/site-packages/src/application_config_handler.py to application_config_handler.cpython-310.pyc
byte-compiling /home/zzz/work/install/realsense2_ros_mqtt_bridge/lib/python3.10/site-packages/src/__init__.py to __init__.cpython-310.pyc
byte-compiling /home/zzz/work/install/realsense2_ros_mqtt_bridge/lib/python3.10/site-packages/src/parameter_handler.py to parameter_handler.cpython-310.pyc
byte-compiling /home/zzz/work/install/realsense2_ros_mqtt_bridge/lib/python3.10/site-packages/src/hw_reset_handler.py to hw_reset_handler.cpython-310.pyc
byte-compiling /home/zzz/work/install/realsense2_ros_mqtt_bridge/lib/python3.10/site-packages/src/triggered_calibration_handler.py to triggered_calibration_handler.cpython-310.pyc
byte-compiling /home/zzz/work/install/realsense2_ros_mqtt_bridge/lib/python3.10/site-packages/src/safety_preset_handler.py to safety_preset_handler.cpython-310.pyc
byte-compiling /home/zzz/work/install/realsense2_ros_mqtt_bridge/lib/python3.10/site-packages/src/frame_handler.py to frame_handler.cpython-310.pyc
byte-compiling /home/zzz/work/install/realsense2_ros_mqtt_bridge/lib/python3.10/site-packages/src/entry_point.py to entry_point.cpython-310.pyc
byte-compiling /home/zzz/work/install/realsense2_ros_mqtt_bridge/lib/python3.10/site-packages/src/hwm_command_handler.py to hwm_command_handler.cpython-310.pyc
byte-compiling /home/zzz/work/install/realsense2_ros_mqtt_bridge/lib/python3.10/site-packages/src/service_handler.py to service_handler.cpython-310.pyc
byte-compiling /home/zzz/work/install/realsense2_ros_mqtt_bridge/lib/python3.10/site-packages/src/mqtt_bridge_node.py to mqtt_bridge_node.cpython-310.pyc
byte-compiling /home/zzz/work/install/realsense2_ros_mqtt_bridge/lib/python3.10/site-packages/src/calib_config_handler.py to calib_config_handler.cpython-310.pyc
byte-compiling /home/zzz/work/install/realsense2_ros_mqtt_bridge/lib/python3.10/site-packages/src/transformation_handler.py to transformation_handler.cpython-310.pyc
byte-compiling /home/zzz/work/install/realsense2_ros_mqtt_bridge/lib/python3.10/site-packages/src/device_handler.py to device_handler.cpython-310.pyc
running install_data
creating /home/zzz/work/install/realsense2_ros_mqtt_bridge/share/ament_index
creating /home/zzz/work/install/realsense2_ros_mqtt_bridge/share/ament_index/resource_index
creating /home/zzz/work/install/realsense2_ros_mqtt_bridge/share/ament_index/resource_index/packages
copying resource/realsense2_ros_mqtt_bridge -> /home/zzz/work/install/realsense2_ros_mqtt_bridge/share/ament_index/resource_index/packages
copying package.xml -> /home/zzz/work/install/realsense2_ros_mqtt_bridge/share/realsense2_ros_mqtt_bridge
creating /home/zzz/work/install/realsense2_ros_mqtt_bridge/share/realsense2_ros_mqtt_bridge/launch
copying launch/rs_launch.py -> /home/zzz/work/install/realsense2_ros_mqtt_bridge/share/realsense2_ros_mqtt_bridge/launch
running install_egg_info
Copying ../../../build/realsense2_ros_mqtt_bridge/realsense2_ros_mqtt_bridge.egg-info to /home/zzz/work/install/realsense2_ros_mqtt_bridge/lib/python3.10/site-packages/realsense2_ros_mqtt_bridge-4.57.4-py3.10.egg-info
running install_scripts
Installing realsense2_ros_mqtt_bridge script to /home/zzz/work/install/realsense2_ros_mqtt_bridge/lib/realsense2_ros_mqtt_bridge
writing list of installed files to '/home/zzz/work/build/realsense2_ros_mqtt_bridge/install.log'
