[1.069s] Invoking command in '/home/zzz/work/src/realsense-ros/realsense2_ros_mqtt_bridge': PYTHONPATH=/home/zzz/work/build/realsense2_ros_mqtt_bridge/prefix_override:/usr/lib/python3/dist-packages/colcon_core/task/python/colcon_distutils_commands:/home/zzz/work/install/realsense2_ros_mqtt_bridge/lib/python3.10/site-packages:${PYTHONPATH} /usr/bin/python3 -W ignore:setup.py install is deprecated -W ignore:easy_install command is deprecated setup.py egg_info --egg-base ../../../build/realsense2_ros_mqtt_bridge build --build-base /home/zzz/work/build/realsense2_ros_mqtt_bridge/build install --record /home/zzz/work/build/realsense2_ros_mqtt_bridge/install.log --single-version-externally-managed install_data
[1.236s] running egg_info
[1.236s] creating ../../../build/realsense2_ros_mqtt_bridge/realsense2_ros_mqtt_bridge.egg-info
[1.236s] writing ../../../build/realsense2_ros_mqtt_bridge/realsense2_ros_mqtt_bridge.egg-info/PKG-INFO
[1.236s] writing dependency_links to ../../../build/realsense2_ros_mqtt_bridge/realsense2_ros_mqtt_bridge.egg-info/dependency_links.txt
[1.237s] writing entry points to ../../../build/realsense2_ros_mqtt_bridge/realsense2_ros_mqtt_bridge.egg-info/entry_points.txt
[1.237s] writing requirements to ../../../build/realsense2_ros_mqtt_bridge/realsense2_ros_mqtt_bridge.egg-info/requires.txt
[1.237s] writing top-level names to ../../../build/realsense2_ros_mqtt_bridge/realsense2_ros_mqtt_bridge.egg-info/top_level.txt
[1.237s] writing manifest file '../../../build/realsense2_ros_mqtt_bridge/realsense2_ros_mqtt_bridge.egg-info/SOURCES.txt'
[1.238s] reading manifest file '../../../build/realsense2_ros_mqtt_bridge/realsense2_ros_mqtt_bridge.egg-info/SOURCES.txt'
[1.239s] writing manifest file '../../../build/realsense2_ros_mqtt_bridge/realsense2_ros_mqtt_bridge.egg-info/SOURCES.txt'
[1.239s] running build
[1.239s] running build_py
[1.239s] creating /home/zzz/work/build/realsense2_ros_mqtt_bridge/build
[1.239s] creating /home/zzz/work/build/realsense2_ros_mqtt_bridge/build/lib
[1.239s] creating /home/zzz/work/build/realsense2_ros_mqtt_bridge/build/lib/src
[1.240s] copying src/safety_interface_config_handler.py -> /home/zzz/work/build/realsense2_ros_mqtt_bridge/build/lib/src
[1.240s] copying src/application_config_handler.py -> /home/zzz/work/build/realsense2_ros_mqtt_bridge/build/lib/src
[1.240s] copying src/__init__.py -> /home/zzz/work/build/realsense2_ros_mqtt_bridge/build/lib/src
[1.240s] copying src/parameter_handler.py -> /home/zzz/work/build/realsense2_ros_mqtt_bridge/build/lib/src
[1.240s] copying src/hw_reset_handler.py -> /home/zzz/work/build/realsense2_ros_mqtt_bridge/build/lib/src
[1.240s] copying src/triggered_calibration_handler.py -> /home/zzz/work/build/realsense2_ros_mqtt_bridge/build/lib/src
[1.240s] copying src/safety_preset_handler.py -> /home/zzz/work/build/realsense2_ros_mqtt_bridge/build/lib/src
[1.240s] copying src/frame_handler.py -> /home/zzz/work/build/realsense2_ros_mqtt_bridge/build/lib/src
[1.240s] copying src/entry_point.py -> /home/zzz/work/build/realsense2_ros_mqtt_bridge/build/lib/src
[1.240s] copying src/hwm_command_handler.py -> /home/zzz/work/build/realsense2_ros_mqtt_bridge/build/lib/src
[1.241s] copying src/service_handler.py -> /home/zzz/work/build/realsense2_ros_mqtt_bridge/build/lib/src
[1.241s] copying src/mqtt_bridge_node.py -> /home/zzz/work/build/realsense2_ros_mqtt_bridge/build/lib/src
[1.241s] copying src/calib_config_handler.py -> /home/zzz/work/build/realsense2_ros_mqtt_bridge/build/lib/src
[1.241s] copying src/transformation_handler.py -> /home/zzz/work/build/realsense2_ros_mqtt_bridge/build/lib/src
[1.241s] copying src/device_handler.py -> /home/zzz/work/build/realsense2_ros_mqtt_bridge/build/lib/src
[1.241s] running install
[1.242s] running install_lib
[1.242s] creating /home/zzz/work/install/realsense2_ros_mqtt_bridge/lib/python3.10/site-packages/src
[1.243s] copying /home/zzz/work/build/realsense2_ros_mqtt_bridge/build/lib/src/safety_interface_config_handler.py -> /home/zzz/work/install/realsense2_ros_mqtt_bridge/lib/python3.10/site-packages/src
[1.243s] copying /home/zzz/work/build/realsense2_ros_mqtt_bridge/build/lib/src/application_config_handler.py -> /home/zzz/work/install/realsense2_ros_mqtt_bridge/lib/python3.10/site-packages/src
[1.243s] copying /home/zzz/work/build/realsense2_ros_mqtt_bridge/build/lib/src/__init__.py -> /home/zzz/work/install/realsense2_ros_mqtt_bridge/lib/python3.10/site-packages/src
[1.243s] copying /home/zzz/work/build/realsense2_ros_mqtt_bridge/build/lib/src/parameter_handler.py -> /home/zzz/work/install/realsense2_ros_mqtt_bridge/lib/python3.10/site-packages/src
[1.243s] copying /home/zzz/work/build/realsense2_ros_mqtt_bridge/build/lib/src/hw_reset_handler.py -> /home/zzz/work/install/realsense2_ros_mqtt_bridge/lib/python3.10/site-packages/src
[1.243s] copying /home/zzz/work/build/realsense2_ros_mqtt_bridge/build/lib/src/triggered_calibration_handler.py -> /home/zzz/work/install/realsense2_ros_mqtt_bridge/lib/python3.10/site-packages/src
[1.243s] copying /home/zzz/work/build/realsense2_ros_mqtt_bridge/build/lib/src/safety_preset_handler.py -> /home/zzz/work/install/realsense2_ros_mqtt_bridge/lib/python3.10/site-packages/src
[1.243s] copying /home/zzz/work/build/realsense2_ros_mqtt_bridge/build/lib/src/frame_handler.py -> /home/zzz/work/install/realsense2_ros_mqtt_bridge/lib/python3.10/site-packages/src
[1.243s] copying /home/zzz/work/build/realsense2_ros_mqtt_bridge/build/lib/src/entry_point.py -> /home/zzz/work/install/realsense2_ros_mqtt_bridge/lib/python3.10/site-packages/src
[1.243s] copying /home/zzz/work/build/realsense2_ros_mqtt_bridge/build/lib/src/hwm_command_handler.py -> /home/zzz/work/install/realsense2_ros_mqtt_bridge/lib/python3.10/site-packages/src
[1.244s] copying /home/zzz/work/build/realsense2_ros_mqtt_bridge/build/lib/src/service_handler.py -> /home/zzz/work/install/realsense2_ros_mqtt_bridge/lib/python3.10/site-packages/src
[1.244s] copying /home/zzz/work/build/realsense2_ros_mqtt_bridge/build/lib/src/mqtt_bridge_node.py -> /home/zzz/work/install/realsense2_ros_mqtt_bridge/lib/python3.10/site-packages/src
[1.244s] copying /home/zzz/work/build/realsense2_ros_mqtt_bridge/build/lib/src/calib_config_handler.py -> /home/zzz/work/install/realsense2_ros_mqtt_bridge/lib/python3.10/site-packages/src
[1.244s] copying /home/zzz/work/build/realsense2_ros_mqtt_bridge/build/lib/src/transformation_handler.py -> /home/zzz/work/install/realsense2_ros_mqtt_bridge/lib/python3.10/site-packages/src
[1.244s] copying /home/zzz/work/build/realsense2_ros_mqtt_bridge/build/lib/src/device_handler.py -> /home/zzz/work/install/realsense2_ros_mqtt_bridge/lib/python3.10/site-packages/src
[1.245s] byte-compiling /home/zzz/work/install/realsense2_ros_mqtt_bridge/lib/python3.10/site-packages/src/safety_interface_config_handler.py to safety_interface_config_handler.cpython-310.pyc
[1.245s] byte-compiling /home/zzz/work/install/realsense2_ros_mqtt_bridge/lib/python3.10/site-packages/src/application_config_handler.py to application_config_handler.cpython-310.pyc
[1.245s] byte-compiling /home/zzz/work/install/realsense2_ros_mqtt_bridge/lib/python3.10/site-packages/src/__init__.py to __init__.cpython-310.pyc
[1.246s] byte-compiling /home/zzz/work/install/realsense2_ros_mqtt_bridge/lib/python3.10/site-packages/src/parameter_handler.py to parameter_handler.cpython-310.pyc
[1.246s] byte-compiling /home/zzz/work/install/realsense2_ros_mqtt_bridge/lib/python3.10/site-packages/src/hw_reset_handler.py to hw_reset_handler.cpython-310.pyc
[1.247s] byte-compiling /home/zzz/work/install/realsense2_ros_mqtt_bridge/lib/python3.10/site-packages/src/triggered_calibration_handler.py to triggered_calibration_handler.cpython-310.pyc
[1.247s] byte-compiling /home/zzz/work/install/realsense2_ros_mqtt_bridge/lib/python3.10/site-packages/src/safety_preset_handler.py to safety_preset_handler.cpython-310.pyc
[1.248s] byte-compiling /home/zzz/work/install/realsense2_ros_mqtt_bridge/lib/python3.10/site-packages/src/frame_handler.py to frame_handler.cpython-310.pyc
[1.248s] byte-compiling /home/zzz/work/install/realsense2_ros_mqtt_bridge/lib/python3.10/site-packages/src/entry_point.py to entry_point.cpython-310.pyc
[1.249s] byte-compiling /home/zzz/work/install/realsense2_ros_mqtt_bridge/lib/python3.10/site-packages/src/hwm_command_handler.py to hwm_command_handler.cpython-310.pyc
[1.249s] byte-compiling /home/zzz/work/install/realsense2_ros_mqtt_bridge/lib/python3.10/site-packages/src/service_handler.py to service_handler.cpython-310.pyc
[1.249s] byte-compiling /home/zzz/work/install/realsense2_ros_mqtt_bridge/lib/python3.10/site-packages/src/mqtt_bridge_node.py to mqtt_bridge_node.cpython-310.pyc
[1.251s] byte-compiling /home/zzz/work/install/realsense2_ros_mqtt_bridge/lib/python3.10/site-packages/src/calib_config_handler.py to calib_config_handler.cpython-310.pyc
[1.251s] byte-compiling /home/zzz/work/install/realsense2_ros_mqtt_bridge/lib/python3.10/site-packages/src/transformation_handler.py to transformation_handler.cpython-310.pyc
[1.251s] byte-compiling /home/zzz/work/install/realsense2_ros_mqtt_bridge/lib/python3.10/site-packages/src/device_handler.py to device_handler.cpython-310.pyc
[1.252s] running install_data
[1.252s] creating /home/zzz/work/install/realsense2_ros_mqtt_bridge/share/ament_index
[1.252s] creating /home/zzz/work/install/realsense2_ros_mqtt_bridge/share/ament_index/resource_index
[1.252s] creating /home/zzz/work/install/realsense2_ros_mqtt_bridge/share/ament_index/resource_index/packages
[1.252s] copying resource/realsense2_ros_mqtt_bridge -> /home/zzz/work/install/realsense2_ros_mqtt_bridge/share/ament_index/resource_index/packages
[1.252s] copying package.xml -> /home/zzz/work/install/realsense2_ros_mqtt_bridge/share/realsense2_ros_mqtt_bridge
[1.252s] creating /home/zzz/work/install/realsense2_ros_mqtt_bridge/share/realsense2_ros_mqtt_bridge/launch
[1.252s] copying launch/rs_launch.py -> /home/zzz/work/install/realsense2_ros_mqtt_bridge/share/realsense2_ros_mqtt_bridge/launch
[1.252s] running install_egg_info
[1.254s] Copying ../../../build/realsense2_ros_mqtt_bridge/realsense2_ros_mqtt_bridge.egg-info to /home/zzz/work/install/realsense2_ros_mqtt_bridge/lib/python3.10/site-packages/realsense2_ros_mqtt_bridge-4.57.4-py3.10.egg-info
[1.255s] running install_scripts
[1.272s] Installing realsense2_ros_mqtt_bridge script to /home/zzz/work/install/realsense2_ros_mqtt_bridge/lib/realsense2_ros_mqtt_bridge
[1.273s] writing list of installed files to '/home/zzz/work/build/realsense2_ros_mqtt_bridge/install.log'
[1.307s] Invoked command in '/home/zzz/work/src/realsense-ros/realsense2_ros_mqtt_bridge' returned '0': PYTHONPATH=/home/zzz/work/build/realsense2_ros_mqtt_bridge/prefix_override:/usr/lib/python3/dist-packages/colcon_core/task/python/colcon_distutils_commands:/home/zzz/work/install/realsense2_ros_mqtt_bridge/lib/python3.10/site-packages:${PYTHONPATH} /usr/bin/python3 -W ignore:setup.py install is deprecated -W ignore:easy_install command is deprecated setup.py egg_info --egg-base ../../../build/realsense2_ros_mqtt_bridge build --build-base /home/zzz/work/build/realsense2_ros_mqtt_bridge/build install --record /home/zzz/work/build/realsense2_ros_mqtt_bridge/install.log --single-version-externally-managed install_data
