[0.015s] Invoking command in '/home/zzz/work/build/realsense2_rviz_plugin': CMAKE_PREFIX_PATH=/home/zzz/work/install/realsense2_camera_msgs:/home/zzz/work/install/realsense2_rviz_plugin:/home/zzz/work/install/realsense2_description:/home/zzz/work/install/realsense2_camera:/home/zzz/work/install/hiwin_service_client:/home/zzz/work/install/hiwin_libmodbus:/home/zzz/work/install/hiwin_interfaces:/home/zzz/work/install/yolo:/home/zzz/work/install/realsense2_ros_mqtt_bridge:/home/zzz/work/install/hiwin_example:/home/zzz/work/install/arduino_bridge:/opt/ros/humble LD_LIBRARY_PATH=/home/zzz/work/install/realsense2_camera_msgs/lib:/home/zzz/work/install/realsense2_camera/lib:/home/zzz/work/install/hiwin_libmodbus/lib:/home/zzz/work/install/hiwin_interfaces/lib:/opt/ros/humble/opt/rviz_ogre_vendor/lib:/opt/ros/humble/lib/x86_64-linux-gnu:/opt/ros/humble/lib /usr/bin/cmake /home/zzz/work/src/realsense-ros/realsense2_rgbd_plugin -DAMENT_CMAKE_SYMLINK_INSTALL=1 -DCMAKE_INSTALL_PREFIX=/home/zzz/work/install/realsense2_rviz_plugin
[0.093s] -- The C compiler identification is GNU 11.4.0
[0.161s] -- The CXX compiler identification is GNU 11.4.0
[0.170s] -- Detecting C compiler ABI info
[0.268s] -- Detecting C compiler ABI info - done
[0.276s] -- Check for working C compiler: /usr/bin/cc - skipped
[0.276s] -- Detecting C compile features
[0.278s] -- Detecting C compile features - done
[0.280s] -- Detecting CXX compiler ABI info
[0.375s] -- Detecting CXX compiler ABI info - done
[0.382s] -- Check for working CXX compiler: /usr/bin/c++ - skipped
[0.382s] -- Detecting CXX compile features
[0.383s] -- Detecting CXX compile features - done
[0.387s] -- Found ament_cmake: 1.3.14 (/opt/ros/humble/share/ament_cmake/cmake)
[0.579s] -- Found Python3: /usr/bin/python3 (found version "3.10.12") found components: Interpreter 
[0.658s] -- Override CMake install command with custom implementation using symlinks instead of copying resources
[0.711s] -- RVIZ_RGBD_PLUGIN is DISABLED: Plugin will not be built.
[0.792s] -- Configuring done
[0.797s] -- Generating done
[0.800s] -- Build files have been written to: /home/zzz/work/build/realsense2_rviz_plugin
[0.807s] Invoked command in '/home/zzz/work/build/realsense2_rviz_plugin' returned '0': CMAKE_PREFIX_PATH=/home/zzz/work/install/realsense2_camera_msgs:/home/zzz/work/install/realsense2_rviz_plugin:/home/zzz/work/install/realsense2_description:/home/zzz/work/install/realsense2_camera:/home/zzz/work/install/hiwin_service_client:/home/zzz/work/install/hiwin_libmodbus:/home/zzz/work/install/hiwin_interfaces:/home/zzz/work/install/yolo:/home/zzz/work/install/realsense2_ros_mqtt_bridge:/home/zzz/work/install/hiwin_example:/home/zzz/work/install/arduino_bridge:/opt/ros/humble LD_LIBRARY_PATH=/home/zzz/work/install/realsense2_camera_msgs/lib:/home/zzz/work/install/realsense2_camera/lib:/home/zzz/work/install/hiwin_libmodbus/lib:/home/zzz/work/install/hiwin_interfaces/lib:/opt/ros/humble/opt/rviz_ogre_vendor/lib:/opt/ros/humble/lib/x86_64-linux-gnu:/opt/ros/humble/lib /usr/bin/cmake /home/zzz/work/src/realsense-ros/realsense2_rgbd_plugin -DAMENT_CMAKE_SYMLINK_INSTALL=1 -DCMAKE_INSTALL_PREFIX=/home/zzz/work/install/realsense2_rviz_plugin
[0.809s] Invoking command in '/home/zzz/work/build/realsense2_rviz_plugin': CMAKE_PREFIX_PATH=/home/zzz/work/install/realsense2_camera_msgs:/home/zzz/work/install/realsense2_rviz_plugin:/home/zzz/work/install/realsense2_description:/home/zzz/work/install/realsense2_camera:/home/zzz/work/install/hiwin_service_client:/home/zzz/work/install/hiwin_libmodbus:/home/zzz/work/install/hiwin_interfaces:/home/zzz/work/install/yolo:/home/zzz/work/install/realsense2_ros_mqtt_bridge:/home/zzz/work/install/hiwin_example:/home/zzz/work/install/arduino_bridge:/opt/ros/humble LD_LIBRARY_PATH=/home/zzz/work/install/realsense2_camera_msgs/lib:/home/zzz/work/install/realsense2_camera/lib:/home/zzz/work/install/hiwin_libmodbus/lib:/home/zzz/work/install/hiwin_interfaces/lib:/opt/ros/humble/opt/rviz_ogre_vendor/lib:/opt/ros/humble/lib/x86_64-linux-gnu:/opt/ros/humble/lib /usr/bin/cmake --build /home/zzz/work/build/realsense2_rviz_plugin -- -j12 -l12
[0.862s] Invoked command in '/home/zzz/work/build/realsense2_rviz_plugin' returned '0': CMAKE_PREFIX_PATH=/home/zzz/work/install/realsense2_camera_msgs:/home/zzz/work/install/realsense2_rviz_plugin:/home/zzz/work/install/realsense2_description:/home/zzz/work/install/realsense2_camera:/home/zzz/work/install/hiwin_service_client:/home/zzz/work/install/hiwin_libmodbus:/home/zzz/work/install/hiwin_interfaces:/home/zzz/work/install/yolo:/home/zzz/work/install/realsense2_ros_mqtt_bridge:/home/zzz/work/install/hiwin_example:/home/zzz/work/install/arduino_bridge:/opt/ros/humble LD_LIBRARY_PATH=/home/zzz/work/install/realsense2_camera_msgs/lib:/home/zzz/work/install/realsense2_camera/lib:/home/zzz/work/install/hiwin_libmodbus/lib:/home/zzz/work/install/hiwin_interfaces/lib:/opt/ros/humble/opt/rviz_ogre_vendor/lib:/opt/ros/humble/lib/x86_64-linux-gnu:/opt/ros/humble/lib /usr/bin/cmake --build /home/zzz/work/build/realsense2_rviz_plugin -- -j12 -l12
[0.864s] Invoking command in '/home/zzz/work/build/realsense2_rviz_plugin': CMAKE_PREFIX_PATH=/home/zzz/work/install/realsense2_camera_msgs:/home/zzz/work/install/realsense2_rviz_plugin:/home/zzz/work/install/realsense2_description:/home/zzz/work/install/realsense2_camera:/home/zzz/work/install/hiwin_service_client:/home/zzz/work/install/hiwin_libmodbus:/home/zzz/work/install/hiwin_interfaces:/home/zzz/work/install/yolo:/home/zzz/work/install/realsense2_ros_mqtt_bridge:/home/zzz/work/install/hiwin_example:/home/zzz/work/install/arduino_bridge:/opt/ros/humble LD_LIBRARY_PATH=/home/zzz/work/install/realsense2_camera_msgs/lib:/home/zzz/work/install/realsense2_camera/lib:/home/zzz/work/install/hiwin_libmodbus/lib:/home/zzz/work/install/hiwin_interfaces/lib:/opt/ros/humble/opt/rviz_ogre_vendor/lib:/opt/ros/humble/lib/x86_64-linux-gnu:/opt/ros/humble/lib /usr/bin/cmake --install /home/zzz/work/build/realsense2_rviz_plugin
[0.872s] -- Install configuration: ""
[0.872s] -- Execute custom install script
[0.873s] -- Symlinking: /home/zzz/work/install/realsense2_rviz_plugin/share/realsense2_rviz_plugin/config/rviz_rgbd_plugin_settings.yaml
[0.884s] -- Symlinking: /home/zzz/work/install/realsense2_rviz_plugin/share/ament_index/resource_index/package_run_dependencies/realsense2_rviz_plugin
[0.896s] -- Symlinking: /home/zzz/work/install/realsense2_rviz_plugin/share/ament_index/resource_index/parent_prefix_path/realsense2_rviz_plugin
[0.909s] -- Symlinking: /home/zzz/work/install/realsense2_rviz_plugin/share/realsense2_rviz_plugin/environment/ament_prefix_path.sh
[0.923s] -- Symlinking: /home/zzz/work/install/realsense2_rviz_plugin/share/realsense2_rviz_plugin/environment/ament_prefix_path.dsv
[0.938s] -- Symlinking: /home/zzz/work/install/realsense2_rviz_plugin/share/realsense2_rviz_plugin/environment/path.sh
[0.953s] -- Symlinking: /home/zzz/work/install/realsense2_rviz_plugin/share/realsense2_rviz_plugin/environment/path.dsv
[0.968s] -- Symlinking: /home/zzz/work/install/realsense2_rviz_plugin/share/realsense2_rviz_plugin/local_setup.bash
[0.983s] -- Symlinking: /home/zzz/work/install/realsense2_rviz_plugin/share/realsense2_rviz_plugin/local_setup.sh
[0.999s] -- Symlinking: /home/zzz/work/install/realsense2_rviz_plugin/share/realsense2_rviz_plugin/local_setup.zsh
[1.011s] -- Symlinking: /home/zzz/work/install/realsense2_rviz_plugin/share/realsense2_rviz_plugin/local_setup.dsv
[1.023s] -- Symlinking: /home/zzz/work/install/realsense2_rviz_plugin/share/realsense2_rviz_plugin/package.dsv
[1.039s] -- Symlinking: /home/zzz/work/install/realsense2_rviz_plugin/share/ament_index/resource_index/packages/realsense2_rviz_plugin
[1.053s] -- Symlinking: /home/zzz/work/install/realsense2_rviz_plugin/share/realsense2_rviz_plugin/cmake/realsense2_rviz_pluginConfig.cmake
[1.062s] -- Symlinking: /home/zzz/work/install/realsense2_rviz_plugin/share/realsense2_rviz_plugin/cmake/realsense2_rviz_pluginConfig-version.cmake
[1.075s] -- Symlinking: /home/zzz/work/install/realsense2_rviz_plugin/share/realsense2_rviz_plugin/package.xml
[1.090s] Invoked command in '/home/zzz/work/build/realsense2_rviz_plugin' returned '0': CMAKE_PREFIX_PATH=/home/zzz/work/install/realsense2_camera_msgs:/home/zzz/work/install/realsense2_rviz_plugin:/home/zzz/work/install/realsense2_description:/home/zzz/work/install/realsense2_camera:/home/zzz/work/install/hiwin_service_client:/home/zzz/work/install/hiwin_libmodbus:/home/zzz/work/install/hiwin_interfaces:/home/zzz/work/install/yolo:/home/zzz/work/install/realsense2_ros_mqtt_bridge:/home/zzz/work/install/hiwin_example:/home/zzz/work/install/arduino_bridge:/opt/ros/humble LD_LIBRARY_PATH=/home/zzz/work/install/realsense2_camera_msgs/lib:/home/zzz/work/install/realsense2_camera/lib:/home/zzz/work/install/hiwin_libmodbus/lib:/home/zzz/work/install/hiwin_interfaces/lib:/opt/ros/humble/opt/rviz_ogre_vendor/lib:/opt/ros/humble/lib/x86_64-linux-gnu:/opt/ros/humble/lib /usr/bin/cmake --install /home/zzz/work/build/realsense2_rviz_plugin
