[0.007s] Invoking command in '/home/leo/work/build/realsense2_camera': AMENT_PREFIX_PATH=/home/leo/work/install/realsense2_camera_msgs:${AMENT_PREFIX_PATH} CMAKE_PREFIX_PATH=/home/leo/work/install/realsense2_camera_msgs:/opt/ros/humble LD_LIBRARY_PATH=/home/leo/work/install/realsense2_camera_msgs/lib:${LD_LIBRARY_PATH} PYTHONPATH=/home/leo/work/install/realsense2_camera_msgs/local/lib/python3.10/dist-packages:${PYTHONPATH} /usr/bin/cmake /home/leo/work/src/realsense-ros/realsense2_camera -DCMAKE_INSTALL_PREFIX=/home/leo/work/install/realsense2_camera
[0.049s] -- The C compiler identification is GNU 11.4.0
[0.095s] -- The CXX compiler identification is GNU 11.4.0
[0.099s] -- Detecting C compiler ABI info
[0.153s] -- Detecting C compiler ABI info - done
[0.159s] -- Check for working C compiler: /usr/bin/cc - skipped
[0.160s] -- Detecting C compile features
[0.160s] -- Detecting C compile features - done
[0.163s] -- Detecting CXX compiler ABI info
[0.219s] -- Detecting CXX compiler ABI info - done
[0.225s] -- Check for working CXX compiler: /usr/bin/c++ - skipped
[0.225s] -- Detecting CXX compile features
[0.225s] -- Detecting CXX compile features - done
[0.226s] -- Create Release Build.
[0.227s] -- Found ament_cmake: 1.3.14 (/opt/ros/humble/share/ament_cmake/cmake)
[0.323s] -- Found Python3: /usr/bin/python3 (found version "3.10.12") found components: Interpreter 
[0.390s] -- Found builtin_interfaces: 1.2.2 (/opt/ros/humble/share/builtin_interfaces/cmake)
[0.418s] -- Found rosidl_generator_c: 3.1.8 (/opt/ros/humble/share/rosidl_generator_c/cmake)
[0.421s] -- Found rosidl_adapter: 3.1.8 (/opt/ros/humble/share/rosidl_adapter/cmake)
[0.427s] -- Found rosidl_generator_cpp: 3.1.8 (/opt/ros/humble/share/rosidl_generator_cpp/cmake)
[0.435s] -- Using all available rosidl_typesupport_c: rosidl_typesupport_fastrtps_c;rosidl_typesupport_introspection_c
[0.445s] -- Using all available rosidl_typesupport_cpp: rosidl_typesupport_fastrtps_cpp;rosidl_typesupport_introspection_cpp
[0.456s] -- Found rclcpp: 16.0.19 (/opt/ros/humble/share/rclcpp/cmake)
[0.481s] -- Found rmw_implementation_cmake: 6.1.2 (/opt/ros/humble/share/rmw_implementation_cmake/cmake)
[0.483s] -- Found rmw_cyclonedds_cpp: 1.3.4 (/opt/ros/humble/share/rmw_cyclonedds_cpp/cmake)
[0.497s] -- Using RMW implementation 'rmw_cyclonedds_cpp' as default
[0.503s] -- Looking for pthread.h
[0.560s] -- Looking for pthread.h - found
[0.561s] -- Performing Test CMAKE_HAVE_LIBC_PTHREAD
[0.616s] -- Performing Test CMAKE_HAVE_LIBC_PTHREAD - Success
[0.617s] -- Found Threads: TRUE  
[0.652s] -- Found rclcpp_action: 16.0.19 (/opt/ros/humble/share/rclcpp_action/cmake)
[0.672s] -- Found realsense2_camera_msgs: 4.57.7 (/home/leo/work/install/realsense2_camera_msgs/share/realsense2_camera_msgs/cmake)
[0.706s] -- Found std_srvs: 4.9.1 (/opt/ros/humble/share/std_srvs/cmake)
[0.715s] -- Found nav_msgs: 4.9.1 (/opt/ros/humble/share/nav_msgs/cmake)
[0.726s] -- Found tf2_ros: 0.25.20 (/opt/ros/humble/share/tf2_ros/cmake)
[0.768s] -- Found diagnostic_updater: 4.0.7 (/opt/ros/humble/share/diagnostic_updater/cmake)
[0.789s] -- Found OpenCV: /usr (found version "4.5.4") found components: core 
[0.791s] -- Found image_transport: 3.1.12 (/opt/ros/humble/share/image_transport/cmake)
[0.811s] -- Found cv_bridge: 3.2.1 (/opt/ros/humble/share/cv_bridge/cmake)
[0.820s] [33mCMake Warning at CMakeLists.txt:155 (find_package):
[0.821s]   Could not find a configuration file for package "realsense2" that is
[0.821s]   compatible with requested version "2.57.7".
[0.821s] 
[0.821s]   The following configuration files were considered but not accepted:
[0.821s] 
[0.821s]     /usr/local/lib/cmake/realsense2/realsense2Config.cmake, version: 2.57.5
[0.821s] 
[0.821s] 
[0.821s] [0m
[0.821s] [31mCMake Error at CMakeLists.txt:160 (message):
[0.821s]   
[0.821s] 
[0.821s]   
[0.822s] 
[0.822s]    RealSense SDK 2.0 is missing, please install it from https://github.com/realsenseai/librealsense/releases
[0.822s] 
[0.822s]   
[0.822s] 
[0.822s] 
[0.822s] [0m
[0.822s] -- Configuring incomplete, errors occurred!
[0.822s] See also "/home/leo/work/build/realsense2_camera/CMakeFiles/CMakeOutput.log".
[0.826s] Invoked command in '/home/leo/work/build/realsense2_camera' returned '1': AMENT_PREFIX_PATH=/home/leo/work/install/realsense2_camera_msgs:${AMENT_PREFIX_PATH} CMAKE_PREFIX_PATH=/home/leo/work/install/realsense2_camera_msgs:/opt/ros/humble LD_LIBRARY_PATH=/home/leo/work/install/realsense2_camera_msgs/lib:${LD_LIBRARY_PATH} PYTHONPATH=/home/leo/work/install/realsense2_camera_msgs/local/lib/python3.10/dist-packages:${PYTHONPATH} /usr/bin/cmake /home/leo/work/src/realsense-ros/realsense2_camera -DCMAKE_INSTALL_PREFIX=/home/leo/work/install/realsense2_camera
