[0.712s] Invoking command in '/home/leo/work/src/yolo': PYTHONPATH=/home/leo/work/build/yolo/prefix_override:/usr/lib/python3/dist-packages/colcon_core/task/python/colcon_distutils_commands:/home/leo/work/install/yolo/lib/python3.10/site-packages:${PYTHONPATH} /usr/bin/python3 -W ignore:setup.py install is deprecated -W ignore:easy_install command is deprecated setup.py egg_info --egg-base ../../build/yolo build --build-base /home/leo/work/build/yolo/build install --record /home/leo/work/build/yolo/install.log --install-scripts $base/lib/yolo --single-version-externally-managed install_data
[0.840s] running egg_info
[0.840s] creating ../../build/yolo/yolo.egg-info
[0.840s] writing ../../build/yolo/yolo.egg-info/PKG-INFO
[0.840s] writing dependency_links to ../../build/yolo/yolo.egg-info/dependency_links.txt
[0.840s] writing entry points to ../../build/yolo/yolo.egg-info/entry_points.txt
[0.840s] writing requirements to ../../build/yolo/yolo.egg-info/requires.txt
[0.840s] writing top-level names to ../../build/yolo/yolo.egg-info/top_level.txt
[0.840s] writing manifest file '../../build/yolo/yolo.egg-info/SOURCES.txt'
[0.841s] reading manifest file '../../build/yolo/yolo.egg-info/SOURCES.txt'
[0.841s] writing manifest file '../../build/yolo/yolo.egg-info/SOURCES.txt'
[0.841s] running build
[0.841s] running build_py
[0.841s] creating /home/leo/work/build/yolo/build
[0.841s] creating /home/leo/work/build/yolo/build/lib
[0.842s] creating /home/leo/work/build/yolo/build/lib/yolo
[0.842s] copying yolo/camera_node_sub.py -> /home/leo/work/build/yolo/build/lib/yolo
[0.842s] copying yolo/camera_node_pub.py -> /home/leo/work/build/yolo/build/lib/yolo
[0.842s] copying yolo/camera_node_apriltag.py -> /home/leo/work/build/yolo/build/lib/yolo
[0.842s] copying yolo/__init__.py -> /home/leo/work/build/yolo/build/lib/yolo
[0.842s] running install
[0.842s] running install_lib
[0.842s] creating /home/leo/work/install/yolo/lib/python3.10/site-packages/yolo
[0.842s] copying /home/leo/work/build/yolo/build/lib/yolo/camera_node_sub.py -> /home/leo/work/install/yolo/lib/python3.10/site-packages/yolo
[0.842s] copying /home/leo/work/build/yolo/build/lib/yolo/camera_node_pub.py -> /home/leo/work/install/yolo/lib/python3.10/site-packages/yolo
[0.843s] copying /home/leo/work/build/yolo/build/lib/yolo/camera_node_apriltag.py -> /home/leo/work/install/yolo/lib/python3.10/site-packages/yolo
[0.843s] copying /home/leo/work/build/yolo/build/lib/yolo/__init__.py -> /home/leo/work/install/yolo/lib/python3.10/site-packages/yolo
[0.843s] byte-compiling /home/leo/work/install/yolo/lib/python3.10/site-packages/yolo/camera_node_sub.py to camera_node_sub.cpython-310.pyc
[0.844s] byte-compiling /home/leo/work/install/yolo/lib/python3.10/site-packages/yolo/camera_node_pub.py to camera_node_pub.cpython-310.pyc
[0.844s] byte-compiling /home/leo/work/install/yolo/lib/python3.10/site-packages/yolo/camera_node_apriltag.py to camera_node_apriltag.cpython-310.pyc
[0.845s] byte-compiling /home/leo/work/install/yolo/lib/python3.10/site-packages/yolo/__init__.py to __init__.cpython-310.pyc
[0.845s] running install_data
[0.845s] creating /home/leo/work/install/yolo/share/ament_index
[0.845s] creating /home/leo/work/install/yolo/share/ament_index/resource_index
[0.845s] creating /home/leo/work/install/yolo/share/ament_index/resource_index/packages
[0.845s] copying resource/yolo -> /home/leo/work/install/yolo/share/ament_index/resource_index/packages
[0.845s] copying package.xml -> /home/leo/work/install/yolo/share/yolo
[0.845s] running install_egg_info
[0.846s] Copying ../../build/yolo/yolo.egg-info to /home/leo/work/install/yolo/lib/python3.10/site-packages/yolo-0.0.0-py3.10.egg-info
[0.846s] running install_scripts
[0.858s] writing list of installed files to '/home/leo/work/build/yolo/install.log'
[0.874s] Invoked command in '/home/leo/work/src/yolo' returned '0': PYTHONPATH=/home/leo/work/build/yolo/prefix_override:/usr/lib/python3/dist-packages/colcon_core/task/python/colcon_distutils_commands:/home/leo/work/install/yolo/lib/python3.10/site-packages:${PYTHONPATH} /usr/bin/python3 -W ignore:setup.py install is deprecated -W ignore:easy_install command is deprecated setup.py egg_info --egg-base ../../build/yolo build --build-base /home/leo/work/build/yolo/build install --record /home/leo/work/build/yolo/install.log --install-scripts $base/lib/yolo --single-version-externally-managed install_data
