/home/zzz/work/install/yolo/lib/python3.10/site-packages/yolo/__init__.py
/home/zzz/work/install/yolo/lib/python3.10/site-packages/yolo/camera_node_apriltag.py
/home/zzz/work/install/yolo/lib/python3.10/site-packages/yolo/camera_node_sub.py
/home/zzz/work/install/yolo/lib/python3.10/site-packages/yolo/camera_node_yolo_apriltag.py
/home/zzz/work/install/yolo/lib/python3.10/site-packages/yolo/camera_node_pub.py
/home/zzz/work/install/yolo/lib/python3.10/site-packages/yolo/__pycache__/__init__.cpython-310.pyc
/home/zzz/work/install/yolo/lib/python3.10/site-packages/yolo/__pycache__/camera_node_apriltag.cpython-310.pyc
/home/zzz/work/install/yolo/lib/python3.10/site-packages/yolo/__pycache__/camera_node_sub.cpython-310.pyc
/home/zzz/work/install/yolo/lib/python3.10/site-packages/yolo/__pycache__/camera_node_yolo_apriltag.cpython-310.pyc
/home/zzz/work/install/yolo/lib/python3.10/site-packages/yolo/__pycache__/camera_node_pub.cpython-310.pyc
/home/zzz/work/install/yolo/share/ament_index/resource_index/packages/yolo
/home/zzz/work/install/yolo/share/yolo/package.xml
/home/zzz/work/install/yolo/lib/python3.10/site-packages/yolo-0.0.0-py3.10.egg-info/top_level.txt
/home/zzz/work/install/yolo/lib/python3.10/site-packages/yolo-0.0.0-py3.10.egg-info/PKG-INFO
/home/zzz/work/install/yolo/lib/python3.10/site-packages/yolo-0.0.0-py3.10.egg-info/entry_points.txt
/home/zzz/work/install/yolo/lib/python3.10/site-packages/yolo-0.0.0-py3.10.egg-info/dependency_links.txt
/home/zzz/work/install/yolo/lib/python3.10/site-packages/yolo-0.0.0-py3.10.egg-info/requires.txt
/home/zzz/work/install/yolo/lib/python3.10/site-packages/yolo-0.0.0-py3.10.egg-info/zip-safe
/home/zzz/work/install/yolo/lib/python3.10/site-packages/yolo-0.0.0-py3.10.egg-info/SOURCES.txt
/home/zzz/work/install/yolo/lib/yolo/apriltag
/home/zzz/work/install/yolo/lib/yolo/yolo_apriltag
/home/zzz/work/install/yolo/lib/yolo/yolo_pub
/home/zzz/work/install/yolo/lib/yolo/yolo_sub
