[3.145s] Invoking command in '/home/zzz/work/build/hiwin_example': PYTHONPATH=/home/zzz/work/build/hiwin_example/prefix_override:/usr/lib/python3/dist-packages/colcon_core/task/python/colcon_distutils_commands:/home/zzz/work/install/hiwin_example/lib/python3.10/site-packages:${PYTHONPATH} /usr/bin/python3 -W ignore:setup.py install is deprecated -W ignore:easy_install command is deprecated setup.py develop --editable --build-directory /home/zzz/work/build/hiwin_example/build --no-deps symlink_data
[3.801s] running develop
[4.057s] running egg_info
[4.057s] writing hiwin_example.egg-info/PKG-INFO
[4.057s] writing dependency_links to hiwin_example.egg-info/dependency_links.txt
[4.058s] writing entry points to hiwin_example.egg-info/entry_points.txt
[4.058s] writing requirements to hiwin_example.egg-info/requires.txt
[4.058s] writing top-level names to hiwin_example.egg-info/top_level.txt
[4.063s] reading manifest file 'hiwin_example.egg-info/SOURCES.txt'
[4.064s] writing manifest file 'hiwin_example.egg-info/SOURCES.txt'
[4.069s] running build_ext
[4.070s] Creating /home/zzz/work/install/hiwin_example/lib/python3.10/site-packages/hiwin-example.egg-link (link to .)
[4.070s] Installing camera_flange_matrix2 script to /home/zzz/work/install/hiwin_example/lib/hiwin_example
[4.070s] Installing check_right script to /home/zzz/work/install/hiwin_example/lib/hiwin_example
[4.070s] Installing hand_in_eye_calibration script to /home/zzz/work/install/hiwin_example/lib/hiwin_example
[4.070s] Installing hiwin_pose_publisher script to /home/zzz/work/install/hiwin_example/lib/hiwin_example
[4.071s] Installing hiwin_tf_tree script to /home/zzz/work/install/hiwin_example/lib/hiwin_example
[4.071s] Installing strategy_example script to /home/zzz/work/install/hiwin_example/lib/hiwin_example
[4.071s] Installing strategy_example_3 script to /home/zzz/work/install/hiwin_example/lib/hiwin_example
[4.071s] Installing strategy_example_mul script to /home/zzz/work/install/hiwin_example/lib/hiwin_example
[4.071s] Installing three_points_calibration_example script to /home/zzz/work/install/hiwin_example/lib/hiwin_example
[4.072s] 
[4.072s] Installed /home/zzz/work/build/hiwin_example
[4.072s] running symlink_data
[4.151s] Invoked command in '/home/zzz/work/build/hiwin_example' returned '0': PYTHONPATH=/home/zzz/work/build/hiwin_example/prefix_override:/usr/lib/python3/dist-packages/colcon_core/task/python/colcon_distutils_commands:/home/zzz/work/install/hiwin_example/lib/python3.10/site-packages:${PYTHONPATH} /usr/bin/python3 -W ignore:setup.py install is deprecated -W ignore:easy_install command is deprecated setup.py develop --editable --build-directory /home/zzz/work/build/hiwin_example/build --no-deps symlink_data
