[0.015s] Invoking command in '/home/zzz/work/build/realsense2_description': AMENT_PREFIX_PATH=/home/zzz/work/install/realsense2_camera_msgs:${AMENT_PREFIX_PATH} CMAKE_PREFIX_PATH=/home/zzz/work/install/realsense2_camera_msgs:/opt/ros/humble LD_LIBRARY_PATH=/home/zzz/work/install/realsense2_camera_msgs/lib:${LD_LIBRARY_PATH} PYTHONPATH=/home/zzz/work/install/realsense2_camera_msgs/local/lib/python3.10/dist-packages:${PYTHONPATH} /usr/bin/cmake /home/zzz/work/src/realsense-ros/realsense2_description -DAMENT_CMAKE_SYMLINK_INSTALL=1 -DCMAKE_INSTALL_PREFIX=/home/zzz/work/install/realsense2_description
[0.078s] -- The C compiler identification is GNU 11.4.0
[0.144s] -- The CXX compiler identification is GNU 11.4.0
[0.152s] -- Detecting C compiler ABI info
[0.234s] -- Detecting C compiler ABI info - done
[0.240s] -- Check for working C compiler: /usr/bin/cc - skipped
[0.241s] -- Detecting C compile features
[0.241s] -- Detecting C compile features - done
[0.244s] -- Detecting CXX compiler ABI info
[0.340s] -- Detecting CXX compiler ABI info - done
[0.347s] -- Check for working CXX compiler: /usr/bin/g++ - skipped
[0.347s] -- Detecting CXX compile features
[0.347s] -- Detecting CXX compile features - done
[0.352s] -- Found ament_cmake: 1.3.14 (/opt/ros/humble/share/ament_cmake/cmake)
[0.754s] -- Found Python3: /usr/bin/python3 (found version "3.10.12") found components: Interpreter 
[0.810s] -- Override CMake install command with custom implementation using symlinks instead of copying resources
[0.922s] -- Configuring done
[0.926s] -- Generating done
[0.928s] -- Build files have been written to: /home/zzz/work/build/realsense2_description
[0.932s] Invoked command in '/home/zzz/work/build/realsense2_description' returned '0': AMENT_PREFIX_PATH=/home/zzz/work/install/realsense2_camera_msgs:${AMENT_PREFIX_PATH} CMAKE_PREFIX_PATH=/home/zzz/work/install/realsense2_camera_msgs:/opt/ros/humble LD_LIBRARY_PATH=/home/zzz/work/install/realsense2_camera_msgs/lib:${LD_LIBRARY_PATH} PYTHONPATH=/home/zzz/work/install/realsense2_camera_msgs/local/lib/python3.10/dist-packages:${PYTHONPATH} /usr/bin/cmake /home/zzz/work/src/realsense-ros/realsense2_description -DAMENT_CMAKE_SYMLINK_INSTALL=1 -DCMAKE_INSTALL_PREFIX=/home/zzz/work/install/realsense2_description
[0.934s] Invoking command in '/home/zzz/work/build/realsense2_description': AMENT_PREFIX_PATH=/home/zzz/work/install/realsense2_camera_msgs:${AMENT_PREFIX_PATH} CMAKE_PREFIX_PATH=/home/zzz/work/install/realsense2_camera_msgs:/opt/ros/humble LD_LIBRARY_PATH=/home/zzz/work/install/realsense2_camera_msgs/lib:${LD_LIBRARY_PATH} PYTHONPATH=/home/zzz/work/install/realsense2_camera_msgs/local/lib/python3.10/dist-packages:${PYTHONPATH} /usr/bin/cmake --build /home/zzz/work/build/realsense2_description -- -j12 -l12
[0.984s] Invoked command in '/home/zzz/work/build/realsense2_description' returned '0': AMENT_PREFIX_PATH=/home/zzz/work/install/realsense2_camera_msgs:${AMENT_PREFIX_PATH} CMAKE_PREFIX_PATH=/home/zzz/work/install/realsense2_camera_msgs:/opt/ros/humble LD_LIBRARY_PATH=/home/zzz/work/install/realsense2_camera_msgs/lib:${LD_LIBRARY_PATH} PYTHONPATH=/home/zzz/work/install/realsense2_camera_msgs/local/lib/python3.10/dist-packages:${PYTHONPATH} /usr/bin/cmake --build /home/zzz/work/build/realsense2_description -- -j12 -l12
[0.986s] Invoking command in '/home/zzz/work/build/realsense2_description': AMENT_PREFIX_PATH=/home/zzz/work/install/realsense2_camera_msgs:${AMENT_PREFIX_PATH} CMAKE_PREFIX_PATH=/home/zzz/work/install/realsense2_camera_msgs:/opt/ros/humble LD_LIBRARY_PATH=/home/zzz/work/install/realsense2_camera_msgs/lib:${LD_LIBRARY_PATH} PYTHONPATH=/home/zzz/work/install/realsense2_camera_msgs/local/lib/python3.10/dist-packages:${PYTHONPATH} /usr/bin/cmake --install /home/zzz/work/build/realsense2_description
[0.995s] -- Install configuration: ""
[0.996s] -- Execute custom install script
[0.997s] -- Symlinking: /home/zzz/work/install/realsense2_description/share/realsense2_description/launch/launch_utils.py
[1.008s] -- Symlinking: /home/zzz/work/install/realsense2_description/share/realsense2_description/launch/view_model.launch.py
[1.019s] -- Symlinking: /home/zzz/work/install/realsense2_description/share/realsense2_description/meshes/d405.stl
[1.030s] -- Symlinking: /home/zzz/work/install/realsense2_description/share/realsense2_description/meshes/d415.stl
[1.042s] -- Symlinking: /home/zzz/work/install/realsense2_description/share/realsense2_description/meshes/d435.dae
[1.052s] -- Symlinking: /home/zzz/work/install/realsense2_description/share/realsense2_description/meshes/d455.stl
[1.062s] -- Symlinking: /home/zzz/work/install/realsense2_description/share/realsense2_description/meshes/d585.stl
[1.071s] -- Symlinking: /home/zzz/work/install/realsense2_description/share/realsense2_description/meshes/l515.dae
[1.081s] -- Symlinking: /home/zzz/work/install/realsense2_description/share/realsense2_description/meshes/plug.stl
[1.092s] -- Symlinking: /home/zzz/work/install/realsense2_description/share/realsense2_description/meshes/plug_collision.stl
[1.103s] -- Symlinking: /home/zzz/work/install/realsense2_description/share/realsense2_description/rviz/urdf.rviz
[1.116s] -- Symlinking: /home/zzz/work/install/realsense2_description/share/realsense2_description/urdf/_d405.urdf.xacro
[1.126s] -- Symlinking: /home/zzz/work/install/realsense2_description/share/realsense2_description/urdf/_d415.urdf.xacro
[1.134s] -- Symlinking: /home/zzz/work/install/realsense2_description/share/realsense2_description/urdf/_d435.urdf.xacro
[1.146s] -- Symlinking: /home/zzz/work/install/realsense2_description/share/realsense2_description/urdf/_d435i.urdf.xacro
[1.156s] -- Symlinking: /home/zzz/work/install/realsense2_description/share/realsense2_description/urdf/_d435i_imu_modules.urdf.xacro
[1.164s] -- Symlinking: /home/zzz/work/install/realsense2_description/share/realsense2_description/urdf/_d455.urdf.xacro
[1.173s] -- Symlinking: /home/zzz/work/install/realsense2_description/share/realsense2_description/urdf/_d585.urdf.xacro
[1.181s] -- Symlinking: /home/zzz/work/install/realsense2_description/share/realsense2_description/urdf/_materials.urdf.xacro
[1.191s] -- Symlinking: /home/zzz/work/install/realsense2_description/share/realsense2_description/urdf/_r410.urdf.xacro
[1.197s] -- Symlinking: /home/zzz/work/install/realsense2_description/share/realsense2_description/urdf/_r430.urdf.xacro
[1.205s] -- Symlinking: /home/zzz/work/install/realsense2_description/share/realsense2_description/urdf/_usb_plug.urdf.xacro
[1.214s] -- Symlinking: /home/zzz/work/install/realsense2_description/share/realsense2_description/urdf/test_d405_camera.urdf.xacro
[1.224s] -- Symlinking: /home/zzz/work/install/realsense2_description/share/realsense2_description/urdf/test_d415_camera.urdf.xacro
[1.233s] -- Symlinking: /home/zzz/work/install/realsense2_description/share/realsense2_description/urdf/test_d435_camera.urdf.xacro
[1.244s] -- Symlinking: /home/zzz/work/install/realsense2_description/share/realsense2_description/urdf/test_d435_multiple_cameras.urdf.xacro
[1.254s] -- Symlinking: /home/zzz/work/install/realsense2_description/share/realsense2_description/urdf/test_d435i_camera.urdf.xacro
[1.265s] -- Symlinking: /home/zzz/work/install/realsense2_description/share/realsense2_description/urdf/test_d455_camera.urdf.xacro
[1.275s] -- Symlinking: /home/zzz/work/install/realsense2_description/share/realsense2_description/urdf/test_d585_camera.urdf.xacro
[1.286s] -- Symlinking: /home/zzz/work/install/realsense2_description/share/realsense2_description/urdf/test_r410_camera.urdf.xacro
[1.296s] -- Symlinking: /home/zzz/work/install/realsense2_description/share/realsense2_description/urdf/test_r430_camera.urdf.xacro
[1.306s] -- Symlinking: /home/zzz/work/install/realsense2_description/share/ament_index/resource_index/package_run_dependencies/realsense2_description
[1.317s] -- Symlinking: /home/zzz/work/install/realsense2_description/share/ament_index/resource_index/parent_prefix_path/realsense2_description
[1.327s] -- Symlinking: /home/zzz/work/install/realsense2_description/share/realsense2_description/environment/ament_prefix_path.sh
[1.338s] -- Symlinking: /home/zzz/work/install/realsense2_description/share/realsense2_description/environment/ament_prefix_path.dsv
[1.350s] -- Symlinking: /home/zzz/work/install/realsense2_description/share/realsense2_description/environment/path.sh
[1.358s] -- Symlinking: /home/zzz/work/install/realsense2_description/share/realsense2_description/environment/path.dsv
[1.366s] -- Symlinking: /home/zzz/work/install/realsense2_description/share/realsense2_description/local_setup.bash
[1.377s] -- Symlinking: /home/zzz/work/install/realsense2_description/share/realsense2_description/local_setup.sh
[1.387s] -- Symlinking: /home/zzz/work/install/realsense2_description/share/realsense2_description/local_setup.zsh
[1.395s] -- Symlinking: /home/zzz/work/install/realsense2_description/share/realsense2_description/local_setup.dsv
[1.403s] -- Symlinking: /home/zzz/work/install/realsense2_description/share/realsense2_description/package.dsv
[1.414s] -- Symlinking: /home/zzz/work/install/realsense2_description/share/ament_index/resource_index/packages/realsense2_description
[1.422s] -- Symlinking: /home/zzz/work/install/realsense2_description/share/realsense2_description/cmake/realsense2_descriptionConfig.cmake
[1.432s] -- Symlinking: /home/zzz/work/install/realsense2_description/share/realsense2_description/cmake/realsense2_descriptionConfig-version.cmake
[1.440s] -- Symlinking: /home/zzz/work/install/realsense2_description/share/realsense2_description/package.xml
[1.450s] Invoked command in '/home/zzz/work/build/realsense2_description' returned '0': AMENT_PREFIX_PATH=/home/zzz/work/install/realsense2_camera_msgs:${AMENT_PREFIX_PATH} CMAKE_PREFIX_PATH=/home/zzz/work/install/realsense2_camera_msgs:/opt/ros/humble LD_LIBRARY_PATH=/home/zzz/work/install/realsense2_camera_msgs/lib:${LD_LIBRARY_PATH} PYTHONPATH=/home/zzz/work/install/realsense2_camera_msgs/local/lib/python3.10/dist-packages:${PYTHONPATH} /usr/bin/cmake --install /home/zzz/work/build/realsense2_description
