[2.633s] Invoking command in '/home/zzz/work/src/Hiwin_libmodbus/hiwin_example': PYTHONPATH=/home/zzz/work/build/hiwin_example/prefix_override:/usr/lib/python3/dist-packages/colcon_core/task/python/colcon_distutils_commands:/home/zzz/work/install/hiwin_example/lib/python3.10/site-packages:${PYTHONPATH} /usr/bin/python3 -W ignore:setup.py install is deprecated -W ignore:easy_install command is deprecated setup.py egg_info --egg-base ../../../build/hiwin_example build --build-base /home/zzz/work/build/hiwin_example/build install --record /home/zzz/work/build/hiwin_example/install.log --install-scripts $base/lib/hiwin_example --single-version-externally-managed install_data
[2.862s] /usr/local/lib/python3.10/dist-packages/setuptools/_distutils/dist.py:288: UserWarning: Unknown distribution option: 'tests_require'
[2.862s]   warnings.warn(msg)
[2.963s] running egg_info
[2.978s] writing ../../../build/hiwin_example/hiwin_example.egg-info/PKG-INFO
[2.979s] writing dependency_links to ../../../build/hiwin_example/hiwin_example.egg-info/dependency_links.txt
[2.980s] writing entry points to ../../../build/hiwin_example/hiwin_example.egg-info/entry_points.txt
[2.980s] writing requirements to ../../../build/hiwin_example/hiwin_example.egg-info/requires.txt
[2.980s] writing top-level names to ../../../build/hiwin_example/hiwin_example.egg-info/top_level.txt
[3.024s] reading manifest file '../../../build/hiwin_example/hiwin_example.egg-info/SOURCES.txt'
[3.025s] writing manifest file '../../../build/hiwin_example/hiwin_example.egg-info/SOURCES.txt'
[3.025s] running build
[3.025s] running build_py
[3.029s] copying hiwin_example/tool_pose_mixin.py -> /home/zzz/work/build/hiwin_example/build/lib/hiwin_example
[3.029s] copying hiwin_example/three_points_calibration_example.py -> /home/zzz/work/build/hiwin_example/build/lib/hiwin_example
[3.031s] copying hiwin_example/__init__.py -> /home/zzz/work/build/hiwin_example/build/lib/hiwin_example
[3.032s] copying hiwin_example/YoloDetector_class_node.py -> /home/zzz/work/build/hiwin_example/build/lib/hiwin_example
[3.032s] copying hiwin_example/strategy_example.py -> /home/zzz/work/build/hiwin_example/build/lib/hiwin_example
[3.032s] copying hiwin_example/transformations.py -> /home/zzz/work/build/hiwin_example/build/lib/hiwin_example
[3.034s] copying hiwin_example/hand_in_eye_calibration.py -> /home/zzz/work/build/hiwin_example/build/lib/hiwin_example
[3.034s] copying hiwin_example/YoloDetector.py -> /home/zzz/work/build/hiwin_example/build/lib/hiwin_example
[3.035s] copying hiwin_example/rj45_target_mixin.py -> /home/zzz/work/build/hiwin_example/build/lib/hiwin_example
[3.038s] copying hiwin_example/camera_flange_matrix2.py -> /home/zzz/work/build/hiwin_example/build/lib/hiwin_example
[3.038s] copying hiwin_example/center_alignment_mixin.py -> /home/zzz/work/build/hiwin_example/build/lib/hiwin_example
[3.038s] copying hiwin_example/apriltag_sampling_mixin.py -> /home/zzz/work/build/hiwin_example/build/lib/hiwin_example
[3.038s] copying hiwin_example/hiwin_robot_mixin.py -> /home/zzz/work/build/hiwin_example/build/lib/hiwin_example
[3.039s] running install
[3.039s] warning: build_py: byte-compiling is disabled, skipping.
[3.039s] 
[3.045s] running install_lib
[3.075s] warning: install_lib: byte-compiling is disabled, skipping.
[3.076s] 
[3.076s] running install_data
[3.076s] copying resource/hiwin_example -> /home/zzz/work/install/hiwin_example/share/ament_index/resource_index/packages
[3.077s] copying config/hiwin_tf_params.yaml -> /home/zzz/work/install/hiwin_example/share/hiwin_example/config
[3.077s] copying package.xml -> /home/zzz/work/install/hiwin_example/share/hiwin_example
[3.077s] copying launch/bag_three_points_calibration.launch.py -> /home/zzz/work/install/hiwin_example/share/hiwin_example/launch
[3.077s] copying launch/cup_three_points_calibration.launch.py -> /home/zzz/work/install/hiwin_example/share/hiwin_example/launch
[3.077s] copying config/cup_cam.yaml -> /home/zzz/work/install/hiwin_example/share/hiwin_example/config
[3.078s] copying config/bag_cali_pose.yaml -> /home/zzz/work/install/hiwin_example/share/hiwin_example/config
[3.079s] copying config/cup_cali_pose.yaml -> /home/zzz/work/install/hiwin_example/share/hiwin_example/config
[3.079s] copying config/hiwin_tf_params.yaml -> /home/zzz/work/install/hiwin_example/share/hiwin_example/config
[3.079s] copying config/bag_cam.yaml -> /home/zzz/work/install/hiwin_example/share/hiwin_example/config
[3.080s] running install_egg_info
[3.098s] removing '/home/zzz/work/install/hiwin_example/lib/python3.10/site-packages/hiwin_example-0.0.0-py3.10.egg-info' (and everything under it)
[3.099s] Copying ../../../build/hiwin_example/hiwin_example.egg-info to /home/zzz/work/install/hiwin_example/lib/python3.10/site-packages/hiwin_example-0.0.0-py3.10.egg-info
[3.102s] running install_scripts
[3.132s] Installing camera_flange_matrix2 script to /home/zzz/work/install/hiwin_example/lib/hiwin_example
[3.133s] Installing check_right script to /home/zzz/work/install/hiwin_example/lib/hiwin_example
[3.134s] Installing hand_in_eye_calibration script to /home/zzz/work/install/hiwin_example/lib/hiwin_example
[3.137s] Installing hiwin_pose_publisher script to /home/zzz/work/install/hiwin_example/lib/hiwin_example
[3.141s] Installing hiwin_tf_tree script to /home/zzz/work/install/hiwin_example/lib/hiwin_example
[3.141s] Installing strategy_example script to /home/zzz/work/install/hiwin_example/lib/hiwin_example
[3.141s] Installing strategy_example_3 script to /home/zzz/work/install/hiwin_example/lib/hiwin_example
[3.142s] Installing strategy_example_mul script to /home/zzz/work/install/hiwin_example/lib/hiwin_example
[3.143s] Installing three_points_calibration_example script to /home/zzz/work/install/hiwin_example/lib/hiwin_example
[3.143s] writing list of installed files to '/home/zzz/work/build/hiwin_example/install.log'
[3.192s] Invoked command in '/home/zzz/work/src/Hiwin_libmodbus/hiwin_example' returned '0': PYTHONPATH=/home/zzz/work/build/hiwin_example/prefix_override:/usr/lib/python3/dist-packages/colcon_core/task/python/colcon_distutils_commands:/home/zzz/work/install/hiwin_example/lib/python3.10/site-packages:${PYTHONPATH} /usr/bin/python3 -W ignore:setup.py install is deprecated -W ignore:easy_install command is deprecated setup.py egg_info --egg-base ../../../build/hiwin_example build --build-base /home/zzz/work/build/hiwin_example/build install --record /home/zzz/work/build/hiwin_example/install.log --install-scripts $base/lib/hiwin_example --single-version-externally-managed install_data
