[0.052s] Invoking command in '/home/zzz/work/build/hiwin_service_client': AMENT_PREFIX_PATH=/home/zzz/work/install/hiwin_libmodbus:/home/zzz/work/install/hiwin_interfaces:${AMENT_PREFIX_PATH} CMAKE_PREFIX_PATH=/home/zzz/work/install/hiwin_libmodbus:/home/zzz/work/install/hiwin_interfaces:/opt/ros/humble LD_LIBRARY_PATH=/home/zzz/work/install/hiwin_libmodbus/lib:/home/zzz/work/install/hiwin_interfaces/lib:${LD_LIBRARY_PATH} PYTHONPATH=/home/zzz/work/install/hiwin_libmodbus/local/lib/python3.10/dist-packages:/home/zzz/work/install/hiwin_interfaces/local/lib/python3.10/dist-packages:${PYTHONPATH} /usr/bin/cmake /home/zzz/work/src/Hiwin_libmodbus/hiwin_service_client -DAMENT_CMAKE_SYMLINK_INSTALL=1 -DCMAKE_INSTALL_PREFIX=/home/zzz/work/install/hiwin_service_client
[0.233s] -- The C compiler identification is GNU 11.4.0
[0.471s] -- The CXX compiler identification is GNU 11.4.0
[0.507s] -- Detecting C compiler ABI info
[0.781s] -- Detecting C compiler ABI info - done
[0.804s] -- Check for working C compiler: /usr/bin/cc - skipped
[0.809s] -- Detecting C compile features
[0.809s] -- Detecting C compile features - done
[0.817s] -- Detecting CXX compiler ABI info
[1.075s] -- Detecting CXX compiler ABI info - done
[1.086s] -- Check for working CXX compiler: /usr/bin/c++ - skipped
[1.087s] -- Detecting CXX compile features
[1.088s] -- Detecting CXX compile features - done
[1.104s] -- Found ament_cmake: 1.3.14 (/opt/ros/humble/share/ament_cmake/cmake)
[1.423s] -- Found Python3: /usr/bin/python3 (found version "3.10.12") found components: Interpreter 
[1.605s] -- Override CMake install command with custom implementation using symlinks instead of copying resources
[1.774s] -- Found hiwin_libmodbus: 0.0.0 (/home/zzz/work/install/hiwin_libmodbus/share/hiwin_libmodbus/cmake)
[1.781s] -- Found hiwin_interfaces: 0.0.0 (/home/zzz/work/install/hiwin_interfaces/share/hiwin_interfaces/cmake)
[2.007s] -- Found rosidl_generator_c: 3.1.8 (/opt/ros/humble/share/rosidl_generator_c/cmake)
[2.041s] -- Found rosidl_adapter: 3.1.8 (/opt/ros/humble/share/rosidl_adapter/cmake)
[2.088s] -- Found rosidl_generator_cpp: 3.1.8 (/opt/ros/humble/share/rosidl_generator_cpp/cmake)
[2.154s] -- Using all available rosidl_typesupport_c: rosidl_typesupport_fastrtps_c;rosidl_typesupport_introspection_c
[2.199s] -- Using all available rosidl_typesupport_cpp: rosidl_typesupport_fastrtps_cpp;rosidl_typesupport_introspection_cpp
[2.417s] -- Found rclpy: 3.3.21 (/opt/ros/humble/share/rclpy/cmake)
[2.424s] -- Found rclcpp: 16.0.19 (/opt/ros/humble/share/rclcpp/cmake)
[2.551s] -- Found rmw_implementation_cmake: 6.1.2 (/opt/ros/humble/share/rmw_implementation_cmake/cmake)
[2.569s] -- Found rmw_cyclonedds_cpp: 1.3.4 (/opt/ros/humble/share/rmw_cyclonedds_cpp/cmake)
[2.678s] -- Using RMW implementation 'rmw_cyclonedds_cpp' as default
[2.741s] -- Looking for pthread.h
[2.995s] -- Looking for pthread.h - found
[2.997s] -- Performing Test CMAKE_HAVE_LIBC_PTHREAD
[3.178s] -- Performing Test CMAKE_HAVE_LIBC_PTHREAD - Success
[3.180s] -- Found Threads: TRUE  
[3.282s] -- Found ament_lint_auto: 0.12.15 (/opt/ros/humble/share/ament_lint_auto/cmake)
[3.483s] -- Added test 'flake8' to check Python code syntax and style conventions
[3.485s] -- Added test 'lint_cmake' to check CMake code style
[3.488s] -- Added test 'pep257' to check Python code against some of the docstring style conventions in PEP 257
[3.494s] -- Added test 'xmllint' to check XML markup files
[3.508s] -- Configuring done
[3.527s] -- Generating done
[3.540s] -- Build files have been written to: /home/zzz/work/build/hiwin_service_client
[3.586s] Invoked command in '/home/zzz/work/build/hiwin_service_client' returned '0': AMENT_PREFIX_PATH=/home/zzz/work/install/hiwin_libmodbus:/home/zzz/work/install/hiwin_interfaces:${AMENT_PREFIX_PATH} CMAKE_PREFIX_PATH=/home/zzz/work/install/hiwin_libmodbus:/home/zzz/work/install/hiwin_interfaces:/opt/ros/humble LD_LIBRARY_PATH=/home/zzz/work/install/hiwin_libmodbus/lib:/home/zzz/work/install/hiwin_interfaces/lib:${LD_LIBRARY_PATH} PYTHONPATH=/home/zzz/work/install/hiwin_libmodbus/local/lib/python3.10/dist-packages:/home/zzz/work/install/hiwin_interfaces/local/lib/python3.10/dist-packages:${PYTHONPATH} /usr/bin/cmake /home/zzz/work/src/Hiwin_libmodbus/hiwin_service_client -DAMENT_CMAKE_SYMLINK_INSTALL=1 -DCMAKE_INSTALL_PREFIX=/home/zzz/work/install/hiwin_service_client
[3.586s] Invoking command in '/home/zzz/work/build/hiwin_service_client': AMENT_PREFIX_PATH=/home/zzz/work/install/hiwin_libmodbus:/home/zzz/work/install/hiwin_interfaces:${AMENT_PREFIX_PATH} CMAKE_PREFIX_PATH=/home/zzz/work/install/hiwin_libmodbus:/home/zzz/work/install/hiwin_interfaces:/opt/ros/humble LD_LIBRARY_PATH=/home/zzz/work/install/hiwin_libmodbus/lib:/home/zzz/work/install/hiwin_interfaces/lib:${LD_LIBRARY_PATH} PYTHONPATH=/home/zzz/work/install/hiwin_libmodbus/local/lib/python3.10/dist-packages:/home/zzz/work/install/hiwin_interfaces/local/lib/python3.10/dist-packages:${PYTHONPATH} /usr/bin/cmake --build /home/zzz/work/build/hiwin_service_client -- -j12 -l12
[3.747s] Invoked command in '/home/zzz/work/build/hiwin_service_client' returned '0': AMENT_PREFIX_PATH=/home/zzz/work/install/hiwin_libmodbus:/home/zzz/work/install/hiwin_interfaces:${AMENT_PREFIX_PATH} CMAKE_PREFIX_PATH=/home/zzz/work/install/hiwin_libmodbus:/home/zzz/work/install/hiwin_interfaces:/opt/ros/humble LD_LIBRARY_PATH=/home/zzz/work/install/hiwin_libmodbus/lib:/home/zzz/work/install/hiwin_interfaces/lib:${LD_LIBRARY_PATH} PYTHONPATH=/home/zzz/work/install/hiwin_libmodbus/local/lib/python3.10/dist-packages:/home/zzz/work/install/hiwin_interfaces/local/lib/python3.10/dist-packages:${PYTHONPATH} /usr/bin/cmake --build /home/zzz/work/build/hiwin_service_client -- -j12 -l12
[3.752s] Invoking command in '/home/zzz/work/build/hiwin_service_client': AMENT_PREFIX_PATH=/home/zzz/work/install/hiwin_libmodbus:/home/zzz/work/install/hiwin_interfaces:${AMENT_PREFIX_PATH} CMAKE_PREFIX_PATH=/home/zzz/work/install/hiwin_libmodbus:/home/zzz/work/install/hiwin_interfaces:/opt/ros/humble LD_LIBRARY_PATH=/home/zzz/work/install/hiwin_libmodbus/lib:/home/zzz/work/install/hiwin_interfaces/lib:${LD_LIBRARY_PATH} PYTHONPATH=/home/zzz/work/install/hiwin_libmodbus/local/lib/python3.10/dist-packages:/home/zzz/work/install/hiwin_interfaces/local/lib/python3.10/dist-packages:${PYTHONPATH} /usr/bin/cmake --install /home/zzz/work/build/hiwin_service_client
[3.781s] -- Install configuration: ""
[3.782s] -- Execute custom install script
[3.782s] -- Symlinking: /home/zzz/work/install/hiwin_service_client/share/ament_index/resource_index/package_run_dependencies/hiwin_service_client
[3.827s] -- Symlinking: /home/zzz/work/install/hiwin_service_client/share/ament_index/resource_index/parent_prefix_path/hiwin_service_client
[3.865s] -- Symlinking: /home/zzz/work/install/hiwin_service_client/share/hiwin_service_client/environment/ament_prefix_path.sh
[3.899s] -- Symlinking: /home/zzz/work/install/hiwin_service_client/share/hiwin_service_client/environment/ament_prefix_path.dsv
[3.936s] -- Symlinking: /home/zzz/work/install/hiwin_service_client/share/hiwin_service_client/environment/path.sh
[3.971s] -- Symlinking: /home/zzz/work/install/hiwin_service_client/share/hiwin_service_client/environment/path.dsv
[4.007s] -- Symlinking: /home/zzz/work/install/hiwin_service_client/share/hiwin_service_client/local_setup.bash
[4.028s] -- Symlinking: /home/zzz/work/install/hiwin_service_client/share/hiwin_service_client/local_setup.sh
[4.064s] -- Symlinking: /home/zzz/work/install/hiwin_service_client/share/hiwin_service_client/local_setup.zsh
[4.101s] -- Symlinking: /home/zzz/work/install/hiwin_service_client/share/hiwin_service_client/local_setup.dsv
[4.137s] -- Symlinking: /home/zzz/work/install/hiwin_service_client/share/hiwin_service_client/package.dsv
[4.172s] -- Symlinking: /home/zzz/work/install/hiwin_service_client/share/ament_index/resource_index/packages/hiwin_service_client
[4.206s] -- Symlinking: /home/zzz/work/install/hiwin_service_client/share/hiwin_service_client/cmake/hiwin_service_clientConfig.cmake
[4.242s] -- Symlinking: /home/zzz/work/install/hiwin_service_client/share/hiwin_service_client/cmake/hiwin_service_clientConfig-version.cmake
[4.270s] -- Symlinking: /home/zzz/work/install/hiwin_service_client/share/hiwin_service_client/package.xml
[4.293s] Invoked command in '/home/zzz/work/build/hiwin_service_client' returned '0': AMENT_PREFIX_PATH=/home/zzz/work/install/hiwin_libmodbus:/home/zzz/work/install/hiwin_interfaces:${AMENT_PREFIX_PATH} CMAKE_PREFIX_PATH=/home/zzz/work/install/hiwin_libmodbus:/home/zzz/work/install/hiwin_interfaces:/opt/ros/humble LD_LIBRARY_PATH=/home/zzz/work/install/hiwin_libmodbus/lib:/home/zzz/work/install/hiwin_interfaces/lib:${LD_LIBRARY_PATH} PYTHONPATH=/home/zzz/work/install/hiwin_libmodbus/local/lib/python3.10/dist-packages:/home/zzz/work/install/hiwin_interfaces/local/lib/python3.10/dist-packages:${PYTHONPATH} /usr/bin/cmake --install /home/zzz/work/build/hiwin_service_client
