[2.841s] Invoking command in '/home/zzz/work/src/yolo': PYTHONPATH=/home/zzz/work/build/yolo/prefix_override:/usr/lib/python3/dist-packages/colcon_core/task/python/colcon_distutils_commands:/home/zzz/work/install/yolo/lib/python3.10/site-packages:${PYTHONPATH} /usr/bin/python3 -W ignore:setup.py install is deprecated -W ignore:easy_install command is deprecated setup.py egg_info --egg-base ../../build/yolo build --build-base /home/zzz/work/build/yolo/build install --record /home/zzz/work/build/yolo/install.log --install-scripts $base/lib/yolo --single-version-externally-managed install_data
[3.359s] running egg_info
[3.380s] writing ../../build/yolo/yolo.egg-info/PKG-INFO
[3.380s] writing dependency_links to ../../build/yolo/yolo.egg-info/dependency_links.txt
[3.380s] writing entry points to ../../build/yolo/yolo.egg-info/entry_points.txt
[3.381s] writing requirements to ../../build/yolo/yolo.egg-info/requires.txt
[3.381s] writing top-level names to ../../build/yolo/yolo.egg-info/top_level.txt
[3.430s] reading manifest file '../../build/yolo/yolo.egg-info/SOURCES.txt'
[3.433s] writing manifest file '../../build/yolo/yolo.egg-info/SOURCES.txt'
[3.434s] running build
[3.434s] running build_py
[3.434s] copying yolo/__init__.py -> /home/zzz/work/build/yolo/build/lib/yolo
[3.434s] copying yolo/camera_node_apriltag.py -> /home/zzz/work/build/yolo/build/lib/yolo
[3.434s] copying yolo/camera_node_sub.py -> /home/zzz/work/build/yolo/build/lib/yolo
[3.434s] copying yolo/camera_node_yolo_apriltag.py -> /home/zzz/work/build/yolo/build/lib/yolo
[3.435s] copying yolo/camera_node_pub.py -> /home/zzz/work/build/yolo/build/lib/yolo
[3.435s] warning: build_py: byte-compiling is disabled, skipping.
[3.435s] 
[3.436s] running install
[3.441s] running install_lib
[3.481s] warning: install_lib: byte-compiling is disabled, skipping.
[3.481s] 
[3.481s] running install_data
[3.481s] copying resource/yolo -> /home/zzz/work/install/yolo/share/ament_index/resource_index/packages
[3.482s] copying package.xml -> /home/zzz/work/install/yolo/share/yolo
[3.482s] running install_egg_info
[3.505s] removing '/home/zzz/work/install/yolo/lib/python3.10/site-packages/yolo-0.0.0-py3.10.egg-info' (and everything under it)
[3.505s] Copying ../../build/yolo/yolo.egg-info to /home/zzz/work/install/yolo/lib/python3.10/site-packages/yolo-0.0.0-py3.10.egg-info
[3.507s] running install_scripts
[3.549s] Installing apriltag script to /home/zzz/work/install/yolo/lib/yolo
[3.549s] Installing yolo_apriltag script to /home/zzz/work/install/yolo/lib/yolo
[3.550s] Installing yolo_pub script to /home/zzz/work/install/yolo/lib/yolo
[3.550s] Installing yolo_sub script to /home/zzz/work/install/yolo/lib/yolo
[3.550s] writing list of installed files to '/home/zzz/work/build/yolo/install.log'
[3.608s] Invoked command in '/home/zzz/work/src/yolo' returned '0': PYTHONPATH=/home/zzz/work/build/yolo/prefix_override:/usr/lib/python3/dist-packages/colcon_core/task/python/colcon_distutils_commands:/home/zzz/work/install/yolo/lib/python3.10/site-packages:${PYTHONPATH} /usr/bin/python3 -W ignore:setup.py install is deprecated -W ignore:easy_install command is deprecated setup.py egg_info --egg-base ../../build/yolo build --build-base /home/zzz/work/build/yolo/build install --record /home/zzz/work/build/yolo/install.log --install-scripts $base/lib/yolo --single-version-externally-managed install_data
