[0.037s] Invoking command in '/home/zzz/work/build/hiwin_interfaces': CMAKE_PREFIX_PATH=${CMAKE_PREFIX_PATH}:/home/zzz/work/install/hiwin_example:/home/zzz/work/install/arduino_bridge:/opt/ros/humble /usr/bin/cmake --build /home/zzz/work/build/hiwin_interfaces -- -j12 -l12
[0.249s] [  2%] Built target hiwin_interfaces__rs
[0.250s] [  5%] Built target hiwin_interfaces__cpp
[0.250s] [ 15%] Built target hiwin_interfaces__rosidl_generator_c
[0.250s] [ 15%] Built target ament_cmake_python_symlink_hiwin_interfaces
[0.250s] [ 25%] Built target hiwin_interfaces__rosidl_typesupport_cpp
[0.250s] [ 35%] Built target hiwin_interfaces__rosidl_typesupport_fastrtps_cpp
[0.250s] [ 45%] Built target hiwin_interfaces__rosidl_typesupport_c
[0.250s] [ 55%] Built target hiwin_interfaces__rosidl_typesupport_introspection_cpp
[0.251s] [ 65%] Built target hiwin_interfaces__rosidl_typesupport_fastrtps_c
[0.251s] [ 75%] Built target hiwin_interfaces__rosidl_typesupport_introspection_c
[0.251s] [ 75%] Built target hiwin_interfaces
[0.251s] [ 77%] Built target hiwin_interfaces__py
[0.251s] [ 85%] Built target hiwin_interfaces__rosidl_generator_py
[0.266s] [ 90%] Built target hiwin_interfaces__rosidl_typesupport_c__pyext
[0.270s] [ 95%] Built target hiwin_interfaces__rosidl_typesupport_fastrtps_c__pyext
[0.276s] [100%] Built target hiwin_interfaces__rosidl_typesupport_introspection_c__pyext
[0.349s] running egg_info
[0.350s] writing hiwin_interfaces.egg-info/PKG-INFO
[0.350s] writing dependency_links to hiwin_interfaces.egg-info/dependency_links.txt
[0.350s] writing top-level names to hiwin_interfaces.egg-info/top_level.txt
[0.351s] reading manifest file 'hiwin_interfaces.egg-info/SOURCES.txt'
[0.352s] writing manifest file 'hiwin_interfaces.egg-info/SOURCES.txt'
[0.376s] [100%] Built target ament_cmake_python_build_hiwin_interfaces_egg
[0.425s] Invoked command in '/home/zzz/work/build/hiwin_interfaces' returned '0': CMAKE_PREFIX_PATH=${CMAKE_PREFIX_PATH}:/home/zzz/work/install/hiwin_example:/home/zzz/work/install/arduino_bridge:/opt/ros/humble /usr/bin/cmake --build /home/zzz/work/build/hiwin_interfaces -- -j12 -l12
[0.438s] Invoking command in '/home/zzz/work/build/hiwin_interfaces': CMAKE_PREFIX_PATH=${CMAKE_PREFIX_PATH}:/home/zzz/work/install/hiwin_example:/home/zzz/work/install/arduino_bridge:/opt/ros/humble /usr/bin/cmake --install /home/zzz/work/build/hiwin_interfaces
[0.446s] -- Install configuration: "Release"
[0.447s] -- Execute custom install script
[0.447s] -- Up-to-date symlink: /home/zzz/work/install/hiwin_interfaces/share/ament_index/resource_index/rosidl_interfaces/hiwin_interfaces
[0.447s] -- Up-to-date symlink: /home/zzz/work/install/hiwin_interfaces/include/hiwin_interfaces/hiwin_interfaces/msg/rosidl_generator_c__visibility_control.h
[0.447s] -- Up-to-date symlink: /home/zzz/work/install/hiwin_interfaces/include/hiwin_interfaces/hiwin_interfaces/srv/detail/hiwinmodbus__functions.h
[0.448s] -- Up-to-date symlink: /home/zzz/work/install/hiwin_interfaces/include/hiwin_interfaces/hiwin_interfaces/srv/detail/hiwinmodbus__struct.h
[0.448s] -- Up-to-date symlink: /home/zzz/work/install/hiwin_interfaces/include/hiwin_interfaces/hiwin_interfaces/srv/detail/hiwinmodbus__type_support.h
[0.448s] -- Up-to-date symlink: /home/zzz/work/install/hiwin_interfaces/include/hiwin_interfaces/hiwin_interfaces/srv/detail/robot_command__functions.h
[0.448s] -- Up-to-date symlink: /home/zzz/work/install/hiwin_interfaces/include/hiwin_interfaces/hiwin_interfaces/srv/detail/robot_command__struct.h
[0.448s] -- Up-to-date symlink: /home/zzz/work/install/hiwin_interfaces/include/hiwin_interfaces/hiwin_interfaces/srv/detail/robot_command__type_support.h
[0.448s] -- Up-to-date symlink: /home/zzz/work/install/hiwin_interfaces/include/hiwin_interfaces/hiwin_interfaces/srv/hiwinmodbus.h
[0.448s] -- Up-to-date symlink: /home/zzz/work/install/hiwin_interfaces/include/hiwin_interfaces/hiwin_interfaces/srv/robot_command.h
[0.448s] -- Up-to-date symlink: /home/zzz/work/install/hiwin_interfaces/share/hiwin_interfaces/environment/library_path.sh
[0.449s] -- Up-to-date symlink: /home/zzz/work/install/hiwin_interfaces/share/hiwin_interfaces/environment/library_path.dsv
[0.449s] -- Up-to-date symlink: /home/zzz/work/install/hiwin_interfaces/include/hiwin_interfaces/hiwin_interfaces/msg/rosidl_typesupport_fastrtps_c__visibility_control.h
[0.449s] -- Up-to-date symlink: /home/zzz/work/install/hiwin_interfaces/include/hiwin_interfaces/hiwin_interfaces/srv/detail/hiwinmodbus__rosidl_typesupport_fastrtps_c.h
[0.449s] -- Up-to-date symlink: /home/zzz/work/install/hiwin_interfaces/include/hiwin_interfaces/hiwin_interfaces/srv/detail/robot_command__rosidl_typesupport_fastrtps_c.h
[0.450s] -- Up-to-date symlink: /home/zzz/work/install/hiwin_interfaces/include/hiwin_interfaces/hiwin_interfaces/msg/rosidl_generator_cpp__visibility_control.hpp
[0.450s] -- Up-to-date symlink: /home/zzz/work/install/hiwin_interfaces/include/hiwin_interfaces/hiwin_interfaces/srv/detail/hiwinmodbus__builder.hpp
[0.450s] -- Up-to-date symlink: /home/zzz/work/install/hiwin_interfaces/include/hiwin_interfaces/hiwin_interfaces/srv/detail/hiwinmodbus__struct.hpp
[0.450s] -- Up-to-date symlink: /home/zzz/work/install/hiwin_interfaces/include/hiwin_interfaces/hiwin_interfaces/srv/detail/hiwinmodbus__traits.hpp
[0.450s] -- Up-to-date symlink: /home/zzz/work/install/hiwin_interfaces/include/hiwin_interfaces/hiwin_interfaces/srv/detail/hiwinmodbus__type_support.hpp
[0.450s] -- Up-to-date symlink: /home/zzz/work/install/hiwin_interfaces/include/hiwin_interfaces/hiwin_interfaces/srv/detail/robot_command__builder.hpp
[0.450s] -- Up-to-date symlink: /home/zzz/work/install/hiwin_interfaces/include/hiwin_interfaces/hiwin_interfaces/srv/detail/robot_command__struct.hpp
[0.450s] -- Up-to-date symlink: /home/zzz/work/install/hiwin_interfaces/include/hiwin_interfaces/hiwin_interfaces/srv/detail/robot_command__traits.hpp
[0.451s] -- Up-to-date symlink: /home/zzz/work/install/hiwin_interfaces/include/hiwin_interfaces/hiwin_interfaces/srv/detail/robot_command__type_support.hpp
[0.451s] -- Up-to-date symlink: /home/zzz/work/install/hiwin_interfaces/include/hiwin_interfaces/hiwin_interfaces/srv/hiwinmodbus.hpp
[0.451s] -- Up-to-date symlink: /home/zzz/work/install/hiwin_interfaces/include/hiwin_interfaces/hiwin_interfaces/srv/robot_command.hpp
[0.451s] -- Up-to-date symlink: /home/zzz/work/install/hiwin_interfaces/include/hiwin_interfaces/hiwin_interfaces/msg/rosidl_typesupport_fastrtps_cpp__visibility_control.h
[0.451s] -- Up-to-date symlink: /home/zzz/work/install/hiwin_interfaces/include/hiwin_interfaces/hiwin_interfaces/srv/detail/hiwinmodbus__rosidl_typesupport_fastrtps_cpp.hpp
[0.451s] -- Up-to-date symlink: /home/zzz/work/install/hiwin_interfaces/include/hiwin_interfaces/hiwin_interfaces/srv/detail/robot_command__rosidl_typesupport_fastrtps_cpp.hpp
[0.452s] -- Up-to-date symlink: /home/zzz/work/install/hiwin_interfaces/include/hiwin_interfaces/hiwin_interfaces/msg/rosidl_typesupport_introspection_c__visibility_control.h
[0.452s] -- Up-to-date symlink: /home/zzz/work/install/hiwin_interfaces/include/hiwin_interfaces/hiwin_interfaces/srv/detail/hiwinmodbus__rosidl_typesupport_introspection_c.h
[0.452s] -- Up-to-date symlink: /home/zzz/work/install/hiwin_interfaces/include/hiwin_interfaces/hiwin_interfaces/srv/detail/robot_command__rosidl_typesupport_introspection_c.h
[0.452s] -- Up-to-date symlink: /home/zzz/work/install/hiwin_interfaces/include/hiwin_interfaces/hiwin_interfaces/srv/detail/hiwinmodbus__rosidl_typesupport_introspection_cpp.hpp
[0.453s] -- Up-to-date symlink: /home/zzz/work/install/hiwin_interfaces/include/hiwin_interfaces/hiwin_interfaces/srv/detail/robot_command__rosidl_typesupport_introspection_cpp.hpp
[0.453s] -- Up-to-date symlink: /home/zzz/work/install/hiwin_interfaces/share/hiwin_interfaces/environment/pythonpath.sh
[0.453s] -- Up-to-date symlink: /home/zzz/work/install/hiwin_interfaces/share/hiwin_interfaces/environment/pythonpath.dsv
[0.453s] -- Up-to-date symlink: /home/zzz/work/install/hiwin_interfaces/local/lib/python3.10/dist-packages/hiwin_interfaces-0.0.0-py3.10.egg-info/PKG-INFO
[0.453s] -- Up-to-date symlink: /home/zzz/work/install/hiwin_interfaces/local/lib/python3.10/dist-packages/hiwin_interfaces-0.0.0-py3.10.egg-info/SOURCES.txt
[0.453s] -- Up-to-date symlink: /home/zzz/work/install/hiwin_interfaces/local/lib/python3.10/dist-packages/hiwin_interfaces-0.0.0-py3.10.egg-info/dependency_links.txt
[0.454s] -- Up-to-date symlink: /home/zzz/work/install/hiwin_interfaces/local/lib/python3.10/dist-packages/hiwin_interfaces-0.0.0-py3.10.egg-info/top_level.txt
[0.454s] -- Up-to-date symlink: /home/zzz/work/install/hiwin_interfaces/local/lib/python3.10/dist-packages/hiwin_interfaces/__init__.py
[0.454s] -- Up-to-date symlink: /home/zzz/work/install/hiwin_interfaces/local/lib/python3.10/dist-packages/hiwin_interfaces/_hiwin_interfaces_s.ep.rosidl_typesupport_c.c
[0.455s] -- Up-to-date symlink: /home/zzz/work/install/hiwin_interfaces/local/lib/python3.10/dist-packages/hiwin_interfaces/_hiwin_interfaces_s.ep.rosidl_typesupport_fastrtps_c.c
[0.455s] -- Up-to-date symlink: /home/zzz/work/install/hiwin_interfaces/local/lib/python3.10/dist-packages/hiwin_interfaces/_hiwin_interfaces_s.ep.rosidl_typesupport_introspection_c.c
[0.455s] -- Up-to-date symlink: /home/zzz/work/install/hiwin_interfaces/local/lib/python3.10/dist-packages/hiwin_interfaces/hiwin_interfaces_s__rosidl_typesupport_c.cpython-310-x86_64-linux-gnu.so
[0.455s] -- Up-to-date symlink: /home/zzz/work/install/hiwin_interfaces/local/lib/python3.10/dist-packages/hiwin_interfaces/hiwin_interfaces_s__rosidl_typesupport_fastrtps_c.cpython-310-x86_64-linux-gnu.so
[0.455s] -- Up-to-date symlink: /home/zzz/work/install/hiwin_interfaces/local/lib/python3.10/dist-packages/hiwin_interfaces/hiwin_interfaces_s__rosidl_typesupport_introspection_c.cpython-310-x86_64-linux-gnu.so
[0.455s] -- Up-to-date symlink: /home/zzz/work/install/hiwin_interfaces/local/lib/python3.10/dist-packages/hiwin_interfaces/libhiwin_interfaces__rosidl_generator_py.so
[0.455s] -- Up-to-date symlink: /home/zzz/work/install/hiwin_interfaces/local/lib/python3.10/dist-packages/hiwin_interfaces/srv/__init__.py
[0.456s] -- Up-to-date symlink: /home/zzz/work/install/hiwin_interfaces/local/lib/python3.10/dist-packages/hiwin_interfaces/srv/_hiwinmodbus.py
[0.456s] -- Up-to-date symlink: /home/zzz/work/install/hiwin_interfaces/local/lib/python3.10/dist-packages/hiwin_interfaces/srv/_hiwinmodbus_s.c
[0.456s] -- Up-to-date symlink: /home/zzz/work/install/hiwin_interfaces/local/lib/python3.10/dist-packages/hiwin_interfaces/srv/_robot_command.py
[0.456s] -- Up-to-date symlink: /home/zzz/work/install/hiwin_interfaces/local/lib/python3.10/dist-packages/hiwin_interfaces/srv/_robot_command_s.c
[0.456s] -- Up-to-date symlink: /home/zzz/work/install/hiwin_interfaces/local/lib/python3.10/dist-packages/hiwin_interfaces/hiwin_interfaces_s__rosidl_typesupport_fastrtps_c.cpython-310-x86_64-linux-gnu.so
[0.456s] -- Up-to-date symlink: /home/zzz/work/install/hiwin_interfaces/local/lib/python3.10/dist-packages/hiwin_interfaces/hiwin_interfaces_s__rosidl_typesupport_introspection_c.cpython-310-x86_64-linux-gnu.so
[0.457s] -- Up-to-date symlink: /home/zzz/work/install/hiwin_interfaces/local/lib/python3.10/dist-packages/hiwin_interfaces/hiwin_interfaces_s__rosidl_typesupport_c.cpython-310-x86_64-linux-gnu.so
[0.457s] -- Up-to-date symlink: /home/zzz/work/install/hiwin_interfaces/share/ament_index/resource_index/rust_packages/hiwin_interfaces
[0.457s] -- Up-to-date symlink: /home/zzz/work/install/hiwin_interfaces/share/hiwin_interfaces/rust/Cargo.toml
[0.457s] -- Up-to-date symlink: /home/zzz/work/install/hiwin_interfaces/share/hiwin_interfaces/rust/build.rs
[0.457s] -- Up-to-date symlink: /home/zzz/work/install/hiwin_interfaces/share/hiwin_interfaces/rust/src/lib.rs
[0.457s] -- Up-to-date symlink: /home/zzz/work/install/hiwin_interfaces/share/hiwin_interfaces/rust/src/srv.rs
[0.457s] -- Up-to-date symlink: /home/zzz/work/install/hiwin_interfaces/share/hiwin_interfaces/rust/src/srv/rmw.rs
[0.458s] -- Up-to-date symlink: /home/zzz/work/install/hiwin_interfaces/share/hiwin_interfaces/srv/Hiwinmodbus.idl
[0.458s] -- Up-to-date symlink: /home/zzz/work/install/hiwin_interfaces/share/hiwin_interfaces/srv/RobotCommand.idl
[0.458s] -- Up-to-date symlink: /home/zzz/work/install/hiwin_interfaces/share/hiwin_interfaces/srv/Hiwinmodbus.srv
[0.458s] -- Up-to-date symlink: /home/zzz/work/install/hiwin_interfaces/share/hiwin_interfaces/srv/Hiwinmodbus_Request.msg
[0.458s] -- Up-to-date symlink: /home/zzz/work/install/hiwin_interfaces/share/hiwin_interfaces/srv/Hiwinmodbus_Response.msg
[0.458s] -- Up-to-date symlink: /home/zzz/work/install/hiwin_interfaces/share/hiwin_interfaces/srv/RobotCommand.srv
[0.458s] -- Up-to-date symlink: /home/zzz/work/install/hiwin_interfaces/share/hiwin_interfaces/srv/RobotCommand_Request.msg
[0.459s] -- Up-to-date symlink: /home/zzz/work/install/hiwin_interfaces/share/hiwin_interfaces/srv/RobotCommand_Response.msg
[0.459s] -- Up-to-date symlink: /home/zzz/work/install/hiwin_interfaces/share/ament_index/resource_index/package_run_dependencies/hiwin_interfaces
[0.459s] -- Up-to-date symlink: /home/zzz/work/install/hiwin_interfaces/share/ament_index/resource_index/parent_prefix_path/hiwin_interfaces
[0.459s] -- Up-to-date symlink: /home/zzz/work/install/hiwin_interfaces/share/hiwin_interfaces/environment/ament_prefix_path.sh
[0.459s] -- Up-to-date symlink: /home/zzz/work/install/hiwin_interfaces/share/hiwin_interfaces/environment/ament_prefix_path.dsv
[0.460s] -- Up-to-date symlink: /home/zzz/work/install/hiwin_interfaces/share/hiwin_interfaces/environment/path.sh
[0.460s] -- Up-to-date symlink: /home/zzz/work/install/hiwin_interfaces/share/hiwin_interfaces/environment/path.dsv
[0.460s] -- Up-to-date symlink: /home/zzz/work/install/hiwin_interfaces/share/hiwin_interfaces/local_setup.bash
[0.460s] -- Up-to-date symlink: /home/zzz/work/install/hiwin_interfaces/share/hiwin_interfaces/local_setup.sh
[0.460s] -- Up-to-date symlink: /home/zzz/work/install/hiwin_interfaces/share/hiwin_interfaces/local_setup.zsh
[0.460s] -- Up-to-date symlink: /home/zzz/work/install/hiwin_interfaces/share/hiwin_interfaces/local_setup.dsv
[0.460s] -- Symlinking: /home/zzz/work/install/hiwin_interfaces/share/hiwin_interfaces/package.dsv
[0.474s] -- Up-to-date symlink: /home/zzz/work/install/hiwin_interfaces/share/ament_index/resource_index/packages/hiwin_interfaces
[0.474s] -- Up-to-date symlink: /home/zzz/work/install/hiwin_interfaces/share/hiwin_interfaces/cmake/rosidl_cmake-extras.cmake
[0.474s] -- Up-to-date symlink: /home/zzz/work/install/hiwin_interfaces/share/hiwin_interfaces/cmake/ament_cmake_export_dependencies-extras.cmake
[0.474s] -- Up-to-date symlink: /home/zzz/work/install/hiwin_interfaces/share/hiwin_interfaces/cmake/ament_cmake_export_include_directories-extras.cmake
[0.474s] -- Up-to-date symlink: /home/zzz/work/install/hiwin_interfaces/share/hiwin_interfaces/cmake/ament_cmake_export_libraries-extras.cmake
[0.475s] -- Up-to-date symlink: /home/zzz/work/install/hiwin_interfaces/share/hiwin_interfaces/cmake/ament_cmake_export_targets-extras.cmake
[0.475s] -- Up-to-date symlink: /home/zzz/work/install/hiwin_interfaces/share/hiwin_interfaces/cmake/rosidl_cmake_export_typesupport_targets-extras.cmake
[0.475s] -- Up-to-date symlink: /home/zzz/work/install/hiwin_interfaces/share/hiwin_interfaces/cmake/rosidl_cmake_export_typesupport_libraries-extras.cmake
[0.475s] -- Up-to-date symlink: /home/zzz/work/install/hiwin_interfaces/share/hiwin_interfaces/cmake/hiwin_interfacesConfig.cmake
[0.475s] -- Up-to-date symlink: /home/zzz/work/install/hiwin_interfaces/share/hiwin_interfaces/cmake/hiwin_interfacesConfig-version.cmake
[0.475s] -- Up-to-date symlink: /home/zzz/work/install/hiwin_interfaces/share/hiwin_interfaces/package.xml
[0.476s] -- Up-to-date: /home/zzz/work/install/hiwin_interfaces/lib/libhiwin_interfaces__rosidl_generator_c.so
[0.476s] -- Up-to-date: /home/zzz/work/install/hiwin_interfaces/lib/libhiwin_interfaces__rosidl_typesupport_fastrtps_c.so
[0.477s] -- Up-to-date: /home/zzz/work/install/hiwin_interfaces/lib/libhiwin_interfaces__rosidl_typesupport_fastrtps_cpp.so
[0.477s] -- Up-to-date: /home/zzz/work/install/hiwin_interfaces/lib/libhiwin_interfaces__rosidl_typesupport_introspection_c.so
[0.477s] -- Up-to-date: /home/zzz/work/install/hiwin_interfaces/lib/libhiwin_interfaces__rosidl_typesupport_c.so
[0.478s] -- Up-to-date: /home/zzz/work/install/hiwin_interfaces/lib/libhiwin_interfaces__rosidl_typesupport_introspection_cpp.so
[0.478s] -- Up-to-date: /home/zzz/work/install/hiwin_interfaces/lib/libhiwin_interfaces__rosidl_typesupport_cpp.so
[0.515s] Listing '/home/zzz/work/install/hiwin_interfaces/local/lib/python3.10/dist-packages/hiwin_interfaces'...
[0.515s] Listing '/home/zzz/work/install/hiwin_interfaces/local/lib/python3.10/dist-packages/hiwin_interfaces/srv'...
[0.519s] -- Up-to-date: /home/zzz/work/install/hiwin_interfaces/lib/libhiwin_interfaces__rosidl_generator_py.so
[0.519s] -- Up-to-date: /home/zzz/work/install/hiwin_interfaces/share/hiwin_interfaces/cmake/export_hiwin_interfaces__rosidl_generator_cExport.cmake
[0.520s] -- Up-to-date: /home/zzz/work/install/hiwin_interfaces/share/hiwin_interfaces/cmake/export_hiwin_interfaces__rosidl_generator_cExport-release.cmake
[0.520s] -- Up-to-date: /home/zzz/work/install/hiwin_interfaces/share/hiwin_interfaces/cmake/export_hiwin_interfaces__rosidl_typesupport_fastrtps_cExport.cmake
[0.520s] -- Up-to-date: /home/zzz/work/install/hiwin_interfaces/share/hiwin_interfaces/cmake/export_hiwin_interfaces__rosidl_typesupport_fastrtps_cExport-release.cmake
[0.520s] -- Up-to-date: /home/zzz/work/install/hiwin_interfaces/share/hiwin_interfaces/cmake/export_hiwin_interfaces__rosidl_generator_cppExport.cmake
[0.520s] -- Up-to-date: /home/zzz/work/install/hiwin_interfaces/share/hiwin_interfaces/cmake/export_hiwin_interfaces__rosidl_typesupport_fastrtps_cppExport.cmake
[0.520s] -- Up-to-date: /home/zzz/work/install/hiwin_interfaces/share/hiwin_interfaces/cmake/export_hiwin_interfaces__rosidl_typesupport_fastrtps_cppExport-release.cmake
[0.520s] -- Up-to-date: /home/zzz/work/install/hiwin_interfaces/share/hiwin_interfaces/cmake/hiwin_interfaces__rosidl_typesupport_introspection_cExport.cmake
[0.520s] -- Up-to-date: /home/zzz/work/install/hiwin_interfaces/share/hiwin_interfaces/cmake/hiwin_interfaces__rosidl_typesupport_introspection_cExport-release.cmake
[0.520s] -- Up-to-date: /home/zzz/work/install/hiwin_interfaces/share/hiwin_interfaces/cmake/hiwin_interfaces__rosidl_typesupport_cExport.cmake
[0.520s] -- Up-to-date: /home/zzz/work/install/hiwin_interfaces/share/hiwin_interfaces/cmake/hiwin_interfaces__rosidl_typesupport_cExport-release.cmake
[0.520s] -- Up-to-date: /home/zzz/work/install/hiwin_interfaces/share/hiwin_interfaces/cmake/hiwin_interfaces__rosidl_typesupport_introspection_cppExport.cmake
[0.520s] -- Up-to-date: /home/zzz/work/install/hiwin_interfaces/share/hiwin_interfaces/cmake/hiwin_interfaces__rosidl_typesupport_introspection_cppExport-release.cmake
[0.521s] -- Up-to-date: /home/zzz/work/install/hiwin_interfaces/share/hiwin_interfaces/cmake/hiwin_interfaces__rosidl_typesupport_cppExport.cmake
[0.521s] -- Up-to-date: /home/zzz/work/install/hiwin_interfaces/share/hiwin_interfaces/cmake/hiwin_interfaces__rosidl_typesupport_cppExport-release.cmake
[0.521s] -- Up-to-date: /home/zzz/work/install/hiwin_interfaces/share/hiwin_interfaces/cmake/export_hiwin_interfaces__rosidl_generator_pyExport.cmake
[0.521s] -- Up-to-date: /home/zzz/work/install/hiwin_interfaces/share/hiwin_interfaces/cmake/export_hiwin_interfaces__rosidl_generator_pyExport-release.cmake
[0.524s] Invoked command in '/home/zzz/work/build/hiwin_interfaces' returned '0': CMAKE_PREFIX_PATH=${CMAKE_PREFIX_PATH}:/home/zzz/work/install/hiwin_example:/home/zzz/work/install/arduino_bridge:/opt/ros/humble /usr/bin/cmake --install /home/zzz/work/build/hiwin_interfaces
