[2.878s] Invoking command in '/home/zzz/work/src/arduino_bridge': PYTHONPATH=/home/zzz/work/build/arduino_bridge/prefix_override:/usr/lib/python3/dist-packages/colcon_core/task/python/colcon_distutils_commands:/home/zzz/work/install/arduino_bridge/lib/python3.10/site-packages:${PYTHONPATH} /usr/bin/python3 -W ignore:setup.py install is deprecated -W ignore:easy_install command is deprecated setup.py egg_info --egg-base ../../build/arduino_bridge build --build-base /home/zzz/work/build/arduino_bridge/build install --record /home/zzz/work/build/arduino_bridge/install.log --install-scripts $base/lib/arduino_bridge --single-version-externally-managed install_data
[3.263s] running egg_info
[3.284s] writing ../../build/arduino_bridge/arduino_bridge.egg-info/PKG-INFO
[3.285s] writing dependency_links to ../../build/arduino_bridge/arduino_bridge.egg-info/dependency_links.txt
[3.285s] writing entry points to ../../build/arduino_bridge/arduino_bridge.egg-info/entry_points.txt
[3.286s] writing requirements to ../../build/arduino_bridge/arduino_bridge.egg-info/requires.txt
[3.286s] writing top-level names to ../../build/arduino_bridge/arduino_bridge.egg-info/top_level.txt
[3.327s] reading manifest file '../../build/arduino_bridge/arduino_bridge.egg-info/SOURCES.txt'
[3.328s] writing manifest file '../../build/arduino_bridge/arduino_bridge.egg-info/SOURCES.txt'
[3.329s] running build
[3.329s] running build_py
[3.329s] copying arduino_bridge/force.py -> /home/zzz/work/build/arduino_bridge/build/lib/arduino_bridge
[3.330s] copying arduino_bridge/__init__.py -> /home/zzz/work/build/arduino_bridge/build/lib/arduino_bridge
[3.332s] warning: build_py: byte-compiling is disabled, skipping.
[3.332s] 
[3.332s] running install
[3.339s] running install_lib
[3.369s] warning: install_lib: byte-compiling is disabled, skipping.
[3.370s] 
[3.371s] running install_data
[3.371s] copying resource/arduino_bridge -> /home/zzz/work/install/arduino_bridge/share/ament_index/resource_index/packages
[3.371s] copying package.xml -> /home/zzz/work/install/arduino_bridge/share/arduino_bridge
[3.371s] running install_egg_info
[3.395s] removing '/home/zzz/work/install/arduino_bridge/lib/python3.10/site-packages/arduino_bridge-0.0.0-py3.10.egg-info' (and everything under it)
[3.396s] Copying ../../build/arduino_bridge/arduino_bridge.egg-info to /home/zzz/work/install/arduino_bridge/lib/python3.10/site-packages/arduino_bridge-0.0.0-py3.10.egg-info
[3.397s] running install_scripts
[3.455s] Installing force_pub script to /home/zzz/work/install/arduino_bridge/lib/arduino_bridge
[3.456s] writing list of installed files to '/home/zzz/work/build/arduino_bridge/install.log'
[3.513s] Invoked command in '/home/zzz/work/src/arduino_bridge' returned '0': PYTHONPATH=/home/zzz/work/build/arduino_bridge/prefix_override:/usr/lib/python3/dist-packages/colcon_core/task/python/colcon_distutils_commands:/home/zzz/work/install/arduino_bridge/lib/python3.10/site-packages:${PYTHONPATH} /usr/bin/python3 -W ignore:setup.py install is deprecated -W ignore:easy_install command is deprecated setup.py egg_info --egg-base ../../build/arduino_bridge build --build-base /home/zzz/work/build/arduino_bridge/build install --record /home/zzz/work/build/arduino_bridge/install.log --install-scripts $base/lib/arduino_bridge --single-version-externally-managed install_data
