[0.038s] Invoking command in '/home/zzz/work/build/realsense2_camera_msgs': CMAKE_PREFIX_PATH=${CMAKE_PREFIX_PATH}:/home/zzz/work/install/yolo:/home/zzz/work/install/realsense2_ros_mqtt_bridge:/home/zzz/work/install/hiwin_example:/home/zzz/work/install/arduino_bridge:/opt/ros/humble /usr/bin/cmake --build /home/zzz/work/build/realsense2_camera_msgs -- -j12 -l12
[0.702s] [  1%] Built target realsense2_camera_msgs__rs
[0.702s] [  1%] Built target realsense2_camera_msgs__cpp
[0.702s] [  1%] Built target ament_cmake_python_symlink_realsense2_camera_msgs
[0.702s] [ 13%] Built target realsense2_camera_msgs__rosidl_generator_c
[0.702s] [ 25%] Built target realsense2_camera_msgs__rosidl_typesupport_cpp
[0.702s] [ 48%] Built target realsense2_camera_msgs__rosidl_typesupport_fastrtps_cpp
[0.702s] [ 49%] Built target realsense2_camera_msgs__rosidl_typesupport_introspection_c
[0.702s] [ 73%] Built target realsense2_camera_msgs__rosidl_typesupport_introspection_cpp
[0.702s] [ 73%] Built target realsense2_camera_msgs__rosidl_typesupport_c
[0.702s] [ 85%] Built target realsense2_camera_msgs__rosidl_typesupport_fastrtps_c
[0.703s] [ 85%] Built target realsense2_camera_msgs
[0.703s] [ 86%] Built target realsense2_camera_msgs__py
[0.703s] [ 97%] Built target realsense2_camera_msgs__rosidl_generator_py
[0.703s] [ 99%] Built target realsense2_camera_msgs__rosidl_typesupport_fastrtps_c__pyext
[0.703s] [ 99%] Built target realsense2_camera_msgs__rosidl_typesupport_introspection_c__pyext
[0.703s] [100%] Built target realsense2_camera_msgs__rosidl_typesupport_c__pyext
[0.703s] running egg_info
[0.703s] writing realsense2_camera_msgs.egg-info/PKG-INFO
[0.703s] writing dependency_links to realsense2_camera_msgs.egg-info/dependency_links.txt
[0.703s] writing top-level names to realsense2_camera_msgs.egg-info/top_level.txt
[0.703s] reading manifest file 'realsense2_camera_msgs.egg-info/SOURCES.txt'
[0.703s] writing manifest file 'realsense2_camera_msgs.egg-info/SOURCES.txt'
[0.703s] [100%] Built target ament_cmake_python_build_realsense2_camera_msgs_egg
[0.899s] Invoked command in '/home/zzz/work/build/realsense2_camera_msgs' returned '0': CMAKE_PREFIX_PATH=${CMAKE_PREFIX_PATH}:/home/zzz/work/install/yolo:/home/zzz/work/install/realsense2_ros_mqtt_bridge:/home/zzz/work/install/hiwin_example:/home/zzz/work/install/arduino_bridge:/opt/ros/humble /usr/bin/cmake --build /home/zzz/work/build/realsense2_camera_msgs -- -j12 -l12
[0.901s] Invoking command in '/home/zzz/work/build/realsense2_camera_msgs': CMAKE_PREFIX_PATH=${CMAKE_PREFIX_PATH}:/home/zzz/work/install/yolo:/home/zzz/work/install/realsense2_ros_mqtt_bridge:/home/zzz/work/install/hiwin_example:/home/zzz/work/install/arduino_bridge:/opt/ros/humble /usr/bin/cmake --install /home/zzz/work/build/realsense2_camera_msgs
[0.910s] -- Install configuration: ""
[0.913s] -- Execute custom install script
[0.913s] -- Up-to-date symlink: /home/zzz/work/install/realsense2_camera_msgs/share/ament_index/resource_index/rosidl_interfaces/realsense2_camera_msgs
[0.914s] -- Up-to-date symlink: /home/zzz/work/install/realsense2_camera_msgs/include/realsense2_camera_msgs/realsense2_camera_msgs/action/detail/triggered_calibration__functions.h
[0.914s] -- Up-to-date symlink: /home/zzz/work/install/realsense2_camera_msgs/include/realsense2_camera_msgs/realsense2_camera_msgs/action/detail/triggered_calibration__struct.h
[0.914s] -- Up-to-date symlink: /home/zzz/work/install/realsense2_camera_msgs/include/realsense2_camera_msgs/realsense2_camera_msgs/action/detail/triggered_calibration__type_support.h
[0.915s] -- Up-to-date symlink: /home/zzz/work/install/realsense2_camera_msgs/include/realsense2_camera_msgs/realsense2_camera_msgs/action/triggered_calibration.h
[0.915s] -- Up-to-date symlink: /home/zzz/work/install/realsense2_camera_msgs/include/realsense2_camera_msgs/realsense2_camera_msgs/msg/detail/extrinsics__functions.h
[0.915s] -- Up-to-date symlink: /home/zzz/work/install/realsense2_camera_msgs/include/realsense2_camera_msgs/realsense2_camera_msgs/msg/detail/extrinsics__struct.h
[0.915s] -- Up-to-date symlink: /home/zzz/work/install/realsense2_camera_msgs/include/realsense2_camera_msgs/realsense2_camera_msgs/msg/detail/extrinsics__type_support.h
[0.915s] -- Up-to-date symlink: /home/zzz/work/install/realsense2_camera_msgs/include/realsense2_camera_msgs/realsense2_camera_msgs/msg/detail/imu_info__functions.h
[0.915s] -- Up-to-date symlink: /home/zzz/work/install/realsense2_camera_msgs/include/realsense2_camera_msgs/realsense2_camera_msgs/msg/detail/imu_info__struct.h
[0.916s] -- Up-to-date symlink: /home/zzz/work/install/realsense2_camera_msgs/include/realsense2_camera_msgs/realsense2_camera_msgs/msg/detail/imu_info__type_support.h
[0.916s] -- Up-to-date symlink: /home/zzz/work/install/realsense2_camera_msgs/include/realsense2_camera_msgs/realsense2_camera_msgs/msg/detail/metadata__functions.h
[0.916s] -- Up-to-date symlink: /home/zzz/work/install/realsense2_camera_msgs/include/realsense2_camera_msgs/realsense2_camera_msgs/msg/detail/metadata__struct.h
[0.916s] -- Up-to-date symlink: /home/zzz/work/install/realsense2_camera_msgs/include/realsense2_camera_msgs/realsense2_camera_msgs/msg/detail/metadata__type_support.h
[0.916s] -- Up-to-date symlink: /home/zzz/work/install/realsense2_camera_msgs/include/realsense2_camera_msgs/realsense2_camera_msgs/msg/detail/rgbd__functions.h
[0.916s] -- Up-to-date symlink: /home/zzz/work/install/realsense2_camera_msgs/include/realsense2_camera_msgs/realsense2_camera_msgs/msg/detail/rgbd__struct.h
[0.916s] -- Up-to-date symlink: /home/zzz/work/install/realsense2_camera_msgs/include/realsense2_camera_msgs/realsense2_camera_msgs/msg/detail/rgbd__type_support.h
[0.916s] -- Up-to-date symlink: /home/zzz/work/install/realsense2_camera_msgs/include/realsense2_camera_msgs/realsense2_camera_msgs/msg/extrinsics.h
[0.917s] -- Up-to-date symlink: /home/zzz/work/install/realsense2_camera_msgs/include/realsense2_camera_msgs/realsense2_camera_msgs/msg/imu_info.h
[0.917s] -- Up-to-date symlink: /home/zzz/work/install/realsense2_camera_msgs/include/realsense2_camera_msgs/realsense2_camera_msgs/msg/metadata.h
[0.917s] -- Up-to-date symlink: /home/zzz/work/install/realsense2_camera_msgs/include/realsense2_camera_msgs/realsense2_camera_msgs/msg/rgbd.h
[0.917s] -- Up-to-date symlink: /home/zzz/work/install/realsense2_camera_msgs/include/realsense2_camera_msgs/realsense2_camera_msgs/msg/rosidl_generator_c__visibility_control.h
[0.919s] -- Up-to-date symlink: /home/zzz/work/install/realsense2_camera_msgs/include/realsense2_camera_msgs/realsense2_camera_msgs/srv/application_config_read.h
[0.919s] -- Up-to-date symlink: /home/zzz/work/install/realsense2_camera_msgs/include/realsense2_camera_msgs/realsense2_camera_msgs/srv/application_config_write.h
[0.919s] -- Up-to-date symlink: /home/zzz/work/install/realsense2_camera_msgs/include/realsense2_camera_msgs/realsense2_camera_msgs/srv/calib_config_read.h
[0.919s] -- Up-to-date symlink: /home/zzz/work/install/realsense2_camera_msgs/include/realsense2_camera_msgs/realsense2_camera_msgs/srv/calib_config_write.h
[0.920s] -- Up-to-date symlink: /home/zzz/work/install/realsense2_camera_msgs/include/realsense2_camera_msgs/realsense2_camera_msgs/srv/detail/application_config_read__functions.h
[0.920s] -- Up-to-date symlink: /home/zzz/work/install/realsense2_camera_msgs/include/realsense2_camera_msgs/realsense2_camera_msgs/srv/detail/application_config_read__struct.h
[0.920s] -- Up-to-date symlink: /home/zzz/work/install/realsense2_camera_msgs/include/realsense2_camera_msgs/realsense2_camera_msgs/srv/detail/application_config_read__type_support.h
[0.920s] -- Up-to-date symlink: /home/zzz/work/install/realsense2_camera_msgs/include/realsense2_camera_msgs/realsense2_camera_msgs/srv/detail/application_config_write__functions.h
[0.920s] -- Up-to-date symlink: /home/zzz/work/install/realsense2_camera_msgs/include/realsense2_camera_msgs/realsense2_camera_msgs/srv/detail/application_config_write__struct.h
[0.920s] -- Up-to-date symlink: /home/zzz/work/install/realsense2_camera_msgs/include/realsense2_camera_msgs/realsense2_camera_msgs/srv/detail/application_config_write__type_support.h
[0.920s] -- Up-to-date symlink: /home/zzz/work/install/realsense2_camera_msgs/include/realsense2_camera_msgs/realsense2_camera_msgs/srv/detail/calib_config_read__functions.h
[0.920s] -- Up-to-date symlink: /home/zzz/work/install/realsense2_camera_msgs/include/realsense2_camera_msgs/realsense2_camera_msgs/srv/detail/calib_config_read__struct.h
[0.920s] -- Up-to-date symlink: /home/zzz/work/install/realsense2_camera_msgs/include/realsense2_camera_msgs/realsense2_camera_msgs/srv/detail/calib_config_read__type_support.h
[0.921s] -- Up-to-date symlink: /home/zzz/work/install/realsense2_camera_msgs/include/realsense2_camera_msgs/realsense2_camera_msgs/srv/detail/calib_config_write__functions.h
[0.921s] -- Up-to-date symlink: /home/zzz/work/install/realsense2_camera_msgs/include/realsense2_camera_msgs/realsense2_camera_msgs/srv/detail/calib_config_write__struct.h
[0.921s] -- Up-to-date symlink: /home/zzz/work/install/realsense2_camera_msgs/include/realsense2_camera_msgs/realsense2_camera_msgs/srv/detail/calib_config_write__type_support.h
[0.921s] -- Up-to-date symlink: /home/zzz/work/install/realsense2_camera_msgs/include/realsense2_camera_msgs/realsense2_camera_msgs/srv/detail/device_info__functions.h
[0.922s] -- Up-to-date symlink: /home/zzz/work/install/realsense2_camera_msgs/include/realsense2_camera_msgs/realsense2_camera_msgs/srv/detail/device_info__struct.h
[0.922s] -- Up-to-date symlink: /home/zzz/work/install/realsense2_camera_msgs/include/realsense2_camera_msgs/realsense2_camera_msgs/srv/detail/device_info__type_support.h
[0.922s] -- Up-to-date symlink: /home/zzz/work/install/realsense2_camera_msgs/include/realsense2_camera_msgs/realsense2_camera_msgs/srv/detail/hardware_monitor_command_send__functions.h
[0.922s] -- Up-to-date symlink: /home/zzz/work/install/realsense2_camera_msgs/include/realsense2_camera_msgs/realsense2_camera_msgs/srv/detail/hardware_monitor_command_send__struct.h
[0.922s] -- Up-to-date symlink: /home/zzz/work/install/realsense2_camera_msgs/include/realsense2_camera_msgs/realsense2_camera_msgs/srv/detail/hardware_monitor_command_send__type_support.h
[0.922s] -- Up-to-date symlink: /home/zzz/work/install/realsense2_camera_msgs/include/realsense2_camera_msgs/realsense2_camera_msgs/srv/detail/safety_interface_config_read__functions.h
[0.922s] -- Up-to-date symlink: /home/zzz/work/install/realsense2_camera_msgs/include/realsense2_camera_msgs/realsense2_camera_msgs/srv/detail/safety_interface_config_read__struct.h
[0.922s] -- Up-to-date symlink: /home/zzz/work/install/realsense2_camera_msgs/include/realsense2_camera_msgs/realsense2_camera_msgs/srv/detail/safety_interface_config_read__type_support.h
[0.922s] -- Up-to-date symlink: /home/zzz/work/install/realsense2_camera_msgs/include/realsense2_camera_msgs/realsense2_camera_msgs/srv/detail/safety_interface_config_write__functions.h
[0.923s] -- Up-to-date symlink: /home/zzz/work/install/realsense2_camera_msgs/include/realsense2_camera_msgs/realsense2_camera_msgs/srv/detail/safety_interface_config_write__struct.h
[0.923s] -- Up-to-date symlink: /home/zzz/work/install/realsense2_camera_msgs/include/realsense2_camera_msgs/realsense2_camera_msgs/srv/detail/safety_interface_config_write__type_support.h
[0.923s] -- Up-to-date symlink: /home/zzz/work/install/realsense2_camera_msgs/include/realsense2_camera_msgs/realsense2_camera_msgs/srv/detail/safety_preset_read__functions.h
[0.923s] -- Up-to-date symlink: /home/zzz/work/install/realsense2_camera_msgs/include/realsense2_camera_msgs/realsense2_camera_msgs/srv/detail/safety_preset_read__struct.h
[0.923s] -- Up-to-date symlink: /home/zzz/work/install/realsense2_camera_msgs/include/realsense2_camera_msgs/realsense2_camera_msgs/srv/detail/safety_preset_read__type_support.h
[0.923s] -- Up-to-date symlink: /home/zzz/work/install/realsense2_camera_msgs/include/realsense2_camera_msgs/realsense2_camera_msgs/srv/detail/safety_preset_write__functions.h
[0.923s] -- Up-to-date symlink: /home/zzz/work/install/realsense2_camera_msgs/include/realsense2_camera_msgs/realsense2_camera_msgs/srv/detail/safety_preset_write__struct.h
[0.925s] -- Up-to-date symlink: /home/zzz/work/install/realsense2_camera_msgs/include/realsense2_camera_msgs/realsense2_camera_msgs/srv/detail/safety_preset_write__type_support.h
[0.925s] -- Up-to-date symlink: /home/zzz/work/install/realsense2_camera_msgs/include/realsense2_camera_msgs/realsense2_camera_msgs/srv/device_info.h
[0.926s] -- Up-to-date symlink: /home/zzz/work/install/realsense2_camera_msgs/include/realsense2_camera_msgs/realsense2_camera_msgs/srv/hardware_monitor_command_send.h
[0.926s] -- Up-to-date symlink: /home/zzz/work/install/realsense2_camera_msgs/include/realsense2_camera_msgs/realsense2_camera_msgs/srv/safety_interface_config_read.h
[0.926s] -- Up-to-date symlink: /home/zzz/work/install/realsense2_camera_msgs/include/realsense2_camera_msgs/realsense2_camera_msgs/srv/safety_interface_config_write.h
[0.926s] -- Up-to-date symlink: /home/zzz/work/install/realsense2_camera_msgs/include/realsense2_camera_msgs/realsense2_camera_msgs/srv/safety_preset_read.h
[0.926s] -- Up-to-date symlink: /home/zzz/work/install/realsense2_camera_msgs/include/realsense2_camera_msgs/realsense2_camera_msgs/srv/safety_preset_write.h
[0.926s] -- Up-to-date symlink: /home/zzz/work/install/realsense2_camera_msgs/share/realsense2_camera_msgs/environment/library_path.sh
[0.926s] -- Up-to-date symlink: /home/zzz/work/install/realsense2_camera_msgs/share/realsense2_camera_msgs/environment/library_path.dsv
[0.926s] -- Up-to-date symlink: /home/zzz/work/install/realsense2_camera_msgs/include/realsense2_camera_msgs/realsense2_camera_msgs/action/detail/triggered_calibration__rosidl_typesupport_fastrtps_c.h
[0.927s] -- Up-to-date symlink: /home/zzz/work/install/realsense2_camera_msgs/include/realsense2_camera_msgs/realsense2_camera_msgs/msg/detail/extrinsics__rosidl_typesupport_fastrtps_c.h
[0.927s] -- Up-to-date symlink: /home/zzz/work/install/realsense2_camera_msgs/include/realsense2_camera_msgs/realsense2_camera_msgs/msg/detail/imu_info__rosidl_typesupport_fastrtps_c.h
[0.927s] -- Up-to-date symlink: /home/zzz/work/install/realsense2_camera_msgs/include/realsense2_camera_msgs/realsense2_camera_msgs/msg/detail/metadata__rosidl_typesupport_fastrtps_c.h
[0.927s] -- Up-to-date symlink: /home/zzz/work/install/realsense2_camera_msgs/include/realsense2_camera_msgs/realsense2_camera_msgs/msg/detail/rgbd__rosidl_typesupport_fastrtps_c.h
[0.927s] -- Up-to-date symlink: /home/zzz/work/install/realsense2_camera_msgs/include/realsense2_camera_msgs/realsense2_camera_msgs/msg/rosidl_typesupport_fastrtps_c__visibility_control.h
[0.928s] -- Up-to-date symlink: /home/zzz/work/install/realsense2_camera_msgs/include/realsense2_camera_msgs/realsense2_camera_msgs/srv/detail/application_config_read__rosidl_typesupport_fastrtps_c.h
[0.928s] -- Up-to-date symlink: /home/zzz/work/install/realsense2_camera_msgs/include/realsense2_camera_msgs/realsense2_camera_msgs/srv/detail/application_config_write__rosidl_typesupport_fastrtps_c.h
[0.928s] -- Up-to-date symlink: /home/zzz/work/install/realsense2_camera_msgs/include/realsense2_camera_msgs/realsense2_camera_msgs/srv/detail/calib_config_read__rosidl_typesupport_fastrtps_c.h
[0.928s] -- Up-to-date symlink: /home/zzz/work/install/realsense2_camera_msgs/include/realsense2_camera_msgs/realsense2_camera_msgs/srv/detail/calib_config_write__rosidl_typesupport_fastrtps_c.h
[0.928s] -- Up-to-date symlink: /home/zzz/work/install/realsense2_camera_msgs/include/realsense2_camera_msgs/realsense2_camera_msgs/srv/detail/device_info__rosidl_typesupport_fastrtps_c.h
[0.928s] -- Up-to-date symlink: /home/zzz/work/install/realsense2_camera_msgs/include/realsense2_camera_msgs/realsense2_camera_msgs/srv/detail/hardware_monitor_command_send__rosidl_typesupport_fastrtps_c.h
[0.928s] -- Up-to-date symlink: /home/zzz/work/install/realsense2_camera_msgs/include/realsense2_camera_msgs/realsense2_camera_msgs/srv/detail/safety_interface_config_read__rosidl_typesupport_fastrtps_c.h
[0.929s] -- Up-to-date symlink: /home/zzz/work/install/realsense2_camera_msgs/include/realsense2_camera_msgs/realsense2_camera_msgs/srv/detail/safety_interface_config_write__rosidl_typesupport_fastrtps_c.h
[0.929s] -- Up-to-date symlink: /home/zzz/work/install/realsense2_camera_msgs/include/realsense2_camera_msgs/realsense2_camera_msgs/srv/detail/safety_preset_read__rosidl_typesupport_fastrtps_c.h
[0.929s] -- Up-to-date symlink: /home/zzz/work/install/realsense2_camera_msgs/include/realsense2_camera_msgs/realsense2_camera_msgs/srv/detail/safety_preset_write__rosidl_typesupport_fastrtps_c.h
[0.930s] -- Up-to-date symlink: /home/zzz/work/install/realsense2_camera_msgs/include/realsense2_camera_msgs/realsense2_camera_msgs/action/detail/triggered_calibration__rosidl_typesupport_introspection_c.h
[0.930s] -- Up-to-date symlink: /home/zzz/work/install/realsense2_camera_msgs/include/realsense2_camera_msgs/realsense2_camera_msgs/msg/detail/extrinsics__rosidl_typesupport_introspection_c.h
[0.930s] -- Up-to-date symlink: /home/zzz/work/install/realsense2_camera_msgs/include/realsense2_camera_msgs/realsense2_camera_msgs/msg/detail/imu_info__rosidl_typesupport_introspection_c.h
[0.930s] -- Up-to-date symlink: /home/zzz/work/install/realsense2_camera_msgs/include/realsense2_camera_msgs/realsense2_camera_msgs/msg/detail/metadata__rosidl_typesupport_introspection_c.h
[0.930s] -- Up-to-date symlink: /home/zzz/work/install/realsense2_camera_msgs/include/realsense2_camera_msgs/realsense2_camera_msgs/msg/detail/rgbd__rosidl_typesupport_introspection_c.h
[0.931s] -- Up-to-date symlink: /home/zzz/work/install/realsense2_camera_msgs/include/realsense2_camera_msgs/realsense2_camera_msgs/msg/rosidl_typesupport_introspection_c__visibility_control.h
[0.931s] -- Up-to-date symlink: /home/zzz/work/install/realsense2_camera_msgs/include/realsense2_camera_msgs/realsense2_camera_msgs/srv/detail/application_config_read__rosidl_typesupport_introspection_c.h
[0.931s] -- Up-to-date symlink: /home/zzz/work/install/realsense2_camera_msgs/include/realsense2_camera_msgs/realsense2_camera_msgs/srv/detail/application_config_write__rosidl_typesupport_introspection_c.h
[0.931s] -- Up-to-date symlink: /home/zzz/work/install/realsense2_camera_msgs/include/realsense2_camera_msgs/realsense2_camera_msgs/srv/detail/calib_config_read__rosidl_typesupport_introspection_c.h
[0.931s] -- Up-to-date symlink: /home/zzz/work/install/realsense2_camera_msgs/include/realsense2_camera_msgs/realsense2_camera_msgs/srv/detail/calib_config_write__rosidl_typesupport_introspection_c.h
[0.932s] -- Up-to-date symlink: /home/zzz/work/install/realsense2_camera_msgs/include/realsense2_camera_msgs/realsense2_camera_msgs/srv/detail/device_info__rosidl_typesupport_introspection_c.h
[0.932s] -- Up-to-date symlink: /home/zzz/work/install/realsense2_camera_msgs/include/realsense2_camera_msgs/realsense2_camera_msgs/srv/detail/hardware_monitor_command_send__rosidl_typesupport_introspection_c.h
[0.932s] -- Up-to-date symlink: /home/zzz/work/install/realsense2_camera_msgs/include/realsense2_camera_msgs/realsense2_camera_msgs/srv/detail/safety_interface_config_read__rosidl_typesupport_introspection_c.h
[0.932s] -- Up-to-date symlink: /home/zzz/work/install/realsense2_camera_msgs/include/realsense2_camera_msgs/realsense2_camera_msgs/srv/detail/safety_interface_config_write__rosidl_typesupport_introspection_c.h
[0.932s] -- Up-to-date symlink: /home/zzz/work/install/realsense2_camera_msgs/include/realsense2_camera_msgs/realsense2_camera_msgs/srv/detail/safety_preset_read__rosidl_typesupport_introspection_c.h
[0.933s] -- Up-to-date symlink: /home/zzz/work/install/realsense2_camera_msgs/include/realsense2_camera_msgs/realsense2_camera_msgs/srv/detail/safety_preset_write__rosidl_typesupport_introspection_c.h
[0.934s] -- Up-to-date symlink: /home/zzz/work/install/realsense2_camera_msgs/include/realsense2_camera_msgs/realsense2_camera_msgs/action/detail/triggered_calibration__builder.hpp
[0.934s] -- Up-to-date symlink: /home/zzz/work/install/realsense2_camera_msgs/include/realsense2_camera_msgs/realsense2_camera_msgs/action/detail/triggered_calibration__struct.hpp
[0.934s] -- Up-to-date symlink: /home/zzz/work/install/realsense2_camera_msgs/include/realsense2_camera_msgs/realsense2_camera_msgs/action/detail/triggered_calibration__traits.hpp
[0.934s] -- Up-to-date symlink: /home/zzz/work/install/realsense2_camera_msgs/include/realsense2_camera_msgs/realsense2_camera_msgs/action/detail/triggered_calibration__type_support.hpp
[0.934s] -- Up-to-date symlink: /home/zzz/work/install/realsense2_camera_msgs/include/realsense2_camera_msgs/realsense2_camera_msgs/action/triggered_calibration.hpp
[0.934s] -- Up-to-date symlink: /home/zzz/work/install/realsense2_camera_msgs/include/realsense2_camera_msgs/realsense2_camera_msgs/msg/detail/extrinsics__builder.hpp
[0.935s] -- Up-to-date symlink: /home/zzz/work/install/realsense2_camera_msgs/include/realsense2_camera_msgs/realsense2_camera_msgs/msg/detail/extrinsics__struct.hpp
[0.935s] -- Up-to-date symlink: /home/zzz/work/install/realsense2_camera_msgs/include/realsense2_camera_msgs/realsense2_camera_msgs/msg/detail/extrinsics__traits.hpp
[0.935s] -- Up-to-date symlink: /home/zzz/work/install/realsense2_camera_msgs/include/realsense2_camera_msgs/realsense2_camera_msgs/msg/detail/extrinsics__type_support.hpp
[0.935s] -- Up-to-date symlink: /home/zzz/work/install/realsense2_camera_msgs/include/realsense2_camera_msgs/realsense2_camera_msgs/msg/detail/imu_info__builder.hpp
[0.935s] -- Up-to-date symlink: /home/zzz/work/install/realsense2_camera_msgs/include/realsense2_camera_msgs/realsense2_camera_msgs/msg/detail/imu_info__struct.hpp
[0.935s] -- Up-to-date symlink: /home/zzz/work/install/realsense2_camera_msgs/include/realsense2_camera_msgs/realsense2_camera_msgs/msg/detail/imu_info__traits.hpp
[0.936s] -- Up-to-date symlink: /home/zzz/work/install/realsense2_camera_msgs/include/realsense2_camera_msgs/realsense2_camera_msgs/msg/detail/imu_info__type_support.hpp
[0.936s] -- Up-to-date symlink: /home/zzz/work/install/realsense2_camera_msgs/include/realsense2_camera_msgs/realsense2_camera_msgs/msg/detail/metadata__builder.hpp
[0.936s] -- Up-to-date symlink: /home/zzz/work/install/realsense2_camera_msgs/include/realsense2_camera_msgs/realsense2_camera_msgs/msg/detail/metadata__struct.hpp
[0.936s] -- Up-to-date symlink: /home/zzz/work/install/realsense2_camera_msgs/include/realsense2_camera_msgs/realsense2_camera_msgs/msg/detail/metadata__traits.hpp
[0.936s] -- Up-to-date symlink: /home/zzz/work/install/realsense2_camera_msgs/include/realsense2_camera_msgs/realsense2_camera_msgs/msg/detail/metadata__type_support.hpp
[0.937s] -- Up-to-date symlink: /home/zzz/work/install/realsense2_camera_msgs/include/realsense2_camera_msgs/realsense2_camera_msgs/msg/detail/rgbd__builder.hpp
[0.937s] -- Up-to-date symlink: /home/zzz/work/install/realsense2_camera_msgs/include/realsense2_camera_msgs/realsense2_camera_msgs/msg/detail/rgbd__struct.hpp
[0.937s] -- Up-to-date symlink: /home/zzz/work/install/realsense2_camera_msgs/include/realsense2_camera_msgs/realsense2_camera_msgs/msg/detail/rgbd__traits.hpp
[0.937s] -- Up-to-date symlink: /home/zzz/work/install/realsense2_camera_msgs/include/realsense2_camera_msgs/realsense2_camera_msgs/msg/detail/rgbd__type_support.hpp
[0.937s] -- Up-to-date symlink: /home/zzz/work/install/realsense2_camera_msgs/include/realsense2_camera_msgs/realsense2_camera_msgs/msg/extrinsics.hpp
[0.938s] -- Up-to-date symlink: /home/zzz/work/install/realsense2_camera_msgs/include/realsense2_camera_msgs/realsense2_camera_msgs/msg/imu_info.hpp
[0.940s] -- Up-to-date symlink: /home/zzz/work/install/realsense2_camera_msgs/include/realsense2_camera_msgs/realsense2_camera_msgs/msg/metadata.hpp
[0.940s] -- Up-to-date symlink: /home/zzz/work/install/realsense2_camera_msgs/include/realsense2_camera_msgs/realsense2_camera_msgs/msg/rgbd.hpp
[0.940s] -- Up-to-date symlink: /home/zzz/work/install/realsense2_camera_msgs/include/realsense2_camera_msgs/realsense2_camera_msgs/msg/rosidl_generator_cpp__visibility_control.hpp
[0.940s] -- Up-to-date symlink: /home/zzz/work/install/realsense2_camera_msgs/include/realsense2_camera_msgs/realsense2_camera_msgs/srv/application_config_read.hpp
[0.940s] -- Up-to-date symlink: /home/zzz/work/install/realsense2_camera_msgs/include/realsense2_camera_msgs/realsense2_camera_msgs/srv/application_config_write.hpp
[0.940s] -- Up-to-date symlink: /home/zzz/work/install/realsense2_camera_msgs/include/realsense2_camera_msgs/realsense2_camera_msgs/srv/calib_config_read.hpp
[0.940s] -- Up-to-date symlink: /home/zzz/work/install/realsense2_camera_msgs/include/realsense2_camera_msgs/realsense2_camera_msgs/srv/calib_config_write.hpp
[0.941s] -- Up-to-date symlink: /home/zzz/work/install/realsense2_camera_msgs/include/realsense2_camera_msgs/realsense2_camera_msgs/srv/detail/application_config_read__builder.hpp
[0.941s] -- Up-to-date symlink: /home/zzz/work/install/realsense2_camera_msgs/include/realsense2_camera_msgs/realsense2_camera_msgs/srv/detail/application_config_read__struct.hpp
[0.941s] -- Up-to-date symlink: /home/zzz/work/install/realsense2_camera_msgs/include/realsense2_camera_msgs/realsense2_camera_msgs/srv/detail/application_config_read__traits.hpp
[0.941s] -- Up-to-date symlink: /home/zzz/work/install/realsense2_camera_msgs/include/realsense2_camera_msgs/realsense2_camera_msgs/srv/detail/application_config_read__type_support.hpp
[0.941s] -- Up-to-date symlink: /home/zzz/work/install/realsense2_camera_msgs/include/realsense2_camera_msgs/realsense2_camera_msgs/srv/detail/application_config_write__builder.hpp
[0.941s] -- Up-to-date symlink: /home/zzz/work/install/realsense2_camera_msgs/include/realsense2_camera_msgs/realsense2_camera_msgs/srv/detail/application_config_write__struct.hpp
[0.941s] -- Up-to-date symlink: /home/zzz/work/install/realsense2_camera_msgs/include/realsense2_camera_msgs/realsense2_camera_msgs/srv/detail/application_config_write__traits.hpp
[0.941s] -- Up-to-date symlink: /home/zzz/work/install/realsense2_camera_msgs/include/realsense2_camera_msgs/realsense2_camera_msgs/srv/detail/application_config_write__type_support.hpp
[0.941s] -- Up-to-date symlink: /home/zzz/work/install/realsense2_camera_msgs/include/realsense2_camera_msgs/realsense2_camera_msgs/srv/detail/calib_config_read__builder.hpp
[0.941s] -- Up-to-date symlink: /home/zzz/work/install/realsense2_camera_msgs/include/realsense2_camera_msgs/realsense2_camera_msgs/srv/detail/calib_config_read__struct.hpp
[0.941s] -- Up-to-date symlink: /home/zzz/work/install/realsense2_camera_msgs/include/realsense2_camera_msgs/realsense2_camera_msgs/srv/detail/calib_config_read__traits.hpp
[0.941s] -- Up-to-date symlink: /home/zzz/work/install/realsense2_camera_msgs/include/realsense2_camera_msgs/realsense2_camera_msgs/srv/detail/calib_config_read__type_support.hpp
[0.941s] -- Up-to-date symlink: /home/zzz/work/install/realsense2_camera_msgs/include/realsense2_camera_msgs/realsense2_camera_msgs/srv/detail/calib_config_write__builder.hpp
[0.942s] -- Up-to-date symlink: /home/zzz/work/install/realsense2_camera_msgs/include/realsense2_camera_msgs/realsense2_camera_msgs/srv/detail/calib_config_write__struct.hpp
[0.942s] -- Up-to-date symlink: /home/zzz/work/install/realsense2_camera_msgs/include/realsense2_camera_msgs/realsense2_camera_msgs/srv/detail/calib_config_write__traits.hpp
[0.942s] -- Up-to-date symlink: /home/zzz/work/install/realsense2_camera_msgs/include/realsense2_camera_msgs/realsense2_camera_msgs/srv/detail/calib_config_write__type_support.hpp
[0.942s] -- Up-to-date symlink: /home/zzz/work/install/realsense2_camera_msgs/include/realsense2_camera_msgs/realsense2_camera_msgs/srv/detail/device_info__builder.hpp
[0.942s] -- Up-to-date symlink: /home/zzz/work/install/realsense2_camera_msgs/include/realsense2_camera_msgs/realsense2_camera_msgs/srv/detail/device_info__struct.hpp
[0.943s] -- Up-to-date symlink: /home/zzz/work/install/realsense2_camera_msgs/include/realsense2_camera_msgs/realsense2_camera_msgs/srv/detail/device_info__traits.hpp
[0.943s] -- Up-to-date symlink: /home/zzz/work/install/realsense2_camera_msgs/include/realsense2_camera_msgs/realsense2_camera_msgs/srv/detail/device_info__type_support.hpp
[0.943s] -- Up-to-date symlink: /home/zzz/work/install/realsense2_camera_msgs/include/realsense2_camera_msgs/realsense2_camera_msgs/srv/detail/hardware_monitor_command_send__builder.hpp
[0.943s] -- Up-to-date symlink: /home/zzz/work/install/realsense2_camera_msgs/include/realsense2_camera_msgs/realsense2_camera_msgs/srv/detail/hardware_monitor_command_send__struct.hpp
[0.943s] -- Up-to-date symlink: /home/zzz/work/install/realsense2_camera_msgs/include/realsense2_camera_msgs/realsense2_camera_msgs/srv/detail/hardware_monitor_command_send__traits.hpp
[0.943s] -- Up-to-date symlink: /home/zzz/work/install/realsense2_camera_msgs/include/realsense2_camera_msgs/realsense2_camera_msgs/srv/detail/hardware_monitor_command_send__type_support.hpp
[0.946s] -- Up-to-date symlink: /home/zzz/work/install/realsense2_camera_msgs/include/realsense2_camera_msgs/realsense2_camera_msgs/srv/detail/safety_interface_config_read__builder.hpp
[0.946s] -- Up-to-date symlink: /home/zzz/work/install/realsense2_camera_msgs/include/realsense2_camera_msgs/realsense2_camera_msgs/srv/detail/safety_interface_config_read__struct.hpp
[0.946s] -- Up-to-date symlink: /home/zzz/work/install/realsense2_camera_msgs/include/realsense2_camera_msgs/realsense2_camera_msgs/srv/detail/safety_interface_config_read__traits.hpp
[0.946s] -- Up-to-date symlink: /home/zzz/work/install/realsense2_camera_msgs/include/realsense2_camera_msgs/realsense2_camera_msgs/srv/detail/safety_interface_config_read__type_support.hpp
[0.946s] -- Up-to-date symlink: /home/zzz/work/install/realsense2_camera_msgs/include/realsense2_camera_msgs/realsense2_camera_msgs/srv/detail/safety_interface_config_write__builder.hpp
[0.946s] -- Up-to-date symlink: /home/zzz/work/install/realsense2_camera_msgs/include/realsense2_camera_msgs/realsense2_camera_msgs/srv/detail/safety_interface_config_write__struct.hpp
[0.946s] -- Up-to-date symlink: /home/zzz/work/install/realsense2_camera_msgs/include/realsense2_camera_msgs/realsense2_camera_msgs/srv/detail/safety_interface_config_write__traits.hpp
[0.946s] -- Up-to-date symlink: /home/zzz/work/install/realsense2_camera_msgs/include/realsense2_camera_msgs/realsense2_camera_msgs/srv/detail/safety_interface_config_write__type_support.hpp
[0.946s] -- Up-to-date symlink: /home/zzz/work/install/realsense2_camera_msgs/include/realsense2_camera_msgs/realsense2_camera_msgs/srv/detail/safety_preset_read__builder.hpp
[0.947s] -- Up-to-date symlink: /home/zzz/work/install/realsense2_camera_msgs/include/realsense2_camera_msgs/realsense2_camera_msgs/srv/detail/safety_preset_read__struct.hpp
[0.947s] -- Up-to-date symlink: /home/zzz/work/install/realsense2_camera_msgs/include/realsense2_camera_msgs/realsense2_camera_msgs/srv/detail/safety_preset_read__traits.hpp
[0.947s] -- Up-to-date symlink: /home/zzz/work/install/realsense2_camera_msgs/include/realsense2_camera_msgs/realsense2_camera_msgs/srv/detail/safety_preset_read__type_support.hpp
[0.947s] -- Up-to-date symlink: /home/zzz/work/install/realsense2_camera_msgs/include/realsense2_camera_msgs/realsense2_camera_msgs/srv/detail/safety_preset_write__builder.hpp
[0.947s] -- Up-to-date symlink: /home/zzz/work/install/realsense2_camera_msgs/include/realsense2_camera_msgs/realsense2_camera_msgs/srv/detail/safety_preset_write__struct.hpp
[0.947s] -- Up-to-date symlink: /home/zzz/work/install/realsense2_camera_msgs/include/realsense2_camera_msgs/realsense2_camera_msgs/srv/detail/safety_preset_write__traits.hpp
[0.947s] -- Up-to-date symlink: /home/zzz/work/install/realsense2_camera_msgs/include/realsense2_camera_msgs/realsense2_camera_msgs/srv/detail/safety_preset_write__type_support.hpp
[0.947s] -- Up-to-date symlink: /home/zzz/work/install/realsense2_camera_msgs/include/realsense2_camera_msgs/realsense2_camera_msgs/srv/device_info.hpp
[0.947s] -- Up-to-date symlink: /home/zzz/work/install/realsense2_camera_msgs/include/realsense2_camera_msgs/realsense2_camera_msgs/srv/hardware_monitor_command_send.hpp
[0.948s] -- Up-to-date symlink: /home/zzz/work/install/realsense2_camera_msgs/include/realsense2_camera_msgs/realsense2_camera_msgs/srv/safety_interface_config_read.hpp
[0.948s] -- Up-to-date symlink: /home/zzz/work/install/realsense2_camera_msgs/include/realsense2_camera_msgs/realsense2_camera_msgs/srv/safety_interface_config_write.hpp
[0.948s] -- Up-to-date symlink: /home/zzz/work/install/realsense2_camera_msgs/include/realsense2_camera_msgs/realsense2_camera_msgs/srv/safety_preset_read.hpp
[0.948s] -- Up-to-date symlink: /home/zzz/work/install/realsense2_camera_msgs/include/realsense2_camera_msgs/realsense2_camera_msgs/srv/safety_preset_write.hpp
[0.949s] -- Up-to-date symlink: /home/zzz/work/install/realsense2_camera_msgs/include/realsense2_camera_msgs/realsense2_camera_msgs/action/detail/triggered_calibration__rosidl_typesupport_fastrtps_cpp.hpp
[0.949s] -- Up-to-date symlink: /home/zzz/work/install/realsense2_camera_msgs/include/realsense2_camera_msgs/realsense2_camera_msgs/msg/detail/extrinsics__rosidl_typesupport_fastrtps_cpp.hpp
[0.949s] -- Up-to-date symlink: /home/zzz/work/install/realsense2_camera_msgs/include/realsense2_camera_msgs/realsense2_camera_msgs/msg/detail/imu_info__rosidl_typesupport_fastrtps_cpp.hpp
[0.950s] -- Up-to-date symlink: /home/zzz/work/install/realsense2_camera_msgs/include/realsense2_camera_msgs/realsense2_camera_msgs/msg/detail/metadata__rosidl_typesupport_fastrtps_cpp.hpp
[0.950s] -- Up-to-date symlink: /home/zzz/work/install/realsense2_camera_msgs/include/realsense2_camera_msgs/realsense2_camera_msgs/msg/detail/rgbd__rosidl_typesupport_fastrtps_cpp.hpp
[0.950s] -- Up-to-date symlink: /home/zzz/work/install/realsense2_camera_msgs/include/realsense2_camera_msgs/realsense2_camera_msgs/msg/rosidl_typesupport_fastrtps_cpp__visibility_control.h
[0.950s] -- Up-to-date symlink: /home/zzz/work/install/realsense2_camera_msgs/include/realsense2_camera_msgs/realsense2_camera_msgs/srv/detail/application_config_read__rosidl_typesupport_fastrtps_cpp.hpp
[0.950s] -- Up-to-date symlink: /home/zzz/work/install/realsense2_camera_msgs/include/realsense2_camera_msgs/realsense2_camera_msgs/srv/detail/application_config_write__rosidl_typesupport_fastrtps_cpp.hpp
[0.951s] -- Up-to-date symlink: /home/zzz/work/install/realsense2_camera_msgs/include/realsense2_camera_msgs/realsense2_camera_msgs/srv/detail/calib_config_read__rosidl_typesupport_fastrtps_cpp.hpp
[0.951s] -- Up-to-date symlink: /home/zzz/work/install/realsense2_camera_msgs/include/realsense2_camera_msgs/realsense2_camera_msgs/srv/detail/calib_config_write__rosidl_typesupport_fastrtps_cpp.hpp
[0.951s] -- Up-to-date symlink: /home/zzz/work/install/realsense2_camera_msgs/include/realsense2_camera_msgs/realsense2_camera_msgs/srv/detail/device_info__rosidl_typesupport_fastrtps_cpp.hpp
[0.951s] -- Up-to-date symlink: /home/zzz/work/install/realsense2_camera_msgs/include/realsense2_camera_msgs/realsense2_camera_msgs/srv/detail/hardware_monitor_command_send__rosidl_typesupport_fastrtps_cpp.hpp
[0.951s] -- Up-to-date symlink: /home/zzz/work/install/realsense2_camera_msgs/include/realsense2_camera_msgs/realsense2_camera_msgs/srv/detail/safety_interface_config_read__rosidl_typesupport_fastrtps_cpp.hpp
[0.952s] -- Up-to-date symlink: /home/zzz/work/install/realsense2_camera_msgs/include/realsense2_camera_msgs/realsense2_camera_msgs/srv/detail/safety_interface_config_write__rosidl_typesupport_fastrtps_cpp.hpp
[0.952s] -- Up-to-date symlink: /home/zzz/work/install/realsense2_camera_msgs/include/realsense2_camera_msgs/realsense2_camera_msgs/srv/detail/safety_preset_read__rosidl_typesupport_fastrtps_cpp.hpp
[0.952s] -- Up-to-date symlink: /home/zzz/work/install/realsense2_camera_msgs/include/realsense2_camera_msgs/realsense2_camera_msgs/srv/detail/safety_preset_write__rosidl_typesupport_fastrtps_cpp.hpp
[0.953s] -- Up-to-date symlink: /home/zzz/work/install/realsense2_camera_msgs/include/realsense2_camera_msgs/realsense2_camera_msgs/action/detail/triggered_calibration__rosidl_typesupport_introspection_cpp.hpp
[0.954s] -- Up-to-date symlink: /home/zzz/work/install/realsense2_camera_msgs/include/realsense2_camera_msgs/realsense2_camera_msgs/msg/detail/extrinsics__rosidl_typesupport_introspection_cpp.hpp
[0.954s] -- Up-to-date symlink: /home/zzz/work/install/realsense2_camera_msgs/include/realsense2_camera_msgs/realsense2_camera_msgs/msg/detail/imu_info__rosidl_typesupport_introspection_cpp.hpp
[0.954s] -- Up-to-date symlink: /home/zzz/work/install/realsense2_camera_msgs/include/realsense2_camera_msgs/realsense2_camera_msgs/msg/detail/metadata__rosidl_typesupport_introspection_cpp.hpp
[0.954s] -- Up-to-date symlink: /home/zzz/work/install/realsense2_camera_msgs/include/realsense2_camera_msgs/realsense2_camera_msgs/msg/detail/rgbd__rosidl_typesupport_introspection_cpp.hpp
[0.954s] -- Up-to-date symlink: /home/zzz/work/install/realsense2_camera_msgs/include/realsense2_camera_msgs/realsense2_camera_msgs/srv/detail/application_config_read__rosidl_typesupport_introspection_cpp.hpp
[0.955s] -- Up-to-date symlink: /home/zzz/work/install/realsense2_camera_msgs/include/realsense2_camera_msgs/realsense2_camera_msgs/srv/detail/application_config_write__rosidl_typesupport_introspection_cpp.hpp
[0.955s] -- Up-to-date symlink: /home/zzz/work/install/realsense2_camera_msgs/include/realsense2_camera_msgs/realsense2_camera_msgs/srv/detail/calib_config_read__rosidl_typesupport_introspection_cpp.hpp
[0.955s] -- Up-to-date symlink: /home/zzz/work/install/realsense2_camera_msgs/include/realsense2_camera_msgs/realsense2_camera_msgs/srv/detail/calib_config_write__rosidl_typesupport_introspection_cpp.hpp
[0.955s] -- Up-to-date symlink: /home/zzz/work/install/realsense2_camera_msgs/include/realsense2_camera_msgs/realsense2_camera_msgs/srv/detail/device_info__rosidl_typesupport_introspection_cpp.hpp
[0.955s] -- Up-to-date symlink: /home/zzz/work/install/realsense2_camera_msgs/include/realsense2_camera_msgs/realsense2_camera_msgs/srv/detail/hardware_monitor_command_send__rosidl_typesupport_introspection_cpp.hpp
[0.955s] -- Up-to-date symlink: /home/zzz/work/install/realsense2_camera_msgs/include/realsense2_camera_msgs/realsense2_camera_msgs/srv/detail/safety_interface_config_read__rosidl_typesupport_introspection_cpp.hpp
[0.955s] -- Up-to-date symlink: /home/zzz/work/install/realsense2_camera_msgs/include/realsense2_camera_msgs/realsense2_camera_msgs/srv/detail/safety_interface_config_write__rosidl_typesupport_introspection_cpp.hpp
[0.955s] -- Up-to-date symlink: /home/zzz/work/install/realsense2_camera_msgs/include/realsense2_camera_msgs/realsense2_camera_msgs/srv/detail/safety_preset_read__rosidl_typesupport_introspection_cpp.hpp
[0.956s] -- Up-to-date symlink: /home/zzz/work/install/realsense2_camera_msgs/include/realsense2_camera_msgs/realsense2_camera_msgs/srv/detail/safety_preset_write__rosidl_typesupport_introspection_cpp.hpp
[0.956s] -- Up-to-date symlink: /home/zzz/work/install/realsense2_camera_msgs/share/realsense2_camera_msgs/environment/pythonpath.sh
[0.956s] -- Up-to-date symlink: /home/zzz/work/install/realsense2_camera_msgs/share/realsense2_camera_msgs/environment/pythonpath.dsv
[0.956s] -- Up-to-date symlink: /home/zzz/work/install/realsense2_camera_msgs/local/lib/python3.10/dist-packages/realsense2_camera_msgs-4.57.4-py3.10.egg-info/PKG-INFO
[0.957s] -- Up-to-date symlink: /home/zzz/work/install/realsense2_camera_msgs/local/lib/python3.10/dist-packages/realsense2_camera_msgs-4.57.4-py3.10.egg-info/SOURCES.txt
[0.957s] -- Up-to-date symlink: /home/zzz/work/install/realsense2_camera_msgs/local/lib/python3.10/dist-packages/realsense2_camera_msgs-4.57.4-py3.10.egg-info/dependency_links.txt
[0.957s] -- Up-to-date symlink: /home/zzz/work/install/realsense2_camera_msgs/local/lib/python3.10/dist-packages/realsense2_camera_msgs-4.57.4-py3.10.egg-info/top_level.txt
[0.959s] -- Up-to-date symlink: /home/zzz/work/install/realsense2_camera_msgs/local/lib/python3.10/dist-packages/realsense2_camera_msgs/__init__.py
[0.959s] -- Up-to-date symlink: /home/zzz/work/install/realsense2_camera_msgs/local/lib/python3.10/dist-packages/realsense2_camera_msgs/_realsense2_camera_msgs_s.ep.rosidl_typesupport_c.c
[0.959s] -- Up-to-date symlink: /home/zzz/work/install/realsense2_camera_msgs/local/lib/python3.10/dist-packages/realsense2_camera_msgs/_realsense2_camera_msgs_s.ep.rosidl_typesupport_fastrtps_c.c
[0.959s] -- Up-to-date symlink: /home/zzz/work/install/realsense2_camera_msgs/local/lib/python3.10/dist-packages/realsense2_camera_msgs/_realsense2_camera_msgs_s.ep.rosidl_typesupport_introspection_c.c
[0.959s] -- Up-to-date symlink: /home/zzz/work/install/realsense2_camera_msgs/local/lib/python3.10/dist-packages/realsense2_camera_msgs/action/__init__.py
[0.960s] -- Up-to-date symlink: /home/zzz/work/install/realsense2_camera_msgs/local/lib/python3.10/dist-packages/realsense2_camera_msgs/action/_triggered_calibration.py
[0.960s] -- Up-to-date symlink: /home/zzz/work/install/realsense2_camera_msgs/local/lib/python3.10/dist-packages/realsense2_camera_msgs/action/_triggered_calibration_s.c
[0.960s] -- Up-to-date symlink: /home/zzz/work/install/realsense2_camera_msgs/local/lib/python3.10/dist-packages/realsense2_camera_msgs/librealsense2_camera_msgs__rosidl_generator_py.so
[0.960s] -- Up-to-date symlink: /home/zzz/work/install/realsense2_camera_msgs/local/lib/python3.10/dist-packages/realsense2_camera_msgs/msg/__init__.py
[0.960s] -- Up-to-date symlink: /home/zzz/work/install/realsense2_camera_msgs/local/lib/python3.10/dist-packages/realsense2_camera_msgs/msg/_extrinsics.py
[0.960s] -- Up-to-date symlink: /home/zzz/work/install/realsense2_camera_msgs/local/lib/python3.10/dist-packages/realsense2_camera_msgs/msg/_extrinsics_s.c
[0.961s] -- Up-to-date symlink: /home/zzz/work/install/realsense2_camera_msgs/local/lib/python3.10/dist-packages/realsense2_camera_msgs/msg/_imu_info.py
[0.961s] -- Up-to-date symlink: /home/zzz/work/install/realsense2_camera_msgs/local/lib/python3.10/dist-packages/realsense2_camera_msgs/msg/_imu_info_s.c
[0.961s] -- Up-to-date symlink: /home/zzz/work/install/realsense2_camera_msgs/local/lib/python3.10/dist-packages/realsense2_camera_msgs/msg/_metadata.py
[0.961s] -- Up-to-date symlink: /home/zzz/work/install/realsense2_camera_msgs/local/lib/python3.10/dist-packages/realsense2_camera_msgs/msg/_metadata_s.c
[0.961s] -- Up-to-date symlink: /home/zzz/work/install/realsense2_camera_msgs/local/lib/python3.10/dist-packages/realsense2_camera_msgs/msg/_rgbd.py
[0.962s] -- Up-to-date symlink: /home/zzz/work/install/realsense2_camera_msgs/local/lib/python3.10/dist-packages/realsense2_camera_msgs/msg/_rgbd_s.c
[0.962s] -- Up-to-date symlink: /home/zzz/work/install/realsense2_camera_msgs/local/lib/python3.10/dist-packages/realsense2_camera_msgs/realsense2_camera_msgs_s__rosidl_typesupport_c.cpython-310-x86_64-linux-gnu.so
[0.962s] -- Up-to-date symlink: /home/zzz/work/install/realsense2_camera_msgs/local/lib/python3.10/dist-packages/realsense2_camera_msgs/realsense2_camera_msgs_s__rosidl_typesupport_fastrtps_c.cpython-310-x86_64-linux-gnu.so
[0.962s] -- Up-to-date symlink: /home/zzz/work/install/realsense2_camera_msgs/local/lib/python3.10/dist-packages/realsense2_camera_msgs/realsense2_camera_msgs_s__rosidl_typesupport_introspection_c.cpython-310-x86_64-linux-gnu.so
[0.962s] -- Up-to-date symlink: /home/zzz/work/install/realsense2_camera_msgs/local/lib/python3.10/dist-packages/realsense2_camera_msgs/srv/__init__.py
[0.963s] -- Up-to-date symlink: /home/zzz/work/install/realsense2_camera_msgs/local/lib/python3.10/dist-packages/realsense2_camera_msgs/srv/_application_config_read.py
[0.963s] -- Up-to-date symlink: /home/zzz/work/install/realsense2_camera_msgs/local/lib/python3.10/dist-packages/realsense2_camera_msgs/srv/_application_config_read_s.c
[0.963s] -- Up-to-date symlink: /home/zzz/work/install/realsense2_camera_msgs/local/lib/python3.10/dist-packages/realsense2_camera_msgs/srv/_application_config_write.py
[0.963s] -- Up-to-date symlink: /home/zzz/work/install/realsense2_camera_msgs/local/lib/python3.10/dist-packages/realsense2_camera_msgs/srv/_application_config_write_s.c
[0.963s] -- Up-to-date symlink: /home/zzz/work/install/realsense2_camera_msgs/local/lib/python3.10/dist-packages/realsense2_camera_msgs/srv/_calib_config_read.py
[0.964s] -- Up-to-date symlink: /home/zzz/work/install/realsense2_camera_msgs/local/lib/python3.10/dist-packages/realsense2_camera_msgs/srv/_calib_config_read_s.c
[0.964s] -- Up-to-date symlink: /home/zzz/work/install/realsense2_camera_msgs/local/lib/python3.10/dist-packages/realsense2_camera_msgs/srv/_calib_config_write.py
[0.964s] -- Up-to-date symlink: /home/zzz/work/install/realsense2_camera_msgs/local/lib/python3.10/dist-packages/realsense2_camera_msgs/srv/_calib_config_write_s.c
[0.964s] -- Up-to-date symlink: /home/zzz/work/install/realsense2_camera_msgs/local/lib/python3.10/dist-packages/realsense2_camera_msgs/srv/_device_info.py
[0.964s] -- Up-to-date symlink: /home/zzz/work/install/realsense2_camera_msgs/local/lib/python3.10/dist-packages/realsense2_camera_msgs/srv/_device_info_s.c
[0.965s] -- Up-to-date symlink: /home/zzz/work/install/realsense2_camera_msgs/local/lib/python3.10/dist-packages/realsense2_camera_msgs/srv/_hardware_monitor_command_send.py
[0.965s] -- Up-to-date symlink: /home/zzz/work/install/realsense2_camera_msgs/local/lib/python3.10/dist-packages/realsense2_camera_msgs/srv/_hardware_monitor_command_send_s.c
[0.965s] -- Up-to-date symlink: /home/zzz/work/install/realsense2_camera_msgs/local/lib/python3.10/dist-packages/realsense2_camera_msgs/srv/_safety_interface_config_read.py
[0.965s] -- Up-to-date symlink: /home/zzz/work/install/realsense2_camera_msgs/local/lib/python3.10/dist-packages/realsense2_camera_msgs/srv/_safety_interface_config_read_s.c
[0.965s] -- Up-to-date symlink: /home/zzz/work/install/realsense2_camera_msgs/local/lib/python3.10/dist-packages/realsense2_camera_msgs/srv/_safety_interface_config_write.py
[0.966s] -- Up-to-date symlink: /home/zzz/work/install/realsense2_camera_msgs/local/lib/python3.10/dist-packages/realsense2_camera_msgs/srv/_safety_interface_config_write_s.c
[0.966s] -- Up-to-date symlink: /home/zzz/work/install/realsense2_camera_msgs/local/lib/python3.10/dist-packages/realsense2_camera_msgs/srv/_safety_preset_read.py
[0.966s] -- Up-to-date symlink: /home/zzz/work/install/realsense2_camera_msgs/local/lib/python3.10/dist-packages/realsense2_camera_msgs/srv/_safety_preset_read_s.c
[0.966s] -- Up-to-date symlink: /home/zzz/work/install/realsense2_camera_msgs/local/lib/python3.10/dist-packages/realsense2_camera_msgs/srv/_safety_preset_write.py
[0.966s] -- Up-to-date symlink: /home/zzz/work/install/realsense2_camera_msgs/local/lib/python3.10/dist-packages/realsense2_camera_msgs/srv/_safety_preset_write_s.c
[0.967s] -- Up-to-date symlink: /home/zzz/work/install/realsense2_camera_msgs/local/lib/python3.10/dist-packages/realsense2_camera_msgs/realsense2_camera_msgs_s__rosidl_typesupport_fastrtps_c.cpython-310-x86_64-linux-gnu.so
[0.967s] -- Up-to-date symlink: /home/zzz/work/install/realsense2_camera_msgs/local/lib/python3.10/dist-packages/realsense2_camera_msgs/realsense2_camera_msgs_s__rosidl_typesupport_introspection_c.cpython-310-x86_64-linux-gnu.so
[0.967s] -- Up-to-date symlink: /home/zzz/work/install/realsense2_camera_msgs/local/lib/python3.10/dist-packages/realsense2_camera_msgs/realsense2_camera_msgs_s__rosidl_typesupport_c.cpython-310-x86_64-linux-gnu.so
[0.967s] -- Up-to-date symlink: /home/zzz/work/install/realsense2_camera_msgs/share/ament_index/resource_index/rust_packages/realsense2_camera_msgs
[0.968s] -- Up-to-date symlink: /home/zzz/work/install/realsense2_camera_msgs/share/realsense2_camera_msgs/rust/Cargo.toml
[0.968s] -- Up-to-date symlink: /home/zzz/work/install/realsense2_camera_msgs/share/realsense2_camera_msgs/rust/build.rs
[0.968s] -- Up-to-date symlink: /home/zzz/work/install/realsense2_camera_msgs/share/realsense2_camera_msgs/rust/src/action.rs
[0.968s] -- Up-to-date symlink: /home/zzz/work/install/realsense2_camera_msgs/share/realsense2_camera_msgs/rust/src/action/rmw.rs
[0.968s] -- Up-to-date symlink: /home/zzz/work/install/realsense2_camera_msgs/share/realsense2_camera_msgs/rust/src/lib.rs
[0.969s] -- Up-to-date symlink: /home/zzz/work/install/realsense2_camera_msgs/share/realsense2_camera_msgs/rust/src/msg.rs
[0.969s] -- Up-to-date symlink: /home/zzz/work/install/realsense2_camera_msgs/share/realsense2_camera_msgs/rust/src/msg/rmw.rs
[0.969s] -- Up-to-date symlink: /home/zzz/work/install/realsense2_camera_msgs/share/realsense2_camera_msgs/rust/src/srv.rs
[0.969s] -- Up-to-date symlink: /home/zzz/work/install/realsense2_camera_msgs/share/realsense2_camera_msgs/rust/src/srv/rmw.rs
[0.969s] -- Up-to-date symlink: /home/zzz/work/install/realsense2_camera_msgs/share/realsense2_camera_msgs/msg/IMUInfo.idl
[0.969s] -- Up-to-date symlink: /home/zzz/work/install/realsense2_camera_msgs/share/realsense2_camera_msgs/msg/Extrinsics.idl
[0.970s] -- Up-to-date symlink: /home/zzz/work/install/realsense2_camera_msgs/share/realsense2_camera_msgs/msg/Metadata.idl
[0.970s] -- Up-to-date symlink: /home/zzz/work/install/realsense2_camera_msgs/share/realsense2_camera_msgs/msg/RGBD.idl
[0.970s] -- Up-to-date symlink: /home/zzz/work/install/realsense2_camera_msgs/share/realsense2_camera_msgs/srv/DeviceInfo.idl
[0.970s] -- Up-to-date symlink: /home/zzz/work/install/realsense2_camera_msgs/share/realsense2_camera_msgs/srv/SafetyPresetRead.idl
[0.970s] -- Up-to-date symlink: /home/zzz/work/install/realsense2_camera_msgs/share/realsense2_camera_msgs/srv/SafetyPresetWrite.idl
[0.970s] -- Up-to-date symlink: /home/zzz/work/install/realsense2_camera_msgs/share/realsense2_camera_msgs/srv/SafetyInterfaceConfigRead.idl
[0.971s] -- Up-to-date symlink: /home/zzz/work/install/realsense2_camera_msgs/share/realsense2_camera_msgs/srv/SafetyInterfaceConfigWrite.idl
[0.971s] -- Up-to-date symlink: /home/zzz/work/install/realsense2_camera_msgs/share/realsense2_camera_msgs/srv/CalibConfigRead.idl
[0.971s] -- Up-to-date symlink: /home/zzz/work/install/realsense2_camera_msgs/share/realsense2_camera_msgs/srv/CalibConfigWrite.idl
[0.971s] -- Up-to-date symlink: /home/zzz/work/install/realsense2_camera_msgs/share/realsense2_camera_msgs/srv/ApplicationConfigRead.idl
[0.971s] -- Up-to-date symlink: /home/zzz/work/install/realsense2_camera_msgs/share/realsense2_camera_msgs/srv/ApplicationConfigWrite.idl
[0.972s] -- Up-to-date symlink: /home/zzz/work/install/realsense2_camera_msgs/share/realsense2_camera_msgs/srv/HardwareMonitorCommandSend.idl
[0.972s] -- Up-to-date symlink: /home/zzz/work/install/realsense2_camera_msgs/share/realsense2_camera_msgs/action/TriggeredCalibration.idl
[0.972s] -- Up-to-date symlink: /home/zzz/work/install/realsense2_camera_msgs/share/realsense2_camera_msgs/msg/IMUInfo.msg
[0.972s] -- Up-to-date symlink: /home/zzz/work/install/realsense2_camera_msgs/share/realsense2_camera_msgs/msg/Extrinsics.msg
[0.972s] -- Up-to-date symlink: /home/zzz/work/install/realsense2_camera_msgs/share/realsense2_camera_msgs/msg/Metadata.msg
[0.972s] -- Up-to-date symlink: /home/zzz/work/install/realsense2_camera_msgs/share/realsense2_camera_msgs/msg/RGBD.msg
[0.973s] -- Up-to-date symlink: /home/zzz/work/install/realsense2_camera_msgs/share/realsense2_camera_msgs/srv/DeviceInfo.srv
[0.973s] -- Up-to-date symlink: /home/zzz/work/install/realsense2_camera_msgs/share/realsense2_camera_msgs/srv/DeviceInfo_Request.msg
[0.973s] -- Up-to-date symlink: /home/zzz/work/install/realsense2_camera_msgs/share/realsense2_camera_msgs/srv/DeviceInfo_Response.msg
[0.973s] -- Up-to-date symlink: /home/zzz/work/install/realsense2_camera_msgs/share/realsense2_camera_msgs/srv/SafetyPresetRead.srv
[0.973s] -- Up-to-date symlink: /home/zzz/work/install/realsense2_camera_msgs/share/realsense2_camera_msgs/srv/SafetyPresetRead_Request.msg
[0.973s] -- Up-to-date symlink: /home/zzz/work/install/realsense2_camera_msgs/share/realsense2_camera_msgs/srv/SafetyPresetRead_Response.msg
[0.974s] -- Up-to-date symlink: /home/zzz/work/install/realsense2_camera_msgs/share/realsense2_camera_msgs/srv/SafetyPresetWrite.srv
[0.974s] -- Up-to-date symlink: /home/zzz/work/install/realsense2_camera_msgs/share/realsense2_camera_msgs/srv/SafetyPresetWrite_Request.msg
[0.974s] -- Up-to-date symlink: /home/zzz/work/install/realsense2_camera_msgs/share/realsense2_camera_msgs/srv/SafetyPresetWrite_Response.msg
[0.974s] -- Up-to-date symlink: /home/zzz/work/install/realsense2_camera_msgs/share/realsense2_camera_msgs/srv/SafetyInterfaceConfigRead.srv
[0.974s] -- Up-to-date symlink: /home/zzz/work/install/realsense2_camera_msgs/share/realsense2_camera_msgs/srv/SafetyInterfaceConfigRead_Request.msg
[0.975s] -- Up-to-date symlink: /home/zzz/work/install/realsense2_camera_msgs/share/realsense2_camera_msgs/srv/SafetyInterfaceConfigRead_Response.msg
[0.975s] -- Up-to-date symlink: /home/zzz/work/install/realsense2_camera_msgs/share/realsense2_camera_msgs/srv/SafetyInterfaceConfigWrite.srv
[0.975s] -- Up-to-date symlink: /home/zzz/work/install/realsense2_camera_msgs/share/realsense2_camera_msgs/srv/SafetyInterfaceConfigWrite_Request.msg
[0.975s] -- Up-to-date symlink: /home/zzz/work/install/realsense2_camera_msgs/share/realsense2_camera_msgs/srv/SafetyInterfaceConfigWrite_Response.msg
[0.975s] -- Up-to-date symlink: /home/zzz/work/install/realsense2_camera_msgs/share/realsense2_camera_msgs/srv/CalibConfigRead.srv
[0.976s] -- Up-to-date symlink: /home/zzz/work/install/realsense2_camera_msgs/share/realsense2_camera_msgs/srv/CalibConfigRead_Request.msg
[0.976s] -- Up-to-date symlink: /home/zzz/work/install/realsense2_camera_msgs/share/realsense2_camera_msgs/srv/CalibConfigRead_Response.msg
[0.976s] -- Up-to-date symlink: /home/zzz/work/install/realsense2_camera_msgs/share/realsense2_camera_msgs/srv/CalibConfigWrite.srv
[0.976s] -- Up-to-date symlink: /home/zzz/work/install/realsense2_camera_msgs/share/realsense2_camera_msgs/srv/CalibConfigWrite_Request.msg
[0.976s] -- Up-to-date symlink: /home/zzz/work/install/realsense2_camera_msgs/share/realsense2_camera_msgs/srv/CalibConfigWrite_Response.msg
[0.976s] -- Up-to-date symlink: /home/zzz/work/install/realsense2_camera_msgs/share/realsense2_camera_msgs/srv/ApplicationConfigRead.srv
[0.977s] -- Up-to-date symlink: /home/zzz/work/install/realsense2_camera_msgs/share/realsense2_camera_msgs/srv/ApplicationConfigRead_Request.msg
[0.977s] -- Up-to-date symlink: /home/zzz/work/install/realsense2_camera_msgs/share/realsense2_camera_msgs/srv/ApplicationConfigRead_Response.msg
[0.977s] -- Up-to-date symlink: /home/zzz/work/install/realsense2_camera_msgs/share/realsense2_camera_msgs/srv/ApplicationConfigWrite.srv
[0.977s] -- Up-to-date symlink: /home/zzz/work/install/realsense2_camera_msgs/share/realsense2_camera_msgs/srv/ApplicationConfigWrite_Request.msg
[0.977s] -- Up-to-date symlink: /home/zzz/work/install/realsense2_camera_msgs/share/realsense2_camera_msgs/srv/ApplicationConfigWrite_Response.msg
[0.978s] -- Up-to-date symlink: /home/zzz/work/install/realsense2_camera_msgs/share/realsense2_camera_msgs/srv/HardwareMonitorCommandSend.srv
[0.978s] -- Up-to-date symlink: /home/zzz/work/install/realsense2_camera_msgs/share/realsense2_camera_msgs/srv/HardwareMonitorCommandSend_Request.msg
[0.978s] -- Up-to-date symlink: /home/zzz/work/install/realsense2_camera_msgs/share/realsense2_camera_msgs/srv/HardwareMonitorCommandSend_Response.msg
[0.978s] -- Up-to-date symlink: /home/zzz/work/install/realsense2_camera_msgs/share/realsense2_camera_msgs/action/TriggeredCalibration.action
[0.978s] -- Up-to-date symlink: /home/zzz/work/install/realsense2_camera_msgs/share/ament_index/resource_index/package_run_dependencies/realsense2_camera_msgs
[0.979s] -- Up-to-date symlink: /home/zzz/work/install/realsense2_camera_msgs/share/ament_index/resource_index/parent_prefix_path/realsense2_camera_msgs
[0.979s] -- Up-to-date symlink: /home/zzz/work/install/realsense2_camera_msgs/share/realsense2_camera_msgs/environment/ament_prefix_path.sh
[0.979s] -- Up-to-date symlink: /home/zzz/work/install/realsense2_camera_msgs/share/realsense2_camera_msgs/environment/ament_prefix_path.dsv
[0.979s] -- Up-to-date symlink: /home/zzz/work/install/realsense2_camera_msgs/share/realsense2_camera_msgs/environment/path.sh
[0.979s] -- Up-to-date symlink: /home/zzz/work/install/realsense2_camera_msgs/share/realsense2_camera_msgs/environment/path.dsv
[0.979s] -- Up-to-date symlink: /home/zzz/work/install/realsense2_camera_msgs/share/realsense2_camera_msgs/local_setup.bash
[0.980s] -- Up-to-date symlink: /home/zzz/work/install/realsense2_camera_msgs/share/realsense2_camera_msgs/local_setup.sh
[0.980s] -- Up-to-date symlink: /home/zzz/work/install/realsense2_camera_msgs/share/realsense2_camera_msgs/local_setup.zsh
[0.980s] -- Up-to-date symlink: /home/zzz/work/install/realsense2_camera_msgs/share/realsense2_camera_msgs/local_setup.dsv
[0.980s] -- Symlinking: /home/zzz/work/install/realsense2_camera_msgs/share/realsense2_camera_msgs/package.dsv
[0.992s] -- Up-to-date symlink: /home/zzz/work/install/realsense2_camera_msgs/share/ament_index/resource_index/packages/realsense2_camera_msgs
[0.992s] -- Up-to-date symlink: /home/zzz/work/install/realsense2_camera_msgs/share/realsense2_camera_msgs/cmake/rosidl_cmake-extras.cmake
[0.992s] -- Up-to-date symlink: /home/zzz/work/install/realsense2_camera_msgs/share/realsense2_camera_msgs/cmake/ament_cmake_export_dependencies-extras.cmake
[0.993s] -- Up-to-date symlink: /home/zzz/work/install/realsense2_camera_msgs/share/realsense2_camera_msgs/cmake/ament_cmake_export_include_directories-extras.cmake
[0.993s] -- Up-to-date symlink: /home/zzz/work/install/realsense2_camera_msgs/share/realsense2_camera_msgs/cmake/ament_cmake_export_libraries-extras.cmake
[0.993s] -- Up-to-date symlink: /home/zzz/work/install/realsense2_camera_msgs/share/realsense2_camera_msgs/cmake/ament_cmake_export_targets-extras.cmake
[0.993s] -- Up-to-date symlink: /home/zzz/work/install/realsense2_camera_msgs/share/realsense2_camera_msgs/cmake/rosidl_cmake_export_typesupport_targets-extras.cmake
[0.993s] -- Up-to-date symlink: /home/zzz/work/install/realsense2_camera_msgs/share/realsense2_camera_msgs/cmake/rosidl_cmake_export_typesupport_libraries-extras.cmake
[0.993s] -- Up-to-date symlink: /home/zzz/work/install/realsense2_camera_msgs/share/realsense2_camera_msgs/cmake/realsense2_camera_msgsConfig.cmake
[0.994s] -- Up-to-date symlink: /home/zzz/work/install/realsense2_camera_msgs/share/realsense2_camera_msgs/cmake/realsense2_camera_msgsConfig-version.cmake
[0.994s] -- Up-to-date symlink: /home/zzz/work/install/realsense2_camera_msgs/share/realsense2_camera_msgs/package.xml
[0.994s] -- Up-to-date: /home/zzz/work/install/realsense2_camera_msgs/lib/librealsense2_camera_msgs__rosidl_generator_c.so
[0.995s] -- Up-to-date: /home/zzz/work/install/realsense2_camera_msgs/lib/librealsense2_camera_msgs__rosidl_typesupport_fastrtps_c.so
[0.998s] -- Up-to-date: /home/zzz/work/install/realsense2_camera_msgs/lib/librealsense2_camera_msgs__rosidl_typesupport_introspection_c.so
[0.998s] -- Up-to-date: /home/zzz/work/install/realsense2_camera_msgs/lib/librealsense2_camera_msgs__rosidl_typesupport_c.so
[0.999s] -- Up-to-date: /home/zzz/work/install/realsense2_camera_msgs/lib/librealsense2_camera_msgs__rosidl_typesupport_fastrtps_cpp.so
[0.999s] -- Up-to-date: /home/zzz/work/install/realsense2_camera_msgs/lib/librealsense2_camera_msgs__rosidl_typesupport_introspection_cpp.so
[0.999s] -- Up-to-date: /home/zzz/work/install/realsense2_camera_msgs/lib/librealsense2_camera_msgs__rosidl_typesupport_cpp.so
[1.040s] Listing '/home/zzz/work/install/realsense2_camera_msgs/local/lib/python3.10/dist-packages/realsense2_camera_msgs'...
[1.040s] Listing '/home/zzz/work/install/realsense2_camera_msgs/local/lib/python3.10/dist-packages/realsense2_camera_msgs/action'...
[1.040s] Listing '/home/zzz/work/install/realsense2_camera_msgs/local/lib/python3.10/dist-packages/realsense2_camera_msgs/msg'...
[1.041s] Listing '/home/zzz/work/install/realsense2_camera_msgs/local/lib/python3.10/dist-packages/realsense2_camera_msgs/srv'...
[1.046s] -- Up-to-date: /home/zzz/work/install/realsense2_camera_msgs/lib/librealsense2_camera_msgs__rosidl_generator_py.so
[1.046s] -- Up-to-date: /home/zzz/work/install/realsense2_camera_msgs/share/realsense2_camera_msgs/cmake/export_realsense2_camera_msgs__rosidl_generator_cExport.cmake
[1.047s] -- Up-to-date: /home/zzz/work/install/realsense2_camera_msgs/share/realsense2_camera_msgs/cmake/export_realsense2_camera_msgs__rosidl_generator_cExport-noconfig.cmake
[1.047s] -- Up-to-date: /home/zzz/work/install/realsense2_camera_msgs/share/realsense2_camera_msgs/cmake/export_realsense2_camera_msgs__rosidl_typesupport_fastrtps_cExport.cmake
[1.047s] -- Up-to-date: /home/zzz/work/install/realsense2_camera_msgs/share/realsense2_camera_msgs/cmake/export_realsense2_camera_msgs__rosidl_typesupport_fastrtps_cExport-noconfig.cmake
[1.047s] -- Up-to-date: /home/zzz/work/install/realsense2_camera_msgs/share/realsense2_camera_msgs/cmake/realsense2_camera_msgs__rosidl_typesupport_introspection_cExport.cmake
[1.047s] -- Up-to-date: /home/zzz/work/install/realsense2_camera_msgs/share/realsense2_camera_msgs/cmake/realsense2_camera_msgs__rosidl_typesupport_introspection_cExport-noconfig.cmake
[1.047s] -- Up-to-date: /home/zzz/work/install/realsense2_camera_msgs/share/realsense2_camera_msgs/cmake/realsense2_camera_msgs__rosidl_typesupport_cExport.cmake
[1.047s] -- Up-to-date: /home/zzz/work/install/realsense2_camera_msgs/share/realsense2_camera_msgs/cmake/realsense2_camera_msgs__rosidl_typesupport_cExport-noconfig.cmake
[1.047s] -- Up-to-date: /home/zzz/work/install/realsense2_camera_msgs/share/realsense2_camera_msgs/cmake/export_realsense2_camera_msgs__rosidl_generator_cppExport.cmake
[1.047s] -- Up-to-date: /home/zzz/work/install/realsense2_camera_msgs/share/realsense2_camera_msgs/cmake/export_realsense2_camera_msgs__rosidl_typesupport_fastrtps_cppExport.cmake
[1.048s] -- Up-to-date: /home/zzz/work/install/realsense2_camera_msgs/share/realsense2_camera_msgs/cmake/export_realsense2_camera_msgs__rosidl_typesupport_fastrtps_cppExport-noconfig.cmake
[1.048s] -- Up-to-date: /home/zzz/work/install/realsense2_camera_msgs/share/realsense2_camera_msgs/cmake/realsense2_camera_msgs__rosidl_typesupport_introspection_cppExport.cmake
[1.048s] -- Up-to-date: /home/zzz/work/install/realsense2_camera_msgs/share/realsense2_camera_msgs/cmake/realsense2_camera_msgs__rosidl_typesupport_introspection_cppExport-noconfig.cmake
[1.048s] -- Up-to-date: /home/zzz/work/install/realsense2_camera_msgs/share/realsense2_camera_msgs/cmake/realsense2_camera_msgs__rosidl_typesupport_cppExport.cmake
[1.048s] -- Up-to-date: /home/zzz/work/install/realsense2_camera_msgs/share/realsense2_camera_msgs/cmake/realsense2_camera_msgs__rosidl_typesupport_cppExport-noconfig.cmake
[1.048s] -- Up-to-date: /home/zzz/work/install/realsense2_camera_msgs/share/realsense2_camera_msgs/cmake/export_realsense2_camera_msgs__rosidl_generator_pyExport.cmake
[1.048s] -- Up-to-date: /home/zzz/work/install/realsense2_camera_msgs/share/realsense2_camera_msgs/cmake/export_realsense2_camera_msgs__rosidl_generator_pyExport-noconfig.cmake
[1.051s] Invoked command in '/home/zzz/work/build/realsense2_camera_msgs' returned '0': CMAKE_PREFIX_PATH=${CMAKE_PREFIX_PATH}:/home/zzz/work/install/yolo:/home/zzz/work/install/realsense2_ros_mqtt_bridge:/home/zzz/work/install/hiwin_example:/home/zzz/work/install/arduino_bridge:/opt/ros/humble /usr/bin/cmake --install /home/zzz/work/build/realsense2_camera_msgs
