[2.045s] Invoking command in '/home/zzz/work/src/arduino_bridge': PYTHONPATH=/home/zzz/work/build/arduino_bridge/prefix_override:/usr/lib/python3/dist-packages/colcon_core/task/python/colcon_distutils_commands:/home/zzz/work/install/arduino_bridge/lib/python3.10/site-packages:${PYTHONPATH} /usr/bin/python3 -W ignore:setup.py install is deprecated -W ignore:easy_install command is deprecated setup.py egg_info --egg-base ../../build/arduino_bridge build --build-base /home/zzz/work/build/arduino_bridge/build install --record /home/zzz/work/build/arduino_bridge/install.log --install-scripts $base/lib/arduino_bridge --single-version-externally-managed install_data
[2.383s] running egg_info
[2.395s] writing ../../build/arduino_bridge/arduino_bridge.egg-info/PKG-INFO
[2.395s] writing dependency_links to ../../build/arduino_bridge/arduino_bridge.egg-info/dependency_links.txt
[2.396s] writing entry points to ../../build/arduino_bridge/arduino_bridge.egg-info/entry_points.txt
[2.396s] writing requirements to ../../build/arduino_bridge/arduino_bridge.egg-info/requires.txt
[2.396s] writing top-level names to ../../build/arduino_bridge/arduino_bridge.egg-info/top_level.txt
[2.435s] reading manifest file '../../build/arduino_bridge/arduino_bridge.egg-info/SOURCES.txt'
[2.436s] writing manifest file '../../build/arduino_bridge/arduino_bridge.egg-info/SOURCES.txt'
[2.436s] running build
[2.436s] running build_py
[2.437s] copying arduino_bridge/force.py -> /home/zzz/work/build/arduino_bridge/build/lib/arduino_bridge
[2.437s] copying arduino_bridge/__init__.py -> /home/zzz/work/build/arduino_bridge/build/lib/arduino_bridge
[2.437s] warning: build_py: byte-compiling is disabled, skipping.
[2.437s] 
[2.438s] running install
[2.442s] running install_lib
[2.456s] warning: install_lib: byte-compiling is disabled, skipping.
[2.456s] 
[2.456s] running install_data
[2.456s] copying resource/arduino_bridge -> /home/zzz/work/install/arduino_bridge/share/ament_index/resource_index/packages
[2.456s] copying package.xml -> /home/zzz/work/install/arduino_bridge/share/arduino_bridge
[2.456s] running install_egg_info
[2.473s] removing '/home/zzz/work/install/arduino_bridge/lib/python3.10/site-packages/arduino_bridge-0.0.0-py3.10.egg-info' (and everything under it)
[2.473s] Copying ../../build/arduino_bridge/arduino_bridge.egg-info to /home/zzz/work/install/arduino_bridge/lib/python3.10/site-packages/arduino_bridge-0.0.0-py3.10.egg-info
[2.474s] running install_scripts
[2.509s] Installing force_pub script to /home/zzz/work/install/arduino_bridge/lib/arduino_bridge
[2.509s] writing list of installed files to '/home/zzz/work/build/arduino_bridge/install.log'
[2.561s] Invoked command in '/home/zzz/work/src/arduino_bridge' returned '0': PYTHONPATH=/home/zzz/work/build/arduino_bridge/prefix_override:/usr/lib/python3/dist-packages/colcon_core/task/python/colcon_distutils_commands:/home/zzz/work/install/arduino_bridge/lib/python3.10/site-packages:${PYTHONPATH} /usr/bin/python3 -W ignore:setup.py install is deprecated -W ignore:easy_install command is deprecated setup.py egg_info --egg-base ../../build/arduino_bridge build --build-base /home/zzz/work/build/arduino_bridge/build install --record /home/zzz/work/build/arduino_bridge/install.log --install-scripts $base/lib/arduino_bridge --single-version-externally-managed install_data
