[0.723s] Invoking command in '/home/leo/work/src/arduino_bridge': PYTHONPATH=/home/leo/work/build/arduino_bridge/prefix_override:/usr/lib/python3/dist-packages/colcon_core/task/python/colcon_distutils_commands:/home/leo/work/install/arduino_bridge/lib/python3.10/site-packages:${PYTHONPATH} /usr/bin/python3 -W ignore:setup.py install is deprecated -W ignore:easy_install command is deprecated setup.py egg_info --egg-base ../../build/arduino_bridge build --build-base /home/leo/work/build/arduino_bridge/build install --record /home/leo/work/build/arduino_bridge/install.log --install-scripts $base/lib/arduino_bridge --single-version-externally-managed install_data
[0.852s] running egg_info
[0.852s] creating ../../build/arduino_bridge/arduino_bridge.egg-info
[0.852s] writing ../../build/arduino_bridge/arduino_bridge.egg-info/PKG-INFO
[0.852s] writing dependency_links to ../../build/arduino_bridge/arduino_bridge.egg-info/dependency_links.txt
[0.852s] writing entry points to ../../build/arduino_bridge/arduino_bridge.egg-info/entry_points.txt
[0.852s] writing requirements to ../../build/arduino_bridge/arduino_bridge.egg-info/requires.txt
[0.852s] writing top-level names to ../../build/arduino_bridge/arduino_bridge.egg-info/top_level.txt
[0.852s] writing manifest file '../../build/arduino_bridge/arduino_bridge.egg-info/SOURCES.txt'
[0.853s] reading manifest file '../../build/arduino_bridge/arduino_bridge.egg-info/SOURCES.txt'
[0.854s] writing manifest file '../../build/arduino_bridge/arduino_bridge.egg-info/SOURCES.txt'
[0.854s] running build
[0.854s] running build_py
[0.854s] creating /home/leo/work/build/arduino_bridge/build
[0.854s] creating /home/leo/work/build/arduino_bridge/build/lib
[0.854s] creating /home/leo/work/build/arduino_bridge/build/lib/arduino_bridge
[0.854s] copying arduino_bridge/force.py -> /home/leo/work/build/arduino_bridge/build/lib/arduino_bridge
[0.854s] copying arduino_bridge/__init__.py -> /home/leo/work/build/arduino_bridge/build/lib/arduino_bridge
[0.854s] running install
[0.855s] running install_lib
[0.855s] creating /home/leo/work/install/arduino_bridge/lib/python3.10/site-packages/arduino_bridge
[0.855s] copying /home/leo/work/build/arduino_bridge/build/lib/arduino_bridge/force.py -> /home/leo/work/install/arduino_bridge/lib/python3.10/site-packages/arduino_bridge
[0.855s] copying /home/leo/work/build/arduino_bridge/build/lib/arduino_bridge/__init__.py -> /home/leo/work/install/arduino_bridge/lib/python3.10/site-packages/arduino_bridge
[0.855s] byte-compiling /home/leo/work/install/arduino_bridge/lib/python3.10/site-packages/arduino_bridge/force.py to force.cpython-310.pyc
[0.856s] byte-compiling /home/leo/work/install/arduino_bridge/lib/python3.10/site-packages/arduino_bridge/__init__.py to __init__.cpython-310.pyc
[0.856s] running install_data
[0.856s] creating /home/leo/work/install/arduino_bridge/share/ament_index
[0.856s] creating /home/leo/work/install/arduino_bridge/share/ament_index/resource_index
[0.856s] creating /home/leo/work/install/arduino_bridge/share/ament_index/resource_index/packages
[0.856s] copying resource/arduino_bridge -> /home/leo/work/install/arduino_bridge/share/ament_index/resource_index/packages
[0.856s] copying package.xml -> /home/leo/work/install/arduino_bridge/share/arduino_bridge
[0.856s] running install_egg_info
[0.857s] Copying ../../build/arduino_bridge/arduino_bridge.egg-info to /home/leo/work/install/arduino_bridge/lib/python3.10/site-packages/arduino_bridge-0.0.0-py3.10.egg-info
[0.857s] running install_scripts
[0.870s] Installing force_pub script to /home/leo/work/install/arduino_bridge/lib/arduino_bridge
[0.870s] writing list of installed files to '/home/leo/work/build/arduino_bridge/install.log'
[0.891s] Invoked command in '/home/leo/work/src/arduino_bridge' returned '0': PYTHONPATH=/home/leo/work/build/arduino_bridge/prefix_override:/usr/lib/python3/dist-packages/colcon_core/task/python/colcon_distutils_commands:/home/leo/work/install/arduino_bridge/lib/python3.10/site-packages:${PYTHONPATH} /usr/bin/python3 -W ignore:setup.py install is deprecated -W ignore:easy_install command is deprecated setup.py egg_info --egg-base ../../build/arduino_bridge build --build-base /home/leo/work/build/arduino_bridge/build install --record /home/leo/work/build/arduino_bridge/install.log --install-scripts $base/lib/arduino_bridge --single-version-externally-managed install_data
