[1.258s] Invoking command in '/home/zzz/work/src/yolo': PYTHONPATH=/home/zzz/work/build/yolo/prefix_override:/usr/lib/python3/dist-packages/colcon_core/task/python/colcon_distutils_commands:/home/zzz/work/install/yolo/lib/python3.10/site-packages:${PYTHONPATH} /usr/bin/python3 -W ignore:setup.py install is deprecated -W ignore:easy_install command is deprecated setup.py egg_info --egg-base ../../build/yolo build --build-base /home/zzz/work/build/yolo/build install --record /home/zzz/work/build/yolo/install.log --single-version-externally-managed install_data
[1.504s] running egg_info
[1.505s] creating ../../build/yolo/yolo.egg-info
[1.505s] writing ../../build/yolo/yolo.egg-info/PKG-INFO
[1.505s] writing dependency_links to ../../build/yolo/yolo.egg-info/dependency_links.txt
[1.506s] writing entry points to ../../build/yolo/yolo.egg-info/entry_points.txt
[1.506s] writing requirements to ../../build/yolo/yolo.egg-info/requires.txt
[1.506s] writing top-level names to ../../build/yolo/yolo.egg-info/top_level.txt
[1.506s] writing manifest file '../../build/yolo/yolo.egg-info/SOURCES.txt'
[1.507s] reading manifest file '../../build/yolo/yolo.egg-info/SOURCES.txt'
[1.508s] writing manifest file '../../build/yolo/yolo.egg-info/SOURCES.txt'
[1.508s] running build
[1.508s] running build_py
[1.508s] creating /home/zzz/work/build/yolo/build
[1.508s] creating /home/zzz/work/build/yolo/build/lib
[1.508s] creating /home/zzz/work/build/yolo/build/lib/yolo
[1.508s] copying yolo/__init__.py -> /home/zzz/work/build/yolo/build/lib/yolo
[1.509s] copying yolo/camera_node_apriltag.py -> /home/zzz/work/build/yolo/build/lib/yolo
[1.509s] copying yolo/camera_node_sub.py -> /home/zzz/work/build/yolo/build/lib/yolo
[1.509s] copying yolo/camera_node_pub.py -> /home/zzz/work/build/yolo/build/lib/yolo
[1.509s] running install
[1.509s] running install_lib
[1.510s] creating /home/zzz/work/install/yolo/lib/python3.10/site-packages/yolo
[1.510s] copying /home/zzz/work/build/yolo/build/lib/yolo/__init__.py -> /home/zzz/work/install/yolo/lib/python3.10/site-packages/yolo
[1.510s] copying /home/zzz/work/build/yolo/build/lib/yolo/camera_node_apriltag.py -> /home/zzz/work/install/yolo/lib/python3.10/site-packages/yolo
[1.510s] copying /home/zzz/work/build/yolo/build/lib/yolo/camera_node_sub.py -> /home/zzz/work/install/yolo/lib/python3.10/site-packages/yolo
[1.510s] copying /home/zzz/work/build/yolo/build/lib/yolo/camera_node_pub.py -> /home/zzz/work/install/yolo/lib/python3.10/site-packages/yolo
[1.511s] byte-compiling /home/zzz/work/install/yolo/lib/python3.10/site-packages/yolo/__init__.py to __init__.cpython-310.pyc
[1.511s] byte-compiling /home/zzz/work/install/yolo/lib/python3.10/site-packages/yolo/camera_node_apriltag.py to camera_node_apriltag.cpython-310.pyc
[1.513s] byte-compiling /home/zzz/work/install/yolo/lib/python3.10/site-packages/yolo/camera_node_sub.py to camera_node_sub.cpython-310.pyc
[1.514s] byte-compiling /home/zzz/work/install/yolo/lib/python3.10/site-packages/yolo/camera_node_pub.py to camera_node_pub.cpython-310.pyc
[1.514s] running install_data
[1.514s] creating /home/zzz/work/install/yolo/share/ament_index
[1.514s] creating /home/zzz/work/install/yolo/share/ament_index/resource_index
[1.514s] creating /home/zzz/work/install/yolo/share/ament_index/resource_index/packages
[1.515s] copying resource/yolo -> /home/zzz/work/install/yolo/share/ament_index/resource_index/packages
[1.515s] copying package.xml -> /home/zzz/work/install/yolo/share/yolo
[1.515s] running install_egg_info
[1.516s] Copying ../../build/yolo/yolo.egg-info to /home/zzz/work/install/yolo/lib/python3.10/site-packages/yolo-0.0.0-py3.10.egg-info
[1.517s] running install_scripts
[1.539s] writing list of installed files to '/home/zzz/work/build/yolo/install.log'
[1.565s] Invoked command in '/home/zzz/work/src/yolo' returned '0': PYTHONPATH=/home/zzz/work/build/yolo/prefix_override:/usr/lib/python3/dist-packages/colcon_core/task/python/colcon_distutils_commands:/home/zzz/work/install/yolo/lib/python3.10/site-packages:${PYTHONPATH} /usr/bin/python3 -W ignore:setup.py install is deprecated -W ignore:easy_install command is deprecated setup.py egg_info --egg-base ../../build/yolo build --build-base /home/zzz/work/build/yolo/build install --record /home/zzz/work/build/yolo/install.log --single-version-externally-managed install_data
