running develop
running egg_info
creating yolo.egg-info
writing yolo.egg-info/PKG-INFO
writing dependency_links to yolo.egg-info/dependency_links.txt
writing entry points to yolo.egg-info/entry_points.txt
writing requirements to yolo.egg-info/requires.txt
writing top-level names to yolo.egg-info/top_level.txt
writing manifest file 'yolo.egg-info/SOURCES.txt'
reading manifest file 'yolo.egg-info/SOURCES.txt'
writing manifest file 'yolo.egg-info/SOURCES.txt'
running build_ext
Creating /home/leo/work/install/yolo/lib/python3.10/site-packages/yolo.egg-link (link to .)
Installing apriltag script to /home/leo/work/install/yolo/lib/yolo
Installing yolo_pub script to /home/leo/work/install/yolo/lib/yolo
Installing yolo_sub script to /home/leo/work/install/yolo/lib/yolo

Installed /home/leo/work/build/yolo
running symlink_data
creating /home/leo/work/install/yolo/share/ament_index
creating /home/leo/work/install/yolo/share/ament_index/resource_index
creating /home/leo/work/install/yolo/share/ament_index/resource_index/packages
symbolically linking /home/leo/work/build/yolo/resource/yolo -> /home/leo/work/install/yolo/share/ament_index/resource_index/packages
symbolically linking /home/leo/work/build/yolo/package.xml -> /home/leo/work/install/yolo/share/yolo
