[0.470s] Invoking command in '/home/leo/work/build/yolo': PYTHONPATH=/home/leo/work/build/yolo/prefix_override:/usr/lib/python3/dist-packages/colcon_core/task/python/colcon_distutils_commands:/home/leo/work/install/yolo/lib/python3.10/site-packages:${PYTHONPATH} /usr/bin/python3 -W ignore:setup.py install is deprecated -W ignore:easy_install command is deprecated setup.py develop --editable --build-directory /home/leo/work/build/yolo/build --no-deps symlink_data
[0.609s] running develop
[0.684s] running egg_info
[0.684s] creating yolo.egg-info
[0.684s] writing yolo.egg-info/PKG-INFO
[0.684s] writing dependency_links to yolo.egg-info/dependency_links.txt
[0.684s] writing entry points to yolo.egg-info/entry_points.txt
[0.684s] writing requirements to yolo.egg-info/requires.txt
[0.685s] writing top-level names to yolo.egg-info/top_level.txt
[0.685s] writing manifest file 'yolo.egg-info/SOURCES.txt'
[0.686s] reading manifest file 'yolo.egg-info/SOURCES.txt'
[0.686s] writing manifest file 'yolo.egg-info/SOURCES.txt'
[0.687s] running build_ext
[0.687s] Creating /home/leo/work/install/yolo/lib/python3.10/site-packages/yolo.egg-link (link to .)
[0.687s] Installing apriltag script to /home/leo/work/install/yolo/lib/yolo
[0.687s] Installing yolo_pub script to /home/leo/work/install/yolo/lib/yolo
[0.687s] Installing yolo_sub script to /home/leo/work/install/yolo/lib/yolo
[0.687s] 
[0.687s] Installed /home/leo/work/build/yolo
[0.687s] running symlink_data
[0.687s] creating /home/leo/work/install/yolo/share/ament_index
[0.688s] creating /home/leo/work/install/yolo/share/ament_index/resource_index
[0.688s] creating /home/leo/work/install/yolo/share/ament_index/resource_index/packages
[0.688s] symbolically linking /home/leo/work/build/yolo/resource/yolo -> /home/leo/work/install/yolo/share/ament_index/resource_index/packages
[0.688s] symbolically linking /home/leo/work/build/yolo/package.xml -> /home/leo/work/install/yolo/share/yolo
[0.704s] Invoked command in '/home/leo/work/build/yolo' returned '0': PYTHONPATH=/home/leo/work/build/yolo/prefix_override:/usr/lib/python3/dist-packages/colcon_core/task/python/colcon_distutils_commands:/home/leo/work/install/yolo/lib/python3.10/site-packages:${PYTHONPATH} /usr/bin/python3 -W ignore:setup.py install is deprecated -W ignore:easy_install command is deprecated setup.py develop --editable --build-directory /home/leo/work/build/yolo/build --no-deps symlink_data
