[1.704s] Invoking command in '/home/zzz/work/build/realsense2_ros_mqtt_bridge': PYTHONPATH=/home/zzz/work/build/realsense2_ros_mqtt_bridge/prefix_override:/usr/lib/python3/dist-packages/colcon_core/task/python/colcon_distutils_commands:/home/zzz/work/install/realsense2_ros_mqtt_bridge/lib/python3.10/site-packages:${PYTHONPATH} /usr/bin/python3 -W ignore:setup.py install is deprecated -W ignore:easy_install command is deprecated setup.py develop --editable --build-directory /home/zzz/work/build/realsense2_ros_mqtt_bridge/build --no-deps symlink_data
[2.063s] running develop
[2.228s] running egg_info
[2.228s] creating realsense2_ros_mqtt_bridge.egg-info
[2.228s] writing realsense2_ros_mqtt_bridge.egg-info/PKG-INFO
[2.228s] writing dependency_links to realsense2_ros_mqtt_bridge.egg-info/dependency_links.txt
[2.229s] writing entry points to realsense2_ros_mqtt_bridge.egg-info/entry_points.txt
[2.229s] writing requirements to realsense2_ros_mqtt_bridge.egg-info/requires.txt
[2.229s] writing top-level names to realsense2_ros_mqtt_bridge.egg-info/top_level.txt
[2.229s] writing manifest file 'realsense2_ros_mqtt_bridge.egg-info/SOURCES.txt'
[2.232s] reading manifest file 'realsense2_ros_mqtt_bridge.egg-info/SOURCES.txt'
[2.233s] writing manifest file 'realsense2_ros_mqtt_bridge.egg-info/SOURCES.txt'
[2.234s] running build_ext
[2.234s] Creating /home/zzz/work/install/realsense2_ros_mqtt_bridge/lib/python3.10/site-packages/realsense2-ros-mqtt-bridge.egg-link (link to .)
[2.235s] Installing realsense2_ros_mqtt_bridge script to /home/zzz/work/install/realsense2_ros_mqtt_bridge/lib/realsense2_ros_mqtt_bridge
[2.235s] 
[2.235s] Installed /home/zzz/work/build/realsense2_ros_mqtt_bridge
[2.235s] running symlink_data
[2.235s] creating /home/zzz/work/install/realsense2_ros_mqtt_bridge/share/ament_index
[2.236s] creating /home/zzz/work/install/realsense2_ros_mqtt_bridge/share/ament_index/resource_index
[2.236s] creating /home/zzz/work/install/realsense2_ros_mqtt_bridge/share/ament_index/resource_index/packages
[2.236s] symbolically linking /home/zzz/work/build/realsense2_ros_mqtt_bridge/resource/realsense2_ros_mqtt_bridge -> /home/zzz/work/install/realsense2_ros_mqtt_bridge/share/ament_index/resource_index/packages
[2.236s] symbolically linking /home/zzz/work/build/realsense2_ros_mqtt_bridge/package.xml -> /home/zzz/work/install/realsense2_ros_mqtt_bridge/share/realsense2_ros_mqtt_bridge
[2.236s] creating /home/zzz/work/install/realsense2_ros_mqtt_bridge/share/realsense2_ros_mqtt_bridge/launch
[2.236s] symbolically linking /home/zzz/work/build/realsense2_ros_mqtt_bridge/launch/rs_launch.py -> /home/zzz/work/install/realsense2_ros_mqtt_bridge/share/realsense2_ros_mqtt_bridge/launch
[2.274s] Invoked command in '/home/zzz/work/build/realsense2_ros_mqtt_bridge' returned '0': PYTHONPATH=/home/zzz/work/build/realsense2_ros_mqtt_bridge/prefix_override:/usr/lib/python3/dist-packages/colcon_core/task/python/colcon_distutils_commands:/home/zzz/work/install/realsense2_ros_mqtt_bridge/lib/python3.10/site-packages:${PYTHONPATH} /usr/bin/python3 -W ignore:setup.py install is deprecated -W ignore:easy_install command is deprecated setup.py develop --editable --build-directory /home/zzz/work/build/realsense2_ros_mqtt_bridge/build --no-deps symlink_data
