[0.008s] Invoking command in '/home/leo/work/build/realsense2_description': AMENT_PREFIX_PATH=/home/leo/work/install/realsense2_camera_msgs:${AMENT_PREFIX_PATH} CMAKE_PREFIX_PATH=/home/leo/work/install/realsense2_camera_msgs:/opt/ros/humble LD_LIBRARY_PATH=/home/leo/work/install/realsense2_camera_msgs/lib:${LD_LIBRARY_PATH} PYTHONPATH=/home/leo/work/install/realsense2_camera_msgs/local/lib/python3.10/dist-packages:${PYTHONPATH} /usr/bin/cmake /home/leo/work/src/realsense-ros/realsense2_description -DCMAKE_INSTALL_PREFIX=/home/leo/work/install/realsense2_description
[0.049s] -- The C compiler identification is GNU 11.4.0
[0.091s] -- The CXX compiler identification is GNU 11.4.0
[0.097s] -- Detecting C compiler ABI info
[0.149s] -- Detecting C compiler ABI info - done
[0.153s] -- Check for working C compiler: /usr/bin/cc - skipped
[0.153s] -- Detecting C compile features
[0.154s] -- Detecting C compile features - done
[0.155s] -- Detecting CXX compiler ABI info
[0.215s] -- Detecting CXX compiler ABI info - done
[0.222s] -- Check for working CXX compiler: /usr/bin/c++ - skipped
[0.222s] -- Detecting CXX compile features
[0.222s] -- Detecting CXX compile features - done
[0.225s] -- Found ament_cmake: 1.3.14 (/opt/ros/humble/share/ament_cmake/cmake)
[0.322s] -- Found Python3: /usr/bin/python3 (found version "3.10.12") found components: Interpreter 
[0.425s] -- Configuring done
[0.426s] -- Generating done
[0.427s] -- Build files have been written to: /home/leo/work/build/realsense2_description
[0.431s] Invoked command in '/home/leo/work/build/realsense2_description' returned '0': AMENT_PREFIX_PATH=/home/leo/work/install/realsense2_camera_msgs:${AMENT_PREFIX_PATH} CMAKE_PREFIX_PATH=/home/leo/work/install/realsense2_camera_msgs:/opt/ros/humble LD_LIBRARY_PATH=/home/leo/work/install/realsense2_camera_msgs/lib:${LD_LIBRARY_PATH} PYTHONPATH=/home/leo/work/install/realsense2_camera_msgs/local/lib/python3.10/dist-packages:${PYTHONPATH} /usr/bin/cmake /home/leo/work/src/realsense-ros/realsense2_description -DCMAKE_INSTALL_PREFIX=/home/leo/work/install/realsense2_description
[0.432s] Invoking command in '/home/leo/work/build/realsense2_description': AMENT_PREFIX_PATH=/home/leo/work/install/realsense2_camera_msgs:${AMENT_PREFIX_PATH} CMAKE_PREFIX_PATH=/home/leo/work/install/realsense2_camera_msgs:/opt/ros/humble LD_LIBRARY_PATH=/home/leo/work/install/realsense2_camera_msgs/lib:${LD_LIBRARY_PATH} PYTHONPATH=/home/leo/work/install/realsense2_camera_msgs/local/lib/python3.10/dist-packages:${PYTHONPATH} /usr/bin/cmake --build /home/leo/work/build/realsense2_description -- -j22 -l22
[0.468s] Invoked command in '/home/leo/work/build/realsense2_description' returned '0': AMENT_PREFIX_PATH=/home/leo/work/install/realsense2_camera_msgs:${AMENT_PREFIX_PATH} CMAKE_PREFIX_PATH=/home/leo/work/install/realsense2_camera_msgs:/opt/ros/humble LD_LIBRARY_PATH=/home/leo/work/install/realsense2_camera_msgs/lib:${LD_LIBRARY_PATH} PYTHONPATH=/home/leo/work/install/realsense2_camera_msgs/local/lib/python3.10/dist-packages:${PYTHONPATH} /usr/bin/cmake --build /home/leo/work/build/realsense2_description -- -j22 -l22
[0.469s] Invoking command in '/home/leo/work/build/realsense2_description': AMENT_PREFIX_PATH=/home/leo/work/install/realsense2_camera_msgs:${AMENT_PREFIX_PATH} CMAKE_PREFIX_PATH=/home/leo/work/install/realsense2_camera_msgs:/opt/ros/humble LD_LIBRARY_PATH=/home/leo/work/install/realsense2_camera_msgs/lib:${LD_LIBRARY_PATH} PYTHONPATH=/home/leo/work/install/realsense2_camera_msgs/local/lib/python3.10/dist-packages:${PYTHONPATH} /usr/bin/cmake --install /home/leo/work/build/realsense2_description
[0.477s] -- Install configuration: ""
[0.477s] -- Installing: /home/leo/work/install/realsense2_description/share/realsense2_description/launch
[0.477s] -- Installing: /home/leo/work/install/realsense2_description/share/realsense2_description/launch/view_model.launch.py
[0.477s] -- Installing: /home/leo/work/install/realsense2_description/share/realsense2_description/launch/launch_utils.py
[0.477s] -- Installing: /home/leo/work/install/realsense2_description/share/realsense2_description/meshes
[0.477s] -- Installing: /home/leo/work/install/realsense2_description/share/realsense2_description/meshes/l515.dae
[0.497s] -- Installing: /home/leo/work/install/realsense2_description/share/realsense2_description/meshes/d405.stl
[0.497s] -- Installing: /home/leo/work/install/realsense2_description/share/realsense2_description/meshes/d585.stl
[0.501s] -- Installing: /home/leo/work/install/realsense2_description/share/realsense2_description/meshes/d436.dae
[0.508s] -- Installing: /home/leo/work/install/realsense2_description/share/realsense2_description/meshes/plug.stl
[0.508s] -- Installing: /home/leo/work/install/realsense2_description/share/realsense2_description/meshes/d435.dae
[0.516s] -- Installing: /home/leo/work/install/realsense2_description/share/realsense2_description/meshes/d455.stl
[0.516s] -- Installing: /home/leo/work/install/realsense2_description/share/realsense2_description/meshes/plug_collision.stl
[0.517s] -- Installing: /home/leo/work/install/realsense2_description/share/realsense2_description/meshes/d415.stl
[0.527s] -- Installing: /home/leo/work/install/realsense2_description/share/realsense2_description/rviz
[0.527s] -- Installing: /home/leo/work/install/realsense2_description/share/realsense2_description/rviz/urdf.rviz
[0.527s] -- Installing: /home/leo/work/install/realsense2_description/share/realsense2_description/urdf
[0.527s] -- Installing: /home/leo/work/install/realsense2_description/share/realsense2_description/urdf/_d405.urdf.xacro
[0.527s] -- Installing: /home/leo/work/install/realsense2_description/share/realsense2_description/urdf/test_d455_camera.urdf.xacro
[0.527s] -- Installing: /home/leo/work/install/realsense2_description/share/realsense2_description/urdf/_usb_plug.urdf.xacro
[0.527s] -- Installing: /home/leo/work/install/realsense2_description/share/realsense2_description/urdf/_d585.urdf.xacro
[0.527s] -- Installing: /home/leo/work/install/realsense2_description/share/realsense2_description/urdf/_r410.urdf.xacro
[0.527s] -- Installing: /home/leo/work/install/realsense2_description/share/realsense2_description/urdf/test_d436_camera.urdf.xacro
[0.527s] -- Installing: /home/leo/work/install/realsense2_description/share/realsense2_description/urdf/test_d405_camera.urdf.xacro
[0.527s] -- Installing: /home/leo/work/install/realsense2_description/share/realsense2_description/urdf/test_r430_camera.urdf.xacro
[0.527s] -- Installing: /home/leo/work/install/realsense2_description/share/realsense2_description/urdf/test_r410_camera.urdf.xacro
[0.528s] -- Installing: /home/leo/work/install/realsense2_description/share/realsense2_description/urdf/test_d415_camera.urdf.xacro
[0.528s] -- Installing: /home/leo/work/install/realsense2_description/share/realsense2_description/urdf/_d435i_imu_modules.urdf.xacro
[0.528s] -- Installing: /home/leo/work/install/realsense2_description/share/realsense2_description/urdf/test_d585_camera.urdf.xacro
[0.528s] -- Installing: /home/leo/work/install/realsense2_description/share/realsense2_description/urdf/test_d435i_camera.urdf.xacro
[0.528s] -- Installing: /home/leo/work/install/realsense2_description/share/realsense2_description/urdf/test_d435_multiple_cameras.urdf.xacro
[0.528s] -- Installing: /home/leo/work/install/realsense2_description/share/realsense2_description/urdf/_d455.urdf.xacro
[0.528s] -- Installing: /home/leo/work/install/realsense2_description/share/realsense2_description/urdf/_d415.urdf.xacro
[0.528s] -- Installing: /home/leo/work/install/realsense2_description/share/realsense2_description/urdf/_d435.urdf.xacro
[0.528s] -- Installing: /home/leo/work/install/realsense2_description/share/realsense2_description/urdf/_r430.urdf.xacro
[0.528s] -- Installing: /home/leo/work/install/realsense2_description/share/realsense2_description/urdf/_d435i.urdf.xacro
[0.529s] -- Installing: /home/leo/work/install/realsense2_description/share/realsense2_description/urdf/test_d435_camera.urdf.xacro
[0.529s] -- Installing: /home/leo/work/install/realsense2_description/share/realsense2_description/urdf/_materials.urdf.xacro
[0.529s] -- Installing: /home/leo/work/install/realsense2_description/share/realsense2_description/urdf/_d436.urdf.xacro
[0.529s] -- Installing: /home/leo/work/install/realsense2_description/share/ament_index/resource_index/package_run_dependencies/realsense2_description
[0.529s] -- Installing: /home/leo/work/install/realsense2_description/share/ament_index/resource_index/parent_prefix_path/realsense2_description
[0.529s] -- Installing: /home/leo/work/install/realsense2_description/share/realsense2_description/environment/ament_prefix_path.sh
[0.529s] -- Installing: /home/leo/work/install/realsense2_description/share/realsense2_description/environment/ament_prefix_path.dsv
[0.529s] -- Installing: /home/leo/work/install/realsense2_description/share/realsense2_description/environment/path.sh
[0.529s] -- Installing: /home/leo/work/install/realsense2_description/share/realsense2_description/environment/path.dsv
[0.529s] -- Installing: /home/leo/work/install/realsense2_description/share/realsense2_description/local_setup.bash
[0.529s] -- Installing: /home/leo/work/install/realsense2_description/share/realsense2_description/local_setup.sh
[0.529s] -- Installing: /home/leo/work/install/realsense2_description/share/realsense2_description/local_setup.zsh
[0.529s] -- Installing: /home/leo/work/install/realsense2_description/share/realsense2_description/local_setup.dsv
[0.529s] -- Installing: /home/leo/work/install/realsense2_description/share/realsense2_description/package.dsv
[0.529s] -- Installing: /home/leo/work/install/realsense2_description/share/ament_index/resource_index/packages/realsense2_description
[0.529s] -- Installing: /home/leo/work/install/realsense2_description/share/realsense2_description/cmake/realsense2_descriptionConfig.cmake
[0.529s] -- Installing: /home/leo/work/install/realsense2_description/share/realsense2_description/cmake/realsense2_descriptionConfig-version.cmake
[0.529s] -- Installing: /home/leo/work/install/realsense2_description/share/realsense2_description/package.xml
[0.530s] Invoked command in '/home/leo/work/build/realsense2_description' returned '0': AMENT_PREFIX_PATH=/home/leo/work/install/realsense2_camera_msgs:${AMENT_PREFIX_PATH} CMAKE_PREFIX_PATH=/home/leo/work/install/realsense2_camera_msgs:/opt/ros/humble LD_LIBRARY_PATH=/home/leo/work/install/realsense2_camera_msgs/lib:${LD_LIBRARY_PATH} PYTHONPATH=/home/leo/work/install/realsense2_camera_msgs/local/lib/python3.10/dist-packages:${PYTHONPATH} /usr/bin/cmake --install /home/leo/work/build/realsense2_description
