running develop
running egg_info
creating arduino_bridge.egg-info
writing arduino_bridge.egg-info/PKG-INFO
writing dependency_links to arduino_bridge.egg-info/dependency_links.txt
writing entry points to arduino_bridge.egg-info/entry_points.txt
writing requirements to arduino_bridge.egg-info/requires.txt
writing top-level names to arduino_bridge.egg-info/top_level.txt
writing manifest file 'arduino_bridge.egg-info/SOURCES.txt'
reading manifest file 'arduino_bridge.egg-info/SOURCES.txt'
writing manifest file 'arduino_bridge.egg-info/SOURCES.txt'
running build_ext
Creating /home/zzz/work/install/arduino_bridge/lib/python3.10/site-packages/arduino-bridge.egg-link (link to .)
Installing force_pub script to /home/zzz/work/install/arduino_bridge/lib/arduino_bridge

Installed /home/zzz/work/build/arduino_bridge
running symlink_data
creating /home/zzz/work/install/arduino_bridge/share/ament_index
creating /home/zzz/work/install/arduino_bridge/share/ament_index/resource_index
creating /home/zzz/work/install/arduino_bridge/share/ament_index/resource_index/packages
symbolically linking /home/zzz/work/build/arduino_bridge/resource/arduino_bridge -> /home/zzz/work/install/arduino_bridge/share/ament_index/resource_index/packages
symbolically linking /home/zzz/work/build/arduino_bridge/package.xml -> /home/zzz/work/install/arduino_bridge/share/arduino_bridge
