[1.487s] Invoking command in '/home/zzz/work/build/arduino_bridge': PYTHONPATH=/home/zzz/work/build/arduino_bridge/prefix_override:/usr/lib/python3/dist-packages/colcon_core/task/python/colcon_distutils_commands:/home/zzz/work/install/arduino_bridge/lib/python3.10/site-packages:${PYTHONPATH} /usr/bin/python3 -W ignore:setup.py install is deprecated -W ignore:easy_install command is deprecated setup.py develop --editable --build-directory /home/zzz/work/build/arduino_bridge/build --no-deps symlink_data
[1.807s] running develop
[2.003s] running egg_info
[2.003s] creating arduino_bridge.egg-info
[2.003s] writing arduino_bridge.egg-info/PKG-INFO
[2.003s] writing dependency_links to arduino_bridge.egg-info/dependency_links.txt
[2.003s] writing entry points to arduino_bridge.egg-info/entry_points.txt
[2.003s] writing requirements to arduino_bridge.egg-info/requires.txt
[2.003s] writing top-level names to arduino_bridge.egg-info/top_level.txt
[2.004s] writing manifest file 'arduino_bridge.egg-info/SOURCES.txt'
[2.005s] reading manifest file 'arduino_bridge.egg-info/SOURCES.txt'
[2.006s] writing manifest file 'arduino_bridge.egg-info/SOURCES.txt'
[2.008s] running build_ext
[2.008s] Creating /home/zzz/work/install/arduino_bridge/lib/python3.10/site-packages/arduino-bridge.egg-link (link to .)
[2.009s] Installing force_pub script to /home/zzz/work/install/arduino_bridge/lib/arduino_bridge
[2.009s] 
[2.010s] Installed /home/zzz/work/build/arduino_bridge
[2.010s] running symlink_data
[2.010s] creating /home/zzz/work/install/arduino_bridge/share/ament_index
[2.010s] creating /home/zzz/work/install/arduino_bridge/share/ament_index/resource_index
[2.010s] creating /home/zzz/work/install/arduino_bridge/share/ament_index/resource_index/packages
[2.010s] symbolically linking /home/zzz/work/build/arduino_bridge/resource/arduino_bridge -> /home/zzz/work/install/arduino_bridge/share/ament_index/resource_index/packages
[2.010s] symbolically linking /home/zzz/work/build/arduino_bridge/package.xml -> /home/zzz/work/install/arduino_bridge/share/arduino_bridge
[2.049s] Invoked command in '/home/zzz/work/build/arduino_bridge' returned '0': PYTHONPATH=/home/zzz/work/build/arduino_bridge/prefix_override:/usr/lib/python3/dist-packages/colcon_core/task/python/colcon_distutils_commands:/home/zzz/work/install/arduino_bridge/lib/python3.10/site-packages:${PYTHONPATH} /usr/bin/python3 -W ignore:setup.py install is deprecated -W ignore:easy_install command is deprecated setup.py develop --editable --build-directory /home/zzz/work/build/arduino_bridge/build --no-deps symlink_data
