[2.155s] Invoking command in '/home/zzz/work/src/arduino_bridge': PYTHONPATH=/home/zzz/work/build/arduino_bridge/prefix_override:/usr/lib/python3/dist-packages/colcon_core/task/python/colcon_distutils_commands:/home/zzz/work/install/arduino_bridge/lib/python3.10/site-packages:${PYTHONPATH} /usr/bin/python3 -W ignore:setup.py install is deprecated -W ignore:easy_install command is deprecated setup.py egg_info --egg-base ../../build/arduino_bridge build --build-base /home/zzz/work/build/arduino_bridge/build install --record /home/zzz/work/build/arduino_bridge/install.log --install-scripts $base/lib/arduino_bridge --single-version-externally-managed install_data
[2.450s] running egg_info
[2.461s] writing ../../build/arduino_bridge/arduino_bridge.egg-info/PKG-INFO
[2.461s] writing dependency_links to ../../build/arduino_bridge/arduino_bridge.egg-info/dependency_links.txt
[2.462s] writing entry points to ../../build/arduino_bridge/arduino_bridge.egg-info/entry_points.txt
[2.462s] writing requirements to ../../build/arduino_bridge/arduino_bridge.egg-info/requires.txt
[2.462s] writing top-level names to ../../build/arduino_bridge/arduino_bridge.egg-info/top_level.txt
[2.483s] reading manifest file '../../build/arduino_bridge/arduino_bridge.egg-info/SOURCES.txt'
[2.484s] writing manifest file '../../build/arduino_bridge/arduino_bridge.egg-info/SOURCES.txt'
[2.484s] running build
[2.484s] running build_py
[2.484s] copying arduino_bridge/force.py -> /home/zzz/work/build/arduino_bridge/build/lib/arduino_bridge
[2.485s] copying arduino_bridge/__init__.py -> /home/zzz/work/build/arduino_bridge/build/lib/arduino_bridge
[2.485s] warning: build_py: byte-compiling is disabled, skipping.
[2.485s] 
[2.485s] running install
[2.487s] running install_lib
[2.500s] warning: install_lib: byte-compiling is disabled, skipping.
[2.500s] 
[2.500s] running install_data
[2.500s] copying resource/arduino_bridge -> /home/zzz/work/install/arduino_bridge/share/ament_index/resource_index/packages
[2.500s] copying package.xml -> /home/zzz/work/install/arduino_bridge/share/arduino_bridge
[2.500s] running install_egg_info
[2.518s] removing '/home/zzz/work/install/arduino_bridge/lib/python3.10/site-packages/arduino_bridge-0.0.0-py3.10.egg-info' (and everything under it)
[2.518s] Copying ../../build/arduino_bridge/arduino_bridge.egg-info to /home/zzz/work/install/arduino_bridge/lib/python3.10/site-packages/arduino_bridge-0.0.0-py3.10.egg-info
[2.519s] running install_scripts
[2.543s] Installing force_pub script to /home/zzz/work/install/arduino_bridge/lib/arduino_bridge
[2.543s] writing list of installed files to '/home/zzz/work/build/arduino_bridge/install.log'
[2.571s] Invoked command in '/home/zzz/work/src/arduino_bridge' returned '0': PYTHONPATH=/home/zzz/work/build/arduino_bridge/prefix_override:/usr/lib/python3/dist-packages/colcon_core/task/python/colcon_distutils_commands:/home/zzz/work/install/arduino_bridge/lib/python3.10/site-packages:${PYTHONPATH} /usr/bin/python3 -W ignore:setup.py install is deprecated -W ignore:easy_install command is deprecated setup.py egg_info --egg-base ../../build/arduino_bridge build --build-base /home/zzz/work/build/arduino_bridge/build install --record /home/zzz/work/build/arduino_bridge/install.log --install-scripts $base/lib/arduino_bridge --single-version-externally-managed install_data
