[2.653s] Invoking command in '/home/zzz/work/src/yolo': PYTHONPATH=/home/zzz/work/build/yolo/prefix_override:/usr/lib/python3/dist-packages/colcon_core/task/python/colcon_distutils_commands:/home/zzz/work/install/yolo/lib/python3.10/site-packages:${PYTHONPATH} /usr/bin/python3 -W ignore:setup.py install is deprecated -W ignore:easy_install command is deprecated setup.py egg_info --egg-base ../../build/yolo build --build-base /home/zzz/work/build/yolo/build install --record /home/zzz/work/build/yolo/install.log --install-scripts $base/lib/yolo --single-version-externally-managed install_data
[2.944s] running egg_info
[2.959s] writing ../../build/yolo/yolo.egg-info/PKG-INFO
[2.962s] writing dependency_links to ../../build/yolo/yolo.egg-info/dependency_links.txt
[2.962s] writing entry points to ../../build/yolo/yolo.egg-info/entry_points.txt
[2.962s] writing requirements to ../../build/yolo/yolo.egg-info/requires.txt
[2.964s] writing top-level names to ../../build/yolo/yolo.egg-info/top_level.txt
[3.000s] reading manifest file '../../build/yolo/yolo.egg-info/SOURCES.txt'
[3.001s] writing manifest file '../../build/yolo/yolo.egg-info/SOURCES.txt'
[3.002s] running build
[3.002s] running build_py
[3.002s] copying yolo/__init__.py -> /home/zzz/work/build/yolo/build/lib/yolo
[3.002s] copying yolo/camera_node_apriltag.py -> /home/zzz/work/build/yolo/build/lib/yolo
[3.002s] copying yolo/camera_node_sub.py -> /home/zzz/work/build/yolo/build/lib/yolo
[3.003s] copying yolo/camera_node_yolo_apriltag.py -> /home/zzz/work/build/yolo/build/lib/yolo
[3.003s] copying yolo/camera_node_pub.py -> /home/zzz/work/build/yolo/build/lib/yolo
[3.004s] warning: build_py: byte-compiling is disabled, skipping.
[3.004s] 
[3.004s] running install
[3.007s] running install_lib
[3.023s] warning: install_lib: byte-compiling is disabled, skipping.
[3.023s] 
[3.024s] running install_data
[3.024s] copying resource/yolo -> /home/zzz/work/install/yolo/share/ament_index/resource_index/packages
[3.024s] copying package.xml -> /home/zzz/work/install/yolo/share/yolo
[3.024s] running install_egg_info
[3.040s] removing '/home/zzz/work/install/yolo/lib/python3.10/site-packages/yolo-0.0.0-py3.10.egg-info' (and everything under it)
[3.040s] Copying ../../build/yolo/yolo.egg-info to /home/zzz/work/install/yolo/lib/python3.10/site-packages/yolo-0.0.0-py3.10.egg-info
[3.045s] running install_scripts
[3.081s] Installing apriltag script to /home/zzz/work/install/yolo/lib/yolo
[3.082s] Installing yolo_apriltag script to /home/zzz/work/install/yolo/lib/yolo
[3.082s] Installing yolo_pub script to /home/zzz/work/install/yolo/lib/yolo
[3.082s] Installing yolo_sub script to /home/zzz/work/install/yolo/lib/yolo
[3.082s] writing list of installed files to '/home/zzz/work/build/yolo/install.log'
[3.138s] Invoked command in '/home/zzz/work/src/yolo' returned '0': PYTHONPATH=/home/zzz/work/build/yolo/prefix_override:/usr/lib/python3/dist-packages/colcon_core/task/python/colcon_distutils_commands:/home/zzz/work/install/yolo/lib/python3.10/site-packages:${PYTHONPATH} /usr/bin/python3 -W ignore:setup.py install is deprecated -W ignore:easy_install command is deprecated setup.py egg_info --egg-base ../../build/yolo build --build-base /home/zzz/work/build/yolo/build install --record /home/zzz/work/build/yolo/install.log --install-scripts $base/lib/yolo --single-version-externally-managed install_data
