[0.098s] Invoking command in '/home/zzz/work/build/realsense2_camera_msgs': CMAKE_PREFIX_PATH=${CMAKE_PREFIX_PATH}:/home/zzz/work/install/yolo:/home/zzz/work/install/realsense2_ros_mqtt_bridge:/home/zzz/work/install/hiwin_example:/home/zzz/work/install/arduino_bridge:/opt/ros/humble /usr/bin/cmake --build /home/zzz/work/build/realsense2_camera_msgs -- -j12 -l12
[1.372s] [  1%] Built target realsense2_camera_msgs__rs
[1.372s] [  1%] Built target ament_cmake_python_symlink_realsense2_camera_msgs
[1.373s] [  1%] Built target realsense2_camera_msgs__cpp
[1.373s] running egg_info
[1.373s] writing realsense2_camera_msgs.egg-info/PKG-INFO
[1.373s] writing dependency_links to realsense2_camera_msgs.egg-info/dependency_links.txt
[1.373s] writing top-level names to realsense2_camera_msgs.egg-info/top_level.txt
[1.373s] reading manifest file 'realsense2_camera_msgs.egg-info/SOURCES.txt'
[1.373s] writing manifest file 'realsense2_camera_msgs.egg-info/SOURCES.txt'
[1.373s] [  1%] Built target ament_cmake_python_build_realsense2_camera_msgs_egg
[1.373s] [ 13%] Built target realsense2_camera_msgs__rosidl_typesupport_cpp
[1.373s] [ 25%] Built target realsense2_camera_msgs__rosidl_typesupport_introspection_cpp
[1.373s] [ 37%] Built target realsense2_camera_msgs__rosidl_typesupport_fastrtps_cpp
[1.373s] [ 49%] Built target realsense2_camera_msgs__rosidl_generator_c
[1.373s] [ 61%] Built target realsense2_camera_msgs__rosidl_typesupport_fastrtps_c
[1.374s] [ 73%] Built target realsense2_camera_msgs__rosidl_typesupport_c
[1.374s] [ 85%] Built target realsense2_camera_msgs__rosidl_typesupport_introspection_c
[1.374s] [ 85%] Built target realsense2_camera_msgs
[1.410s] [ 86%] Built target realsense2_camera_msgs__py
[1.478s] [ 97%] Built target realsense2_camera_msgs__rosidl_generator_py
[1.535s] [ 98%] Built target realsense2_camera_msgs__rosidl_typesupport_fastrtps_c__pyext
[1.576s] [ 99%] Built target realsense2_camera_msgs__rosidl_typesupport_c__pyext
[1.606s] [100%] Built target realsense2_camera_msgs__rosidl_typesupport_introspection_c__pyext
[1.909s] Invoked command in '/home/zzz/work/build/realsense2_camera_msgs' returned '0': CMAKE_PREFIX_PATH=${CMAKE_PREFIX_PATH}:/home/zzz/work/install/yolo:/home/zzz/work/install/realsense2_ros_mqtt_bridge:/home/zzz/work/install/hiwin_example:/home/zzz/work/install/arduino_bridge:/opt/ros/humble /usr/bin/cmake --build /home/zzz/work/build/realsense2_camera_msgs -- -j12 -l12
[1.911s] Invoking command in '/home/zzz/work/build/realsense2_camera_msgs': CMAKE_PREFIX_PATH=${CMAKE_PREFIX_PATH}:/home/zzz/work/install/yolo:/home/zzz/work/install/realsense2_ros_mqtt_bridge:/home/zzz/work/install/hiwin_example:/home/zzz/work/install/arduino_bridge:/opt/ros/humble /usr/bin/cmake --install /home/zzz/work/build/realsense2_camera_msgs
[1.938s] -- Install configuration: ""
[1.938s] -- Execute custom install script
[1.938s] -- Up-to-date symlink: /home/zzz/work/install/realsense2_camera_msgs/share/ament_index/resource_index/rosidl_interfaces/realsense2_camera_msgs
[1.939s] -- Up-to-date symlink: /home/zzz/work/install/realsense2_camera_msgs/include/realsense2_camera_msgs/realsense2_camera_msgs/action/detail/triggered_calibration__functions.h
[1.939s] -- Up-to-date symlink: /home/zzz/work/install/realsense2_camera_msgs/include/realsense2_camera_msgs/realsense2_camera_msgs/action/detail/triggered_calibration__struct.h
[1.939s] -- Up-to-date symlink: /home/zzz/work/install/realsense2_camera_msgs/include/realsense2_camera_msgs/realsense2_camera_msgs/action/detail/triggered_calibration__type_support.h
[1.939s] -- Up-to-date symlink: /home/zzz/work/install/realsense2_camera_msgs/include/realsense2_camera_msgs/realsense2_camera_msgs/action/triggered_calibration.h
[1.946s] -- Up-to-date symlink: /home/zzz/work/install/realsense2_camera_msgs/include/realsense2_camera_msgs/realsense2_camera_msgs/msg/detail/extrinsics__functions.h
[1.947s] -- Up-to-date symlink: /home/zzz/work/install/realsense2_camera_msgs/include/realsense2_camera_msgs/realsense2_camera_msgs/msg/detail/extrinsics__struct.h
[1.948s] -- Up-to-date symlink: /home/zzz/work/install/realsense2_camera_msgs/include/realsense2_camera_msgs/realsense2_camera_msgs/msg/detail/extrinsics__type_support.h
[1.949s] -- Up-to-date symlink: /home/zzz/work/install/realsense2_camera_msgs/include/realsense2_camera_msgs/realsense2_camera_msgs/msg/detail/imu_info__functions.h
[1.954s] -- Up-to-date symlink: /home/zzz/work/install/realsense2_camera_msgs/include/realsense2_camera_msgs/realsense2_camera_msgs/msg/detail/imu_info__struct.h
[1.955s] -- Up-to-date symlink: /home/zzz/work/install/realsense2_camera_msgs/include/realsense2_camera_msgs/realsense2_camera_msgs/msg/detail/imu_info__type_support.h
[1.955s] -- Up-to-date symlink: /home/zzz/work/install/realsense2_camera_msgs/include/realsense2_camera_msgs/realsense2_camera_msgs/msg/detail/metadata__functions.h
[1.956s] -- Up-to-date symlink: /home/zzz/work/install/realsense2_camera_msgs/include/realsense2_camera_msgs/realsense2_camera_msgs/msg/detail/metadata__struct.h
[1.957s] -- Up-to-date symlink: /home/zzz/work/install/realsense2_camera_msgs/include/realsense2_camera_msgs/realsense2_camera_msgs/msg/detail/metadata__type_support.h
[1.957s] -- Up-to-date symlink: /home/zzz/work/install/realsense2_camera_msgs/include/realsense2_camera_msgs/realsense2_camera_msgs/msg/detail/rgbd__functions.h
[1.957s] -- Up-to-date symlink: /home/zzz/work/install/realsense2_camera_msgs/include/realsense2_camera_msgs/realsense2_camera_msgs/msg/detail/rgbd__struct.h
[1.958s] -- Up-to-date symlink: /home/zzz/work/install/realsense2_camera_msgs/include/realsense2_camera_msgs/realsense2_camera_msgs/msg/detail/rgbd__type_support.h
[1.958s] -- Up-to-date symlink: /home/zzz/work/install/realsense2_camera_msgs/include/realsense2_camera_msgs/realsense2_camera_msgs/msg/extrinsics.h
[1.960s] -- Up-to-date symlink: /home/zzz/work/install/realsense2_camera_msgs/include/realsense2_camera_msgs/realsense2_camera_msgs/msg/imu_info.h
[1.960s] -- Up-to-date symlink: /home/zzz/work/install/realsense2_camera_msgs/include/realsense2_camera_msgs/realsense2_camera_msgs/msg/metadata.h
[1.961s] -- Up-to-date symlink: /home/zzz/work/install/realsense2_camera_msgs/include/realsense2_camera_msgs/realsense2_camera_msgs/msg/rgbd.h
[1.961s] -- Up-to-date symlink: /home/zzz/work/install/realsense2_camera_msgs/include/realsense2_camera_msgs/realsense2_camera_msgs/msg/rosidl_generator_c__visibility_control.h
[1.962s] -- Up-to-date symlink: /home/zzz/work/install/realsense2_camera_msgs/include/realsense2_camera_msgs/realsense2_camera_msgs/srv/application_config_read.h
[1.962s] -- Up-to-date symlink: /home/zzz/work/install/realsense2_camera_msgs/include/realsense2_camera_msgs/realsense2_camera_msgs/srv/application_config_write.h
[1.962s] -- Up-to-date symlink: /home/zzz/work/install/realsense2_camera_msgs/include/realsense2_camera_msgs/realsense2_camera_msgs/srv/calib_config_read.h
[1.962s] -- Up-to-date symlink: /home/zzz/work/install/realsense2_camera_msgs/include/realsense2_camera_msgs/realsense2_camera_msgs/srv/calib_config_write.h
[1.962s] -- Up-to-date symlink: /home/zzz/work/install/realsense2_camera_msgs/include/realsense2_camera_msgs/realsense2_camera_msgs/srv/detail/application_config_read__functions.h
[1.962s] -- Up-to-date symlink: /home/zzz/work/install/realsense2_camera_msgs/include/realsense2_camera_msgs/realsense2_camera_msgs/srv/detail/application_config_read__struct.h
[1.963s] -- Up-to-date symlink: /home/zzz/work/install/realsense2_camera_msgs/include/realsense2_camera_msgs/realsense2_camera_msgs/srv/detail/application_config_read__type_support.h
[1.963s] -- Up-to-date symlink: /home/zzz/work/install/realsense2_camera_msgs/include/realsense2_camera_msgs/realsense2_camera_msgs/srv/detail/application_config_write__functions.h
[1.967s] -- Up-to-date symlink: /home/zzz/work/install/realsense2_camera_msgs/include/realsense2_camera_msgs/realsense2_camera_msgs/srv/detail/application_config_write__struct.h
[1.968s] -- Up-to-date symlink: /home/zzz/work/install/realsense2_camera_msgs/include/realsense2_camera_msgs/realsense2_camera_msgs/srv/detail/application_config_write__type_support.h
[1.968s] -- Up-to-date symlink: /home/zzz/work/install/realsense2_camera_msgs/include/realsense2_camera_msgs/realsense2_camera_msgs/srv/detail/calib_config_read__functions.h
[1.969s] -- Up-to-date symlink: /home/zzz/work/install/realsense2_camera_msgs/include/realsense2_camera_msgs/realsense2_camera_msgs/srv/detail/calib_config_read__struct.h
[1.969s] -- Up-to-date symlink: /home/zzz/work/install/realsense2_camera_msgs/include/realsense2_camera_msgs/realsense2_camera_msgs/srv/detail/calib_config_read__type_support.h
[1.970s] -- Up-to-date symlink: /home/zzz/work/install/realsense2_camera_msgs/include/realsense2_camera_msgs/realsense2_camera_msgs/srv/detail/calib_config_write__functions.h
[1.970s] -- Up-to-date symlink: /home/zzz/work/install/realsense2_camera_msgs/include/realsense2_camera_msgs/realsense2_camera_msgs/srv/detail/calib_config_write__struct.h
[1.970s] -- Up-to-date symlink: /home/zzz/work/install/realsense2_camera_msgs/include/realsense2_camera_msgs/realsense2_camera_msgs/srv/detail/calib_config_write__type_support.h
[1.971s] -- Up-to-date symlink: /home/zzz/work/install/realsense2_camera_msgs/include/realsense2_camera_msgs/realsense2_camera_msgs/srv/detail/device_info__functions.h
[1.971s] -- Up-to-date symlink: /home/zzz/work/install/realsense2_camera_msgs/include/realsense2_camera_msgs/realsense2_camera_msgs/srv/detail/device_info__struct.h
[1.971s] -- Up-to-date symlink: /home/zzz/work/install/realsense2_camera_msgs/include/realsense2_camera_msgs/realsense2_camera_msgs/srv/detail/device_info__type_support.h
[1.979s] -- Up-to-date symlink: /home/zzz/work/install/realsense2_camera_msgs/include/realsense2_camera_msgs/realsense2_camera_msgs/srv/detail/hardware_monitor_command_send__functions.h
[1.979s] -- Up-to-date symlink: /home/zzz/work/install/realsense2_camera_msgs/include/realsense2_camera_msgs/realsense2_camera_msgs/srv/detail/hardware_monitor_command_send__struct.h
[1.979s] -- Up-to-date symlink: /home/zzz/work/install/realsense2_camera_msgs/include/realsense2_camera_msgs/realsense2_camera_msgs/srv/detail/hardware_monitor_command_send__type_support.h
[1.979s] -- Up-to-date symlink: /home/zzz/work/install/realsense2_camera_msgs/include/realsense2_camera_msgs/realsense2_camera_msgs/srv/detail/safety_interface_config_read__functions.h
[1.979s] -- Up-to-date symlink: /home/zzz/work/install/realsense2_camera_msgs/include/realsense2_camera_msgs/realsense2_camera_msgs/srv/detail/safety_interface_config_read__struct.h
[1.979s] -- Up-to-date symlink: /home/zzz/work/install/realsense2_camera_msgs/include/realsense2_camera_msgs/realsense2_camera_msgs/srv/detail/safety_interface_config_read__type_support.h
[1.981s] -- Up-to-date symlink: /home/zzz/work/install/realsense2_camera_msgs/include/realsense2_camera_msgs/realsense2_camera_msgs/srv/detail/safety_interface_config_write__functions.h
[1.981s] -- Up-to-date symlink: /home/zzz/work/install/realsense2_camera_msgs/include/realsense2_camera_msgs/realsense2_camera_msgs/srv/detail/safety_interface_config_write__struct.h
[1.982s] -- Up-to-date symlink: /home/zzz/work/install/realsense2_camera_msgs/include/realsense2_camera_msgs/realsense2_camera_msgs/srv/detail/safety_interface_config_write__type_support.h
[1.982s] -- Up-to-date symlink: /home/zzz/work/install/realsense2_camera_msgs/include/realsense2_camera_msgs/realsense2_camera_msgs/srv/detail/safety_preset_read__functions.h
[1.982s] -- Up-to-date symlink: /home/zzz/work/install/realsense2_camera_msgs/include/realsense2_camera_msgs/realsense2_camera_msgs/srv/detail/safety_preset_read__struct.h
[1.982s] -- Up-to-date symlink: /home/zzz/work/install/realsense2_camera_msgs/include/realsense2_camera_msgs/realsense2_camera_msgs/srv/detail/safety_preset_read__type_support.h
[1.984s] -- Up-to-date symlink: /home/zzz/work/install/realsense2_camera_msgs/include/realsense2_camera_msgs/realsense2_camera_msgs/srv/detail/safety_preset_write__functions.h
[1.984s] -- Up-to-date symlink: /home/zzz/work/install/realsense2_camera_msgs/include/realsense2_camera_msgs/realsense2_camera_msgs/srv/detail/safety_preset_write__struct.h
[1.984s] -- Up-to-date symlink: /home/zzz/work/install/realsense2_camera_msgs/include/realsense2_camera_msgs/realsense2_camera_msgs/srv/detail/safety_preset_write__type_support.h
[1.989s] -- Up-to-date symlink: /home/zzz/work/install/realsense2_camera_msgs/include/realsense2_camera_msgs/realsense2_camera_msgs/srv/device_info.h
[1.989s] -- Up-to-date symlink: /home/zzz/work/install/realsense2_camera_msgs/include/realsense2_camera_msgs/realsense2_camera_msgs/srv/hardware_monitor_command_send.h
[1.989s] -- Up-to-date symlink: /home/zzz/work/install/realsense2_camera_msgs/include/realsense2_camera_msgs/realsense2_camera_msgs/srv/safety_interface_config_read.h
[1.990s] -- Up-to-date symlink: /home/zzz/work/install/realsense2_camera_msgs/include/realsense2_camera_msgs/realsense2_camera_msgs/srv/safety_interface_config_write.h
[1.990s] -- Up-to-date symlink: /home/zzz/work/install/realsense2_camera_msgs/include/realsense2_camera_msgs/realsense2_camera_msgs/srv/safety_preset_read.h
[1.991s] -- Up-to-date symlink: /home/zzz/work/install/realsense2_camera_msgs/include/realsense2_camera_msgs/realsense2_camera_msgs/srv/safety_preset_write.h
[1.991s] -- Up-to-date symlink: /home/zzz/work/install/realsense2_camera_msgs/share/realsense2_camera_msgs/environment/library_path.sh
[1.991s] -- Up-to-date symlink: /home/zzz/work/install/realsense2_camera_msgs/share/realsense2_camera_msgs/environment/library_path.dsv
[1.992s] -- Up-to-date symlink: /home/zzz/work/install/realsense2_camera_msgs/include/realsense2_camera_msgs/realsense2_camera_msgs/action/detail/triggered_calibration__rosidl_typesupport_fastrtps_c.h
[1.992s] -- Up-to-date symlink: /home/zzz/work/install/realsense2_camera_msgs/include/realsense2_camera_msgs/realsense2_camera_msgs/msg/detail/extrinsics__rosidl_typesupport_fastrtps_c.h
[1.992s] -- Up-to-date symlink: /home/zzz/work/install/realsense2_camera_msgs/include/realsense2_camera_msgs/realsense2_camera_msgs/msg/detail/imu_info__rosidl_typesupport_fastrtps_c.h
[1.993s] -- Up-to-date symlink: /home/zzz/work/install/realsense2_camera_msgs/include/realsense2_camera_msgs/realsense2_camera_msgs/msg/detail/metadata__rosidl_typesupport_fastrtps_c.h
[1.993s] -- Up-to-date symlink: /home/zzz/work/install/realsense2_camera_msgs/include/realsense2_camera_msgs/realsense2_camera_msgs/msg/detail/rgbd__rosidl_typesupport_fastrtps_c.h
[1.993s] -- Up-to-date symlink: /home/zzz/work/install/realsense2_camera_msgs/include/realsense2_camera_msgs/realsense2_camera_msgs/msg/rosidl_typesupport_fastrtps_c__visibility_control.h
[1.993s] -- Up-to-date symlink: /home/zzz/work/install/realsense2_camera_msgs/include/realsense2_camera_msgs/realsense2_camera_msgs/srv/detail/application_config_read__rosidl_typesupport_fastrtps_c.h
[1.994s] -- Up-to-date symlink: /home/zzz/work/install/realsense2_camera_msgs/include/realsense2_camera_msgs/realsense2_camera_msgs/srv/detail/application_config_write__rosidl_typesupport_fastrtps_c.h
[1.996s] -- Up-to-date symlink: /home/zzz/work/install/realsense2_camera_msgs/include/realsense2_camera_msgs/realsense2_camera_msgs/srv/detail/calib_config_read__rosidl_typesupport_fastrtps_c.h
[1.996s] -- Up-to-date symlink: /home/zzz/work/install/realsense2_camera_msgs/include/realsense2_camera_msgs/realsense2_camera_msgs/srv/detail/calib_config_write__rosidl_typesupport_fastrtps_c.h
[1.996s] -- Up-to-date symlink: /home/zzz/work/install/realsense2_camera_msgs/include/realsense2_camera_msgs/realsense2_camera_msgs/srv/detail/device_info__rosidl_typesupport_fastrtps_c.h
[1.999s] -- Up-to-date symlink: /home/zzz/work/install/realsense2_camera_msgs/include/realsense2_camera_msgs/realsense2_camera_msgs/srv/detail/hardware_monitor_command_send__rosidl_typesupport_fastrtps_c.h
[2.000s] -- Up-to-date symlink: /home/zzz/work/install/realsense2_camera_msgs/include/realsense2_camera_msgs/realsense2_camera_msgs/srv/detail/safety_interface_config_read__rosidl_typesupport_fastrtps_c.h
[2.000s] -- Up-to-date symlink: /home/zzz/work/install/realsense2_camera_msgs/include/realsense2_camera_msgs/realsense2_camera_msgs/srv/detail/safety_interface_config_write__rosidl_typesupport_fastrtps_c.h
[2.000s] -- Up-to-date symlink: /home/zzz/work/install/realsense2_camera_msgs/include/realsense2_camera_msgs/realsense2_camera_msgs/srv/detail/safety_preset_read__rosidl_typesupport_fastrtps_c.h
[2.000s] -- Up-to-date symlink: /home/zzz/work/install/realsense2_camera_msgs/include/realsense2_camera_msgs/realsense2_camera_msgs/srv/detail/safety_preset_write__rosidl_typesupport_fastrtps_c.h
[2.000s] -- Up-to-date symlink: /home/zzz/work/install/realsense2_camera_msgs/include/realsense2_camera_msgs/realsense2_camera_msgs/action/detail/triggered_calibration__rosidl_typesupport_introspection_c.h
[2.000s] -- Up-to-date symlink: /home/zzz/work/install/realsense2_camera_msgs/include/realsense2_camera_msgs/realsense2_camera_msgs/msg/detail/extrinsics__rosidl_typesupport_introspection_c.h
[2.001s] -- Up-to-date symlink: /home/zzz/work/install/realsense2_camera_msgs/include/realsense2_camera_msgs/realsense2_camera_msgs/msg/detail/imu_info__rosidl_typesupport_introspection_c.h
[2.001s] -- Up-to-date symlink: /home/zzz/work/install/realsense2_camera_msgs/include/realsense2_camera_msgs/realsense2_camera_msgs/msg/detail/metadata__rosidl_typesupport_introspection_c.h
[2.001s] -- Up-to-date symlink: /home/zzz/work/install/realsense2_camera_msgs/include/realsense2_camera_msgs/realsense2_camera_msgs/msg/detail/rgbd__rosidl_typesupport_introspection_c.h
[2.001s] -- Up-to-date symlink: /home/zzz/work/install/realsense2_camera_msgs/include/realsense2_camera_msgs/realsense2_camera_msgs/msg/rosidl_typesupport_introspection_c__visibility_control.h
[2.001s] -- Up-to-date symlink: /home/zzz/work/install/realsense2_camera_msgs/include/realsense2_camera_msgs/realsense2_camera_msgs/srv/detail/application_config_read__rosidl_typesupport_introspection_c.h
[2.001s] -- Up-to-date symlink: /home/zzz/work/install/realsense2_camera_msgs/include/realsense2_camera_msgs/realsense2_camera_msgs/srv/detail/application_config_write__rosidl_typesupport_introspection_c.h
[2.001s] -- Up-to-date symlink: /home/zzz/work/install/realsense2_camera_msgs/include/realsense2_camera_msgs/realsense2_camera_msgs/srv/detail/calib_config_read__rosidl_typesupport_introspection_c.h
[2.001s] -- Up-to-date symlink: /home/zzz/work/install/realsense2_camera_msgs/include/realsense2_camera_msgs/realsense2_camera_msgs/srv/detail/calib_config_write__rosidl_typesupport_introspection_c.h
[2.002s] -- Up-to-date symlink: /home/zzz/work/install/realsense2_camera_msgs/include/realsense2_camera_msgs/realsense2_camera_msgs/srv/detail/device_info__rosidl_typesupport_introspection_c.h
[2.002s] -- Up-to-date symlink: /home/zzz/work/install/realsense2_camera_msgs/include/realsense2_camera_msgs/realsense2_camera_msgs/srv/detail/hardware_monitor_command_send__rosidl_typesupport_introspection_c.h
[2.002s] -- Up-to-date symlink: /home/zzz/work/install/realsense2_camera_msgs/include/realsense2_camera_msgs/realsense2_camera_msgs/srv/detail/safety_interface_config_read__rosidl_typesupport_introspection_c.h
[2.002s] -- Up-to-date symlink: /home/zzz/work/install/realsense2_camera_msgs/include/realsense2_camera_msgs/realsense2_camera_msgs/srv/detail/safety_interface_config_write__rosidl_typesupport_introspection_c.h
[2.003s] -- Up-to-date symlink: /home/zzz/work/install/realsense2_camera_msgs/include/realsense2_camera_msgs/realsense2_camera_msgs/srv/detail/safety_preset_read__rosidl_typesupport_introspection_c.h
[2.003s] -- Up-to-date symlink: /home/zzz/work/install/realsense2_camera_msgs/include/realsense2_camera_msgs/realsense2_camera_msgs/srv/detail/safety_preset_write__rosidl_typesupport_introspection_c.h
[2.003s] -- Up-to-date symlink: /home/zzz/work/install/realsense2_camera_msgs/include/realsense2_camera_msgs/realsense2_camera_msgs/action/detail/triggered_calibration__builder.hpp
[2.003s] -- Up-to-date symlink: /home/zzz/work/install/realsense2_camera_msgs/include/realsense2_camera_msgs/realsense2_camera_msgs/action/detail/triggered_calibration__struct.hpp
[2.003s] -- Up-to-date symlink: /home/zzz/work/install/realsense2_camera_msgs/include/realsense2_camera_msgs/realsense2_camera_msgs/action/detail/triggered_calibration__traits.hpp
[2.003s] -- Up-to-date symlink: /home/zzz/work/install/realsense2_camera_msgs/include/realsense2_camera_msgs/realsense2_camera_msgs/action/detail/triggered_calibration__type_support.hpp
[2.004s] -- Up-to-date symlink: /home/zzz/work/install/realsense2_camera_msgs/include/realsense2_camera_msgs/realsense2_camera_msgs/action/triggered_calibration.hpp
[2.004s] -- Up-to-date symlink: /home/zzz/work/install/realsense2_camera_msgs/include/realsense2_camera_msgs/realsense2_camera_msgs/msg/detail/extrinsics__builder.hpp
[2.005s] -- Up-to-date symlink: /home/zzz/work/install/realsense2_camera_msgs/include/realsense2_camera_msgs/realsense2_camera_msgs/msg/detail/extrinsics__struct.hpp
[2.005s] -- Up-to-date symlink: /home/zzz/work/install/realsense2_camera_msgs/include/realsense2_camera_msgs/realsense2_camera_msgs/msg/detail/extrinsics__traits.hpp
[2.005s] -- Up-to-date symlink: /home/zzz/work/install/realsense2_camera_msgs/include/realsense2_camera_msgs/realsense2_camera_msgs/msg/detail/extrinsics__type_support.hpp
[2.005s] -- Up-to-date symlink: /home/zzz/work/install/realsense2_camera_msgs/include/realsense2_camera_msgs/realsense2_camera_msgs/msg/detail/imu_info__builder.hpp
[2.005s] -- Up-to-date symlink: /home/zzz/work/install/realsense2_camera_msgs/include/realsense2_camera_msgs/realsense2_camera_msgs/msg/detail/imu_info__struct.hpp
[2.006s] -- Up-to-date symlink: /home/zzz/work/install/realsense2_camera_msgs/include/realsense2_camera_msgs/realsense2_camera_msgs/msg/detail/imu_info__traits.hpp
[2.006s] -- Up-to-date symlink: /home/zzz/work/install/realsense2_camera_msgs/include/realsense2_camera_msgs/realsense2_camera_msgs/msg/detail/imu_info__type_support.hpp
[2.008s] -- Up-to-date symlink: /home/zzz/work/install/realsense2_camera_msgs/include/realsense2_camera_msgs/realsense2_camera_msgs/msg/detail/metadata__builder.hpp
[2.008s] -- Up-to-date symlink: /home/zzz/work/install/realsense2_camera_msgs/include/realsense2_camera_msgs/realsense2_camera_msgs/msg/detail/metadata__struct.hpp
[2.008s] -- Up-to-date symlink: /home/zzz/work/install/realsense2_camera_msgs/include/realsense2_camera_msgs/realsense2_camera_msgs/msg/detail/metadata__traits.hpp
[2.009s] -- Up-to-date symlink: /home/zzz/work/install/realsense2_camera_msgs/include/realsense2_camera_msgs/realsense2_camera_msgs/msg/detail/metadata__type_support.hpp
[2.009s] -- Up-to-date symlink: /home/zzz/work/install/realsense2_camera_msgs/include/realsense2_camera_msgs/realsense2_camera_msgs/msg/detail/rgbd__builder.hpp
[2.009s] -- Up-to-date symlink: /home/zzz/work/install/realsense2_camera_msgs/include/realsense2_camera_msgs/realsense2_camera_msgs/msg/detail/rgbd__struct.hpp
[2.009s] -- Up-to-date symlink: /home/zzz/work/install/realsense2_camera_msgs/include/realsense2_camera_msgs/realsense2_camera_msgs/msg/detail/rgbd__traits.hpp
[2.009s] -- Up-to-date symlink: /home/zzz/work/install/realsense2_camera_msgs/include/realsense2_camera_msgs/realsense2_camera_msgs/msg/detail/rgbd__type_support.hpp
[2.009s] -- Up-to-date symlink: /home/zzz/work/install/realsense2_camera_msgs/include/realsense2_camera_msgs/realsense2_camera_msgs/msg/extrinsics.hpp
[2.009s] -- Up-to-date symlink: /home/zzz/work/install/realsense2_camera_msgs/include/realsense2_camera_msgs/realsense2_camera_msgs/msg/imu_info.hpp
[2.009s] -- Up-to-date symlink: /home/zzz/work/install/realsense2_camera_msgs/include/realsense2_camera_msgs/realsense2_camera_msgs/msg/metadata.hpp
[2.009s] -- Up-to-date symlink: /home/zzz/work/install/realsense2_camera_msgs/include/realsense2_camera_msgs/realsense2_camera_msgs/msg/rgbd.hpp
[2.010s] -- Up-to-date symlink: /home/zzz/work/install/realsense2_camera_msgs/include/realsense2_camera_msgs/realsense2_camera_msgs/msg/rosidl_generator_cpp__visibility_control.hpp
[2.010s] -- Up-to-date symlink: /home/zzz/work/install/realsense2_camera_msgs/include/realsense2_camera_msgs/realsense2_camera_msgs/srv/application_config_read.hpp
[2.010s] -- Up-to-date symlink: /home/zzz/work/install/realsense2_camera_msgs/include/realsense2_camera_msgs/realsense2_camera_msgs/srv/application_config_write.hpp
[2.010s] -- Up-to-date symlink: /home/zzz/work/install/realsense2_camera_msgs/include/realsense2_camera_msgs/realsense2_camera_msgs/srv/calib_config_read.hpp
[2.010s] -- Up-to-date symlink: /home/zzz/work/install/realsense2_camera_msgs/include/realsense2_camera_msgs/realsense2_camera_msgs/srv/calib_config_write.hpp
[2.011s] -- Up-to-date symlink: /home/zzz/work/install/realsense2_camera_msgs/include/realsense2_camera_msgs/realsense2_camera_msgs/srv/detail/application_config_read__builder.hpp
[2.011s] -- Up-to-date symlink: /home/zzz/work/install/realsense2_camera_msgs/include/realsense2_camera_msgs/realsense2_camera_msgs/srv/detail/application_config_read__struct.hpp
[2.011s] -- Up-to-date symlink: /home/zzz/work/install/realsense2_camera_msgs/include/realsense2_camera_msgs/realsense2_camera_msgs/srv/detail/application_config_read__traits.hpp
[2.011s] -- Up-to-date symlink: /home/zzz/work/install/realsense2_camera_msgs/include/realsense2_camera_msgs/realsense2_camera_msgs/srv/detail/application_config_read__type_support.hpp
[2.011s] -- Up-to-date symlink: /home/zzz/work/install/realsense2_camera_msgs/include/realsense2_camera_msgs/realsense2_camera_msgs/srv/detail/application_config_write__builder.hpp
[2.011s] -- Up-to-date symlink: /home/zzz/work/install/realsense2_camera_msgs/include/realsense2_camera_msgs/realsense2_camera_msgs/srv/detail/application_config_write__struct.hpp
[2.012s] -- Up-to-date symlink: /home/zzz/work/install/realsense2_camera_msgs/include/realsense2_camera_msgs/realsense2_camera_msgs/srv/detail/application_config_write__traits.hpp
[2.012s] -- Up-to-date symlink: /home/zzz/work/install/realsense2_camera_msgs/include/realsense2_camera_msgs/realsense2_camera_msgs/srv/detail/application_config_write__type_support.hpp
[2.013s] -- Up-to-date symlink: /home/zzz/work/install/realsense2_camera_msgs/include/realsense2_camera_msgs/realsense2_camera_msgs/srv/detail/calib_config_read__builder.hpp
[2.014s] -- Up-to-date symlink: /home/zzz/work/install/realsense2_camera_msgs/include/realsense2_camera_msgs/realsense2_camera_msgs/srv/detail/calib_config_read__struct.hpp
[2.014s] -- Up-to-date symlink: /home/zzz/work/install/realsense2_camera_msgs/include/realsense2_camera_msgs/realsense2_camera_msgs/srv/detail/calib_config_read__traits.hpp
[2.014s] -- Up-to-date symlink: /home/zzz/work/install/realsense2_camera_msgs/include/realsense2_camera_msgs/realsense2_camera_msgs/srv/detail/calib_config_read__type_support.hpp
[2.014s] -- Up-to-date symlink: /home/zzz/work/install/realsense2_camera_msgs/include/realsense2_camera_msgs/realsense2_camera_msgs/srv/detail/calib_config_write__builder.hpp
[2.014s] -- Up-to-date symlink: /home/zzz/work/install/realsense2_camera_msgs/include/realsense2_camera_msgs/realsense2_camera_msgs/srv/detail/calib_config_write__struct.hpp
[2.014s] -- Up-to-date symlink: /home/zzz/work/install/realsense2_camera_msgs/include/realsense2_camera_msgs/realsense2_camera_msgs/srv/detail/calib_config_write__traits.hpp
[2.015s] -- Up-to-date symlink: /home/zzz/work/install/realsense2_camera_msgs/include/realsense2_camera_msgs/realsense2_camera_msgs/srv/detail/calib_config_write__type_support.hpp
[2.015s] -- Up-to-date symlink: /home/zzz/work/install/realsense2_camera_msgs/include/realsense2_camera_msgs/realsense2_camera_msgs/srv/detail/device_info__builder.hpp
[2.015s] -- Up-to-date symlink: /home/zzz/work/install/realsense2_camera_msgs/include/realsense2_camera_msgs/realsense2_camera_msgs/srv/detail/device_info__struct.hpp
[2.015s] -- Up-to-date symlink: /home/zzz/work/install/realsense2_camera_msgs/include/realsense2_camera_msgs/realsense2_camera_msgs/srv/detail/device_info__traits.hpp
[2.015s] -- Up-to-date symlink: /home/zzz/work/install/realsense2_camera_msgs/include/realsense2_camera_msgs/realsense2_camera_msgs/srv/detail/device_info__type_support.hpp
[2.015s] -- Up-to-date symlink: /home/zzz/work/install/realsense2_camera_msgs/include/realsense2_camera_msgs/realsense2_camera_msgs/srv/detail/hardware_monitor_command_send__builder.hpp
[2.015s] -- Up-to-date symlink: /home/zzz/work/install/realsense2_camera_msgs/include/realsense2_camera_msgs/realsense2_camera_msgs/srv/detail/hardware_monitor_command_send__struct.hpp
[2.015s] -- Up-to-date symlink: /home/zzz/work/install/realsense2_camera_msgs/include/realsense2_camera_msgs/realsense2_camera_msgs/srv/detail/hardware_monitor_command_send__traits.hpp
[2.015s] -- Up-to-date symlink: /home/zzz/work/install/realsense2_camera_msgs/include/realsense2_camera_msgs/realsense2_camera_msgs/srv/detail/hardware_monitor_command_send__type_support.hpp
[2.016s] -- Up-to-date symlink: /home/zzz/work/install/realsense2_camera_msgs/include/realsense2_camera_msgs/realsense2_camera_msgs/srv/detail/safety_interface_config_read__builder.hpp
[2.016s] -- Up-to-date symlink: /home/zzz/work/install/realsense2_camera_msgs/include/realsense2_camera_msgs/realsense2_camera_msgs/srv/detail/safety_interface_config_read__struct.hpp
[2.016s] -- Up-to-date symlink: /home/zzz/work/install/realsense2_camera_msgs/include/realsense2_camera_msgs/realsense2_camera_msgs/srv/detail/safety_interface_config_read__traits.hpp
[2.016s] -- Up-to-date symlink: /home/zzz/work/install/realsense2_camera_msgs/include/realsense2_camera_msgs/realsense2_camera_msgs/srv/detail/safety_interface_config_read__type_support.hpp
[2.020s] -- Up-to-date symlink: /home/zzz/work/install/realsense2_camera_msgs/include/realsense2_camera_msgs/realsense2_camera_msgs/srv/detail/safety_interface_config_write__builder.hpp
[2.020s] -- Up-to-date symlink: /home/zzz/work/install/realsense2_camera_msgs/include/realsense2_camera_msgs/realsense2_camera_msgs/srv/detail/safety_interface_config_write__struct.hpp
[2.020s] -- Up-to-date symlink: /home/zzz/work/install/realsense2_camera_msgs/include/realsense2_camera_msgs/realsense2_camera_msgs/srv/detail/safety_interface_config_write__traits.hpp
[2.020s] -- Up-to-date symlink: /home/zzz/work/install/realsense2_camera_msgs/include/realsense2_camera_msgs/realsense2_camera_msgs/srv/detail/safety_interface_config_write__type_support.hpp
[2.020s] -- Up-to-date symlink: /home/zzz/work/install/realsense2_camera_msgs/include/realsense2_camera_msgs/realsense2_camera_msgs/srv/detail/safety_preset_read__builder.hpp
[2.020s] -- Up-to-date symlink: /home/zzz/work/install/realsense2_camera_msgs/include/realsense2_camera_msgs/realsense2_camera_msgs/srv/detail/safety_preset_read__struct.hpp
[2.020s] -- Up-to-date symlink: /home/zzz/work/install/realsense2_camera_msgs/include/realsense2_camera_msgs/realsense2_camera_msgs/srv/detail/safety_preset_read__traits.hpp
[2.020s] -- Up-to-date symlink: /home/zzz/work/install/realsense2_camera_msgs/include/realsense2_camera_msgs/realsense2_camera_msgs/srv/detail/safety_preset_read__type_support.hpp
[2.020s] -- Up-to-date symlink: /home/zzz/work/install/realsense2_camera_msgs/include/realsense2_camera_msgs/realsense2_camera_msgs/srv/detail/safety_preset_write__builder.hpp
[2.020s] -- Up-to-date symlink: /home/zzz/work/install/realsense2_camera_msgs/include/realsense2_camera_msgs/realsense2_camera_msgs/srv/detail/safety_preset_write__struct.hpp
[2.020s] -- Up-to-date symlink: /home/zzz/work/install/realsense2_camera_msgs/include/realsense2_camera_msgs/realsense2_camera_msgs/srv/detail/safety_preset_write__traits.hpp
[2.020s] -- Up-to-date symlink: /home/zzz/work/install/realsense2_camera_msgs/include/realsense2_camera_msgs/realsense2_camera_msgs/srv/detail/safety_preset_write__type_support.hpp
[2.020s] -- Up-to-date symlink: /home/zzz/work/install/realsense2_camera_msgs/include/realsense2_camera_msgs/realsense2_camera_msgs/srv/device_info.hpp
[2.020s] -- Up-to-date symlink: /home/zzz/work/install/realsense2_camera_msgs/include/realsense2_camera_msgs/realsense2_camera_msgs/srv/hardware_monitor_command_send.hpp
[2.020s] -- Up-to-date symlink: /home/zzz/work/install/realsense2_camera_msgs/include/realsense2_camera_msgs/realsense2_camera_msgs/srv/safety_interface_config_read.hpp
[2.020s] -- Up-to-date symlink: /home/zzz/work/install/realsense2_camera_msgs/include/realsense2_camera_msgs/realsense2_camera_msgs/srv/safety_interface_config_write.hpp
[2.020s] -- Up-to-date symlink: /home/zzz/work/install/realsense2_camera_msgs/include/realsense2_camera_msgs/realsense2_camera_msgs/srv/safety_preset_read.hpp
[2.021s] -- Up-to-date symlink: /home/zzz/work/install/realsense2_camera_msgs/include/realsense2_camera_msgs/realsense2_camera_msgs/srv/safety_preset_write.hpp
[2.021s] -- Up-to-date symlink: /home/zzz/work/install/realsense2_camera_msgs/include/realsense2_camera_msgs/realsense2_camera_msgs/action/detail/triggered_calibration__rosidl_typesupport_fastrtps_cpp.hpp
[2.021s] -- Up-to-date symlink: /home/zzz/work/install/realsense2_camera_msgs/include/realsense2_camera_msgs/realsense2_camera_msgs/msg/detail/extrinsics__rosidl_typesupport_fastrtps_cpp.hpp
[2.021s] -- Up-to-date symlink: /home/zzz/work/install/realsense2_camera_msgs/include/realsense2_camera_msgs/realsense2_camera_msgs/msg/detail/imu_info__rosidl_typesupport_fastrtps_cpp.hpp
[2.021s] -- Up-to-date symlink: /home/zzz/work/install/realsense2_camera_msgs/include/realsense2_camera_msgs/realsense2_camera_msgs/msg/detail/metadata__rosidl_typesupport_fastrtps_cpp.hpp
[2.021s] -- Up-to-date symlink: /home/zzz/work/install/realsense2_camera_msgs/include/realsense2_camera_msgs/realsense2_camera_msgs/msg/detail/rgbd__rosidl_typesupport_fastrtps_cpp.hpp
[2.021s] -- Up-to-date symlink: /home/zzz/work/install/realsense2_camera_msgs/include/realsense2_camera_msgs/realsense2_camera_msgs/msg/rosidl_typesupport_fastrtps_cpp__visibility_control.h
[2.021s] -- Up-to-date symlink: /home/zzz/work/install/realsense2_camera_msgs/include/realsense2_camera_msgs/realsense2_camera_msgs/srv/detail/application_config_read__rosidl_typesupport_fastrtps_cpp.hpp
[2.023s] -- Up-to-date symlink: /home/zzz/work/install/realsense2_camera_msgs/include/realsense2_camera_msgs/realsense2_camera_msgs/srv/detail/application_config_write__rosidl_typesupport_fastrtps_cpp.hpp
[2.023s] -- Up-to-date symlink: /home/zzz/work/install/realsense2_camera_msgs/include/realsense2_camera_msgs/realsense2_camera_msgs/srv/detail/calib_config_read__rosidl_typesupport_fastrtps_cpp.hpp
[2.023s] -- Up-to-date symlink: /home/zzz/work/install/realsense2_camera_msgs/include/realsense2_camera_msgs/realsense2_camera_msgs/srv/detail/calib_config_write__rosidl_typesupport_fastrtps_cpp.hpp
[2.023s] -- Up-to-date symlink: /home/zzz/work/install/realsense2_camera_msgs/include/realsense2_camera_msgs/realsense2_camera_msgs/srv/detail/device_info__rosidl_typesupport_fastrtps_cpp.hpp
[2.023s] -- Up-to-date symlink: /home/zzz/work/install/realsense2_camera_msgs/include/realsense2_camera_msgs/realsense2_camera_msgs/srv/detail/hardware_monitor_command_send__rosidl_typesupport_fastrtps_cpp.hpp
[2.024s] -- Up-to-date symlink: /home/zzz/work/install/realsense2_camera_msgs/include/realsense2_camera_msgs/realsense2_camera_msgs/srv/detail/safety_interface_config_read__rosidl_typesupport_fastrtps_cpp.hpp
[2.024s] -- Up-to-date symlink: /home/zzz/work/install/realsense2_camera_msgs/include/realsense2_camera_msgs/realsense2_camera_msgs/srv/detail/safety_interface_config_write__rosidl_typesupport_fastrtps_cpp.hpp
[2.024s] -- Up-to-date symlink: /home/zzz/work/install/realsense2_camera_msgs/include/realsense2_camera_msgs/realsense2_camera_msgs/srv/detail/safety_preset_read__rosidl_typesupport_fastrtps_cpp.hpp
[2.024s] -- Up-to-date symlink: /home/zzz/work/install/realsense2_camera_msgs/include/realsense2_camera_msgs/realsense2_camera_msgs/srv/detail/safety_preset_write__rosidl_typesupport_fastrtps_cpp.hpp
[2.024s] -- Up-to-date symlink: /home/zzz/work/install/realsense2_camera_msgs/include/realsense2_camera_msgs/realsense2_camera_msgs/action/detail/triggered_calibration__rosidl_typesupport_introspection_cpp.hpp
[2.024s] -- Up-to-date symlink: /home/zzz/work/install/realsense2_camera_msgs/include/realsense2_camera_msgs/realsense2_camera_msgs/msg/detail/extrinsics__rosidl_typesupport_introspection_cpp.hpp
[2.028s] -- Up-to-date symlink: /home/zzz/work/install/realsense2_camera_msgs/include/realsense2_camera_msgs/realsense2_camera_msgs/msg/detail/imu_info__rosidl_typesupport_introspection_cpp.hpp
[2.028s] -- Up-to-date symlink: /home/zzz/work/install/realsense2_camera_msgs/include/realsense2_camera_msgs/realsense2_camera_msgs/msg/detail/metadata__rosidl_typesupport_introspection_cpp.hpp
[2.028s] -- Up-to-date symlink: /home/zzz/work/install/realsense2_camera_msgs/include/realsense2_camera_msgs/realsense2_camera_msgs/msg/detail/rgbd__rosidl_typesupport_introspection_cpp.hpp
[2.028s] -- Up-to-date symlink: /home/zzz/work/install/realsense2_camera_msgs/include/realsense2_camera_msgs/realsense2_camera_msgs/srv/detail/application_config_read__rosidl_typesupport_introspection_cpp.hpp
[2.028s] -- Up-to-date symlink: /home/zzz/work/install/realsense2_camera_msgs/include/realsense2_camera_msgs/realsense2_camera_msgs/srv/detail/application_config_write__rosidl_typesupport_introspection_cpp.hpp
[2.028s] -- Up-to-date symlink: /home/zzz/work/install/realsense2_camera_msgs/include/realsense2_camera_msgs/realsense2_camera_msgs/srv/detail/calib_config_read__rosidl_typesupport_introspection_cpp.hpp
[2.029s] -- Up-to-date symlink: /home/zzz/work/install/realsense2_camera_msgs/include/realsense2_camera_msgs/realsense2_camera_msgs/srv/detail/calib_config_write__rosidl_typesupport_introspection_cpp.hpp
[2.029s] -- Up-to-date symlink: /home/zzz/work/install/realsense2_camera_msgs/include/realsense2_camera_msgs/realsense2_camera_msgs/srv/detail/device_info__rosidl_typesupport_introspection_cpp.hpp
[2.029s] -- Up-to-date symlink: /home/zzz/work/install/realsense2_camera_msgs/include/realsense2_camera_msgs/realsense2_camera_msgs/srv/detail/hardware_monitor_command_send__rosidl_typesupport_introspection_cpp.hpp
[2.029s] -- Up-to-date symlink: /home/zzz/work/install/realsense2_camera_msgs/include/realsense2_camera_msgs/realsense2_camera_msgs/srv/detail/safety_interface_config_read__rosidl_typesupport_introspection_cpp.hpp
[2.029s] -- Up-to-date symlink: /home/zzz/work/install/realsense2_camera_msgs/include/realsense2_camera_msgs/realsense2_camera_msgs/srv/detail/safety_interface_config_write__rosidl_typesupport_introspection_cpp.hpp
[2.029s] -- Up-to-date symlink: /home/zzz/work/install/realsense2_camera_msgs/include/realsense2_camera_msgs/realsense2_camera_msgs/srv/detail/safety_preset_read__rosidl_typesupport_introspection_cpp.hpp
[2.029s] -- Up-to-date symlink: /home/zzz/work/install/realsense2_camera_msgs/include/realsense2_camera_msgs/realsense2_camera_msgs/srv/detail/safety_preset_write__rosidl_typesupport_introspection_cpp.hpp
[2.030s] -- Up-to-date symlink: /home/zzz/work/install/realsense2_camera_msgs/share/realsense2_camera_msgs/environment/pythonpath.sh
[2.030s] -- Up-to-date symlink: /home/zzz/work/install/realsense2_camera_msgs/share/realsense2_camera_msgs/environment/pythonpath.dsv
[2.030s] -- Up-to-date symlink: /home/zzz/work/install/realsense2_camera_msgs/local/lib/python3.10/dist-packages/realsense2_camera_msgs-4.57.4-py3.10.egg-info/PKG-INFO
[2.030s] -- Up-to-date symlink: /home/zzz/work/install/realsense2_camera_msgs/local/lib/python3.10/dist-packages/realsense2_camera_msgs-4.57.4-py3.10.egg-info/SOURCES.txt
[2.030s] -- Up-to-date symlink: /home/zzz/work/install/realsense2_camera_msgs/local/lib/python3.10/dist-packages/realsense2_camera_msgs-4.57.4-py3.10.egg-info/dependency_links.txt
[2.030s] -- Up-to-date symlink: /home/zzz/work/install/realsense2_camera_msgs/local/lib/python3.10/dist-packages/realsense2_camera_msgs-4.57.4-py3.10.egg-info/top_level.txt
[2.030s] -- Up-to-date symlink: /home/zzz/work/install/realsense2_camera_msgs/local/lib/python3.10/dist-packages/realsense2_camera_msgs/__init__.py
[2.030s] -- Up-to-date symlink: /home/zzz/work/install/realsense2_camera_msgs/local/lib/python3.10/dist-packages/realsense2_camera_msgs/_realsense2_camera_msgs_s.ep.rosidl_typesupport_c.c
[2.030s] -- Up-to-date symlink: /home/zzz/work/install/realsense2_camera_msgs/local/lib/python3.10/dist-packages/realsense2_camera_msgs/_realsense2_camera_msgs_s.ep.rosidl_typesupport_fastrtps_c.c
[2.030s] -- Up-to-date symlink: /home/zzz/work/install/realsense2_camera_msgs/local/lib/python3.10/dist-packages/realsense2_camera_msgs/_realsense2_camera_msgs_s.ep.rosidl_typesupport_introspection_c.c
[2.030s] -- Up-to-date symlink: /home/zzz/work/install/realsense2_camera_msgs/local/lib/python3.10/dist-packages/realsense2_camera_msgs/action/__init__.py
[2.030s] -- Up-to-date symlink: /home/zzz/work/install/realsense2_camera_msgs/local/lib/python3.10/dist-packages/realsense2_camera_msgs/action/_triggered_calibration.py
[2.030s] -- Up-to-date symlink: /home/zzz/work/install/realsense2_camera_msgs/local/lib/python3.10/dist-packages/realsense2_camera_msgs/action/_triggered_calibration_s.c
[2.030s] -- Up-to-date symlink: /home/zzz/work/install/realsense2_camera_msgs/local/lib/python3.10/dist-packages/realsense2_camera_msgs/librealsense2_camera_msgs__rosidl_generator_py.so
[2.030s] -- Up-to-date symlink: /home/zzz/work/install/realsense2_camera_msgs/local/lib/python3.10/dist-packages/realsense2_camera_msgs/msg/__init__.py
[2.031s] -- Up-to-date symlink: /home/zzz/work/install/realsense2_camera_msgs/local/lib/python3.10/dist-packages/realsense2_camera_msgs/msg/_extrinsics.py
[2.032s] -- Up-to-date symlink: /home/zzz/work/install/realsense2_camera_msgs/local/lib/python3.10/dist-packages/realsense2_camera_msgs/msg/_extrinsics_s.c
[2.032s] -- Up-to-date symlink: /home/zzz/work/install/realsense2_camera_msgs/local/lib/python3.10/dist-packages/realsense2_camera_msgs/msg/_imu_info.py
[2.032s] -- Up-to-date symlink: /home/zzz/work/install/realsense2_camera_msgs/local/lib/python3.10/dist-packages/realsense2_camera_msgs/msg/_imu_info_s.c
[2.032s] -- Up-to-date symlink: /home/zzz/work/install/realsense2_camera_msgs/local/lib/python3.10/dist-packages/realsense2_camera_msgs/msg/_metadata.py
[2.033s] -- Up-to-date symlink: /home/zzz/work/install/realsense2_camera_msgs/local/lib/python3.10/dist-packages/realsense2_camera_msgs/msg/_metadata_s.c
[2.033s] -- Up-to-date symlink: /home/zzz/work/install/realsense2_camera_msgs/local/lib/python3.10/dist-packages/realsense2_camera_msgs/msg/_rgbd.py
[2.033s] -- Up-to-date symlink: /home/zzz/work/install/realsense2_camera_msgs/local/lib/python3.10/dist-packages/realsense2_camera_msgs/msg/_rgbd_s.c
[2.033s] -- Up-to-date symlink: /home/zzz/work/install/realsense2_camera_msgs/local/lib/python3.10/dist-packages/realsense2_camera_msgs/realsense2_camera_msgs_s__rosidl_typesupport_c.cpython-310-x86_64-linux-gnu.so
[2.033s] -- Up-to-date symlink: /home/zzz/work/install/realsense2_camera_msgs/local/lib/python3.10/dist-packages/realsense2_camera_msgs/realsense2_camera_msgs_s__rosidl_typesupport_fastrtps_c.cpython-310-x86_64-linux-gnu.so
[2.033s] -- Up-to-date symlink: /home/zzz/work/install/realsense2_camera_msgs/local/lib/python3.10/dist-packages/realsense2_camera_msgs/realsense2_camera_msgs_s__rosidl_typesupport_introspection_c.cpython-310-x86_64-linux-gnu.so
[2.033s] -- Up-to-date symlink: /home/zzz/work/install/realsense2_camera_msgs/local/lib/python3.10/dist-packages/realsense2_camera_msgs/srv/__init__.py
[2.033s] -- Up-to-date symlink: /home/zzz/work/install/realsense2_camera_msgs/local/lib/python3.10/dist-packages/realsense2_camera_msgs/srv/_application_config_read.py
[2.033s] -- Up-to-date symlink: /home/zzz/work/install/realsense2_camera_msgs/local/lib/python3.10/dist-packages/realsense2_camera_msgs/srv/_application_config_read_s.c
[2.033s] -- Up-to-date symlink: /home/zzz/work/install/realsense2_camera_msgs/local/lib/python3.10/dist-packages/realsense2_camera_msgs/srv/_application_config_write.py
[2.033s] -- Up-to-date symlink: /home/zzz/work/install/realsense2_camera_msgs/local/lib/python3.10/dist-packages/realsense2_camera_msgs/srv/_application_config_write_s.c
[2.033s] -- Up-to-date symlink: /home/zzz/work/install/realsense2_camera_msgs/local/lib/python3.10/dist-packages/realsense2_camera_msgs/srv/_calib_config_read.py
[2.033s] -- Up-to-date symlink: /home/zzz/work/install/realsense2_camera_msgs/local/lib/python3.10/dist-packages/realsense2_camera_msgs/srv/_calib_config_read_s.c
[2.033s] -- Up-to-date symlink: /home/zzz/work/install/realsense2_camera_msgs/local/lib/python3.10/dist-packages/realsense2_camera_msgs/srv/_calib_config_write.py
[2.033s] -- Up-to-date symlink: /home/zzz/work/install/realsense2_camera_msgs/local/lib/python3.10/dist-packages/realsense2_camera_msgs/srv/_calib_config_write_s.c
[2.037s] -- Up-to-date symlink: /home/zzz/work/install/realsense2_camera_msgs/local/lib/python3.10/dist-packages/realsense2_camera_msgs/srv/_device_info.py
[2.038s] -- Up-to-date symlink: /home/zzz/work/install/realsense2_camera_msgs/local/lib/python3.10/dist-packages/realsense2_camera_msgs/srv/_device_info_s.c
[2.038s] -- Up-to-date symlink: /home/zzz/work/install/realsense2_camera_msgs/local/lib/python3.10/dist-packages/realsense2_camera_msgs/srv/_hardware_monitor_command_send.py
[2.038s] -- Up-to-date symlink: /home/zzz/work/install/realsense2_camera_msgs/local/lib/python3.10/dist-packages/realsense2_camera_msgs/srv/_hardware_monitor_command_send_s.c
[2.038s] -- Up-to-date symlink: /home/zzz/work/install/realsense2_camera_msgs/local/lib/python3.10/dist-packages/realsense2_camera_msgs/srv/_safety_interface_config_read.py
[2.038s] -- Up-to-date symlink: /home/zzz/work/install/realsense2_camera_msgs/local/lib/python3.10/dist-packages/realsense2_camera_msgs/srv/_safety_interface_config_read_s.c
[2.038s] -- Up-to-date symlink: /home/zzz/work/install/realsense2_camera_msgs/local/lib/python3.10/dist-packages/realsense2_camera_msgs/srv/_safety_interface_config_write.py
[2.038s] -- Up-to-date symlink: /home/zzz/work/install/realsense2_camera_msgs/local/lib/python3.10/dist-packages/realsense2_camera_msgs/srv/_safety_interface_config_write_s.c
[2.038s] -- Up-to-date symlink: /home/zzz/work/install/realsense2_camera_msgs/local/lib/python3.10/dist-packages/realsense2_camera_msgs/srv/_safety_preset_read.py
[2.039s] -- Up-to-date symlink: /home/zzz/work/install/realsense2_camera_msgs/local/lib/python3.10/dist-packages/realsense2_camera_msgs/srv/_safety_preset_read_s.c
[2.039s] -- Up-to-date symlink: /home/zzz/work/install/realsense2_camera_msgs/local/lib/python3.10/dist-packages/realsense2_camera_msgs/srv/_safety_preset_write.py
[2.039s] -- Up-to-date symlink: /home/zzz/work/install/realsense2_camera_msgs/local/lib/python3.10/dist-packages/realsense2_camera_msgs/srv/_safety_preset_write_s.c
[2.039s] -- Up-to-date symlink: /home/zzz/work/install/realsense2_camera_msgs/local/lib/python3.10/dist-packages/realsense2_camera_msgs/realsense2_camera_msgs_s__rosidl_typesupport_fastrtps_c.cpython-310-x86_64-linux-gnu.so
[2.039s] -- Up-to-date symlink: /home/zzz/work/install/realsense2_camera_msgs/local/lib/python3.10/dist-packages/realsense2_camera_msgs/realsense2_camera_msgs_s__rosidl_typesupport_introspection_c.cpython-310-x86_64-linux-gnu.so
[2.039s] -- Up-to-date symlink: /home/zzz/work/install/realsense2_camera_msgs/local/lib/python3.10/dist-packages/realsense2_camera_msgs/realsense2_camera_msgs_s__rosidl_typesupport_c.cpython-310-x86_64-linux-gnu.so
[2.039s] -- Up-to-date symlink: /home/zzz/work/install/realsense2_camera_msgs/share/ament_index/resource_index/rust_packages/realsense2_camera_msgs
[2.039s] -- Up-to-date symlink: /home/zzz/work/install/realsense2_camera_msgs/share/realsense2_camera_msgs/rust/Cargo.toml
[2.039s] -- Up-to-date symlink: /home/zzz/work/install/realsense2_camera_msgs/share/realsense2_camera_msgs/rust/build.rs
[2.039s] -- Up-to-date symlink: /home/zzz/work/install/realsense2_camera_msgs/share/realsense2_camera_msgs/rust/src/action.rs
[2.039s] -- Up-to-date symlink: /home/zzz/work/install/realsense2_camera_msgs/share/realsense2_camera_msgs/rust/src/action/rmw.rs
[2.039s] -- Up-to-date symlink: /home/zzz/work/install/realsense2_camera_msgs/share/realsense2_camera_msgs/rust/src/lib.rs
[2.039s] -- Up-to-date symlink: /home/zzz/work/install/realsense2_camera_msgs/share/realsense2_camera_msgs/rust/src/msg.rs
[2.040s] -- Up-to-date symlink: /home/zzz/work/install/realsense2_camera_msgs/share/realsense2_camera_msgs/rust/src/msg/rmw.rs
[2.040s] -- Up-to-date symlink: /home/zzz/work/install/realsense2_camera_msgs/share/realsense2_camera_msgs/rust/src/srv.rs
[2.040s] -- Up-to-date symlink: /home/zzz/work/install/realsense2_camera_msgs/share/realsense2_camera_msgs/rust/src/srv/rmw.rs
[2.040s] -- Up-to-date symlink: /home/zzz/work/install/realsense2_camera_msgs/share/realsense2_camera_msgs/msg/IMUInfo.idl
[2.040s] -- Up-to-date symlink: /home/zzz/work/install/realsense2_camera_msgs/share/realsense2_camera_msgs/msg/Extrinsics.idl
[2.040s] -- Up-to-date symlink: /home/zzz/work/install/realsense2_camera_msgs/share/realsense2_camera_msgs/msg/Metadata.idl
[2.040s] -- Up-to-date symlink: /home/zzz/work/install/realsense2_camera_msgs/share/realsense2_camera_msgs/msg/RGBD.idl
[2.040s] -- Up-to-date symlink: /home/zzz/work/install/realsense2_camera_msgs/share/realsense2_camera_msgs/srv/DeviceInfo.idl
[2.040s] -- Up-to-date symlink: /home/zzz/work/install/realsense2_camera_msgs/share/realsense2_camera_msgs/srv/SafetyPresetRead.idl
[2.040s] -- Up-to-date symlink: /home/zzz/work/install/realsense2_camera_msgs/share/realsense2_camera_msgs/srv/SafetyPresetWrite.idl
[2.040s] -- Up-to-date symlink: /home/zzz/work/install/realsense2_camera_msgs/share/realsense2_camera_msgs/srv/SafetyInterfaceConfigRead.idl
[2.040s] -- Up-to-date symlink: /home/zzz/work/install/realsense2_camera_msgs/share/realsense2_camera_msgs/srv/SafetyInterfaceConfigWrite.idl
[2.040s] -- Up-to-date symlink: /home/zzz/work/install/realsense2_camera_msgs/share/realsense2_camera_msgs/srv/CalibConfigRead.idl
[2.040s] -- Up-to-date symlink: /home/zzz/work/install/realsense2_camera_msgs/share/realsense2_camera_msgs/srv/CalibConfigWrite.idl
[2.040s] -- Up-to-date symlink: /home/zzz/work/install/realsense2_camera_msgs/share/realsense2_camera_msgs/srv/ApplicationConfigRead.idl
[2.040s] -- Up-to-date symlink: /home/zzz/work/install/realsense2_camera_msgs/share/realsense2_camera_msgs/srv/ApplicationConfigWrite.idl
[2.040s] -- Up-to-date symlink: /home/zzz/work/install/realsense2_camera_msgs/share/realsense2_camera_msgs/srv/HardwareMonitorCommandSend.idl
[2.040s] -- Up-to-date symlink: /home/zzz/work/install/realsense2_camera_msgs/share/realsense2_camera_msgs/action/TriggeredCalibration.idl
[2.040s] -- Up-to-date symlink: /home/zzz/work/install/realsense2_camera_msgs/share/realsense2_camera_msgs/msg/IMUInfo.msg
[2.041s] -- Up-to-date symlink: /home/zzz/work/install/realsense2_camera_msgs/share/realsense2_camera_msgs/msg/Extrinsics.msg
[2.041s] -- Up-to-date symlink: /home/zzz/work/install/realsense2_camera_msgs/share/realsense2_camera_msgs/msg/Metadata.msg
[2.041s] -- Up-to-date symlink: /home/zzz/work/install/realsense2_camera_msgs/share/realsense2_camera_msgs/msg/RGBD.msg
[2.041s] -- Up-to-date symlink: /home/zzz/work/install/realsense2_camera_msgs/share/realsense2_camera_msgs/srv/DeviceInfo.srv
[2.041s] -- Up-to-date symlink: /home/zzz/work/install/realsense2_camera_msgs/share/realsense2_camera_msgs/srv/DeviceInfo_Request.msg
[2.041s] -- Up-to-date symlink: /home/zzz/work/install/realsense2_camera_msgs/share/realsense2_camera_msgs/srv/DeviceInfo_Response.msg
[2.041s] -- Up-to-date symlink: /home/zzz/work/install/realsense2_camera_msgs/share/realsense2_camera_msgs/srv/SafetyPresetRead.srv
[2.041s] -- Up-to-date symlink: /home/zzz/work/install/realsense2_camera_msgs/share/realsense2_camera_msgs/srv/SafetyPresetRead_Request.msg
[2.041s] -- Up-to-date symlink: /home/zzz/work/install/realsense2_camera_msgs/share/realsense2_camera_msgs/srv/SafetyPresetRead_Response.msg
[2.041s] -- Up-to-date symlink: /home/zzz/work/install/realsense2_camera_msgs/share/realsense2_camera_msgs/srv/SafetyPresetWrite.srv
[2.041s] -- Up-to-date symlink: /home/zzz/work/install/realsense2_camera_msgs/share/realsense2_camera_msgs/srv/SafetyPresetWrite_Request.msg
[2.041s] -- Up-to-date symlink: /home/zzz/work/install/realsense2_camera_msgs/share/realsense2_camera_msgs/srv/SafetyPresetWrite_Response.msg
[2.043s] -- Up-to-date symlink: /home/zzz/work/install/realsense2_camera_msgs/share/realsense2_camera_msgs/srv/SafetyInterfaceConfigRead.srv
[2.043s] -- Up-to-date symlink: /home/zzz/work/install/realsense2_camera_msgs/share/realsense2_camera_msgs/srv/SafetyInterfaceConfigRead_Request.msg
[2.043s] -- Up-to-date symlink: /home/zzz/work/install/realsense2_camera_msgs/share/realsense2_camera_msgs/srv/SafetyInterfaceConfigRead_Response.msg
[2.043s] -- Up-to-date symlink: /home/zzz/work/install/realsense2_camera_msgs/share/realsense2_camera_msgs/srv/SafetyInterfaceConfigWrite.srv
[2.043s] -- Up-to-date symlink: /home/zzz/work/install/realsense2_camera_msgs/share/realsense2_camera_msgs/srv/SafetyInterfaceConfigWrite_Request.msg
[2.044s] -- Up-to-date symlink: /home/zzz/work/install/realsense2_camera_msgs/share/realsense2_camera_msgs/srv/SafetyInterfaceConfigWrite_Response.msg
[2.044s] -- Up-to-date symlink: /home/zzz/work/install/realsense2_camera_msgs/share/realsense2_camera_msgs/srv/CalibConfigRead.srv
[2.044s] -- Up-to-date symlink: /home/zzz/work/install/realsense2_camera_msgs/share/realsense2_camera_msgs/srv/CalibConfigRead_Request.msg
[2.044s] -- Up-to-date symlink: /home/zzz/work/install/realsense2_camera_msgs/share/realsense2_camera_msgs/srv/CalibConfigRead_Response.msg
[2.044s] -- Up-to-date symlink: /home/zzz/work/install/realsense2_camera_msgs/share/realsense2_camera_msgs/srv/CalibConfigWrite.srv
[2.044s] -- Up-to-date symlink: /home/zzz/work/install/realsense2_camera_msgs/share/realsense2_camera_msgs/srv/CalibConfigWrite_Request.msg
[2.044s] -- Up-to-date symlink: /home/zzz/work/install/realsense2_camera_msgs/share/realsense2_camera_msgs/srv/CalibConfigWrite_Response.msg
[2.044s] -- Up-to-date symlink: /home/zzz/work/install/realsense2_camera_msgs/share/realsense2_camera_msgs/srv/ApplicationConfigRead.srv
[2.044s] -- Up-to-date symlink: /home/zzz/work/install/realsense2_camera_msgs/share/realsense2_camera_msgs/srv/ApplicationConfigRead_Request.msg
[2.044s] -- Up-to-date symlink: /home/zzz/work/install/realsense2_camera_msgs/share/realsense2_camera_msgs/srv/ApplicationConfigRead_Response.msg
[2.045s] -- Up-to-date symlink: /home/zzz/work/install/realsense2_camera_msgs/share/realsense2_camera_msgs/srv/ApplicationConfigWrite.srv
[2.045s] -- Up-to-date symlink: /home/zzz/work/install/realsense2_camera_msgs/share/realsense2_camera_msgs/srv/ApplicationConfigWrite_Request.msg
[2.045s] -- Up-to-date symlink: /home/zzz/work/install/realsense2_camera_msgs/share/realsense2_camera_msgs/srv/ApplicationConfigWrite_Response.msg
[2.045s] -- Up-to-date symlink: /home/zzz/work/install/realsense2_camera_msgs/share/realsense2_camera_msgs/srv/HardwareMonitorCommandSend.srv
[2.045s] -- Up-to-date symlink: /home/zzz/work/install/realsense2_camera_msgs/share/realsense2_camera_msgs/srv/HardwareMonitorCommandSend_Request.msg
[2.045s] -- Up-to-date symlink: /home/zzz/work/install/realsense2_camera_msgs/share/realsense2_camera_msgs/srv/HardwareMonitorCommandSend_Response.msg
[2.045s] -- Up-to-date symlink: /home/zzz/work/install/realsense2_camera_msgs/share/realsense2_camera_msgs/action/TriggeredCalibration.action
[2.045s] -- Up-to-date symlink: /home/zzz/work/install/realsense2_camera_msgs/share/ament_index/resource_index/package_run_dependencies/realsense2_camera_msgs
[2.046s] -- Up-to-date symlink: /home/zzz/work/install/realsense2_camera_msgs/share/ament_index/resource_index/parent_prefix_path/realsense2_camera_msgs
[2.046s] -- Up-to-date symlink: /home/zzz/work/install/realsense2_camera_msgs/share/realsense2_camera_msgs/environment/ament_prefix_path.sh
[2.046s] -- Up-to-date symlink: /home/zzz/work/install/realsense2_camera_msgs/share/realsense2_camera_msgs/environment/ament_prefix_path.dsv
[2.046s] -- Up-to-date symlink: /home/zzz/work/install/realsense2_camera_msgs/share/realsense2_camera_msgs/environment/path.sh
[2.046s] -- Up-to-date symlink: /home/zzz/work/install/realsense2_camera_msgs/share/realsense2_camera_msgs/environment/path.dsv
[2.046s] -- Up-to-date symlink: /home/zzz/work/install/realsense2_camera_msgs/share/realsense2_camera_msgs/local_setup.bash
[2.052s] -- Up-to-date symlink: /home/zzz/work/install/realsense2_camera_msgs/share/realsense2_camera_msgs/local_setup.sh
[2.053s] -- Up-to-date symlink: /home/zzz/work/install/realsense2_camera_msgs/share/realsense2_camera_msgs/local_setup.zsh
[2.054s] -- Up-to-date symlink: /home/zzz/work/install/realsense2_camera_msgs/share/realsense2_camera_msgs/local_setup.dsv
[2.054s] -- Symlinking: /home/zzz/work/install/realsense2_camera_msgs/share/realsense2_camera_msgs/package.dsv
[2.054s] -- Up-to-date symlink: /home/zzz/work/install/realsense2_camera_msgs/share/ament_index/resource_index/packages/realsense2_camera_msgs
[2.055s] -- Up-to-date symlink: /home/zzz/work/install/realsense2_camera_msgs/share/realsense2_camera_msgs/cmake/rosidl_cmake-extras.cmake
[2.055s] -- Up-to-date symlink: /home/zzz/work/install/realsense2_camera_msgs/share/realsense2_camera_msgs/cmake/ament_cmake_export_dependencies-extras.cmake
[2.055s] -- Up-to-date symlink: /home/zzz/work/install/realsense2_camera_msgs/share/realsense2_camera_msgs/cmake/ament_cmake_export_include_directories-extras.cmake
[2.055s] -- Up-to-date symlink: /home/zzz/work/install/realsense2_camera_msgs/share/realsense2_camera_msgs/cmake/ament_cmake_export_libraries-extras.cmake
[2.057s] -- Up-to-date symlink: /home/zzz/work/install/realsense2_camera_msgs/share/realsense2_camera_msgs/cmake/ament_cmake_export_targets-extras.cmake
[2.057s] -- Up-to-date symlink: /home/zzz/work/install/realsense2_camera_msgs/share/realsense2_camera_msgs/cmake/rosidl_cmake_export_typesupport_targets-extras.cmake
[2.057s] -- Up-to-date symlink: /home/zzz/work/install/realsense2_camera_msgs/share/realsense2_camera_msgs/cmake/rosidl_cmake_export_typesupport_libraries-extras.cmake
[2.057s] -- Up-to-date symlink: /home/zzz/work/install/realsense2_camera_msgs/share/realsense2_camera_msgs/cmake/realsense2_camera_msgsConfig.cmake
[2.057s] -- Up-to-date symlink: /home/zzz/work/install/realsense2_camera_msgs/share/realsense2_camera_msgs/cmake/realsense2_camera_msgsConfig-version.cmake
[2.057s] -- Up-to-date symlink: /home/zzz/work/install/realsense2_camera_msgs/share/realsense2_camera_msgs/package.xml
[2.057s] -- Up-to-date: /home/zzz/work/install/realsense2_camera_msgs/lib/librealsense2_camera_msgs__rosidl_generator_c.so
[2.057s] -- Up-to-date: /home/zzz/work/install/realsense2_camera_msgs/lib/librealsense2_camera_msgs__rosidl_typesupport_fastrtps_c.so
[2.057s] -- Up-to-date: /home/zzz/work/install/realsense2_camera_msgs/lib/librealsense2_camera_msgs__rosidl_typesupport_introspection_c.so
[2.057s] -- Up-to-date: /home/zzz/work/install/realsense2_camera_msgs/lib/librealsense2_camera_msgs__rosidl_typesupport_c.so
[2.057s] -- Up-to-date: /home/zzz/work/install/realsense2_camera_msgs/lib/librealsense2_camera_msgs__rosidl_typesupport_fastrtps_cpp.so
[2.057s] -- Up-to-date: /home/zzz/work/install/realsense2_camera_msgs/lib/librealsense2_camera_msgs__rosidl_typesupport_introspection_cpp.so
[2.057s] -- Up-to-date: /home/zzz/work/install/realsense2_camera_msgs/lib/librealsense2_camera_msgs__rosidl_typesupport_cpp.so
[2.077s] Listing '/home/zzz/work/install/realsense2_camera_msgs/local/lib/python3.10/dist-packages/realsense2_camera_msgs'...
[2.077s] Listing '/home/zzz/work/install/realsense2_camera_msgs/local/lib/python3.10/dist-packages/realsense2_camera_msgs/action'...
[2.077s] Listing '/home/zzz/work/install/realsense2_camera_msgs/local/lib/python3.10/dist-packages/realsense2_camera_msgs/msg'...
[2.078s] Listing '/home/zzz/work/install/realsense2_camera_msgs/local/lib/python3.10/dist-packages/realsense2_camera_msgs/srv'...
[2.083s] -- Up-to-date: /home/zzz/work/install/realsense2_camera_msgs/lib/librealsense2_camera_msgs__rosidl_generator_py.so
[2.085s] -- Up-to-date: /home/zzz/work/install/realsense2_camera_msgs/share/realsense2_camera_msgs/cmake/export_realsense2_camera_msgs__rosidl_generator_cExport.cmake
[2.085s] -- Up-to-date: /home/zzz/work/install/realsense2_camera_msgs/share/realsense2_camera_msgs/cmake/export_realsense2_camera_msgs__rosidl_generator_cExport-noconfig.cmake
[2.086s] -- Up-to-date: /home/zzz/work/install/realsense2_camera_msgs/share/realsense2_camera_msgs/cmake/export_realsense2_camera_msgs__rosidl_typesupport_fastrtps_cExport.cmake
[2.086s] -- Up-to-date: /home/zzz/work/install/realsense2_camera_msgs/share/realsense2_camera_msgs/cmake/export_realsense2_camera_msgs__rosidl_typesupport_fastrtps_cExport-noconfig.cmake
[2.088s] -- Up-to-date: /home/zzz/work/install/realsense2_camera_msgs/share/realsense2_camera_msgs/cmake/realsense2_camera_msgs__rosidl_typesupport_introspection_cExport.cmake
[2.094s] -- Up-to-date: /home/zzz/work/install/realsense2_camera_msgs/share/realsense2_camera_msgs/cmake/realsense2_camera_msgs__rosidl_typesupport_introspection_cExport-noconfig.cmake
[2.094s] -- Up-to-date: /home/zzz/work/install/realsense2_camera_msgs/share/realsense2_camera_msgs/cmake/realsense2_camera_msgs__rosidl_typesupport_cExport.cmake
[2.095s] -- Up-to-date: /home/zzz/work/install/realsense2_camera_msgs/share/realsense2_camera_msgs/cmake/realsense2_camera_msgs__rosidl_typesupport_cExport-noconfig.cmake
[2.098s] -- Up-to-date: /home/zzz/work/install/realsense2_camera_msgs/share/realsense2_camera_msgs/cmake/export_realsense2_camera_msgs__rosidl_generator_cppExport.cmake
[2.098s] -- Up-to-date: /home/zzz/work/install/realsense2_camera_msgs/share/realsense2_camera_msgs/cmake/export_realsense2_camera_msgs__rosidl_typesupport_fastrtps_cppExport.cmake
[2.098s] -- Up-to-date: /home/zzz/work/install/realsense2_camera_msgs/share/realsense2_camera_msgs/cmake/export_realsense2_camera_msgs__rosidl_typesupport_fastrtps_cppExport-noconfig.cmake
[2.098s] -- Up-to-date: /home/zzz/work/install/realsense2_camera_msgs/share/realsense2_camera_msgs/cmake/realsense2_camera_msgs__rosidl_typesupport_introspection_cppExport.cmake
[2.099s] -- Up-to-date: /home/zzz/work/install/realsense2_camera_msgs/share/realsense2_camera_msgs/cmake/realsense2_camera_msgs__rosidl_typesupport_introspection_cppExport-noconfig.cmake
[2.099s] -- Up-to-date: /home/zzz/work/install/realsense2_camera_msgs/share/realsense2_camera_msgs/cmake/realsense2_camera_msgs__rosidl_typesupport_cppExport.cmake
[2.100s] -- Up-to-date: /home/zzz/work/install/realsense2_camera_msgs/share/realsense2_camera_msgs/cmake/realsense2_camera_msgs__rosidl_typesupport_cppExport-noconfig.cmake
[2.101s] -- Up-to-date: /home/zzz/work/install/realsense2_camera_msgs/share/realsense2_camera_msgs/cmake/export_realsense2_camera_msgs__rosidl_generator_pyExport.cmake
[2.102s] -- Up-to-date: /home/zzz/work/install/realsense2_camera_msgs/share/realsense2_camera_msgs/cmake/export_realsense2_camera_msgs__rosidl_generator_pyExport-noconfig.cmake
[2.144s] Invoked command in '/home/zzz/work/build/realsense2_camera_msgs' returned '0': CMAKE_PREFIX_PATH=${CMAKE_PREFIX_PATH}:/home/zzz/work/install/yolo:/home/zzz/work/install/realsense2_ros_mqtt_bridge:/home/zzz/work/install/hiwin_example:/home/zzz/work/install/arduino_bridge:/opt/ros/humble /usr/bin/cmake --install /home/zzz/work/build/realsense2_camera_msgs
