[0.017s] Invoking command in '/home/leo/work/build/hiwin_interfaces': CMAKE_PREFIX_PATH=/opt/ros/humble /usr/bin/cmake /home/leo/work/src/Hiwin_libmodbus/hiwin_interfaces -DCMAKE_INSTALL_PREFIX=/home/leo/work/install/hiwin_interfaces
[0.287s] -- The C compiler identification is GNU 11.4.0
[0.287s] -- The CXX compiler identification is GNU 11.4.0
[0.287s] -- Detecting C compiler ABI info
[0.287s] -- Detecting C compiler ABI info - done
[0.287s] -- Check for working C compiler: /usr/bin/cc - skipped
[0.287s] -- Detecting C compile features
[0.287s] -- Detecting C compile features - done
[0.287s] -- Detecting CXX compiler ABI info
[0.287s] -- Detecting CXX compiler ABI info - done
[0.288s] -- Check for working CXX compiler: /usr/bin/c++ - skipped
[0.288s] -- Detecting CXX compile features
[0.288s] -- Detecting CXX compile features - done
[0.288s] -- Found ament_cmake: 1.3.14 (/opt/ros/humble/share/ament_cmake/cmake)
[0.356s] -- Found Python3: /usr/bin/python3 (found version "3.10.12") found components: Interpreter 
[0.438s] -- Found geometry_msgs: 4.9.1 (/opt/ros/humble/share/geometry_msgs/cmake)
[0.477s] -- Found rosidl_generator_c: 3.1.8 (/opt/ros/humble/share/rosidl_generator_c/cmake)
[0.481s] -- Found rosidl_adapter: 3.1.8 (/opt/ros/humble/share/rosidl_adapter/cmake)
[0.492s] -- Found rosidl_generator_cpp: 3.1.8 (/opt/ros/humble/share/rosidl_generator_cpp/cmake)
[0.507s] -- Using all available rosidl_typesupport_c: rosidl_typesupport_fastrtps_c;rosidl_typesupport_introspection_c
[0.518s] -- Using all available rosidl_typesupport_cpp: rosidl_typesupport_fastrtps_cpp;rosidl_typesupport_introspection_cpp
[0.554s] -- Found rosidl_default_generators: 1.2.1 (/opt/ros/humble/share/rosidl_default_generators/cmake)
[0.771s] -- Found ament_cmake_ros: 0.10.0 (/opt/ros/humble/share/ament_cmake_ros/cmake)
[1.037s] -- Using all available rosidl_typesupport_c: rosidl_typesupport_fastrtps_c;rosidl_typesupport_introspection_c
[1.138s] -- Using all available rosidl_typesupport_cpp: rosidl_typesupport_fastrtps_cpp;rosidl_typesupport_introspection_cpp
[1.156s] -- Found PythonInterp: /usr/bin/python3 (found suitable version "3.10.12", minimum required is "3.6") 
[1.158s] -- Found python_cmake_module: 0.10.0 (/opt/ros/humble/share/python_cmake_module/cmake)
[1.183s] -- Found PythonLibs: /usr/lib/x86_64-linux-gnu/libpython3.10.so (found suitable version "3.10.12", minimum required is "3.5") 
[1.183s] -- Using PYTHON_EXECUTABLE: /usr/bin/python3
[1.183s] -- Using PYTHON_INCLUDE_DIRS: /usr/include/python3.10
[1.183s] -- Using PYTHON_LIBRARIES: /usr/lib/x86_64-linux-gnu/libpython3.10.so
[1.200s] -- Found PythonExtra: .so  
[1.323s] -- Using numpy include directory: /usr/local/lib/python3.10/dist-packages/numpy/core/include
[1.389s] -- Found ament_lint_auto: 0.12.15 (/opt/ros/humble/share/ament_lint_auto/cmake)
[1.431s] -- Added test 'lint_cmake' to check CMake code style
[1.433s] -- Added test 'xmllint' to check XML markup files
[1.438s] -- Configuring done
[1.467s] -- Generating done
[1.473s] -- Build files have been written to: /home/leo/work/build/hiwin_interfaces
[1.479s] Invoked command in '/home/leo/work/build/hiwin_interfaces' returned '0': CMAKE_PREFIX_PATH=/opt/ros/humble /usr/bin/cmake /home/leo/work/src/Hiwin_libmodbus/hiwin_interfaces -DCMAKE_INSTALL_PREFIX=/home/leo/work/install/hiwin_interfaces
[1.481s] Invoking command in '/home/leo/work/build/hiwin_interfaces': CMAKE_PREFIX_PATH=/opt/ros/humble /usr/bin/cmake --build /home/leo/work/build/hiwin_interfaces -- -j22 -l22
[1.511s] [  2%] [34m[1mGenerating C code for ROS interfaces[0m
[1.519s] [  5%] [34m[1mGenerating C++ code for ROS interfaces[0m
[1.520s] [  7%] [34m[1mGenerating Rust code for ROS interfaces[0m
[1.524s] [  7%] Built target ament_cmake_python_copy_hiwin_interfaces
[1.657s] running egg_info
[1.658s] creating hiwin_interfaces.egg-info
[1.658s] writing hiwin_interfaces.egg-info/PKG-INFO
[1.658s] writing dependency_links to hiwin_interfaces.egg-info/dependency_links.txt
[1.658s] writing top-level names to hiwin_interfaces.egg-info/top_level.txt
[1.658s] writing manifest file 'hiwin_interfaces.egg-info/SOURCES.txt'
[1.659s] reading manifest file 'hiwin_interfaces.egg-info/SOURCES.txt'
[1.659s] writing manifest file 'hiwin_interfaces.egg-info/SOURCES.txt'
[1.680s] [  7%] Built target ament_cmake_python_build_hiwin_interfaces_egg
[1.814s] [  7%] Built target hiwin_interfaces__rs
[1.863s] [ 10%] [32mBuilding C object CMakeFiles/hiwin_interfaces__rosidl_generator_c.dir/rosidl_generator_c/hiwin_interfaces/srv/detail/hiwinmodbus__functions.c.o[0m
[1.864s] [ 12%] [32mBuilding C object CMakeFiles/hiwin_interfaces__rosidl_generator_c.dir/rosidl_generator_c/hiwin_interfaces/srv/detail/robot_command__functions.c.o[0m
[1.915s] [ 15%] [32m[1mLinking C shared library libhiwin_interfaces__rosidl_generator_c.so[0m
[1.945s] [ 15%] Built target hiwin_interfaces__rosidl_generator_c
[1.953s] [ 15%] Built target hiwin_interfaces__cpp
[1.954s] [ 22%] [34m[1mGenerating C type support dispatch for ROS interfaces[0m
[1.954s] [ 22%] [34m[1mGenerating C introspection for ROS interfaces[0m
[1.954s] [ 22%] [34m[1mGenerating C type support for eProsima Fast-RTPS[0m
[1.960s] [ 27%] [34m[1mGenerating C++ type support for eProsima Fast-RTPS[0m
[1.960s] [ 27%] [34m[1mGenerating C++ introspection for ROS interfaces[0m
[1.962s] [ 30%] [34m[1mGenerating C++ type support dispatch for ROS interfaces[0m
[2.240s] [ 32%] [32mBuilding CXX object CMakeFiles/hiwin_interfaces__rosidl_typesupport_cpp.dir/rosidl_typesupport_cpp/hiwin_interfaces/srv/hiwinmodbus__type_support.cpp.o[0m
[2.242s] [ 35%] [32mBuilding CXX object CMakeFiles/hiwin_interfaces__rosidl_typesupport_cpp.dir/rosidl_typesupport_cpp/hiwin_interfaces/srv/robot_command__type_support.cpp.o[0m
[2.263s] [ 40%] [32mBuilding CXX object CMakeFiles/hiwin_interfaces__rosidl_typesupport_c.dir/rosidl_typesupport_c/hiwin_interfaces/srv/robot_command__type_support.cpp.o[0m
[2.263s] [ 40%] [32mBuilding CXX object CMakeFiles/hiwin_interfaces__rosidl_typesupport_c.dir/rosidl_typesupport_c/hiwin_interfaces/srv/hiwinmodbus__type_support.cpp.o[0m
[2.264s] [ 42%] [32mBuilding CXX object CMakeFiles/hiwin_interfaces__rosidl_typesupport_introspection_cpp.dir/rosidl_typesupport_introspection_cpp/hiwin_interfaces/srv/detail/hiwinmodbus__type_support.cpp.o[0m
[2.264s] [ 45%] [32mBuilding CXX object CMakeFiles/hiwin_interfaces__rosidl_typesupport_introspection_cpp.dir/rosidl_typesupport_introspection_cpp/hiwin_interfaces/srv/detail/robot_command__type_support.cpp.o[0m
[2.282s] [ 52%] [32mBuilding CXX object CMakeFiles/hiwin_interfaces__rosidl_typesupport_fastrtps_cpp.dir/rosidl_typesupport_fastrtps_cpp/hiwin_interfaces/srv/detail/dds_fastrtps/robot_command__type_support.cpp.o[0m
[2.282s] [ 52%] [32m[1mLinking CXX shared library libhiwin_interfaces__rosidl_typesupport_c.so[0m
[2.282s] [ 52%] [32mBuilding CXX object CMakeFiles/hiwin_interfaces__rosidl_typesupport_fastrtps_cpp.dir/rosidl_typesupport_fastrtps_cpp/hiwin_interfaces/srv/detail/dds_fastrtps/hiwinmodbus__type_support.cpp.o[0m
[2.308s] [ 52%] Built target hiwin_interfaces__rosidl_typesupport_c
[2.481s] [ 55%] [32mBuilding CXX object CMakeFiles/hiwin_interfaces__rosidl_typesupport_fastrtps_c.dir/rosidl_typesupport_fastrtps_c/hiwin_interfaces/srv/detail/robot_command__type_support_c.cpp.o[0m
[2.482s] [ 57%] [32mBuilding CXX object CMakeFiles/hiwin_interfaces__rosidl_typesupport_fastrtps_c.dir/rosidl_typesupport_fastrtps_c/hiwin_interfaces/srv/detail/hiwinmodbus__type_support_c.cpp.o[0m
[2.490s] [ 60%] [32mBuilding C object CMakeFiles/hiwin_interfaces__rosidl_typesupport_introspection_c.dir/rosidl_typesupport_introspection_c/hiwin_interfaces/srv/detail/robot_command__type_support.c.o[0m
[2.492s] [ 62%] [32mBuilding C object CMakeFiles/hiwin_interfaces__rosidl_typesupport_introspection_c.dir/rosidl_typesupport_introspection_c/hiwin_interfaces/srv/detail/hiwinmodbus__type_support.c.o[0m
[2.533s] [ 65%] [32m[1mLinking CXX shared library libhiwin_interfaces__rosidl_typesupport_cpp.so[0m
[2.560s] [ 67%] [32m[1mLinking C shared library libhiwin_interfaces__rosidl_typesupport_introspection_c.so[0m
[2.578s] [ 67%] Built target hiwin_interfaces__rosidl_typesupport_cpp
[2.590s] [ 67%] Built target hiwin_interfaces__rosidl_typesupport_introspection_c
[2.622s] [ 70%] [32m[1mLinking CXX shared library libhiwin_interfaces__rosidl_typesupport_fastrtps_cpp.so[0m
[2.627s] [ 72%] [32m[1mLinking CXX shared library libhiwin_interfaces__rosidl_typesupport_introspection_cpp.so[0m
[2.677s] [ 72%] Built target hiwin_interfaces__rosidl_typesupport_fastrtps_cpp
[2.682s] [ 72%] Built target hiwin_interfaces__rosidl_typesupport_introspection_cpp
[2.867s] [ 75%] [32m[1mLinking CXX shared library libhiwin_interfaces__rosidl_typesupport_fastrtps_c.so[0m
[2.938s] [ 75%] Built target hiwin_interfaces__rosidl_typesupport_fastrtps_c
[2.957s] [ 75%] Built target hiwin_interfaces
[2.975s] [ 77%] [34m[1mGenerating Python code for ROS interfaces[0m
[3.981s] [ 77%] Built target hiwin_interfaces__py
[4.004s] [ 80%] [32mBuilding C object CMakeFiles/hiwin_interfaces__rosidl_generator_py.dir/rosidl_generator_py/hiwin_interfaces/srv/_hiwinmodbus_s.c.o[0m
[4.018s] [ 82%] [32mBuilding C object CMakeFiles/hiwin_interfaces__rosidl_generator_py.dir/rosidl_generator_py/hiwin_interfaces/srv/_robot_command_s.c.o[0m
[4.280s] [ 85%] [32m[1mLinking C shared library rosidl_generator_py/hiwin_interfaces/libhiwin_interfaces__rosidl_generator_py.so[0m
[4.323s] [ 85%] Built target hiwin_interfaces__rosidl_generator_py
[4.343s] [ 90%] [32mBuilding C object CMakeFiles/hiwin_interfaces__rosidl_typesupport_fastrtps_c__pyext.dir/rosidl_generator_py/hiwin_interfaces/_hiwin_interfaces_s.ep.rosidl_typesupport_fastrtps_c.c.o[0m
[4.343s] [ 90%] [32mBuilding C object CMakeFiles/hiwin_interfaces__rosidl_typesupport_introspection_c__pyext.dir/rosidl_generator_py/hiwin_interfaces/_hiwin_interfaces_s.ep.rosidl_typesupport_introspection_c.c.o[0m
[4.353s] [ 92%] [32mBuilding C object CMakeFiles/hiwin_interfaces__rosidl_typesupport_c__pyext.dir/rosidl_generator_py/hiwin_interfaces/_hiwin_interfaces_s.ep.rosidl_typesupport_c.c.o[0m
[4.415s] [ 95%] [32m[1mLinking C shared library rosidl_generator_py/hiwin_interfaces/hiwin_interfaces_s__rosidl_typesupport_fastrtps_c.cpython-310-x86_64-linux-gnu.so[0m
[4.418s] [ 97%] [32m[1mLinking C shared library rosidl_generator_py/hiwin_interfaces/hiwin_interfaces_s__rosidl_typesupport_introspection_c.cpython-310-x86_64-linux-gnu.so[0m
[4.440s] [ 97%] Built target hiwin_interfaces__rosidl_typesupport_fastrtps_c__pyext
[4.441s] [ 97%] Built target hiwin_interfaces__rosidl_typesupport_introspection_c__pyext
[4.444s] [100%] [32m[1mLinking C shared library rosidl_generator_py/hiwin_interfaces/hiwin_interfaces_s__rosidl_typesupport_c.cpython-310-x86_64-linux-gnu.so[0m
[4.470s] [100%] Built target hiwin_interfaces__rosidl_typesupport_c__pyext
[4.481s] Invoked command in '/home/leo/work/build/hiwin_interfaces' returned '0': CMAKE_PREFIX_PATH=/opt/ros/humble /usr/bin/cmake --build /home/leo/work/build/hiwin_interfaces -- -j22 -l22
[4.489s] Invoking command in '/home/leo/work/build/hiwin_interfaces': CMAKE_PREFIX_PATH=/opt/ros/humble /usr/bin/cmake --install /home/leo/work/build/hiwin_interfaces
[4.494s] -- Install configuration: ""
[4.494s] -- Installing: /home/leo/work/install/hiwin_interfaces/share/ament_index/resource_index/rosidl_interfaces/hiwin_interfaces
[4.494s] -- Installing: /home/leo/work/install/hiwin_interfaces/include/hiwin_interfaces/hiwin_interfaces
[4.494s] -- Installing: /home/leo/work/install/hiwin_interfaces/include/hiwin_interfaces/hiwin_interfaces/srv
[4.494s] -- Installing: /home/leo/work/install/hiwin_interfaces/include/hiwin_interfaces/hiwin_interfaces/srv/robot_command.h
[4.494s] -- Installing: /home/leo/work/install/hiwin_interfaces/include/hiwin_interfaces/hiwin_interfaces/srv/detail
[4.494s] -- Installing: /home/leo/work/install/hiwin_interfaces/include/hiwin_interfaces/hiwin_interfaces/srv/detail/hiwinmodbus__functions.c
[4.494s] -- Installing: /home/leo/work/install/hiwin_interfaces/include/hiwin_interfaces/hiwin_interfaces/srv/detail/robot_command__type_support.h
[4.495s] -- Installing: /home/leo/work/install/hiwin_interfaces/include/hiwin_interfaces/hiwin_interfaces/srv/detail/robot_command__functions.c
[4.495s] -- Installing: /home/leo/work/install/hiwin_interfaces/include/hiwin_interfaces/hiwin_interfaces/srv/detail/hiwinmodbus__functions.h
[4.495s] -- Installing: /home/leo/work/install/hiwin_interfaces/include/hiwin_interfaces/hiwin_interfaces/srv/detail/hiwinmodbus__struct.h
[4.495s] -- Installing: /home/leo/work/install/hiwin_interfaces/include/hiwin_interfaces/hiwin_interfaces/srv/detail/hiwinmodbus__type_support.h
[4.495s] -- Installing: /home/leo/work/install/hiwin_interfaces/include/hiwin_interfaces/hiwin_interfaces/srv/detail/robot_command__functions.h
[4.495s] -- Installing: /home/leo/work/install/hiwin_interfaces/include/hiwin_interfaces/hiwin_interfaces/srv/detail/robot_command__struct.h
[4.495s] -- Installing: /home/leo/work/install/hiwin_interfaces/include/hiwin_interfaces/hiwin_interfaces/srv/hiwinmodbus.h
[4.495s] -- Installing: /home/leo/work/install/hiwin_interfaces/include/hiwin_interfaces/hiwin_interfaces/msg
[4.495s] -- Installing: /home/leo/work/install/hiwin_interfaces/include/hiwin_interfaces/hiwin_interfaces/msg/rosidl_generator_c__visibility_control.h
[4.495s] -- Installing: /home/leo/work/install/hiwin_interfaces/share/hiwin_interfaces/environment/library_path.sh
[4.495s] -- Installing: /home/leo/work/install/hiwin_interfaces/share/hiwin_interfaces/environment/library_path.dsv
[4.495s] -- Installing: /home/leo/work/install/hiwin_interfaces/lib/libhiwin_interfaces__rosidl_generator_c.so
[4.495s] -- Set runtime path of "/home/leo/work/install/hiwin_interfaces/lib/libhiwin_interfaces__rosidl_generator_c.so" to ""
[4.495s] -- Up-to-date: /home/leo/work/install/hiwin_interfaces/include/hiwin_interfaces/hiwin_interfaces
[4.495s] -- Up-to-date: /home/leo/work/install/hiwin_interfaces/include/hiwin_interfaces/hiwin_interfaces/srv
[4.495s] -- Up-to-date: /home/leo/work/install/hiwin_interfaces/include/hiwin_interfaces/hiwin_interfaces/srv/detail
[4.495s] -- Installing: /home/leo/work/install/hiwin_interfaces/include/hiwin_interfaces/hiwin_interfaces/srv/detail/hiwinmodbus__rosidl_typesupport_fastrtps_c.h
[4.495s] -- Installing: /home/leo/work/install/hiwin_interfaces/include/hiwin_interfaces/hiwin_interfaces/srv/detail/robot_command__rosidl_typesupport_fastrtps_c.h
[4.495s] -- Up-to-date: /home/leo/work/install/hiwin_interfaces/include/hiwin_interfaces/hiwin_interfaces/msg
[4.496s] -- Installing: /home/leo/work/install/hiwin_interfaces/include/hiwin_interfaces/hiwin_interfaces/msg/rosidl_typesupport_fastrtps_c__visibility_control.h
[4.496s] -- Installing: /home/leo/work/install/hiwin_interfaces/lib/libhiwin_interfaces__rosidl_typesupport_fastrtps_c.so
[4.496s] -- Set runtime path of "/home/leo/work/install/hiwin_interfaces/lib/libhiwin_interfaces__rosidl_typesupport_fastrtps_c.so" to ""
[4.496s] -- Up-to-date: /home/leo/work/install/hiwin_interfaces/include/hiwin_interfaces/hiwin_interfaces
[4.496s] -- Up-to-date: /home/leo/work/install/hiwin_interfaces/include/hiwin_interfaces/hiwin_interfaces/srv
[4.496s] -- Installing: /home/leo/work/install/hiwin_interfaces/include/hiwin_interfaces/hiwin_interfaces/srv/hiwinmodbus.hpp
[4.496s] -- Up-to-date: /home/leo/work/install/hiwin_interfaces/include/hiwin_interfaces/hiwin_interfaces/srv/detail
[4.496s] -- Installing: /home/leo/work/install/hiwin_interfaces/include/hiwin_interfaces/hiwin_interfaces/srv/detail/hiwinmodbus__type_support.hpp
[4.496s] -- Installing: /home/leo/work/install/hiwin_interfaces/include/hiwin_interfaces/hiwin_interfaces/srv/detail/hiwinmodbus__builder.hpp
[4.496s] -- Installing: /home/leo/work/install/hiwin_interfaces/include/hiwin_interfaces/hiwin_interfaces/srv/detail/robot_command__builder.hpp
[4.496s] -- Installing: /home/leo/work/install/hiwin_interfaces/include/hiwin_interfaces/hiwin_interfaces/srv/detail/hiwinmodbus__struct.hpp
[4.496s] -- Installing: /home/leo/work/install/hiwin_interfaces/include/hiwin_interfaces/hiwin_interfaces/srv/detail/robot_command__traits.hpp
[4.496s] -- Installing: /home/leo/work/install/hiwin_interfaces/include/hiwin_interfaces/hiwin_interfaces/srv/detail/hiwinmodbus__traits.hpp
[4.496s] -- Installing: /home/leo/work/install/hiwin_interfaces/include/hiwin_interfaces/hiwin_interfaces/srv/detail/robot_command__struct.hpp
[4.496s] -- Installing: /home/leo/work/install/hiwin_interfaces/include/hiwin_interfaces/hiwin_interfaces/srv/detail/robot_command__type_support.hpp
[4.496s] -- Installing: /home/leo/work/install/hiwin_interfaces/include/hiwin_interfaces/hiwin_interfaces/srv/robot_command.hpp
[4.496s] -- Up-to-date: /home/leo/work/install/hiwin_interfaces/include/hiwin_interfaces/hiwin_interfaces/msg
[4.496s] -- Installing: /home/leo/work/install/hiwin_interfaces/include/hiwin_interfaces/hiwin_interfaces/msg/rosidl_generator_cpp__visibility_control.hpp
[4.496s] -- Up-to-date: /home/leo/work/install/hiwin_interfaces/include/hiwin_interfaces/hiwin_interfaces
[4.497s] -- Up-to-date: /home/leo/work/install/hiwin_interfaces/include/hiwin_interfaces/hiwin_interfaces/srv
[4.497s] -- Up-to-date: /home/leo/work/install/hiwin_interfaces/include/hiwin_interfaces/hiwin_interfaces/srv/detail
[4.497s] -- Installing: /home/leo/work/install/hiwin_interfaces/include/hiwin_interfaces/hiwin_interfaces/srv/detail/robot_command__rosidl_typesupport_fastrtps_cpp.hpp
[4.497s] -- Installing: /home/leo/work/install/hiwin_interfaces/include/hiwin_interfaces/hiwin_interfaces/srv/detail/hiwinmodbus__rosidl_typesupport_fastrtps_cpp.hpp
[4.497s] -- Installing: /home/leo/work/install/hiwin_interfaces/include/hiwin_interfaces/hiwin_interfaces/srv/detail/dds_fastrtps
[4.497s] -- Up-to-date: /home/leo/work/install/hiwin_interfaces/include/hiwin_interfaces/hiwin_interfaces/msg
[4.497s] -- Installing: /home/leo/work/install/hiwin_interfaces/include/hiwin_interfaces/hiwin_interfaces/msg/rosidl_typesupport_fastrtps_cpp__visibility_control.h
[4.497s] -- Installing: /home/leo/work/install/hiwin_interfaces/lib/libhiwin_interfaces__rosidl_typesupport_fastrtps_cpp.so
[4.497s] -- Set runtime path of "/home/leo/work/install/hiwin_interfaces/lib/libhiwin_interfaces__rosidl_typesupport_fastrtps_cpp.so" to ""
[4.497s] -- Up-to-date: /home/leo/work/install/hiwin_interfaces/include/hiwin_interfaces/hiwin_interfaces
[4.497s] -- Up-to-date: /home/leo/work/install/hiwin_interfaces/include/hiwin_interfaces/hiwin_interfaces/srv
[4.497s] -- Up-to-date: /home/leo/work/install/hiwin_interfaces/include/hiwin_interfaces/hiwin_interfaces/srv/detail
[4.497s] -- Installing: /home/leo/work/install/hiwin_interfaces/include/hiwin_interfaces/hiwin_interfaces/srv/detail/hiwinmodbus__rosidl_typesupport_introspection_c.h
[4.497s] -- Installing: /home/leo/work/install/hiwin_interfaces/include/hiwin_interfaces/hiwin_interfaces/srv/detail/robot_command__rosidl_typesupport_introspection_c.h
[4.497s] -- Installing: /home/leo/work/install/hiwin_interfaces/include/hiwin_interfaces/hiwin_interfaces/srv/detail/hiwinmodbus__type_support.c
[4.497s] -- Installing: /home/leo/work/install/hiwin_interfaces/include/hiwin_interfaces/hiwin_interfaces/srv/detail/robot_command__type_support.c
[4.497s] -- Up-to-date: /home/leo/work/install/hiwin_interfaces/include/hiwin_interfaces/hiwin_interfaces/msg
[4.497s] -- Installing: /home/leo/work/install/hiwin_interfaces/include/hiwin_interfaces/hiwin_interfaces/msg/rosidl_typesupport_introspection_c__visibility_control.h
[4.497s] -- Installing: /home/leo/work/install/hiwin_interfaces/lib/libhiwin_interfaces__rosidl_typesupport_introspection_c.so
[4.498s] -- Set runtime path of "/home/leo/work/install/hiwin_interfaces/lib/libhiwin_interfaces__rosidl_typesupport_introspection_c.so" to ""
[4.498s] -- Installing: /home/leo/work/install/hiwin_interfaces/lib/libhiwin_interfaces__rosidl_typesupport_c.so
[4.498s] -- Set runtime path of "/home/leo/work/install/hiwin_interfaces/lib/libhiwin_interfaces__rosidl_typesupport_c.so" to ""
[4.498s] -- Up-to-date: /home/leo/work/install/hiwin_interfaces/include/hiwin_interfaces/hiwin_interfaces
[4.498s] -- Up-to-date: /home/leo/work/install/hiwin_interfaces/include/hiwin_interfaces/hiwin_interfaces/srv
[4.498s] -- Up-to-date: /home/leo/work/install/hiwin_interfaces/include/hiwin_interfaces/hiwin_interfaces/srv/detail
[4.498s] -- Installing: /home/leo/work/install/hiwin_interfaces/include/hiwin_interfaces/hiwin_interfaces/srv/detail/robot_command__rosidl_typesupport_introspection_cpp.hpp
[4.498s] -- Installing: /home/leo/work/install/hiwin_interfaces/include/hiwin_interfaces/hiwin_interfaces/srv/detail/hiwinmodbus__type_support.cpp
[4.498s] -- Installing: /home/leo/work/install/hiwin_interfaces/include/hiwin_interfaces/hiwin_interfaces/srv/detail/robot_command__type_support.cpp
[4.498s] -- Installing: /home/leo/work/install/hiwin_interfaces/include/hiwin_interfaces/hiwin_interfaces/srv/detail/hiwinmodbus__rosidl_typesupport_introspection_cpp.hpp
[4.498s] -- Installing: /home/leo/work/install/hiwin_interfaces/lib/libhiwin_interfaces__rosidl_typesupport_introspection_cpp.so
[4.498s] -- Set runtime path of "/home/leo/work/install/hiwin_interfaces/lib/libhiwin_interfaces__rosidl_typesupport_introspection_cpp.so" to ""
[4.498s] -- Installing: /home/leo/work/install/hiwin_interfaces/lib/libhiwin_interfaces__rosidl_typesupport_cpp.so
[4.498s] -- Set runtime path of "/home/leo/work/install/hiwin_interfaces/lib/libhiwin_interfaces__rosidl_typesupport_cpp.so" to ""
[4.498s] -- Installing: /home/leo/work/install/hiwin_interfaces/share/hiwin_interfaces/environment/pythonpath.sh
[4.498s] -- Installing: /home/leo/work/install/hiwin_interfaces/share/hiwin_interfaces/environment/pythonpath.dsv
[4.498s] -- Installing: /home/leo/work/install/hiwin_interfaces/local/lib/python3.10/dist-packages/hiwin_interfaces-0.0.0-py3.10.egg-info
[4.498s] -- Installing: /home/leo/work/install/hiwin_interfaces/local/lib/python3.10/dist-packages/hiwin_interfaces-0.0.0-py3.10.egg-info/top_level.txt
[4.498s] -- Installing: /home/leo/work/install/hiwin_interfaces/local/lib/python3.10/dist-packages/hiwin_interfaces-0.0.0-py3.10.egg-info/SOURCES.txt
[4.498s] -- Installing: /home/leo/work/install/hiwin_interfaces/local/lib/python3.10/dist-packages/hiwin_interfaces-0.0.0-py3.10.egg-info/PKG-INFO
[4.498s] -- Installing: /home/leo/work/install/hiwin_interfaces/local/lib/python3.10/dist-packages/hiwin_interfaces-0.0.0-py3.10.egg-info/dependency_links.txt
[4.499s] -- Installing: /home/leo/work/install/hiwin_interfaces/local/lib/python3.10/dist-packages/hiwin_interfaces
[4.499s] -- Installing: /home/leo/work/install/hiwin_interfaces/local/lib/python3.10/dist-packages/hiwin_interfaces/libhiwin_interfaces__rosidl_generator_py.so
[4.499s] -- Installing: /home/leo/work/install/hiwin_interfaces/local/lib/python3.10/dist-packages/hiwin_interfaces/srv
[4.499s] -- Installing: /home/leo/work/install/hiwin_interfaces/local/lib/python3.10/dist-packages/hiwin_interfaces/srv/_robot_command.py
[4.499s] -- Installing: /home/leo/work/install/hiwin_interfaces/local/lib/python3.10/dist-packages/hiwin_interfaces/srv/_hiwinmodbus_s.c
[4.499s] -- Installing: /home/leo/work/install/hiwin_interfaces/local/lib/python3.10/dist-packages/hiwin_interfaces/srv/_robot_command_s.c
[4.499s] -- Installing: /home/leo/work/install/hiwin_interfaces/local/lib/python3.10/dist-packages/hiwin_interfaces/srv/__init__.py
[4.499s] -- Installing: /home/leo/work/install/hiwin_interfaces/local/lib/python3.10/dist-packages/hiwin_interfaces/srv/_hiwinmodbus.py
[4.499s] -- Installing: /home/leo/work/install/hiwin_interfaces/local/lib/python3.10/dist-packages/hiwin_interfaces/_hiwin_interfaces_s.ep.rosidl_typesupport_c.c
[4.499s] -- Installing: /home/leo/work/install/hiwin_interfaces/local/lib/python3.10/dist-packages/hiwin_interfaces/_hiwin_interfaces_s.ep.rosidl_typesupport_introspection_c.c
[4.499s] -- Installing: /home/leo/work/install/hiwin_interfaces/local/lib/python3.10/dist-packages/hiwin_interfaces/hiwin_interfaces_s__rosidl_typesupport_c.cpython-310-x86_64-linux-gnu.so
[4.499s] -- Installing: /home/leo/work/install/hiwin_interfaces/local/lib/python3.10/dist-packages/hiwin_interfaces/hiwin_interfaces_s__rosidl_typesupport_introspection_c.cpython-310-x86_64-linux-gnu.so
[4.499s] -- Installing: /home/leo/work/install/hiwin_interfaces/local/lib/python3.10/dist-packages/hiwin_interfaces/_hiwin_interfaces_s.ep.rosidl_typesupport_fastrtps_c.c
[4.499s] -- Installing: /home/leo/work/install/hiwin_interfaces/local/lib/python3.10/dist-packages/hiwin_interfaces/__init__.py
[4.499s] -- Installing: /home/leo/work/install/hiwin_interfaces/local/lib/python3.10/dist-packages/hiwin_interfaces/hiwin_interfaces_s__rosidl_typesupport_fastrtps_c.cpython-310-x86_64-linux-gnu.so
[4.525s] Listing '/home/leo/work/install/hiwin_interfaces/local/lib/python3.10/dist-packages/hiwin_interfaces'...
[4.525s] Compiling '/home/leo/work/install/hiwin_interfaces/local/lib/python3.10/dist-packages/hiwin_interfaces/__init__.py'...
[4.525s] Listing '/home/leo/work/install/hiwin_interfaces/local/lib/python3.10/dist-packages/hiwin_interfaces/srv'...
[4.525s] Compiling '/home/leo/work/install/hiwin_interfaces/local/lib/python3.10/dist-packages/hiwin_interfaces/srv/__init__.py'...
[4.525s] Compiling '/home/leo/work/install/hiwin_interfaces/local/lib/python3.10/dist-packages/hiwin_interfaces/srv/_hiwinmodbus.py'...
[4.525s] Compiling '/home/leo/work/install/hiwin_interfaces/local/lib/python3.10/dist-packages/hiwin_interfaces/srv/_robot_command.py'...
[4.528s] -- Installing: /home/leo/work/install/hiwin_interfaces/local/lib/python3.10/dist-packages/hiwin_interfaces/hiwin_interfaces_s__rosidl_typesupport_fastrtps_c.cpython-310-x86_64-linux-gnu.so
[4.528s] -- Set runtime path of "/home/leo/work/install/hiwin_interfaces/local/lib/python3.10/dist-packages/hiwin_interfaces/hiwin_interfaces_s__rosidl_typesupport_fastrtps_c.cpython-310-x86_64-linux-gnu.so" to ""
[4.528s] -- Installing: /home/leo/work/install/hiwin_interfaces/local/lib/python3.10/dist-packages/hiwin_interfaces/hiwin_interfaces_s__rosidl_typesupport_introspection_c.cpython-310-x86_64-linux-gnu.so
[4.528s] -- Set runtime path of "/home/leo/work/install/hiwin_interfaces/local/lib/python3.10/dist-packages/hiwin_interfaces/hiwin_interfaces_s__rosidl_typesupport_introspection_c.cpython-310-x86_64-linux-gnu.so" to ""
[4.528s] -- Installing: /home/leo/work/install/hiwin_interfaces/local/lib/python3.10/dist-packages/hiwin_interfaces/hiwin_interfaces_s__rosidl_typesupport_c.cpython-310-x86_64-linux-gnu.so
[4.528s] -- Set runtime path of "/home/leo/work/install/hiwin_interfaces/local/lib/python3.10/dist-packages/hiwin_interfaces/hiwin_interfaces_s__rosidl_typesupport_c.cpython-310-x86_64-linux-gnu.so" to ""
[4.529s] -- Installing: /home/leo/work/install/hiwin_interfaces/lib/libhiwin_interfaces__rosidl_generator_py.so
[4.529s] -- Set runtime path of "/home/leo/work/install/hiwin_interfaces/lib/libhiwin_interfaces__rosidl_generator_py.so" to ""
[4.529s] -- Installing: /home/leo/work/install/hiwin_interfaces/share/ament_index/resource_index/rust_packages/hiwin_interfaces
[4.529s] -- Installing: /home/leo/work/install/hiwin_interfaces/share/hiwin_interfaces/rust
[4.529s] -- Installing: /home/leo/work/install/hiwin_interfaces/share/hiwin_interfaces/rust/build.rs
[4.529s] -- Installing: /home/leo/work/install/hiwin_interfaces/share/hiwin_interfaces/rust/Cargo.toml
[4.529s] -- Installing: /home/leo/work/install/hiwin_interfaces/share/hiwin_interfaces/rust/src
[4.529s] -- Installing: /home/leo/work/install/hiwin_interfaces/share/hiwin_interfaces/rust/src/srv
[4.529s] -- Installing: /home/leo/work/install/hiwin_interfaces/share/hiwin_interfaces/rust/src/srv/rmw.rs
[4.529s] -- Installing: /home/leo/work/install/hiwin_interfaces/share/hiwin_interfaces/rust/src/lib.rs
[4.529s] -- Installing: /home/leo/work/install/hiwin_interfaces/share/hiwin_interfaces/rust/src/srv.rs
[4.529s] -- Installing: /home/leo/work/install/hiwin_interfaces/share/hiwin_interfaces/srv/Hiwinmodbus.idl
[4.529s] -- Installing: /home/leo/work/install/hiwin_interfaces/share/hiwin_interfaces/srv/RobotCommand.idl
[4.529s] -- Installing: /home/leo/work/install/hiwin_interfaces/share/hiwin_interfaces/srv/Hiwinmodbus.srv
[4.529s] -- Installing: /home/leo/work/install/hiwin_interfaces/share/hiwin_interfaces/srv/Hiwinmodbus_Request.msg
[4.530s] -- Installing: /home/leo/work/install/hiwin_interfaces/share/hiwin_interfaces/srv/Hiwinmodbus_Response.msg
[4.530s] -- Installing: /home/leo/work/install/hiwin_interfaces/share/hiwin_interfaces/srv/RobotCommand.srv
[4.530s] -- Installing: /home/leo/work/install/hiwin_interfaces/share/hiwin_interfaces/srv/RobotCommand_Request.msg
[4.530s] -- Installing: /home/leo/work/install/hiwin_interfaces/share/hiwin_interfaces/srv/RobotCommand_Response.msg
[4.530s] -- Installing: /home/leo/work/install/hiwin_interfaces/share/ament_index/resource_index/package_run_dependencies/hiwin_interfaces
[4.530s] -- Installing: /home/leo/work/install/hiwin_interfaces/share/ament_index/resource_index/parent_prefix_path/hiwin_interfaces
[4.530s] -- Installing: /home/leo/work/install/hiwin_interfaces/share/hiwin_interfaces/environment/ament_prefix_path.sh
[4.530s] -- Installing: /home/leo/work/install/hiwin_interfaces/share/hiwin_interfaces/environment/ament_prefix_path.dsv
[4.530s] -- Installing: /home/leo/work/install/hiwin_interfaces/share/hiwin_interfaces/environment/path.sh
[4.530s] -- Installing: /home/leo/work/install/hiwin_interfaces/share/hiwin_interfaces/environment/path.dsv
[4.530s] -- Installing: /home/leo/work/install/hiwin_interfaces/share/hiwin_interfaces/local_setup.bash
[4.530s] -- Installing: /home/leo/work/install/hiwin_interfaces/share/hiwin_interfaces/local_setup.sh
[4.530s] -- Installing: /home/leo/work/install/hiwin_interfaces/share/hiwin_interfaces/local_setup.zsh
[4.531s] -- Installing: /home/leo/work/install/hiwin_interfaces/share/hiwin_interfaces/local_setup.dsv
[4.531s] -- Installing: /home/leo/work/install/hiwin_interfaces/share/hiwin_interfaces/package.dsv
[4.531s] -- Installing: /home/leo/work/install/hiwin_interfaces/share/ament_index/resource_index/packages/hiwin_interfaces
[4.531s] -- Installing: /home/leo/work/install/hiwin_interfaces/share/hiwin_interfaces/cmake/export_hiwin_interfaces__rosidl_generator_cExport.cmake
[4.531s] -- Installing: /home/leo/work/install/hiwin_interfaces/share/hiwin_interfaces/cmake/export_hiwin_interfaces__rosidl_generator_cExport-noconfig.cmake
[4.531s] -- Installing: /home/leo/work/install/hiwin_interfaces/share/hiwin_interfaces/cmake/export_hiwin_interfaces__rosidl_typesupport_fastrtps_cExport.cmake
[4.531s] -- Installing: /home/leo/work/install/hiwin_interfaces/share/hiwin_interfaces/cmake/export_hiwin_interfaces__rosidl_typesupport_fastrtps_cExport-noconfig.cmake
[4.531s] -- Installing: /home/leo/work/install/hiwin_interfaces/share/hiwin_interfaces/cmake/export_hiwin_interfaces__rosidl_generator_cppExport.cmake
[4.531s] -- Installing: /home/leo/work/install/hiwin_interfaces/share/hiwin_interfaces/cmake/export_hiwin_interfaces__rosidl_typesupport_fastrtps_cppExport.cmake
[4.531s] -- Installing: /home/leo/work/install/hiwin_interfaces/share/hiwin_interfaces/cmake/export_hiwin_interfaces__rosidl_typesupport_fastrtps_cppExport-noconfig.cmake
[4.531s] -- Installing: /home/leo/work/install/hiwin_interfaces/share/hiwin_interfaces/cmake/hiwin_interfaces__rosidl_typesupport_introspection_cExport.cmake
[4.531s] -- Installing: /home/leo/work/install/hiwin_interfaces/share/hiwin_interfaces/cmake/hiwin_interfaces__rosidl_typesupport_introspection_cExport-noconfig.cmake
[4.531s] -- Installing: /home/leo/work/install/hiwin_interfaces/share/hiwin_interfaces/cmake/hiwin_interfaces__rosidl_typesupport_cExport.cmake
[4.531s] -- Installing: /home/leo/work/install/hiwin_interfaces/share/hiwin_interfaces/cmake/hiwin_interfaces__rosidl_typesupport_cExport-noconfig.cmake
[4.531s] -- Installing: /home/leo/work/install/hiwin_interfaces/share/hiwin_interfaces/cmake/hiwin_interfaces__rosidl_typesupport_introspection_cppExport.cmake
[4.532s] -- Installing: /home/leo/work/install/hiwin_interfaces/share/hiwin_interfaces/cmake/hiwin_interfaces__rosidl_typesupport_introspection_cppExport-noconfig.cmake
[4.532s] -- Installing: /home/leo/work/install/hiwin_interfaces/share/hiwin_interfaces/cmake/hiwin_interfaces__rosidl_typesupport_cppExport.cmake
[4.532s] -- Installing: /home/leo/work/install/hiwin_interfaces/share/hiwin_interfaces/cmake/hiwin_interfaces__rosidl_typesupport_cppExport-noconfig.cmake
[4.532s] -- Installing: /home/leo/work/install/hiwin_interfaces/share/hiwin_interfaces/cmake/export_hiwin_interfaces__rosidl_generator_pyExport.cmake
[4.532s] -- Installing: /home/leo/work/install/hiwin_interfaces/share/hiwin_interfaces/cmake/export_hiwin_interfaces__rosidl_generator_pyExport-noconfig.cmake
[4.532s] -- Installing: /home/leo/work/install/hiwin_interfaces/share/hiwin_interfaces/cmake/rosidl_cmake-extras.cmake
[4.532s] -- Installing: /home/leo/work/install/hiwin_interfaces/share/hiwin_interfaces/cmake/ament_cmake_export_dependencies-extras.cmake
[4.532s] -- Installing: /home/leo/work/install/hiwin_interfaces/share/hiwin_interfaces/cmake/ament_cmake_export_include_directories-extras.cmake
[4.532s] -- Installing: /home/leo/work/install/hiwin_interfaces/share/hiwin_interfaces/cmake/ament_cmake_export_libraries-extras.cmake
[4.532s] -- Installing: /home/leo/work/install/hiwin_interfaces/share/hiwin_interfaces/cmake/ament_cmake_export_targets-extras.cmake
[4.532s] -- Installing: /home/leo/work/install/hiwin_interfaces/share/hiwin_interfaces/cmake/rosidl_cmake_export_typesupport_targets-extras.cmake
[4.532s] -- Installing: /home/leo/work/install/hiwin_interfaces/share/hiwin_interfaces/cmake/rosidl_cmake_export_typesupport_libraries-extras.cmake
[4.532s] -- Installing: /home/leo/work/install/hiwin_interfaces/share/hiwin_interfaces/cmake/hiwin_interfacesConfig.cmake
[4.532s] -- Installing: /home/leo/work/install/hiwin_interfaces/share/hiwin_interfaces/cmake/hiwin_interfacesConfig-version.cmake
[4.532s] -- Installing: /home/leo/work/install/hiwin_interfaces/share/hiwin_interfaces/package.xml
[4.535s] Invoked command in '/home/leo/work/build/hiwin_interfaces' returned '0': CMAKE_PREFIX_PATH=/opt/ros/humble /usr/bin/cmake --install /home/leo/work/build/hiwin_interfaces
