[1.299s] Invoking command in '/home/zzz/work/src/yolo': PYTHONPATH=/home/zzz/work/build/yolo/prefix_override:/usr/lib/python3/dist-packages/colcon_core/task/python/colcon_distutils_commands:/home/zzz/work/install/yolo/lib/python3.10/site-packages:${PYTHONPATH} /usr/bin/python3 -W ignore:setup.py install is deprecated -W ignore:easy_install command is deprecated setup.py egg_info --egg-base ../../build/yolo build --build-base /home/zzz/work/build/yolo/build install --record /home/zzz/work/build/yolo/install.log --install-scripts $base/lib/yolo --single-version-externally-managed install_data
[1.499s] running egg_info
[1.507s] writing ../../build/yolo/yolo.egg-info/PKG-INFO
[1.507s] writing dependency_links to ../../build/yolo/yolo.egg-info/dependency_links.txt
[1.507s] writing entry points to ../../build/yolo/yolo.egg-info/entry_points.txt
[1.507s] writing requirements to ../../build/yolo/yolo.egg-info/requires.txt
[1.507s] writing top-level names to ../../build/yolo/yolo.egg-info/top_level.txt
[1.525s] reading manifest file '../../build/yolo/yolo.egg-info/SOURCES.txt'
[1.525s] writing manifest file '../../build/yolo/yolo.egg-info/SOURCES.txt'
[1.525s] running build
[1.525s] running build_py
[1.526s] copying yolo/__init__.py -> /home/zzz/work/build/yolo/build/lib/yolo
[1.526s] copying yolo/camera_node_apriltag.py -> /home/zzz/work/build/yolo/build/lib/yolo
[1.526s] copying yolo/camera_node_sub.py -> /home/zzz/work/build/yolo/build/lib/yolo
[1.526s] copying yolo/camera_node_yolo_apriltag.py -> /home/zzz/work/build/yolo/build/lib/yolo
[1.526s] copying yolo/camera_node_pub.py -> /home/zzz/work/build/yolo/build/lib/yolo
[1.526s] warning: build_py: byte-compiling is disabled, skipping.
[1.527s] 
[1.527s] running install
[1.529s] running install_lib
[1.537s] warning: install_lib: byte-compiling is disabled, skipping.
[1.537s] 
[1.537s] running install_data
[1.537s] copying resource/yolo -> /home/zzz/work/install/yolo/share/ament_index/resource_index/packages
[1.537s] copying package.xml -> /home/zzz/work/install/yolo/share/yolo
[1.538s] running install_egg_info
[1.546s] removing '/home/zzz/work/install/yolo/lib/python3.10/site-packages/yolo-0.0.0-py3.10.egg-info' (and everything under it)
[1.546s] Copying ../../build/yolo/yolo.egg-info to /home/zzz/work/install/yolo/lib/python3.10/site-packages/yolo-0.0.0-py3.10.egg-info
[1.547s] running install_scripts
[1.562s] Installing apriltag script to /home/zzz/work/install/yolo/lib/yolo
[1.563s] Installing yolo_apriltag script to /home/zzz/work/install/yolo/lib/yolo
[1.563s] Installing yolo_pub script to /home/zzz/work/install/yolo/lib/yolo
[1.563s] Installing yolo_sub script to /home/zzz/work/install/yolo/lib/yolo
[1.563s] writing list of installed files to '/home/zzz/work/build/yolo/install.log'
[1.582s] Invoked command in '/home/zzz/work/src/yolo' returned '0': PYTHONPATH=/home/zzz/work/build/yolo/prefix_override:/usr/lib/python3/dist-packages/colcon_core/task/python/colcon_distutils_commands:/home/zzz/work/install/yolo/lib/python3.10/site-packages:${PYTHONPATH} /usr/bin/python3 -W ignore:setup.py install is deprecated -W ignore:easy_install command is deprecated setup.py egg_info --egg-base ../../build/yolo build --build-base /home/zzz/work/build/yolo/build install --record /home/zzz/work/build/yolo/install.log --install-scripts $base/lib/yolo --single-version-externally-managed install_data
