[0.112s] Invoking command in '/home/zzz/work/build/hiwin_interfaces': CMAKE_PREFIX_PATH=${CMAKE_PREFIX_PATH}:/home/zzz/work/install/yolo:/home/zzz/work/install/realsense2_ros_mqtt_bridge:/home/zzz/work/install/hiwin_example:/home/zzz/work/install/arduino_bridge:/opt/ros/humble /usr/bin/cmake --build /home/zzz/work/build/hiwin_interfaces -- -j12 -l12
[1.447s] [  2%] Built target hiwin_interfaces__rs
[1.448s] [  2%] Built target ament_cmake_python_symlink_hiwin_interfaces
[1.448s] [  5%] Built target hiwin_interfaces__cpp
[1.450s] running egg_info
[1.451s] writing hiwin_interfaces.egg-info/PKG-INFO
[1.455s] writing dependency_links to hiwin_interfaces.egg-info/dependency_links.txt
[1.455s] writing top-level names to hiwin_interfaces.egg-info/top_level.txt
[1.455s] reading manifest file 'hiwin_interfaces.egg-info/SOURCES.txt'
[1.457s] writing manifest file 'hiwin_interfaces.egg-info/SOURCES.txt'
[1.457s] [  5%] Built target ament_cmake_python_build_hiwin_interfaces_egg
[1.457s] [ 15%] Built target hiwin_interfaces__rosidl_typesupport_cpp
[1.458s] [ 25%] Built target hiwin_interfaces__rosidl_typesupport_introspection_cpp
[1.458s] [ 35%] Built target hiwin_interfaces__rosidl_typesupport_fastrtps_cpp
[1.458s] [ 45%] Built target hiwin_interfaces__rosidl_generator_c
[1.459s] [ 55%] Built target hiwin_interfaces__rosidl_typesupport_fastrtps_c
[1.459s] [ 65%] Built target hiwin_interfaces__rosidl_typesupport_c
[1.459s] [ 75%] Built target hiwin_interfaces__rosidl_typesupport_introspection_c
[1.459s] [ 75%] Built target hiwin_interfaces
[1.460s] [ 77%] Built target hiwin_interfaces__py
[1.460s] [ 85%] Built target hiwin_interfaces__rosidl_generator_py
[1.482s] [ 90%] Built target hiwin_interfaces__rosidl_typesupport_fastrtps_c__pyext
[1.545s] [ 95%] Built target hiwin_interfaces__rosidl_typesupport_c__pyext
[1.603s] [100%] Built target hiwin_interfaces__rosidl_typesupport_introspection_c__pyext
[1.974s] Invoked command in '/home/zzz/work/build/hiwin_interfaces' returned '0': CMAKE_PREFIX_PATH=${CMAKE_PREFIX_PATH}:/home/zzz/work/install/yolo:/home/zzz/work/install/realsense2_ros_mqtt_bridge:/home/zzz/work/install/hiwin_example:/home/zzz/work/install/arduino_bridge:/opt/ros/humble /usr/bin/cmake --build /home/zzz/work/build/hiwin_interfaces -- -j12 -l12
[1.980s] Invoking command in '/home/zzz/work/build/hiwin_interfaces': CMAKE_PREFIX_PATH=${CMAKE_PREFIX_PATH}:/home/zzz/work/install/yolo:/home/zzz/work/install/realsense2_ros_mqtt_bridge:/home/zzz/work/install/hiwin_example:/home/zzz/work/install/arduino_bridge:/opt/ros/humble /usr/bin/cmake --install /home/zzz/work/build/hiwin_interfaces
[2.013s] -- Install configuration: ""
[2.014s] -- Execute custom install script
[2.015s] -- Up-to-date symlink: /home/zzz/work/install/hiwin_interfaces/share/ament_index/resource_index/rosidl_interfaces/hiwin_interfaces
[2.016s] -- Up-to-date symlink: /home/zzz/work/install/hiwin_interfaces/include/hiwin_interfaces/hiwin_interfaces/msg/rosidl_generator_c__visibility_control.h
[2.016s] -- Up-to-date symlink: /home/zzz/work/install/hiwin_interfaces/include/hiwin_interfaces/hiwin_interfaces/srv/detail/hiwinmodbus__functions.h
[2.016s] -- Up-to-date symlink: /home/zzz/work/install/hiwin_interfaces/include/hiwin_interfaces/hiwin_interfaces/srv/detail/hiwinmodbus__struct.h
[2.016s] -- Up-to-date symlink: /home/zzz/work/install/hiwin_interfaces/include/hiwin_interfaces/hiwin_interfaces/srv/detail/hiwinmodbus__type_support.h
[2.016s] -- Up-to-date symlink: /home/zzz/work/install/hiwin_interfaces/include/hiwin_interfaces/hiwin_interfaces/srv/detail/robot_command__functions.h
[2.016s] -- Up-to-date symlink: /home/zzz/work/install/hiwin_interfaces/include/hiwin_interfaces/hiwin_interfaces/srv/detail/robot_command__struct.h
[2.016s] -- Up-to-date symlink: /home/zzz/work/install/hiwin_interfaces/include/hiwin_interfaces/hiwin_interfaces/srv/detail/robot_command__type_support.h
[2.016s] -- Up-to-date symlink: /home/zzz/work/install/hiwin_interfaces/include/hiwin_interfaces/hiwin_interfaces/srv/hiwinmodbus.h
[2.016s] -- Up-to-date symlink: /home/zzz/work/install/hiwin_interfaces/include/hiwin_interfaces/hiwin_interfaces/srv/robot_command.h
[2.016s] -- Up-to-date symlink: /home/zzz/work/install/hiwin_interfaces/share/hiwin_interfaces/environment/library_path.sh
[2.016s] -- Up-to-date symlink: /home/zzz/work/install/hiwin_interfaces/share/hiwin_interfaces/environment/library_path.dsv
[2.017s] -- Up-to-date symlink: /home/zzz/work/install/hiwin_interfaces/include/hiwin_interfaces/hiwin_interfaces/msg/rosidl_typesupport_fastrtps_c__visibility_control.h
[2.017s] -- Up-to-date symlink: /home/zzz/work/install/hiwin_interfaces/include/hiwin_interfaces/hiwin_interfaces/srv/detail/hiwinmodbus__rosidl_typesupport_fastrtps_c.h
[2.021s] -- Up-to-date symlink: /home/zzz/work/install/hiwin_interfaces/include/hiwin_interfaces/hiwin_interfaces/srv/detail/robot_command__rosidl_typesupport_fastrtps_c.h
[2.021s] -- Up-to-date symlink: /home/zzz/work/install/hiwin_interfaces/include/hiwin_interfaces/hiwin_interfaces/msg/rosidl_generator_cpp__visibility_control.hpp
[2.021s] -- Up-to-date symlink: /home/zzz/work/install/hiwin_interfaces/include/hiwin_interfaces/hiwin_interfaces/srv/detail/hiwinmodbus__builder.hpp
[2.021s] -- Up-to-date symlink: /home/zzz/work/install/hiwin_interfaces/include/hiwin_interfaces/hiwin_interfaces/srv/detail/hiwinmodbus__struct.hpp
[2.021s] -- Up-to-date symlink: /home/zzz/work/install/hiwin_interfaces/include/hiwin_interfaces/hiwin_interfaces/srv/detail/hiwinmodbus__traits.hpp
[2.022s] -- Up-to-date symlink: /home/zzz/work/install/hiwin_interfaces/include/hiwin_interfaces/hiwin_interfaces/srv/detail/hiwinmodbus__type_support.hpp
[2.022s] -- Up-to-date symlink: /home/zzz/work/install/hiwin_interfaces/include/hiwin_interfaces/hiwin_interfaces/srv/detail/robot_command__builder.hpp
[2.022s] -- Up-to-date symlink: /home/zzz/work/install/hiwin_interfaces/include/hiwin_interfaces/hiwin_interfaces/srv/detail/robot_command__struct.hpp
[2.022s] -- Up-to-date symlink: /home/zzz/work/install/hiwin_interfaces/include/hiwin_interfaces/hiwin_interfaces/srv/detail/robot_command__traits.hpp
[2.022s] -- Up-to-date symlink: /home/zzz/work/install/hiwin_interfaces/include/hiwin_interfaces/hiwin_interfaces/srv/detail/robot_command__type_support.hpp
[2.022s] -- Up-to-date symlink: /home/zzz/work/install/hiwin_interfaces/include/hiwin_interfaces/hiwin_interfaces/srv/hiwinmodbus.hpp
[2.022s] -- Up-to-date symlink: /home/zzz/work/install/hiwin_interfaces/include/hiwin_interfaces/hiwin_interfaces/srv/robot_command.hpp
[2.022s] -- Up-to-date symlink: /home/zzz/work/install/hiwin_interfaces/include/hiwin_interfaces/hiwin_interfaces/msg/rosidl_typesupport_fastrtps_cpp__visibility_control.h
[2.022s] -- Up-to-date symlink: /home/zzz/work/install/hiwin_interfaces/include/hiwin_interfaces/hiwin_interfaces/srv/detail/hiwinmodbus__rosidl_typesupport_fastrtps_cpp.hpp
[2.022s] -- Up-to-date symlink: /home/zzz/work/install/hiwin_interfaces/include/hiwin_interfaces/hiwin_interfaces/srv/detail/robot_command__rosidl_typesupport_fastrtps_cpp.hpp
[2.022s] -- Up-to-date symlink: /home/zzz/work/install/hiwin_interfaces/include/hiwin_interfaces/hiwin_interfaces/msg/rosidl_typesupport_introspection_c__visibility_control.h
[2.022s] -- Up-to-date symlink: /home/zzz/work/install/hiwin_interfaces/include/hiwin_interfaces/hiwin_interfaces/srv/detail/hiwinmodbus__rosidl_typesupport_introspection_c.h
[2.022s] -- Up-to-date symlink: /home/zzz/work/install/hiwin_interfaces/include/hiwin_interfaces/hiwin_interfaces/srv/detail/robot_command__rosidl_typesupport_introspection_c.h
[2.022s] -- Up-to-date symlink: /home/zzz/work/install/hiwin_interfaces/include/hiwin_interfaces/hiwin_interfaces/srv/detail/hiwinmodbus__rosidl_typesupport_introspection_cpp.hpp
[2.023s] -- Up-to-date symlink: /home/zzz/work/install/hiwin_interfaces/include/hiwin_interfaces/hiwin_interfaces/srv/detail/robot_command__rosidl_typesupport_introspection_cpp.hpp
[2.024s] -- Up-to-date symlink: /home/zzz/work/install/hiwin_interfaces/share/hiwin_interfaces/environment/pythonpath.sh
[2.024s] -- Up-to-date symlink: /home/zzz/work/install/hiwin_interfaces/share/hiwin_interfaces/environment/pythonpath.dsv
[2.025s] -- Up-to-date symlink: /home/zzz/work/install/hiwin_interfaces/local/lib/python3.10/dist-packages/hiwin_interfaces-0.0.0-py3.10.egg-info/PKG-INFO
[2.026s] -- Up-to-date symlink: /home/zzz/work/install/hiwin_interfaces/local/lib/python3.10/dist-packages/hiwin_interfaces-0.0.0-py3.10.egg-info/SOURCES.txt
[2.026s] -- Up-to-date symlink: /home/zzz/work/install/hiwin_interfaces/local/lib/python3.10/dist-packages/hiwin_interfaces-0.0.0-py3.10.egg-info/dependency_links.txt
[2.026s] -- Up-to-date symlink: /home/zzz/work/install/hiwin_interfaces/local/lib/python3.10/dist-packages/hiwin_interfaces-0.0.0-py3.10.egg-info/top_level.txt
[2.027s] -- Up-to-date symlink: /home/zzz/work/install/hiwin_interfaces/local/lib/python3.10/dist-packages/hiwin_interfaces/__init__.py
[2.027s] -- Up-to-date symlink: /home/zzz/work/install/hiwin_interfaces/local/lib/python3.10/dist-packages/hiwin_interfaces/_hiwin_interfaces_s.ep.rosidl_typesupport_c.c
[2.028s] -- Up-to-date symlink: /home/zzz/work/install/hiwin_interfaces/local/lib/python3.10/dist-packages/hiwin_interfaces/_hiwin_interfaces_s.ep.rosidl_typesupport_fastrtps_c.c
[2.028s] -- Up-to-date symlink: /home/zzz/work/install/hiwin_interfaces/local/lib/python3.10/dist-packages/hiwin_interfaces/_hiwin_interfaces_s.ep.rosidl_typesupport_introspection_c.c
[2.028s] -- Up-to-date symlink: /home/zzz/work/install/hiwin_interfaces/local/lib/python3.10/dist-packages/hiwin_interfaces/hiwin_interfaces_s__rosidl_typesupport_c.cpython-310-x86_64-linux-gnu.so
[2.029s] -- Up-to-date symlink: /home/zzz/work/install/hiwin_interfaces/local/lib/python3.10/dist-packages/hiwin_interfaces/hiwin_interfaces_s__rosidl_typesupport_fastrtps_c.cpython-310-x86_64-linux-gnu.so
[2.030s] -- Up-to-date symlink: /home/zzz/work/install/hiwin_interfaces/local/lib/python3.10/dist-packages/hiwin_interfaces/hiwin_interfaces_s__rosidl_typesupport_introspection_c.cpython-310-x86_64-linux-gnu.so
[2.031s] -- Up-to-date symlink: /home/zzz/work/install/hiwin_interfaces/local/lib/python3.10/dist-packages/hiwin_interfaces/libhiwin_interfaces__rosidl_generator_py.so
[2.032s] -- Up-to-date symlink: /home/zzz/work/install/hiwin_interfaces/local/lib/python3.10/dist-packages/hiwin_interfaces/srv/__init__.py
[2.032s] -- Up-to-date symlink: /home/zzz/work/install/hiwin_interfaces/local/lib/python3.10/dist-packages/hiwin_interfaces/srv/_hiwinmodbus.py
[2.032s] -- Up-to-date symlink: /home/zzz/work/install/hiwin_interfaces/local/lib/python3.10/dist-packages/hiwin_interfaces/srv/_hiwinmodbus_s.c
[2.033s] -- Up-to-date symlink: /home/zzz/work/install/hiwin_interfaces/local/lib/python3.10/dist-packages/hiwin_interfaces/srv/_robot_command.py
[2.033s] -- Up-to-date symlink: /home/zzz/work/install/hiwin_interfaces/local/lib/python3.10/dist-packages/hiwin_interfaces/srv/_robot_command_s.c
[2.033s] -- Up-to-date symlink: /home/zzz/work/install/hiwin_interfaces/local/lib/python3.10/dist-packages/hiwin_interfaces/hiwin_interfaces_s__rosidl_typesupport_fastrtps_c.cpython-310-x86_64-linux-gnu.so
[2.033s] -- Up-to-date symlink: /home/zzz/work/install/hiwin_interfaces/local/lib/python3.10/dist-packages/hiwin_interfaces/hiwin_interfaces_s__rosidl_typesupport_introspection_c.cpython-310-x86_64-linux-gnu.so
[2.034s] -- Up-to-date symlink: /home/zzz/work/install/hiwin_interfaces/local/lib/python3.10/dist-packages/hiwin_interfaces/hiwin_interfaces_s__rosidl_typesupport_c.cpython-310-x86_64-linux-gnu.so
[2.034s] -- Up-to-date symlink: /home/zzz/work/install/hiwin_interfaces/share/ament_index/resource_index/rust_packages/hiwin_interfaces
[2.037s] -- Up-to-date symlink: /home/zzz/work/install/hiwin_interfaces/share/hiwin_interfaces/rust/Cargo.toml
[2.037s] -- Up-to-date symlink: /home/zzz/work/install/hiwin_interfaces/share/hiwin_interfaces/rust/build.rs
[2.037s] -- Up-to-date symlink: /home/zzz/work/install/hiwin_interfaces/share/hiwin_interfaces/rust/src/lib.rs
[2.037s] -- Up-to-date symlink: /home/zzz/work/install/hiwin_interfaces/share/hiwin_interfaces/rust/src/srv.rs
[2.037s] -- Up-to-date symlink: /home/zzz/work/install/hiwin_interfaces/share/hiwin_interfaces/rust/src/srv/rmw.rs
[2.038s] -- Up-to-date symlink: /home/zzz/work/install/hiwin_interfaces/share/hiwin_interfaces/srv/Hiwinmodbus.idl
[2.038s] -- Up-to-date symlink: /home/zzz/work/install/hiwin_interfaces/share/hiwin_interfaces/srv/RobotCommand.idl
[2.038s] -- Up-to-date symlink: /home/zzz/work/install/hiwin_interfaces/share/hiwin_interfaces/srv/Hiwinmodbus.srv
[2.038s] -- Up-to-date symlink: /home/zzz/work/install/hiwin_interfaces/share/hiwin_interfaces/srv/Hiwinmodbus_Request.msg
[2.039s] -- Up-to-date symlink: /home/zzz/work/install/hiwin_interfaces/share/hiwin_interfaces/srv/Hiwinmodbus_Response.msg
[2.039s] -- Up-to-date symlink: /home/zzz/work/install/hiwin_interfaces/share/hiwin_interfaces/srv/RobotCommand.srv
[2.039s] -- Up-to-date symlink: /home/zzz/work/install/hiwin_interfaces/share/hiwin_interfaces/srv/RobotCommand_Request.msg
[2.039s] -- Up-to-date symlink: /home/zzz/work/install/hiwin_interfaces/share/hiwin_interfaces/srv/RobotCommand_Response.msg
[2.040s] -- Up-to-date symlink: /home/zzz/work/install/hiwin_interfaces/share/ament_index/resource_index/package_run_dependencies/hiwin_interfaces
[2.041s] -- Up-to-date symlink: /home/zzz/work/install/hiwin_interfaces/share/ament_index/resource_index/parent_prefix_path/hiwin_interfaces
[2.042s] -- Up-to-date symlink: /home/zzz/work/install/hiwin_interfaces/share/hiwin_interfaces/environment/ament_prefix_path.sh
[2.043s] -- Up-to-date symlink: /home/zzz/work/install/hiwin_interfaces/share/hiwin_interfaces/environment/ament_prefix_path.dsv
[2.043s] -- Up-to-date symlink: /home/zzz/work/install/hiwin_interfaces/share/hiwin_interfaces/environment/path.sh
[2.043s] -- Up-to-date symlink: /home/zzz/work/install/hiwin_interfaces/share/hiwin_interfaces/environment/path.dsv
[2.044s] -- Up-to-date symlink: /home/zzz/work/install/hiwin_interfaces/share/hiwin_interfaces/local_setup.bash
[2.044s] -- Up-to-date symlink: /home/zzz/work/install/hiwin_interfaces/share/hiwin_interfaces/local_setup.sh
[2.044s] -- Up-to-date symlink: /home/zzz/work/install/hiwin_interfaces/share/hiwin_interfaces/local_setup.zsh
[2.044s] -- Up-to-date symlink: /home/zzz/work/install/hiwin_interfaces/share/hiwin_interfaces/local_setup.dsv
[2.044s] -- Symlinking: /home/zzz/work/install/hiwin_interfaces/share/hiwin_interfaces/package.dsv
[2.061s] -- Up-to-date symlink: /home/zzz/work/install/hiwin_interfaces/share/ament_index/resource_index/packages/hiwin_interfaces
[2.061s] -- Up-to-date symlink: /home/zzz/work/install/hiwin_interfaces/share/hiwin_interfaces/cmake/rosidl_cmake-extras.cmake
[2.068s] -- Up-to-date symlink: /home/zzz/work/install/hiwin_interfaces/share/hiwin_interfaces/cmake/ament_cmake_export_dependencies-extras.cmake
[2.068s] -- Up-to-date symlink: /home/zzz/work/install/hiwin_interfaces/share/hiwin_interfaces/cmake/ament_cmake_export_include_directories-extras.cmake
[2.068s] -- Up-to-date symlink: /home/zzz/work/install/hiwin_interfaces/share/hiwin_interfaces/cmake/ament_cmake_export_libraries-extras.cmake
[2.068s] -- Up-to-date symlink: /home/zzz/work/install/hiwin_interfaces/share/hiwin_interfaces/cmake/ament_cmake_export_targets-extras.cmake
[2.068s] -- Up-to-date symlink: /home/zzz/work/install/hiwin_interfaces/share/hiwin_interfaces/cmake/rosidl_cmake_export_typesupport_targets-extras.cmake
[2.068s] -- Up-to-date symlink: /home/zzz/work/install/hiwin_interfaces/share/hiwin_interfaces/cmake/rosidl_cmake_export_typesupport_libraries-extras.cmake
[2.068s] -- Up-to-date symlink: /home/zzz/work/install/hiwin_interfaces/share/hiwin_interfaces/cmake/hiwin_interfacesConfig.cmake
[2.071s] -- Up-to-date symlink: /home/zzz/work/install/hiwin_interfaces/share/hiwin_interfaces/cmake/hiwin_interfacesConfig-version.cmake
[2.073s] -- Up-to-date symlink: /home/zzz/work/install/hiwin_interfaces/share/hiwin_interfaces/package.xml
[2.073s] -- Up-to-date: /home/zzz/work/install/hiwin_interfaces/lib/libhiwin_interfaces__rosidl_generator_c.so
[2.073s] -- Up-to-date: /home/zzz/work/install/hiwin_interfaces/lib/libhiwin_interfaces__rosidl_typesupport_fastrtps_c.so
[2.079s] -- Up-to-date: /home/zzz/work/install/hiwin_interfaces/lib/libhiwin_interfaces__rosidl_typesupport_fastrtps_cpp.so
[2.079s] -- Up-to-date: /home/zzz/work/install/hiwin_interfaces/lib/libhiwin_interfaces__rosidl_typesupport_introspection_c.so
[2.079s] -- Up-to-date: /home/zzz/work/install/hiwin_interfaces/lib/libhiwin_interfaces__rosidl_typesupport_c.so
[2.079s] -- Up-to-date: /home/zzz/work/install/hiwin_interfaces/lib/libhiwin_interfaces__rosidl_typesupport_introspection_cpp.so
[2.079s] -- Up-to-date: /home/zzz/work/install/hiwin_interfaces/lib/libhiwin_interfaces__rosidl_typesupport_cpp.so
[2.121s] Listing '/home/zzz/work/install/hiwin_interfaces/local/lib/python3.10/dist-packages/hiwin_interfaces'...
[2.121s] Listing '/home/zzz/work/install/hiwin_interfaces/local/lib/python3.10/dist-packages/hiwin_interfaces/srv'...
[2.134s] -- Up-to-date: /home/zzz/work/install/hiwin_interfaces/lib/libhiwin_interfaces__rosidl_generator_py.so
[2.135s] -- Up-to-date: /home/zzz/work/install/hiwin_interfaces/share/hiwin_interfaces/cmake/export_hiwin_interfaces__rosidl_generator_cExport.cmake
[2.135s] -- Up-to-date: /home/zzz/work/install/hiwin_interfaces/share/hiwin_interfaces/cmake/export_hiwin_interfaces__rosidl_generator_cExport-noconfig.cmake
[2.139s] -- Up-to-date: /home/zzz/work/install/hiwin_interfaces/share/hiwin_interfaces/cmake/export_hiwin_interfaces__rosidl_typesupport_fastrtps_cExport.cmake
[2.139s] -- Up-to-date: /home/zzz/work/install/hiwin_interfaces/share/hiwin_interfaces/cmake/export_hiwin_interfaces__rosidl_typesupport_fastrtps_cExport-noconfig.cmake
[2.145s] -- Up-to-date: /home/zzz/work/install/hiwin_interfaces/share/hiwin_interfaces/cmake/export_hiwin_interfaces__rosidl_generator_cppExport.cmake
[2.145s] -- Up-to-date: /home/zzz/work/install/hiwin_interfaces/share/hiwin_interfaces/cmake/export_hiwin_interfaces__rosidl_typesupport_fastrtps_cppExport.cmake
[2.145s] -- Up-to-date: /home/zzz/work/install/hiwin_interfaces/share/hiwin_interfaces/cmake/export_hiwin_interfaces__rosidl_typesupport_fastrtps_cppExport-noconfig.cmake
[2.145s] -- Up-to-date: /home/zzz/work/install/hiwin_interfaces/share/hiwin_interfaces/cmake/hiwin_interfaces__rosidl_typesupport_introspection_cExport.cmake
[2.145s] -- Up-to-date: /home/zzz/work/install/hiwin_interfaces/share/hiwin_interfaces/cmake/hiwin_interfaces__rosidl_typesupport_introspection_cExport-noconfig.cmake
[2.145s] -- Up-to-date: /home/zzz/work/install/hiwin_interfaces/share/hiwin_interfaces/cmake/hiwin_interfaces__rosidl_typesupport_cExport.cmake
[2.145s] -- Up-to-date: /home/zzz/work/install/hiwin_interfaces/share/hiwin_interfaces/cmake/hiwin_interfaces__rosidl_typesupport_cExport-noconfig.cmake
[2.146s] -- Up-to-date: /home/zzz/work/install/hiwin_interfaces/share/hiwin_interfaces/cmake/hiwin_interfaces__rosidl_typesupport_introspection_cppExport.cmake
[2.146s] -- Up-to-date: /home/zzz/work/install/hiwin_interfaces/share/hiwin_interfaces/cmake/hiwin_interfaces__rosidl_typesupport_introspection_cppExport-noconfig.cmake
[2.146s] -- Up-to-date: /home/zzz/work/install/hiwin_interfaces/share/hiwin_interfaces/cmake/hiwin_interfaces__rosidl_typesupport_cppExport.cmake
[2.146s] -- Up-to-date: /home/zzz/work/install/hiwin_interfaces/share/hiwin_interfaces/cmake/hiwin_interfaces__rosidl_typesupport_cppExport-noconfig.cmake
[2.146s] -- Up-to-date: /home/zzz/work/install/hiwin_interfaces/share/hiwin_interfaces/cmake/export_hiwin_interfaces__rosidl_generator_pyExport.cmake
[2.146s] -- Up-to-date: /home/zzz/work/install/hiwin_interfaces/share/hiwin_interfaces/cmake/export_hiwin_interfaces__rosidl_generator_pyExport-noconfig.cmake
[2.146s] Invoked command in '/home/zzz/work/build/hiwin_interfaces' returned '0': CMAKE_PREFIX_PATH=${CMAKE_PREFIX_PATH}:/home/zzz/work/install/yolo:/home/zzz/work/install/realsense2_ros_mqtt_bridge:/home/zzz/work/install/hiwin_example:/home/zzz/work/install/arduino_bridge:/opt/ros/humble /usr/bin/cmake --install /home/zzz/work/build/hiwin_interfaces
