[1.661s] Invoking command in '/home/zzz/work/build/yolo': PYTHONPATH=/home/zzz/work/build/yolo/prefix_override:/usr/lib/python3/dist-packages/colcon_core/task/python/colcon_distutils_commands:/home/zzz/work/install/yolo/lib/python3.10/site-packages:${PYTHONPATH} /usr/bin/python3 -W ignore:setup.py install is deprecated -W ignore:easy_install command is deprecated setup.py develop --editable --build-directory /home/zzz/work/build/yolo/build --no-deps symlink_data
[1.930s] running develop
[2.073s] running egg_info
[2.073s] writing yolo.egg-info/PKG-INFO
[2.073s] writing dependency_links to yolo.egg-info/dependency_links.txt
[2.073s] writing entry points to yolo.egg-info/entry_points.txt
[2.073s] writing requirements to yolo.egg-info/requires.txt
[2.073s] writing top-level names to yolo.egg-info/top_level.txt
[2.075s] reading manifest file 'yolo.egg-info/SOURCES.txt'
[2.075s] writing manifest file 'yolo.egg-info/SOURCES.txt'
[2.076s] running build_ext
[2.076s] Creating /home/zzz/work/install/yolo/lib/python3.10/site-packages/yolo.egg-link (link to .)
[2.077s] Installing apriltag script to /home/zzz/work/install/yolo/lib/yolo
[2.077s] Installing yolo_apriltag script to /home/zzz/work/install/yolo/lib/yolo
[2.077s] Installing yolo_pub script to /home/zzz/work/install/yolo/lib/yolo
[2.077s] Installing yolo_sub script to /home/zzz/work/install/yolo/lib/yolo
[2.077s] 
[2.077s] Installed /home/zzz/work/build/yolo
[2.077s] running symlink_data
[2.104s] Invoked command in '/home/zzz/work/build/yolo' returned '0': PYTHONPATH=/home/zzz/work/build/yolo/prefix_override:/usr/lib/python3/dist-packages/colcon_core/task/python/colcon_distutils_commands:/home/zzz/work/install/yolo/lib/python3.10/site-packages:${PYTHONPATH} /usr/bin/python3 -W ignore:setup.py install is deprecated -W ignore:easy_install command is deprecated setup.py develop --editable --build-directory /home/zzz/work/build/yolo/build --no-deps symlink_data
