[0.017s] Invoking command in '/home/zzz/work/build/realsense2_description': CMAKE_PREFIX_PATH=/home/zzz/work/install/realsense2_camera_msgs:/home/zzz/work/install/realsense2_rviz_plugin:/home/zzz/work/install/realsense2_description:/home/zzz/work/install/realsense2_camera:/home/zzz/work/install/hiwin_service_client:/home/zzz/work/install/hiwin_libmodbus:/home/zzz/work/install/hiwin_interfaces:/home/zzz/work/install/yolo:/home/zzz/work/install/realsense2_ros_mqtt_bridge:/home/zzz/work/install/hiwin_example:/home/zzz/work/install/arduino_bridge:/opt/ros/humble LD_LIBRARY_PATH=/home/zzz/work/install/realsense2_camera_msgs/lib:/home/zzz/work/install/realsense2_camera/lib:/home/zzz/work/install/hiwin_libmodbus/lib:/home/zzz/work/install/hiwin_interfaces/lib:/opt/ros/humble/opt/rviz_ogre_vendor/lib:/opt/ros/humble/lib/x86_64-linux-gnu:/opt/ros/humble/lib /usr/bin/cmake /home/zzz/work/src/realsense-ros/realsense2_description -DAMENT_CMAKE_SYMLINK_INSTALL=1 -DCMAKE_INSTALL_PREFIX=/home/zzz/work/install/realsense2_description
[0.086s] -- The C compiler identification is GNU 11.4.0
[0.161s] -- The CXX compiler identification is GNU 11.4.0
[0.171s] -- Detecting C compiler ABI info
[0.254s] -- Detecting C compiler ABI info - done
[0.266s] -- Check for working C compiler: /usr/bin/cc - skipped
[0.266s] -- Detecting C compile features
[0.266s] -- Detecting C compile features - done
[0.270s] -- Detecting CXX compiler ABI info
[0.371s] -- Detecting CXX compiler ABI info - done
[0.378s] -- Check for working CXX compiler: /usr/bin/c++ - skipped
[0.378s] -- Detecting CXX compile features
[0.379s] -- Detecting CXX compile features - done
[0.385s] -- Found ament_cmake: 1.3.14 (/opt/ros/humble/share/ament_cmake/cmake)
[0.560s] -- Found Python3: /usr/bin/python3 (found version "3.10.12") found components: Interpreter 
[0.643s] -- Override CMake install command with custom implementation using symlinks instead of copying resources
[0.775s] -- Configuring done
[0.780s] -- Generating done
[0.781s] -- Build files have been written to: /home/zzz/work/build/realsense2_description
[0.786s] Invoked command in '/home/zzz/work/build/realsense2_description' returned '0': CMAKE_PREFIX_PATH=/home/zzz/work/install/realsense2_camera_msgs:/home/zzz/work/install/realsense2_rviz_plugin:/home/zzz/work/install/realsense2_description:/home/zzz/work/install/realsense2_camera:/home/zzz/work/install/hiwin_service_client:/home/zzz/work/install/hiwin_libmodbus:/home/zzz/work/install/hiwin_interfaces:/home/zzz/work/install/yolo:/home/zzz/work/install/realsense2_ros_mqtt_bridge:/home/zzz/work/install/hiwin_example:/home/zzz/work/install/arduino_bridge:/opt/ros/humble LD_LIBRARY_PATH=/home/zzz/work/install/realsense2_camera_msgs/lib:/home/zzz/work/install/realsense2_camera/lib:/home/zzz/work/install/hiwin_libmodbus/lib:/home/zzz/work/install/hiwin_interfaces/lib:/opt/ros/humble/opt/rviz_ogre_vendor/lib:/opt/ros/humble/lib/x86_64-linux-gnu:/opt/ros/humble/lib /usr/bin/cmake /home/zzz/work/src/realsense-ros/realsense2_description -DAMENT_CMAKE_SYMLINK_INSTALL=1 -DCMAKE_INSTALL_PREFIX=/home/zzz/work/install/realsense2_description
[0.788s] Invoking command in '/home/zzz/work/build/realsense2_description': CMAKE_PREFIX_PATH=/home/zzz/work/install/realsense2_camera_msgs:/home/zzz/work/install/realsense2_rviz_plugin:/home/zzz/work/install/realsense2_description:/home/zzz/work/install/realsense2_camera:/home/zzz/work/install/hiwin_service_client:/home/zzz/work/install/hiwin_libmodbus:/home/zzz/work/install/hiwin_interfaces:/home/zzz/work/install/yolo:/home/zzz/work/install/realsense2_ros_mqtt_bridge:/home/zzz/work/install/hiwin_example:/home/zzz/work/install/arduino_bridge:/opt/ros/humble LD_LIBRARY_PATH=/home/zzz/work/install/realsense2_camera_msgs/lib:/home/zzz/work/install/realsense2_camera/lib:/home/zzz/work/install/hiwin_libmodbus/lib:/home/zzz/work/install/hiwin_interfaces/lib:/opt/ros/humble/opt/rviz_ogre_vendor/lib:/opt/ros/humble/lib/x86_64-linux-gnu:/opt/ros/humble/lib /usr/bin/cmake --build /home/zzz/work/build/realsense2_description -- -j12 -l12
[0.842s] Invoked command in '/home/zzz/work/build/realsense2_description' returned '0': CMAKE_PREFIX_PATH=/home/zzz/work/install/realsense2_camera_msgs:/home/zzz/work/install/realsense2_rviz_plugin:/home/zzz/work/install/realsense2_description:/home/zzz/work/install/realsense2_camera:/home/zzz/work/install/hiwin_service_client:/home/zzz/work/install/hiwin_libmodbus:/home/zzz/work/install/hiwin_interfaces:/home/zzz/work/install/yolo:/home/zzz/work/install/realsense2_ros_mqtt_bridge:/home/zzz/work/install/hiwin_example:/home/zzz/work/install/arduino_bridge:/opt/ros/humble LD_LIBRARY_PATH=/home/zzz/work/install/realsense2_camera_msgs/lib:/home/zzz/work/install/realsense2_camera/lib:/home/zzz/work/install/hiwin_libmodbus/lib:/home/zzz/work/install/hiwin_interfaces/lib:/opt/ros/humble/opt/rviz_ogre_vendor/lib:/opt/ros/humble/lib/x86_64-linux-gnu:/opt/ros/humble/lib /usr/bin/cmake --build /home/zzz/work/build/realsense2_description -- -j12 -l12
[0.844s] Invoking command in '/home/zzz/work/build/realsense2_description': CMAKE_PREFIX_PATH=/home/zzz/work/install/realsense2_camera_msgs:/home/zzz/work/install/realsense2_rviz_plugin:/home/zzz/work/install/realsense2_description:/home/zzz/work/install/realsense2_camera:/home/zzz/work/install/hiwin_service_client:/home/zzz/work/install/hiwin_libmodbus:/home/zzz/work/install/hiwin_interfaces:/home/zzz/work/install/yolo:/home/zzz/work/install/realsense2_ros_mqtt_bridge:/home/zzz/work/install/hiwin_example:/home/zzz/work/install/arduino_bridge:/opt/ros/humble LD_LIBRARY_PATH=/home/zzz/work/install/realsense2_camera_msgs/lib:/home/zzz/work/install/realsense2_camera/lib:/home/zzz/work/install/hiwin_libmodbus/lib:/home/zzz/work/install/hiwin_interfaces/lib:/opt/ros/humble/opt/rviz_ogre_vendor/lib:/opt/ros/humble/lib/x86_64-linux-gnu:/opt/ros/humble/lib /usr/bin/cmake --install /home/zzz/work/build/realsense2_description
[0.852s] -- Install configuration: ""
[0.852s] -- Execute custom install script
[0.853s] -- Symlinking: /home/zzz/work/install/realsense2_description/share/realsense2_description/launch/launch_utils.py
[0.864s] -- Symlinking: /home/zzz/work/install/realsense2_description/share/realsense2_description/launch/view_model.launch.py
[0.878s] -- Symlinking: /home/zzz/work/install/realsense2_description/share/realsense2_description/meshes/d405.stl
[0.889s] -- Symlinking: /home/zzz/work/install/realsense2_description/share/realsense2_description/meshes/d415.stl
[0.901s] -- Symlinking: /home/zzz/work/install/realsense2_description/share/realsense2_description/meshes/d435.dae
[0.914s] -- Symlinking: /home/zzz/work/install/realsense2_description/share/realsense2_description/meshes/d455.stl
[0.928s] -- Symlinking: /home/zzz/work/install/realsense2_description/share/realsense2_description/meshes/d585.stl
[0.943s] -- Symlinking: /home/zzz/work/install/realsense2_description/share/realsense2_description/meshes/l515.dae
[0.958s] -- Symlinking: /home/zzz/work/install/realsense2_description/share/realsense2_description/meshes/plug.stl
[0.972s] -- Symlinking: /home/zzz/work/install/realsense2_description/share/realsense2_description/meshes/plug_collision.stl
[0.989s] -- Symlinking: /home/zzz/work/install/realsense2_description/share/realsense2_description/rviz/urdf.rviz
[1.004s] -- Symlinking: /home/zzz/work/install/realsense2_description/share/realsense2_description/urdf/_d405.urdf.xacro
[1.017s] -- Symlinking: /home/zzz/work/install/realsense2_description/share/realsense2_description/urdf/_d415.urdf.xacro
[1.033s] -- Symlinking: /home/zzz/work/install/realsense2_description/share/realsense2_description/urdf/_d435.urdf.xacro
[1.050s] -- Symlinking: /home/zzz/work/install/realsense2_description/share/realsense2_description/urdf/_d435i.urdf.xacro
[1.060s] -- Symlinking: /home/zzz/work/install/realsense2_description/share/realsense2_description/urdf/_d435i_imu_modules.urdf.xacro
[1.072s] -- Symlinking: /home/zzz/work/install/realsense2_description/share/realsense2_description/urdf/_d455.urdf.xacro
[1.082s] -- Symlinking: /home/zzz/work/install/realsense2_description/share/realsense2_description/urdf/_d585.urdf.xacro
[1.095s] -- Symlinking: /home/zzz/work/install/realsense2_description/share/realsense2_description/urdf/_materials.urdf.xacro
[1.108s] -- Symlinking: /home/zzz/work/install/realsense2_description/share/realsense2_description/urdf/_r410.urdf.xacro
[1.120s] -- Symlinking: /home/zzz/work/install/realsense2_description/share/realsense2_description/urdf/_r430.urdf.xacro
[1.129s] -- Symlinking: /home/zzz/work/install/realsense2_description/share/realsense2_description/urdf/_usb_plug.urdf.xacro
[1.140s] -- Symlinking: /home/zzz/work/install/realsense2_description/share/realsense2_description/urdf/test_d405_camera.urdf.xacro
[1.149s] -- Symlinking: /home/zzz/work/install/realsense2_description/share/realsense2_description/urdf/test_d415_camera.urdf.xacro
[1.160s] -- Symlinking: /home/zzz/work/install/realsense2_description/share/realsense2_description/urdf/test_d435_camera.urdf.xacro
[1.173s] -- Symlinking: /home/zzz/work/install/realsense2_description/share/realsense2_description/urdf/test_d435_multiple_cameras.urdf.xacro
[1.185s] -- Symlinking: /home/zzz/work/install/realsense2_description/share/realsense2_description/urdf/test_d435i_camera.urdf.xacro
[1.200s] -- Symlinking: /home/zzz/work/install/realsense2_description/share/realsense2_description/urdf/test_d455_camera.urdf.xacro
[1.213s] -- Symlinking: /home/zzz/work/install/realsense2_description/share/realsense2_description/urdf/test_d585_camera.urdf.xacro
[1.224s] -- Symlinking: /home/zzz/work/install/realsense2_description/share/realsense2_description/urdf/test_r410_camera.urdf.xacro
[1.236s] -- Symlinking: /home/zzz/work/install/realsense2_description/share/realsense2_description/urdf/test_r430_camera.urdf.xacro
[1.249s] -- Symlinking: /home/zzz/work/install/realsense2_description/share/ament_index/resource_index/package_run_dependencies/realsense2_description
[1.260s] -- Symlinking: /home/zzz/work/install/realsense2_description/share/ament_index/resource_index/parent_prefix_path/realsense2_description
[1.270s] -- Symlinking: /home/zzz/work/install/realsense2_description/share/realsense2_description/environment/ament_prefix_path.sh
[1.278s] -- Symlinking: /home/zzz/work/install/realsense2_description/share/realsense2_description/environment/ament_prefix_path.dsv
[1.286s] -- Symlinking: /home/zzz/work/install/realsense2_description/share/realsense2_description/environment/path.sh
[1.295s] -- Symlinking: /home/zzz/work/install/realsense2_description/share/realsense2_description/environment/path.dsv
[1.307s] -- Symlinking: /home/zzz/work/install/realsense2_description/share/realsense2_description/local_setup.bash
[1.318s] -- Symlinking: /home/zzz/work/install/realsense2_description/share/realsense2_description/local_setup.sh
[1.329s] -- Symlinking: /home/zzz/work/install/realsense2_description/share/realsense2_description/local_setup.zsh
[1.341s] -- Symlinking: /home/zzz/work/install/realsense2_description/share/realsense2_description/local_setup.dsv
[1.352s] -- Symlinking: /home/zzz/work/install/realsense2_description/share/realsense2_description/package.dsv
[1.363s] -- Symlinking: /home/zzz/work/install/realsense2_description/share/ament_index/resource_index/packages/realsense2_description
[1.377s] -- Symlinking: /home/zzz/work/install/realsense2_description/share/realsense2_description/cmake/realsense2_descriptionConfig.cmake
[1.388s] -- Symlinking: /home/zzz/work/install/realsense2_description/share/realsense2_description/cmake/realsense2_descriptionConfig-version.cmake
[1.399s] -- Symlinking: /home/zzz/work/install/realsense2_description/share/realsense2_description/package.xml
[1.413s] Invoked command in '/home/zzz/work/build/realsense2_description' returned '0': CMAKE_PREFIX_PATH=/home/zzz/work/install/realsense2_camera_msgs:/home/zzz/work/install/realsense2_rviz_plugin:/home/zzz/work/install/realsense2_description:/home/zzz/work/install/realsense2_camera:/home/zzz/work/install/hiwin_service_client:/home/zzz/work/install/hiwin_libmodbus:/home/zzz/work/install/hiwin_interfaces:/home/zzz/work/install/yolo:/home/zzz/work/install/realsense2_ros_mqtt_bridge:/home/zzz/work/install/hiwin_example:/home/zzz/work/install/arduino_bridge:/opt/ros/humble LD_LIBRARY_PATH=/home/zzz/work/install/realsense2_camera_msgs/lib:/home/zzz/work/install/realsense2_camera/lib:/home/zzz/work/install/hiwin_libmodbus/lib:/home/zzz/work/install/hiwin_interfaces/lib:/opt/ros/humble/opt/rviz_ogre_vendor/lib:/opt/ros/humble/lib/x86_64-linux-gnu:/opt/ros/humble/lib /usr/bin/cmake --install /home/zzz/work/build/realsense2_description
