[0.011s] Invoking command in '/home/zzz/work/build/realsense2_camera': AMENT_PREFIX_PATH=/home/zzz/work/install/realsense2_camera_msgs:${AMENT_PREFIX_PATH} CMAKE_PREFIX_PATH=/home/zzz/work/install/realsense2_camera_msgs:/opt/ros/humble LD_LIBRARY_PATH=/home/zzz/work/install/realsense2_camera_msgs/lib:${LD_LIBRARY_PATH} PYTHONPATH=/home/zzz/work/install/realsense2_camera_msgs/local/lib/python3.10/dist-packages:${PYTHONPATH} /usr/bin/cmake /home/zzz/work/src/realsense-ros/realsense2_camera -DAMENT_CMAKE_SYMLINK_INSTALL=1 -DCMAKE_INSTALL_PREFIX=/home/zzz/work/install/realsense2_camera
[0.075s] -- The C compiler identification is GNU 11.4.0
[0.135s] -- The CXX compiler identification is GNU 11.4.0
[0.143s] -- Detecting C compiler ABI info
[0.226s] -- Detecting C compiler ABI info - done
[0.232s] -- Check for working C compiler: /usr/bin/cc - skipped
[0.233s] -- Detecting C compile features
[0.233s] -- Detecting C compile features - done
[0.236s] -- Detecting CXX compiler ABI info
[0.340s] -- Detecting CXX compiler ABI info - done
[0.351s] -- Check for working CXX compiler: /usr/bin/c++ - skipped
[0.351s] -- Detecting CXX compile features
[0.352s] -- Detecting CXX compile features - done
[0.353s] -- Create Release Build.
[0.359s] -- Found ament_cmake: 1.3.14 (/opt/ros/humble/share/ament_cmake/cmake)
[0.533s] -- Found Python3: /usr/bin/python3 (found version "3.10.12") found components: Interpreter 
[0.594s] -- Override CMake install command with custom implementation using symlinks instead of copying resources
[0.649s] -- Found builtin_interfaces: 1.2.2 (/opt/ros/humble/share/builtin_interfaces/cmake)
[0.690s] -- Found rosidl_generator_c: 3.1.8 (/opt/ros/humble/share/rosidl_generator_c/cmake)
[0.698s] -- Found rosidl_adapter: 3.1.8 (/opt/ros/humble/share/rosidl_adapter/cmake)
[0.708s] -- Found rosidl_generator_cpp: 3.1.8 (/opt/ros/humble/share/rosidl_generator_cpp/cmake)
[0.722s] -- Using all available rosidl_typesupport_c: rosidl_typesupport_fastrtps_c;rosidl_typesupport_introspection_c
[0.741s] -- Using all available rosidl_typesupport_cpp: rosidl_typesupport_fastrtps_cpp;rosidl_typesupport_introspection_cpp
[0.759s] -- Found rclcpp: 16.0.19 (/opt/ros/humble/share/rclcpp/cmake)
[0.811s] -- Found rmw_implementation_cmake: 6.1.2 (/opt/ros/humble/share/rmw_implementation_cmake/cmake)
[0.814s] -- Found rmw_cyclonedds_cpp: 1.3.4 (/opt/ros/humble/share/rmw_cyclonedds_cpp/cmake)
[0.836s] -- Using RMW implementation 'rmw_cyclonedds_cpp' as default
[0.851s] -- Looking for pthread.h
[0.949s] -- Looking for pthread.h - found
[0.949s] -- Performing Test CMAKE_HAVE_LIBC_PTHREAD
[1.051s] -- Performing Test CMAKE_HAVE_LIBC_PTHREAD - Success
[1.051s] -- Found Threads: TRUE  
[1.103s] -- Found rclcpp_action: 16.0.19 (/opt/ros/humble/share/rclcpp_action/cmake)
[1.134s] -- Found realsense2_camera_msgs: 4.57.7 (/home/zzz/work/install/realsense2_camera_msgs/share/realsense2_camera_msgs/cmake)
[1.185s] -- Found std_srvs: 4.9.1 (/opt/ros/humble/share/std_srvs/cmake)
[1.195s] -- Found nav_msgs: 4.9.1 (/opt/ros/humble/share/nav_msgs/cmake)
[1.210s] -- Found tf2_ros: 0.25.20 (/opt/ros/humble/share/tf2_ros/cmake)
[1.296s] -- Found diagnostic_updater: 4.0.6 (/opt/ros/humble/share/diagnostic_updater/cmake)
[1.325s] -- Found OpenCV: /usr (found version "4.5.4") found components: core 
[1.328s] -- Found image_transport: 3.1.12 (/opt/ros/humble/share/image_transport/cmake)
[1.361s] -- Found cv_bridge: 3.2.1 (/opt/ros/humble/share/cv_bridge/cmake)
[1.364s] -- Build for ROS2 Humble
[1.369s] -- Found ament_cmake_gtest: 1.3.14 (/opt/ros/humble/share/ament_cmake_gtest/cmake)
[1.373s] -- Found gtest sources under '/opt/ros/humble/src/gtest_vendor': C++ tests using 'Google Test' will be built
[1.379s] -- Found ament_cmake_pytest: 1.3.14 (/opt/ros/humble/share/ament_cmake_pytest/cmake)
[3.873s] -- rs_device_info:
[3.873s] --  23/06 16:39:28,014 ERROR [129781573485120] (context.cpp:41) No valid configuration file found at : /home/zzz/.realsense-config.json loading defaults
[3.873s] No device detected. Is it plugged in?
[3.873s] 
[3.950s] -- Configuring done
[3.985s] -- Generating done
[3.993s] -- Build files have been written to: /home/zzz/work/build/realsense2_camera
[4.007s] Invoked command in '/home/zzz/work/build/realsense2_camera' returned '0': AMENT_PREFIX_PATH=/home/zzz/work/install/realsense2_camera_msgs:${AMENT_PREFIX_PATH} CMAKE_PREFIX_PATH=/home/zzz/work/install/realsense2_camera_msgs:/opt/ros/humble LD_LIBRARY_PATH=/home/zzz/work/install/realsense2_camera_msgs/lib:${LD_LIBRARY_PATH} PYTHONPATH=/home/zzz/work/install/realsense2_camera_msgs/local/lib/python3.10/dist-packages:${PYTHONPATH} /usr/bin/cmake /home/zzz/work/src/realsense-ros/realsense2_camera -DAMENT_CMAKE_SYMLINK_INSTALL=1 -DCMAKE_INSTALL_PREFIX=/home/zzz/work/install/realsense2_camera
[4.008s] Invoking command in '/home/zzz/work/build/realsense2_camera': AMENT_PREFIX_PATH=/home/zzz/work/install/realsense2_camera_msgs:${AMENT_PREFIX_PATH} CMAKE_PREFIX_PATH=/home/zzz/work/install/realsense2_camera_msgs:/opt/ros/humble LD_LIBRARY_PATH=/home/zzz/work/install/realsense2_camera_msgs/lib:${LD_LIBRARY_PATH} PYTHONPATH=/home/zzz/work/install/realsense2_camera_msgs/local/lib/python3.10/dist-packages:${PYTHONPATH} /usr/bin/cmake --build /home/zzz/work/build/realsense2_camera -- -j12 -l12
[4.083s] [ 15%] [32mBuilding CXX object CMakeFiles/realsense2_camera.dir/src/ros_sensor.cpp.o[0m
[4.083s] [ 15%] [32mBuilding CXX object CMakeFiles/realsense2_camera_node.dir/rclcpp_components/node_main_realsense2_camera_node.cpp.o[0m
[4.083s] [ 23%] [32mBuilding CXX object gtest/CMakeFiles/gtest_main.dir/src/gtest_main.cc.o[0m
[4.083s] [ 23%] [32mBuilding CXX object CMakeFiles/realsense2_camera.dir/src/base_realsense_node.cpp.o[0m
[4.083s] [ 23%] [32mBuilding CXX object gtest/CMakeFiles/gtest.dir/src/gtest-all.cc.o[0m
[4.083s] [ 23%] [32mBuilding CXX object CMakeFiles/realsense2_camera.dir/src/realsense_node_factory.cpp.o[0m
[4.085s] [ 26%] [32mBuilding CXX object CMakeFiles/realsense2_camera.dir/src/rs_node_setup.cpp.o[0m
[4.089s] [ 30%] [32mBuilding CXX object CMakeFiles/realsense2_camera.dir/src/ros_utils.cpp.o[0m
[4.090s] [ 34%] [32mBuilding CXX object CMakeFiles/realsense2_camera.dir/src/sensor_params.cpp.o[0m
[4.091s] [ 38%] [32mBuilding CXX object CMakeFiles/realsense2_camera.dir/src/parameters.cpp.o[0m
[4.093s] [ 42%] [32mBuilding CXX object CMakeFiles/realsense2_camera.dir/src/named_filter.cpp.o[0m
[4.097s] [ 46%] [32mBuilding CXX object CMakeFiles/realsense2_camera.dir/src/dynamic_params.cpp.o[0m
[5.274s] [ 50%] [32m[1mLinking CXX static library libgtest_main.a[0m
[5.336s] [ 50%] Built target gtest_main
[5.351s] [ 53%] [32mBuilding CXX object CMakeFiles/realsense2_camera.dir/src/pointcloud_filter.cpp.o[0m
[10.783s] [ 57%] [32m[1mLinking CXX executable realsense2_camera_node[0m
[11.157s] [ 57%] Built target realsense2_camera_node
[11.179s] [ 61%] [32mBuilding CXX object CMakeFiles/realsense2_camera.dir/src/align_depth_filter.cpp.o[0m
[11.492s] [ 65%] [32mBuilding CXX object CMakeFiles/realsense2_camera.dir/src/profile_manager.cpp.o[0m
[12.789s] [ 69%] [32mBuilding CXX object CMakeFiles/realsense2_camera.dir/src/image_publisher.cpp.o[0m
[13.985s] [ 73%] [32mBuilding CXX object CMakeFiles/realsense2_camera.dir/src/tfs.cpp.o[0m
[14.141s] [ 76%] [32mBuilding CXX object CMakeFiles/realsense2_camera.dir/src/actions.cpp.o[0m
[17.108s] [ 80%] [32m[1mLinking CXX static library libgtest.a[0m
[17.199s] [ 80%] Built target gtest
[17.222s] [ 84%] [32mBuilding CXX object CMakeFiles/realsense2_camera.dir/src/safety.cpp.o[0m
[17.408s] [ 88%] [32mBuilding CXX object CMakeFiles/gtest_template.dir/test/gtest_template.cpp.o[0m
[18.377s] [ 92%] [32mBuilding CXX object CMakeFiles/realsense2_camera.dir/src/ros_param_backend.cpp.o[0m
[18.484s] [ 96%] [32m[1mLinking CXX executable gtest_template[0m
[18.681s] [ 96%] Built target gtest_template
[30.040s] [100%] [32m[1mLinking CXX shared library librealsense2_camera.so[0m
[30.419s] [100%] Built target realsense2_camera
[30.434s] Invoked command in '/home/zzz/work/build/realsense2_camera' returned '0': AMENT_PREFIX_PATH=/home/zzz/work/install/realsense2_camera_msgs:${AMENT_PREFIX_PATH} CMAKE_PREFIX_PATH=/home/zzz/work/install/realsense2_camera_msgs:/opt/ros/humble LD_LIBRARY_PATH=/home/zzz/work/install/realsense2_camera_msgs/lib:${LD_LIBRARY_PATH} PYTHONPATH=/home/zzz/work/install/realsense2_camera_msgs/local/lib/python3.10/dist-packages:${PYTHONPATH} /usr/bin/cmake --build /home/zzz/work/build/realsense2_camera -- -j12 -l12
[30.436s] Invoking command in '/home/zzz/work/build/realsense2_camera': AMENT_PREFIX_PATH=/home/zzz/work/install/realsense2_camera_msgs:${AMENT_PREFIX_PATH} CMAKE_PREFIX_PATH=/home/zzz/work/install/realsense2_camera_msgs:/opt/ros/humble LD_LIBRARY_PATH=/home/zzz/work/install/realsense2_camera_msgs/lib:${LD_LIBRARY_PATH} PYTHONPATH=/home/zzz/work/install/realsense2_camera_msgs/local/lib/python3.10/dist-packages:${PYTHONPATH} /usr/bin/cmake --install /home/zzz/work/build/realsense2_camera
[30.445s] -- Install configuration: "Release"
[30.445s] -- Execute custom install script
[30.446s] -- Symlinking: /home/zzz/work/install/realsense2_camera/share/realsense2_camera/config/global_settings.yaml
[30.459s] -- Symlinking: /home/zzz/work/install/realsense2_camera/lib/realsense2_camera/realsense2_camera_node
[30.469s] -- Symlinking: /home/zzz/work/install/realsense2_camera/lib/librealsense2_camera.so
[30.483s] -- Symlinking: /home/zzz/work/install/realsense2_camera/include/align_depth_filter.h
[30.493s] -- Symlinking: /home/zzz/work/install/realsense2_camera/include/base_realsense_node.h
[30.503s] -- Symlinking: /home/zzz/work/install/realsense2_camera/include/constants.h
[30.514s] -- Symlinking: /home/zzz/work/install/realsense2_camera/include/context_singleton_wrapper.h
[30.525s] -- Symlinking: /home/zzz/work/install/realsense2_camera/include/dynamic_params.h
[30.536s] -- Symlinking: /home/zzz/work/install/realsense2_camera/include/gl_window.h
[30.546s] -- Symlinking: /home/zzz/work/install/realsense2_camera/include/image_publisher.h
[30.559s] -- Symlinking: /home/zzz/work/install/realsense2_camera/include/named_filter.h
[30.570s] -- Symlinking: /home/zzz/work/install/realsense2_camera/include/pointcloud_filter.h
[30.579s] -- Symlinking: /home/zzz/work/install/realsense2_camera/include/profile_manager.h
[30.589s] -- Symlinking: /home/zzz/work/install/realsense2_camera/include/realsense_node_factory.h
[30.600s] -- Symlinking: /home/zzz/work/install/realsense2_camera/include/ros_node_base.h
[30.612s] -- Symlinking: /home/zzz/work/install/realsense2_camera/include/ros_param_backend.h
[30.622s] -- Symlinking: /home/zzz/work/install/realsense2_camera/include/ros_sensor.h
[30.633s] -- Symlinking: /home/zzz/work/install/realsense2_camera/include/ros_utils.h
[30.645s] -- Symlinking: /home/zzz/work/install/realsense2_camera/include/sensor_params.h
[30.658s] -- Symlinking: /home/zzz/work/install/realsense2_camera/share/realsense2_camera/launch/default.rviz
[30.669s] -- Symlinking: /home/zzz/work/install/realsense2_camera/share/realsense2_camera/launch/rs_intra_process_demo_launch.py
[30.678s] -- Symlinking: /home/zzz/work/install/realsense2_camera/share/realsense2_camera/launch/rs_launch.py
[30.688s] -- Symlinking: /home/zzz/work/install/realsense2_camera/share/realsense2_camera/launch/rs_multi_camera_launch.py
[30.699s] -- Symlinking: /home/zzz/work/install/realsense2_camera/share/realsense2_camera/launch/rs_multi_camera_launch_sync.py
[30.713s] -- Symlinking: /home/zzz/work/install/realsense2_camera/share/realsense2_camera/examples/align_depth/README.md
[30.723s] -- Symlinking: /home/zzz/work/install/realsense2_camera/share/realsense2_camera/examples/align_depth/rs_align_depth_launch.py
[30.733s] -- Symlinking: /home/zzz/work/install/realsense2_camera/share/realsense2_camera/examples/d500_tables/application_config_example.json
[30.743s] -- Symlinking: /home/zzz/work/install/realsense2_camera/share/realsense2_camera/examples/d500_tables/calib_config_example.json
[30.755s] -- Symlinking: /home/zzz/work/install/realsense2_camera/share/realsense2_camera/examples/d500_tables/safety_interface_config_example.json
[30.765s] -- Symlinking: /home/zzz/work/install/realsense2_camera/share/realsense2_camera/examples/d500_tables/safety_preset_example.json
[30.775s] -- Symlinking: /home/zzz/work/install/realsense2_camera/share/realsense2_camera/examples/dual_camera/README.md
[30.785s] -- Symlinking: /home/zzz/work/install/realsense2_camera/share/realsense2_camera/examples/dual_camera/rs_dual_camera_launch.py
[30.795s] -- Symlinking: /home/zzz/work/install/realsense2_camera/share/realsense2_camera/examples/dual_camera/rviz/dual_camera_pointcloud.rviz
[30.805s] -- Symlinking: /home/zzz/work/install/realsense2_camera/share/realsense2_camera/examples/launch_from_rosbag/README.md
[30.815s] -- Symlinking: /home/zzz/work/install/realsense2_camera/share/realsense2_camera/examples/launch_from_rosbag/rs_launch_from_rosbag.py
[30.825s] -- Symlinking: /home/zzz/work/install/realsense2_camera/share/realsense2_camera/examples/launch_params_from_file/README.md
[30.835s] -- Symlinking: /home/zzz/work/install/realsense2_camera/share/realsense2_camera/examples/launch_params_from_file/config/config.yaml
[30.846s] -- Symlinking: /home/zzz/work/install/realsense2_camera/share/realsense2_camera/examples/launch_params_from_file/rs_launch_get_params_from_yaml.py
[30.857s] -- Symlinking: /home/zzz/work/install/realsense2_camera/share/realsense2_camera/examples/pointcloud/README.md
[30.867s] -- Symlinking: /home/zzz/work/install/realsense2_camera/share/realsense2_camera/examples/pointcloud/rs_d405_pointcloud_launch.py
[30.878s] -- Symlinking: /home/zzz/work/install/realsense2_camera/share/realsense2_camera/examples/pointcloud/rs_d455_pointcloud_launch.py
[30.890s] -- Symlinking: /home/zzz/work/install/realsense2_camera/share/realsense2_camera/examples/pointcloud/rs_pointcloud_infra_launch.py
[30.902s] -- Symlinking: /home/zzz/work/install/realsense2_camera/share/realsense2_camera/examples/pointcloud/rs_pointcloud_launch.py
[30.912s] -- Symlinking: /home/zzz/work/install/realsense2_camera/share/realsense2_camera/examples/pointcloud/rviz/pointcloud.rviz
[30.921s] -- Symlinking: /home/zzz/work/install/realsense2_camera/share/realsense2_camera/examples/pointcloud/rviz/urdf_pointcloud.rviz
[30.931s] -- Symlinking: /home/zzz/work/install/realsense2_camera/share/realsense2_camera/environment/library_path.sh
[30.942s] -- Symlinking: /home/zzz/work/install/realsense2_camera/share/realsense2_camera/environment/library_path.dsv
[30.953s] -- Symlinking: /home/zzz/work/install/realsense2_camera/share/ament_index/resource_index/package_run_dependencies/realsense2_camera
[30.963s] -- Symlinking: /home/zzz/work/install/realsense2_camera/share/ament_index/resource_index/parent_prefix_path/realsense2_camera
[30.972s] -- Symlinking: /home/zzz/work/install/realsense2_camera/share/realsense2_camera/environment/ament_prefix_path.sh
[30.980s] -- Symlinking: /home/zzz/work/install/realsense2_camera/share/realsense2_camera/environment/ament_prefix_path.dsv
[30.989s] -- Symlinking: /home/zzz/work/install/realsense2_camera/share/realsense2_camera/environment/path.sh
[30.997s] -- Symlinking: /home/zzz/work/install/realsense2_camera/share/realsense2_camera/environment/path.dsv
[31.006s] -- Symlinking: /home/zzz/work/install/realsense2_camera/share/realsense2_camera/local_setup.bash
[31.014s] -- Symlinking: /home/zzz/work/install/realsense2_camera/share/realsense2_camera/local_setup.sh
[31.024s] -- Symlinking: /home/zzz/work/install/realsense2_camera/share/realsense2_camera/local_setup.zsh
[31.035s] -- Symlinking: /home/zzz/work/install/realsense2_camera/share/realsense2_camera/local_setup.dsv
[31.043s] -- Symlinking: /home/zzz/work/install/realsense2_camera/share/realsense2_camera/package.dsv
[31.053s] -- Symlinking: /home/zzz/work/install/realsense2_camera/share/ament_index/resource_index/packages/realsense2_camera
[31.063s] -- Symlinking: /home/zzz/work/install/realsense2_camera/share/ament_index/resource_index/rclcpp_components/realsense2_camera
[31.073s] -- Symlinking: /home/zzz/work/install/realsense2_camera/share/realsense2_camera/cmake/ament_cmake_export_include_directories-extras.cmake
[31.085s] -- Symlinking: /home/zzz/work/install/realsense2_camera/share/realsense2_camera/cmake/ament_cmake_export_libraries-extras.cmake
[31.097s] -- Symlinking: /home/zzz/work/install/realsense2_camera/share/realsense2_camera/cmake/ament_cmake_export_dependencies-extras.cmake
[31.109s] -- Symlinking: /home/zzz/work/install/realsense2_camera/share/realsense2_camera/cmake/realsense2_cameraConfig.cmake
[31.120s] -- Symlinking: /home/zzz/work/install/realsense2_camera/share/realsense2_camera/cmake/realsense2_cameraConfig-version.cmake
[31.131s] -- Symlinking: /home/zzz/work/install/realsense2_camera/share/realsense2_camera/package.xml
[31.144s] Invoked command in '/home/zzz/work/build/realsense2_camera' returned '0': AMENT_PREFIX_PATH=/home/zzz/work/install/realsense2_camera_msgs:${AMENT_PREFIX_PATH} CMAKE_PREFIX_PATH=/home/zzz/work/install/realsense2_camera_msgs:/opt/ros/humble LD_LIBRARY_PATH=/home/zzz/work/install/realsense2_camera_msgs/lib:${LD_LIBRARY_PATH} PYTHONPATH=/home/zzz/work/install/realsense2_camera_msgs/local/lib/python3.10/dist-packages:${PYTHONPATH} /usr/bin/cmake --install /home/zzz/work/build/realsense2_camera
