[0.062s] Invoking command in '/home/zzz/work/build/realsense2_rviz_plugin': AMENT_PREFIX_PATH=/home/zzz/work/install/realsense2_camera_msgs:${AMENT_PREFIX_PATH} CMAKE_PREFIX_PATH=/home/zzz/work/install/realsense2_camera_msgs:/opt/ros/humble LD_LIBRARY_PATH=/home/zzz/work/install/realsense2_camera_msgs/lib:${LD_LIBRARY_PATH} PYTHONPATH=/home/zzz/work/install/realsense2_camera_msgs/local/lib/python3.10/dist-packages:${PYTHONPATH} /usr/bin/cmake --build /home/zzz/work/build/realsense2_rviz_plugin -- -j12 -l12
[0.179s] Invoked command in '/home/zzz/work/build/realsense2_rviz_plugin' returned '0': AMENT_PREFIX_PATH=/home/zzz/work/install/realsense2_camera_msgs:${AMENT_PREFIX_PATH} CMAKE_PREFIX_PATH=/home/zzz/work/install/realsense2_camera_msgs:/opt/ros/humble LD_LIBRARY_PATH=/home/zzz/work/install/realsense2_camera_msgs/lib:${LD_LIBRARY_PATH} PYTHONPATH=/home/zzz/work/install/realsense2_camera_msgs/local/lib/python3.10/dist-packages:${PYTHONPATH} /usr/bin/cmake --build /home/zzz/work/build/realsense2_rviz_plugin -- -j12 -l12
[0.180s] Invoking command in '/home/zzz/work/build/realsense2_rviz_plugin': AMENT_PREFIX_PATH=/home/zzz/work/install/realsense2_camera_msgs:${AMENT_PREFIX_PATH} CMAKE_PREFIX_PATH=/home/zzz/work/install/realsense2_camera_msgs:/opt/ros/humble LD_LIBRARY_PATH=/home/zzz/work/install/realsense2_camera_msgs/lib:${LD_LIBRARY_PATH} PYTHONPATH=/home/zzz/work/install/realsense2_camera_msgs/local/lib/python3.10/dist-packages:${PYTHONPATH} /usr/bin/cmake --install /home/zzz/work/build/realsense2_rviz_plugin
[0.212s] -- Install configuration: ""
[0.213s] -- Execute custom install script
[0.216s] -- Up-to-date symlink: /home/zzz/work/install/realsense2_rviz_plugin/share/realsense2_rviz_plugin/config/rviz_rgbd_plugin_settings.yaml
[0.217s] -- Up-to-date symlink: /home/zzz/work/install/realsense2_rviz_plugin/share/ament_index/resource_index/package_run_dependencies/realsense2_rviz_plugin
[0.217s] -- Up-to-date symlink: /home/zzz/work/install/realsense2_rviz_plugin/share/ament_index/resource_index/parent_prefix_path/realsense2_rviz_plugin
[0.228s] -- Up-to-date symlink: /home/zzz/work/install/realsense2_rviz_plugin/share/realsense2_rviz_plugin/environment/ament_prefix_path.sh
[0.228s] -- Up-to-date symlink: /home/zzz/work/install/realsense2_rviz_plugin/share/realsense2_rviz_plugin/environment/ament_prefix_path.dsv
[0.228s] -- Up-to-date symlink: /home/zzz/work/install/realsense2_rviz_plugin/share/realsense2_rviz_plugin/environment/path.sh
[0.229s] -- Up-to-date symlink: /home/zzz/work/install/realsense2_rviz_plugin/share/realsense2_rviz_plugin/environment/path.dsv
[0.229s] -- Up-to-date symlink: /home/zzz/work/install/realsense2_rviz_plugin/share/realsense2_rviz_plugin/local_setup.bash
[0.229s] -- Up-to-date symlink: /home/zzz/work/install/realsense2_rviz_plugin/share/realsense2_rviz_plugin/local_setup.sh
[0.229s] -- Up-to-date symlink: /home/zzz/work/install/realsense2_rviz_plugin/share/realsense2_rviz_plugin/local_setup.zsh
[0.230s] -- Up-to-date symlink: /home/zzz/work/install/realsense2_rviz_plugin/share/realsense2_rviz_plugin/local_setup.dsv
[0.230s] -- Symlinking: /home/zzz/work/install/realsense2_rviz_plugin/share/realsense2_rviz_plugin/package.dsv
[0.262s] -- Up-to-date symlink: /home/zzz/work/install/realsense2_rviz_plugin/share/ament_index/resource_index/packages/realsense2_rviz_plugin
[0.262s] -- Up-to-date symlink: /home/zzz/work/install/realsense2_rviz_plugin/share/realsense2_rviz_plugin/cmake/realsense2_rviz_pluginConfig.cmake
[0.262s] -- Up-to-date symlink: /home/zzz/work/install/realsense2_rviz_plugin/share/realsense2_rviz_plugin/cmake/realsense2_rviz_pluginConfig-version.cmake
[0.262s] -- Up-to-date symlink: /home/zzz/work/install/realsense2_rviz_plugin/share/realsense2_rviz_plugin/package.xml
[0.317s] Invoked command in '/home/zzz/work/build/realsense2_rviz_plugin' returned '0': AMENT_PREFIX_PATH=/home/zzz/work/install/realsense2_camera_msgs:${AMENT_PREFIX_PATH} CMAKE_PREFIX_PATH=/home/zzz/work/install/realsense2_camera_msgs:/opt/ros/humble LD_LIBRARY_PATH=/home/zzz/work/install/realsense2_camera_msgs/lib:${LD_LIBRARY_PATH} PYTHONPATH=/home/zzz/work/install/realsense2_camera_msgs/local/lib/python3.10/dist-packages:${PYTHONPATH} /usr/bin/cmake --install /home/zzz/work/build/realsense2_rviz_plugin
