[0.015s] Invoking command in '/home/zzz/work/build/hiwin_service_client': AMENT_PREFIX_PATH=/home/zzz/work/install/hiwin_libmodbus:/home/zzz/work/install/hiwin_interfaces:${AMENT_PREFIX_PATH} CMAKE_PREFIX_PATH=/home/zzz/work/install/hiwin_libmodbus:/home/zzz/work/install/hiwin_interfaces:/opt/ros/humble LD_LIBRARY_PATH=/home/zzz/work/install/hiwin_libmodbus/lib:/home/zzz/work/install/hiwin_interfaces/lib:${LD_LIBRARY_PATH} PYTHONPATH=/home/zzz/work/install/hiwin_libmodbus/local/lib/python3.10/dist-packages:/home/zzz/work/install/hiwin_interfaces/local/lib/python3.10/dist-packages:${PYTHONPATH} /usr/bin/cmake --build /home/zzz/work/build/hiwin_service_client -- -j12 -l12
[0.063s] Invoked command in '/home/zzz/work/build/hiwin_service_client' returned '0': AMENT_PREFIX_PATH=/home/zzz/work/install/hiwin_libmodbus:/home/zzz/work/install/hiwin_interfaces:${AMENT_PREFIX_PATH} CMAKE_PREFIX_PATH=/home/zzz/work/install/hiwin_libmodbus:/home/zzz/work/install/hiwin_interfaces:/opt/ros/humble LD_LIBRARY_PATH=/home/zzz/work/install/hiwin_libmodbus/lib:/home/zzz/work/install/hiwin_interfaces/lib:${LD_LIBRARY_PATH} PYTHONPATH=/home/zzz/work/install/hiwin_libmodbus/local/lib/python3.10/dist-packages:/home/zzz/work/install/hiwin_interfaces/local/lib/python3.10/dist-packages:${PYTHONPATH} /usr/bin/cmake --build /home/zzz/work/build/hiwin_service_client -- -j12 -l12
[0.064s] Invoking command in '/home/zzz/work/build/hiwin_service_client': AMENT_PREFIX_PATH=/home/zzz/work/install/hiwin_libmodbus:/home/zzz/work/install/hiwin_interfaces:${AMENT_PREFIX_PATH} CMAKE_PREFIX_PATH=/home/zzz/work/install/hiwin_libmodbus:/home/zzz/work/install/hiwin_interfaces:/opt/ros/humble LD_LIBRARY_PATH=/home/zzz/work/install/hiwin_libmodbus/lib:/home/zzz/work/install/hiwin_interfaces/lib:${LD_LIBRARY_PATH} PYTHONPATH=/home/zzz/work/install/hiwin_libmodbus/local/lib/python3.10/dist-packages:/home/zzz/work/install/hiwin_interfaces/local/lib/python3.10/dist-packages:${PYTHONPATH} /usr/bin/cmake --install /home/zzz/work/build/hiwin_service_client
[0.074s] -- Install configuration: ""
[0.075s] -- Execute custom install script
[0.075s] -- Up-to-date symlink: /home/zzz/work/install/hiwin_service_client/share/ament_index/resource_index/package_run_dependencies/hiwin_service_client
[0.075s] -- Up-to-date symlink: /home/zzz/work/install/hiwin_service_client/share/ament_index/resource_index/parent_prefix_path/hiwin_service_client
[0.075s] -- Up-to-date symlink: /home/zzz/work/install/hiwin_service_client/share/hiwin_service_client/environment/ament_prefix_path.sh
[0.076s] -- Up-to-date symlink: /home/zzz/work/install/hiwin_service_client/share/hiwin_service_client/environment/ament_prefix_path.dsv
[0.076s] -- Up-to-date symlink: /home/zzz/work/install/hiwin_service_client/share/hiwin_service_client/environment/path.sh
[0.076s] -- Up-to-date symlink: /home/zzz/work/install/hiwin_service_client/share/hiwin_service_client/environment/path.dsv
[0.076s] -- Up-to-date symlink: /home/zzz/work/install/hiwin_service_client/share/hiwin_service_client/local_setup.bash
[0.076s] -- Up-to-date symlink: /home/zzz/work/install/hiwin_service_client/share/hiwin_service_client/local_setup.sh
[0.076s] -- Up-to-date symlink: /home/zzz/work/install/hiwin_service_client/share/hiwin_service_client/local_setup.zsh
[0.076s] -- Up-to-date symlink: /home/zzz/work/install/hiwin_service_client/share/hiwin_service_client/local_setup.dsv
[0.077s] -- Symlinking: /home/zzz/work/install/hiwin_service_client/share/hiwin_service_client/package.dsv
[0.088s] -- Up-to-date symlink: /home/zzz/work/install/hiwin_service_client/share/ament_index/resource_index/packages/hiwin_service_client
[0.089s] -- Up-to-date symlink: /home/zzz/work/install/hiwin_service_client/share/hiwin_service_client/cmake/hiwin_service_clientConfig.cmake
[0.089s] -- Up-to-date symlink: /home/zzz/work/install/hiwin_service_client/share/hiwin_service_client/cmake/hiwin_service_clientConfig-version.cmake
[0.089s] -- Up-to-date symlink: /home/zzz/work/install/hiwin_service_client/share/hiwin_service_client/package.xml
[0.092s] Invoked command in '/home/zzz/work/build/hiwin_service_client' returned '0': AMENT_PREFIX_PATH=/home/zzz/work/install/hiwin_libmodbus:/home/zzz/work/install/hiwin_interfaces:${AMENT_PREFIX_PATH} CMAKE_PREFIX_PATH=/home/zzz/work/install/hiwin_libmodbus:/home/zzz/work/install/hiwin_interfaces:/opt/ros/humble LD_LIBRARY_PATH=/home/zzz/work/install/hiwin_libmodbus/lib:/home/zzz/work/install/hiwin_interfaces/lib:${LD_LIBRARY_PATH} PYTHONPATH=/home/zzz/work/install/hiwin_libmodbus/local/lib/python3.10/dist-packages:/home/zzz/work/install/hiwin_interfaces/local/lib/python3.10/dist-packages:${PYTHONPATH} /usr/bin/cmake --install /home/zzz/work/build/hiwin_service_client
