[1.577s] Invoking command in '/home/zzz/work/build/hiwin_example': PYTHONPATH=/home/zzz/work/build/hiwin_example/prefix_override:/usr/lib/python3/dist-packages/colcon_core/task/python/colcon_distutils_commands:/home/zzz/work/install/hiwin_example/lib/python3.10/site-packages:${PYTHONPATH} /usr/bin/python3 -W ignore:setup.py install is deprecated -W ignore:easy_install command is deprecated setup.py develop --editable --build-directory /home/zzz/work/build/hiwin_example/build --no-deps symlink_data
[1.768s] running develop
[1.870s] running egg_info
[1.870s] writing hiwin_example.egg-info/PKG-INFO
[1.871s] writing dependency_links to hiwin_example.egg-info/dependency_links.txt
[1.871s] writing entry points to hiwin_example.egg-info/entry_points.txt
[1.871s] writing requirements to hiwin_example.egg-info/requires.txt
[1.871s] writing top-level names to hiwin_example.egg-info/top_level.txt
[1.874s] reading manifest file 'hiwin_example.egg-info/SOURCES.txt'
[1.875s] writing manifest file 'hiwin_example.egg-info/SOURCES.txt'
[1.876s] running build_ext
[1.876s] Creating /home/zzz/work/install/hiwin_example/lib/python3.10/site-packages/hiwin-example.egg-link (link to .)
[1.877s] Installing camera_flange_matrix2 script to /home/zzz/work/install/hiwin_example/lib/hiwin_example
[1.877s] Installing check_right script to /home/zzz/work/install/hiwin_example/lib/hiwin_example
[1.877s] Installing hand_in_eye_calibration script to /home/zzz/work/install/hiwin_example/lib/hiwin_example
[1.877s] Installing hiwin_pose_publisher script to /home/zzz/work/install/hiwin_example/lib/hiwin_example
[1.878s] Installing hiwin_tf_tree script to /home/zzz/work/install/hiwin_example/lib/hiwin_example
[1.878s] Installing strategy_example script to /home/zzz/work/install/hiwin_example/lib/hiwin_example
[1.878s] Installing strategy_example_3 script to /home/zzz/work/install/hiwin_example/lib/hiwin_example
[1.878s] Installing strategy_example_mul script to /home/zzz/work/install/hiwin_example/lib/hiwin_example
[1.878s] Installing three_points_calibration_example script to /home/zzz/work/install/hiwin_example/lib/hiwin_example
[1.878s] 
[1.878s] Installed /home/zzz/work/build/hiwin_example
[1.878s] running symlink_data
[1.906s] Invoked command in '/home/zzz/work/build/hiwin_example' returned '0': PYTHONPATH=/home/zzz/work/build/hiwin_example/prefix_override:/usr/lib/python3/dist-packages/colcon_core/task/python/colcon_distutils_commands:/home/zzz/work/install/hiwin_example/lib/python3.10/site-packages:${PYTHONPATH} /usr/bin/python3 -W ignore:setup.py install is deprecated -W ignore:easy_install command is deprecated setup.py develop --editable --build-directory /home/zzz/work/build/hiwin_example/build --no-deps symlink_data
