[0.014s] Invoking command in '/home/zzz/work/build/realsense2_camera': AMENT_PREFIX_PATH=/home/zzz/work/install/realsense2_camera_msgs:${AMENT_PREFIX_PATH} CMAKE_PREFIX_PATH=/home/zzz/work/install/realsense2_camera_msgs:/opt/ros/humble LD_LIBRARY_PATH=/home/zzz/work/install/realsense2_camera_msgs/lib:${LD_LIBRARY_PATH} PYTHONPATH=/home/zzz/work/install/realsense2_camera_msgs/local/lib/python3.10/dist-packages:${PYTHONPATH} /usr/bin/cmake /home/zzz/work/src/realsense-ros/realsense2_camera -DCMAKE_BUILD_TYPE=Release -DCMAKE_INSTALL_PREFIX=/home/zzz/work/install/realsense2_camera
[0.070s] -- The C compiler identification is GNU 11.4.0
[0.119s] -- The CXX compiler identification is GNU 11.4.0
[0.126s] -- Detecting C compiler ABI info
[0.199s] -- Detecting C compiler ABI info - done
[0.205s] -- Check for working C compiler: /usr/bin/cc - skipped
[0.206s] -- Detecting C compile features
[0.206s] -- Detecting C compile features - done
[0.209s] -- Detecting CXX compiler ABI info
[0.291s] -- Detecting CXX compiler ABI info - done
[0.298s] -- Check for working CXX compiler: /usr/bin/c++ - skipped
[0.298s] -- Detecting CXX compile features
[0.298s] -- Detecting CXX compile features - done
[0.299s] -- Create Release Build.
[0.306s] -- Found ament_cmake: 1.3.14 (/opt/ros/humble/share/ament_cmake/cmake)
[0.444s] -- Found Python3: /usr/bin/python3 (found version "3.10.12") found components: Interpreter 
[0.551s] -- Found builtin_interfaces: 1.2.2 (/opt/ros/humble/share/builtin_interfaces/cmake)
[0.607s] -- Found rosidl_generator_c: 3.1.8 (/opt/ros/humble/share/rosidl_generator_c/cmake)
[0.615s] -- Found rosidl_adapter: 3.1.8 (/opt/ros/humble/share/rosidl_adapter/cmake)
[0.632s] -- Found rosidl_generator_cpp: 3.1.8 (/opt/ros/humble/share/rosidl_generator_cpp/cmake)
[0.650s] -- Using all available rosidl_typesupport_c: rosidl_typesupport_fastrtps_c;rosidl_typesupport_introspection_c
[0.675s] -- Using all available rosidl_typesupport_cpp: rosidl_typesupport_fastrtps_cpp;rosidl_typesupport_introspection_cpp
[0.701s] -- Found cv_bridge: 3.2.1 (/opt/ros/humble/share/cv_bridge/cmake)
[0.781s] -- Found image_transport: 3.1.12 (/opt/ros/humble/share/image_transport/cmake)
[0.846s] -- Found rmw_implementation_cmake: 6.1.2 (/opt/ros/humble/share/rmw_implementation_cmake/cmake)
[0.850s] -- Found rmw_cyclonedds_cpp: 1.3.4 (/opt/ros/humble/share/rmw_cyclonedds_cpp/cmake)
[0.872s] -- Using RMW implementation 'rmw_cyclonedds_cpp' as default
[0.887s] -- Looking for pthread.h
[0.963s] -- Looking for pthread.h - found
[0.963s] -- Performing Test CMAKE_HAVE_LIBC_PTHREAD
[1.036s] -- Performing Test CMAKE_HAVE_LIBC_PTHREAD - Success
[1.036s] -- Found Threads: TRUE  
[1.131s] -- Found rclcpp_action: 16.0.19 (/opt/ros/humble/share/rclcpp_action/cmake)
[1.165s] -- Found rclcpp_components: 16.0.19 (/opt/ros/humble/share/rclcpp_components/cmake)
[1.181s] -- Found realsense2_camera_msgs: 4.57.4 (/home/zzz/work/install/realsense2_camera_msgs/share/realsense2_camera_msgs/cmake)
[1.198s] -- Found std_srvs: 4.9.1 (/opt/ros/humble/share/std_srvs/cmake)
[1.207s] -- Found nav_msgs: 4.9.1 (/opt/ros/humble/share/nav_msgs/cmake)
[1.221s] -- Found tf2_ros: 0.25.20 (/opt/ros/humble/share/tf2_ros/cmake)
[1.250s] -- Found diagnostic_updater: 4.0.6 (/opt/ros/humble/share/diagnostic_updater/cmake)
[1.268s] -- Found OpenCV: /usr (found version "4.5.4") found components: core 
[1.269s] -- Build for ROS2 Humble
[1.273s] -- Found ament_cmake_gtest: 1.3.14 (/opt/ros/humble/share/ament_cmake_gtest/cmake)
[1.277s] -- Found gtest sources under '/opt/ros/humble/src/gtest_vendor': C++ tests using 'Google Test' will be built
[1.282s] -- Found ament_cmake_pytest: 1.3.14 (/opt/ros/humble/share/ament_cmake_pytest/cmake)
[3.312s] -- rs_device_info:
[3.312s] -- No device detected. Is it plugged in?
[3.312s] 
[3.368s] -- Configuring done
[3.393s] -- Generating done
[3.400s] -- Build files have been written to: /home/zzz/work/build/realsense2_camera
[3.411s] Invoked command in '/home/zzz/work/build/realsense2_camera' returned '0': AMENT_PREFIX_PATH=/home/zzz/work/install/realsense2_camera_msgs:${AMENT_PREFIX_PATH} CMAKE_PREFIX_PATH=/home/zzz/work/install/realsense2_camera_msgs:/opt/ros/humble LD_LIBRARY_PATH=/home/zzz/work/install/realsense2_camera_msgs/lib:${LD_LIBRARY_PATH} PYTHONPATH=/home/zzz/work/install/realsense2_camera_msgs/local/lib/python3.10/dist-packages:${PYTHONPATH} /usr/bin/cmake /home/zzz/work/src/realsense-ros/realsense2_camera -DCMAKE_BUILD_TYPE=Release -DCMAKE_INSTALL_PREFIX=/home/zzz/work/install/realsense2_camera
[3.412s] Invoking command in '/home/zzz/work/build/realsense2_camera': AMENT_PREFIX_PATH=/home/zzz/work/install/realsense2_camera_msgs:${AMENT_PREFIX_PATH} CMAKE_PREFIX_PATH=/home/zzz/work/install/realsense2_camera_msgs:/opt/ros/humble LD_LIBRARY_PATH=/home/zzz/work/install/realsense2_camera_msgs/lib:${LD_LIBRARY_PATH} PYTHONPATH=/home/zzz/work/install/realsense2_camera_msgs/local/lib/python3.10/dist-packages:${PYTHONPATH} /usr/bin/cmake --build /home/zzz/work/build/realsense2_camera -- -j12 -l12
[3.471s] [  7%] [32mBuilding CXX object CMakeFiles/realsense2_camera_node.dir/rclcpp_components/node_main_realsense2_camera_node.cpp.o[0m
[3.471s] [  7%] [32mBuilding CXX object gtest/CMakeFiles/gtest_main.dir/src/gtest_main.cc.o[0m
[3.471s] [ 11%] [32mBuilding CXX object gtest/CMakeFiles/gtest.dir/src/gtest-all.cc.o[0m
[3.471s] [ 15%] [32mBuilding CXX object CMakeFiles/realsense2_camera.dir/src/ros_utils.cpp.o[0m
[3.474s] [ 19%] [32mBuilding CXX object CMakeFiles/realsense2_camera.dir/src/base_realsense_node.cpp.o[0m
[3.475s] [ 23%] [32mBuilding CXX object CMakeFiles/realsense2_camera.dir/src/rs_node_setup.cpp.o[0m
[3.475s] [ 26%] [32mBuilding CXX object CMakeFiles/realsense2_camera.dir/src/dynamic_params.cpp.o[0m
[3.475s] [ 34%] [32mBuilding CXX object CMakeFiles/realsense2_camera.dir/src/sensor_params.cpp.o[0m
[3.476s] [ 34%] [32mBuilding CXX object CMakeFiles/realsense2_camera.dir/src/realsense_node_factory.cpp.o[0m
[3.476s] [ 38%] [32mBuilding CXX object CMakeFiles/realsense2_camera.dir/src/parameters.cpp.o[0m
[3.476s] [ 42%] [32mBuilding CXX object CMakeFiles/realsense2_camera.dir/src/named_filter.cpp.o[0m
[3.483s] [ 46%] [32mBuilding CXX object CMakeFiles/realsense2_camera.dir/src/ros_sensor.cpp.o[0m
[4.275s] [ 50%] [32m[1mLinking CXX static library libgtest_main.a[0m
[4.384s] [ 50%] Built target gtest_main
[4.403s] [ 53%] [32mBuilding CXX object CMakeFiles/realsense2_camera.dir/src/pointcloud_filter.cpp.o[0m
[9.223s] [ 57%] [32m[1mLinking CXX executable realsense2_camera_node[0m
[9.352s] [ 61%] [32mBuilding CXX object CMakeFiles/realsense2_camera.dir/src/align_depth_filter.cpp.o[0m
[9.657s] [ 61%] Built target realsense2_camera_node
[9.673s] [ 65%] [32mBuilding CXX object CMakeFiles/realsense2_camera.dir/src/profile_manager.cpp.o[0m
[10.209s] [ 69%] [32mBuilding CXX object CMakeFiles/realsense2_camera.dir/src/image_publisher.cpp.o[0m
[12.396s] [ 73%] [32mBuilding CXX object CMakeFiles/realsense2_camera.dir/src/tfs.cpp.o[0m
[12.481s] [ 76%] [32mBuilding CXX object CMakeFiles/realsense2_camera.dir/src/actions.cpp.o[0m
[14.596s] [ 80%] [32mBuilding CXX object CMakeFiles/realsense2_camera.dir/src/safety.cpp.o[0m
[15.019s] [ 84%] [32m[1mLinking CXX static library libgtest.a[0m
[15.145s] [ 84%] Built target gtest
[15.162s] [ 88%] [32mBuilding CXX object CMakeFiles/realsense2_camera.dir/src/ros_param_backend.cpp.o[0m
[16.350s] [ 92%] [32mBuilding CXX object CMakeFiles/gtest_template.dir/test/gtest_template.cpp.o[0m
[17.595s] [ 96%] [32m[1mLinking CXX executable gtest_template[0m
[17.782s] [ 96%] Built target gtest_template
[26.762s] [100%] [32m[1mLinking CXX shared library librealsense2_camera.so[0m
[27.127s] [100%] Built target realsense2_camera
[27.140s] Invoked command in '/home/zzz/work/build/realsense2_camera' returned '0': AMENT_PREFIX_PATH=/home/zzz/work/install/realsense2_camera_msgs:${AMENT_PREFIX_PATH} CMAKE_PREFIX_PATH=/home/zzz/work/install/realsense2_camera_msgs:/opt/ros/humble LD_LIBRARY_PATH=/home/zzz/work/install/realsense2_camera_msgs/lib:${LD_LIBRARY_PATH} PYTHONPATH=/home/zzz/work/install/realsense2_camera_msgs/local/lib/python3.10/dist-packages:${PYTHONPATH} /usr/bin/cmake --build /home/zzz/work/build/realsense2_camera -- -j12 -l12
[27.142s] Invoking command in '/home/zzz/work/build/realsense2_camera': AMENT_PREFIX_PATH=/home/zzz/work/install/realsense2_camera_msgs:${AMENT_PREFIX_PATH} CMAKE_PREFIX_PATH=/home/zzz/work/install/realsense2_camera_msgs:/opt/ros/humble LD_LIBRARY_PATH=/home/zzz/work/install/realsense2_camera_msgs/lib:${LD_LIBRARY_PATH} PYTHONPATH=/home/zzz/work/install/realsense2_camera_msgs/local/lib/python3.10/dist-packages:${PYTHONPATH} /usr/bin/cmake --install /home/zzz/work/build/realsense2_camera
[27.149s] -- Install configuration: "Release"
[27.150s] -- Installing: /home/zzz/work/install/realsense2_camera/share/realsense2_camera/config/global_settings.yaml
[27.150s] -- Installing: /home/zzz/work/install/realsense2_camera/lib/realsense2_camera/realsense2_camera_node
[27.150s] -- Set runtime path of "/home/zzz/work/install/realsense2_camera/lib/realsense2_camera/realsense2_camera_node" to ""
[27.150s] -- Installing: /home/zzz/work/install/realsense2_camera/lib/librealsense2_camera.so
[27.155s] -- Set runtime path of "/home/zzz/work/install/realsense2_camera/lib/librealsense2_camera.so" to ""
[27.155s] -- Installing: /home/zzz/work/install/realsense2_camera/include
[27.155s] -- Installing: /home/zzz/work/install/realsense2_camera/include/constants.h
[27.155s] -- Installing: /home/zzz/work/install/realsense2_camera/include/ros_utils.h
[27.155s] -- Installing: /home/zzz/work/install/realsense2_camera/include/context_singleton_wrapper.h
[27.156s] -- Installing: /home/zzz/work/install/realsense2_camera/include/base_realsense_node.h
[27.156s] -- Installing: /home/zzz/work/install/realsense2_camera/include/ros_node_base.h
[27.156s] -- Installing: /home/zzz/work/install/realsense2_camera/include/profile_manager.h
[27.156s] -- Installing: /home/zzz/work/install/realsense2_camera/include/gl_window.h
[27.156s] -- Installing: /home/zzz/work/install/realsense2_camera/include/ros_sensor.h
[27.157s] -- Installing: /home/zzz/work/install/realsense2_camera/include/sensor_params.h
[27.157s] -- Installing: /home/zzz/work/install/realsense2_camera/include/realsense_node_factory.h
[27.157s] -- Installing: /home/zzz/work/install/realsense2_camera/include/dynamic_params.h
[27.157s] -- Installing: /home/zzz/work/install/realsense2_camera/include/ros_param_backend.h
[27.157s] -- Installing: /home/zzz/work/install/realsense2_camera/include/named_filter.h
[27.157s] -- Installing: /home/zzz/work/install/realsense2_camera/include/pointcloud_filter.h
[27.157s] -- Installing: /home/zzz/work/install/realsense2_camera/include/image_publisher.h
[27.157s] -- Installing: /home/zzz/work/install/realsense2_camera/include/align_depth_filter.h
[27.157s] -- Installing: /home/zzz/work/install/realsense2_camera/share/realsense2_camera/launch
[27.157s] -- Installing: /home/zzz/work/install/realsense2_camera/share/realsense2_camera/launch/rs_intra_process_demo_launch.py
[27.158s] -- Installing: /home/zzz/work/install/realsense2_camera/share/realsense2_camera/launch/rs_launch.py
[27.158s] -- Installing: /home/zzz/work/install/realsense2_camera/share/realsense2_camera/launch/rs_multi_camera_launch.py
[27.158s] -- Installing: /home/zzz/work/install/realsense2_camera/share/realsense2_camera/launch/default.rviz
[27.158s] -- Installing: /home/zzz/work/install/realsense2_camera/share/realsense2_camera/launch/rs_multi_camera_launch_sync.py
[27.158s] -- Installing: /home/zzz/work/install/realsense2_camera/share/realsense2_camera/examples
[27.158s] -- Installing: /home/zzz/work/install/realsense2_camera/share/realsense2_camera/examples/d500_tables
[27.158s] -- Installing: /home/zzz/work/install/realsense2_camera/share/realsense2_camera/examples/d500_tables/calib_config_example.json
[27.159s] -- Installing: /home/zzz/work/install/realsense2_camera/share/realsense2_camera/examples/d500_tables/safety_preset_example.json
[27.159s] -- Installing: /home/zzz/work/install/realsense2_camera/share/realsense2_camera/examples/d500_tables/safety_interface_config_example.json
[27.159s] -- Installing: /home/zzz/work/install/realsense2_camera/share/realsense2_camera/examples/d500_tables/application_config_example.json
[27.159s] -- Installing: /home/zzz/work/install/realsense2_camera/share/realsense2_camera/examples/dual_camera
[27.159s] -- Installing: /home/zzz/work/install/realsense2_camera/share/realsense2_camera/examples/dual_camera/rviz
[27.159s] -- Installing: /home/zzz/work/install/realsense2_camera/share/realsense2_camera/examples/dual_camera/rviz/dual_camera_pointcloud.rviz
[27.160s] -- Installing: /home/zzz/work/install/realsense2_camera/share/realsense2_camera/examples/dual_camera/README.md
[27.160s] -- Installing: /home/zzz/work/install/realsense2_camera/share/realsense2_camera/examples/dual_camera/rs_dual_camera_launch.py
[27.160s] -- Installing: /home/zzz/work/install/realsense2_camera/share/realsense2_camera/examples/pointcloud
[27.160s] -- Installing: /home/zzz/work/install/realsense2_camera/share/realsense2_camera/examples/pointcloud/rviz
[27.160s] -- Installing: /home/zzz/work/install/realsense2_camera/share/realsense2_camera/examples/pointcloud/rviz/pointcloud.rviz
[27.160s] -- Installing: /home/zzz/work/install/realsense2_camera/share/realsense2_camera/examples/pointcloud/rviz/urdf_pointcloud.rviz
[27.160s] -- Installing: /home/zzz/work/install/realsense2_camera/share/realsense2_camera/examples/pointcloud/README.md
[27.160s] -- Installing: /home/zzz/work/install/realsense2_camera/share/realsense2_camera/examples/pointcloud/rs_pointcloud_infra_launch.py
[27.160s] -- Installing: /home/zzz/work/install/realsense2_camera/share/realsense2_camera/examples/pointcloud/rs_d405_pointcloud_launch.py
[27.161s] -- Installing: /home/zzz/work/install/realsense2_camera/share/realsense2_camera/examples/pointcloud/rs_d455_pointcloud_launch.py
[27.161s] -- Installing: /home/zzz/work/install/realsense2_camera/share/realsense2_camera/examples/pointcloud/rs_pointcloud_launch.py
[27.161s] -- Installing: /home/zzz/work/install/realsense2_camera/share/realsense2_camera/examples/launch_params_from_file
[27.161s] -- Installing: /home/zzz/work/install/realsense2_camera/share/realsense2_camera/examples/launch_params_from_file/README.md
[27.161s] -- Installing: /home/zzz/work/install/realsense2_camera/share/realsense2_camera/examples/launch_params_from_file/config
[27.161s] -- Installing: /home/zzz/work/install/realsense2_camera/share/realsense2_camera/examples/launch_params_from_file/config/config.yaml
[27.161s] -- Installing: /home/zzz/work/install/realsense2_camera/share/realsense2_camera/examples/launch_params_from_file/rs_launch_get_params_from_yaml.py
[27.161s] -- Installing: /home/zzz/work/install/realsense2_camera/share/realsense2_camera/examples/align_depth
[27.161s] -- Installing: /home/zzz/work/install/realsense2_camera/share/realsense2_camera/examples/align_depth/README.md
[27.161s] -- Installing: /home/zzz/work/install/realsense2_camera/share/realsense2_camera/examples/align_depth/rs_align_depth_launch.py
[27.162s] -- Installing: /home/zzz/work/install/realsense2_camera/share/realsense2_camera/examples/launch_from_rosbag
[27.162s] -- Installing: /home/zzz/work/install/realsense2_camera/share/realsense2_camera/examples/launch_from_rosbag/README.md
[27.162s] -- Installing: /home/zzz/work/install/realsense2_camera/share/realsense2_camera/examples/launch_from_rosbag/rs_launch_from_rosbag.py
[27.162s] -- Installing: /home/zzz/work/install/realsense2_camera/share/realsense2_camera/environment/library_path.sh
[27.162s] -- Installing: /home/zzz/work/install/realsense2_camera/share/realsense2_camera/environment/library_path.dsv
[27.162s] -- Installing: /home/zzz/work/install/realsense2_camera/share/ament_index/resource_index/package_run_dependencies/realsense2_camera
[27.162s] -- Installing: /home/zzz/work/install/realsense2_camera/share/ament_index/resource_index/parent_prefix_path/realsense2_camera
[27.163s] -- Installing: /home/zzz/work/install/realsense2_camera/share/realsense2_camera/environment/ament_prefix_path.sh
[27.163s] -- Installing: /home/zzz/work/install/realsense2_camera/share/realsense2_camera/environment/ament_prefix_path.dsv
[27.163s] -- Installing: /home/zzz/work/install/realsense2_camera/share/realsense2_camera/environment/path.sh
[27.163s] -- Installing: /home/zzz/work/install/realsense2_camera/share/realsense2_camera/environment/path.dsv
[27.163s] -- Installing: /home/zzz/work/install/realsense2_camera/share/realsense2_camera/local_setup.bash
[27.163s] -- Installing: /home/zzz/work/install/realsense2_camera/share/realsense2_camera/local_setup.sh
[27.163s] -- Installing: /home/zzz/work/install/realsense2_camera/share/realsense2_camera/local_setup.zsh
[27.163s] -- Installing: /home/zzz/work/install/realsense2_camera/share/realsense2_camera/local_setup.dsv
[27.164s] -- Installing: /home/zzz/work/install/realsense2_camera/share/realsense2_camera/package.dsv
[27.164s] -- Installing: /home/zzz/work/install/realsense2_camera/share/ament_index/resource_index/packages/realsense2_camera
[27.164s] -- Installing: /home/zzz/work/install/realsense2_camera/share/ament_index/resource_index/rclcpp_components/realsense2_camera
[27.164s] -- Installing: /home/zzz/work/install/realsense2_camera/share/realsense2_camera/cmake/ament_cmake_export_include_directories-extras.cmake
[27.164s] -- Installing: /home/zzz/work/install/realsense2_camera/share/realsense2_camera/cmake/ament_cmake_export_libraries-extras.cmake
[27.164s] -- Installing: /home/zzz/work/install/realsense2_camera/share/realsense2_camera/cmake/ament_cmake_export_dependencies-extras.cmake
[27.164s] -- Installing: /home/zzz/work/install/realsense2_camera/share/realsense2_camera/cmake/realsense2_cameraConfig.cmake
[27.164s] -- Installing: /home/zzz/work/install/realsense2_camera/share/realsense2_camera/cmake/realsense2_cameraConfig-version.cmake
[27.164s] -- Installing: /home/zzz/work/install/realsense2_camera/share/realsense2_camera/package.xml
[27.167s] Invoked command in '/home/zzz/work/build/realsense2_camera' returned '0': AMENT_PREFIX_PATH=/home/zzz/work/install/realsense2_camera_msgs:${AMENT_PREFIX_PATH} CMAKE_PREFIX_PATH=/home/zzz/work/install/realsense2_camera_msgs:/opt/ros/humble LD_LIBRARY_PATH=/home/zzz/work/install/realsense2_camera_msgs/lib:${LD_LIBRARY_PATH} PYTHONPATH=/home/zzz/work/install/realsense2_camera_msgs/local/lib/python3.10/dist-packages:${PYTHONPATH} /usr/bin/cmake --install /home/zzz/work/build/realsense2_camera
