[0.809s] Invoking command in '/home/zzz/work/build/arduino_bridge': PYTHONPATH=/home/zzz/work/build/arduino_bridge/prefix_override:/usr/lib/python3/dist-packages/colcon_core/task/python/colcon_distutils_commands:/home/zzz/work/install/arduino_bridge/lib/python3.10/site-packages:${PYTHONPATH} /usr/bin/python3 -W ignore:setup.py install is deprecated -W ignore:easy_install command is deprecated setup.py develop --editable --build-directory /home/zzz/work/build/arduino_bridge/build --no-deps symlink_data
[0.980s] running develop
[1.072s] running egg_info
[1.072s] creating arduino_bridge.egg-info
[1.072s] writing arduino_bridge.egg-info/PKG-INFO
[1.072s] writing dependency_links to arduino_bridge.egg-info/dependency_links.txt
[1.072s] writing entry points to arduino_bridge.egg-info/entry_points.txt
[1.073s] writing requirements to arduino_bridge.egg-info/requires.txt
[1.073s] writing top-level names to arduino_bridge.egg-info/top_level.txt
[1.073s] writing manifest file 'arduino_bridge.egg-info/SOURCES.txt'
[1.073s] reading manifest file 'arduino_bridge.egg-info/SOURCES.txt'
[1.074s] writing manifest file 'arduino_bridge.egg-info/SOURCES.txt'
[1.075s] running build_ext
[1.075s] Creating /home/zzz/work/install/arduino_bridge/lib/python3.10/site-packages/arduino-bridge.egg-link (link to .)
[1.075s] Installing force_publisher script to /home/zzz/work/install/arduino_bridge/lib/arduino_bridge
[1.076s] 
[1.077s] Installed /home/zzz/work/build/arduino_bridge
[1.077s] running symlink_data
[1.077s] creating /home/zzz/work/install/arduino_bridge/share/ament_index
[1.077s] creating /home/zzz/work/install/arduino_bridge/share/ament_index/resource_index
[1.077s] creating /home/zzz/work/install/arduino_bridge/share/ament_index/resource_index/packages
[1.077s] symbolically linking /home/zzz/work/build/arduino_bridge/resource/arduino_bridge -> /home/zzz/work/install/arduino_bridge/share/ament_index/resource_index/packages
[1.077s] symbolically linking /home/zzz/work/build/arduino_bridge/package.xml -> /home/zzz/work/install/arduino_bridge/share/arduino_bridge
[1.101s] Invoked command in '/home/zzz/work/build/arduino_bridge' returned '0': PYTHONPATH=/home/zzz/work/build/arduino_bridge/prefix_override:/usr/lib/python3/dist-packages/colcon_core/task/python/colcon_distutils_commands:/home/zzz/work/install/arduino_bridge/lib/python3.10/site-packages:${PYTHONPATH} /usr/bin/python3 -W ignore:setup.py install is deprecated -W ignore:easy_install command is deprecated setup.py develop --editable --build-directory /home/zzz/work/build/arduino_bridge/build --no-deps symlink_data
